[0.918s] Invoking command in '/home/narayan_/Documents/ros2_ws/src/onepkg': CMAKE_PREFIX_PATH=/home/narayan_/Documents/ros2_ws/install/my_interfaces:/home/narayan_/Documents/ros2_ws/install/urdf_test:/home/narayan_/Documents/ros2_ws/install/launch_file:/home/narayan_/Documents/ros2_ws/install/gazebo_launch:/opt/ros/jazzy/opt/gz_sim_vendor:/opt/ros/jazzy/opt/gz_sensors_vendor:/opt/ros/jazzy/opt/gz_physics_vendor:/opt/ros/jazzy/opt/sdformat_vendor:/opt/ros/jazzy/opt/gz_gui_vendor:/opt/ros/jazzy/opt/gz_transport_vendor:/opt/ros/jazzy/opt/gz_rendering_vendor:/opt/ros/jazzy/opt/gz_plugin_vendor:/opt/ros/jazzy/opt/gz_fuel_tools_vendor:/opt/ros/jazzy/opt/gz_msgs_vendor:/opt/ros/jazzy/opt/gz_common_vendor:/opt/ros/jazzy/opt/gz_math_vendor:/opt/ros/jazzy/opt/gz_utils_vendor:/opt/ros/jazzy/opt/gz_tools_vendor:/opt/ros/jazzy/opt/gz_ogre_next_vendor:/opt/ros/jazzy/opt/gz_dartsim_vendor:/opt/ros/jazzy/opt/gz_cmake_vendor DEBUGINFOD_URLS=https://debuginfod.ubuntu.com PYTHONPATH=/home/narayan_/Documents/ros2_ws/build/onepkg/prefix_override:/usr/lib/python3/dist-packages/colcon_core/task/python/colcon_distutils_commands:/home/narayan_/Documents/ros2_ws/install/onepkg/lib/python3.12/site-packages:/home/narayan_/Documents/ros2_ws/install/my_interfaces/lib/python3.12/site-packages:/home/narayan_/Documents/ros2_ws/install/turtle_sim/lib/python3.12/site-packages:/home/narayan_/Documents/ros2_ws/install/onepkg/lib/python3.12/site-packages:/home/narayan_/Documents/ros2_ws/install/led_activity/lib/python3.12/site-packages:/home/narayan_/Documents/ros2_ws/install/TransNum/lib/python3.12/site-packages:/opt/ros/jazzy/lib/python3.12/site-packages /usr/bin/python3 -W ignore:setup.py install is deprecated -W ignore:easy_install command is deprecated setup.py egg_info --egg-base ../../build/onepkg build --build-base /home/narayan_/Documents/ros2_ws/build/onepkg/build install --record /home/narayan_/Documents/ros2_ws/build/onepkg/install.log --single-version-externally-managed install_data
[1.114s] running egg_info
[1.128s] writing ../../build/onepkg/onepkg.egg-info/PKG-INFO
[1.128s] writing dependency_links to ../../build/onepkg/onepkg.egg-info/dependency_links.txt
[1.129s] writing entry points to ../../build/onepkg/onepkg.egg-info/entry_points.txt
[1.129s] writing requirements to ../../build/onepkg/onepkg.egg-info/requires.txt
[1.129s] writing top-level names to ../../build/onepkg/onepkg.egg-info/top_level.txt
[1.159s] reading manifest file '../../build/onepkg/onepkg.egg-info/SOURCES.txt'
[1.160s] writing manifest file '../../build/onepkg/onepkg.egg-info/SOURCES.txt'
[1.160s] running build
[1.160s] running build_py
[1.160s] running install
[1.165s] running install_lib
[1.181s] running install_data
[1.181s] running install_egg_info
[1.197s] removing '/home/narayan_/Documents/ros2_ws/install/onepkg/lib/python3.12/site-packages/onepkg-0.0.0-py3.12.egg-info' (and everything under it)
[1.197s] Copying ../../build/onepkg/onepkg.egg-info to /home/narayan_/Documents/ros2_ws/install/onepkg/lib/python3.12/site-packages/onepkg-0.0.0-py3.12.egg-info
[1.198s] running install_scripts
[1.300s] Installing client script to /home/narayan_/Documents/ros2_ws/install/onepkg/lib/onepkg
[1.300s] Installing firstnode script to /home/narayan_/Documents/ros2_ws/install/onepkg/lib/onepkg
[1.300s] Installing interface_test script to /home/narayan_/Documents/ros2_ws/install/onepkg/lib/onepkg
[1.300s] Installing server script to /home/narayan_/Documents/ros2_ws/install/onepkg/lib/onepkg
[1.301s] Installing smphnode script to /home/narayan_/Documents/ros2_ws/install/onepkg/lib/onepkg
[1.301s] Installing transnode script to /home/narayan_/Documents/ros2_ws/install/onepkg/lib/onepkg
[1.301s] writing list of installed files to '/home/narayan_/Documents/ros2_ws/build/onepkg/install.log'
[1.327s] Invoked command in '/home/narayan_/Documents/ros2_ws/src/onepkg' returned '0': CMAKE_PREFIX_PATH=/home/narayan_/Documents/ros2_ws/install/my_interfaces:/home/narayan_/Documents/ros2_ws/install/urdf_test:/home/narayan_/Documents/ros2_ws/install/launch_file:/home/narayan_/Documents/ros2_ws/install/gazebo_launch:/opt/ros/jazzy/opt/gz_sim_vendor:/opt/ros/jazzy/opt/gz_sensors_vendor:/opt/ros/jazzy/opt/gz_physics_vendor:/opt/ros/jazzy/opt/sdformat_vendor:/opt/ros/jazzy/opt/gz_gui_vendor:/opt/ros/jazzy/opt/gz_transport_vendor:/opt/ros/jazzy/opt/gz_rendering_vendor:/opt/ros/jazzy/opt/gz_plugin_vendor:/opt/ros/jazzy/opt/gz_fuel_tools_vendor:/opt/ros/jazzy/opt/gz_msgs_vendor:/opt/ros/jazzy/opt/gz_common_vendor:/opt/ros/jazzy/opt/gz_math_vendor:/opt/ros/jazzy/opt/gz_utils_vendor:/opt/ros/jazzy/opt/gz_tools_vendor:/opt/ros/jazzy/opt/gz_ogre_next_vendor:/opt/ros/jazzy/opt/gz_dartsim_vendor:/opt/ros/jazzy/opt/gz_cmake_vendor DEBUGINFOD_URLS=https://debuginfod.ubuntu.com PYTHONPATH=/home/narayan_/Documents/ros2_ws/build/onepkg/prefix_override:/usr/lib/python3/dist-packages/colcon_core/task/python/colcon_distutils_commands:/home/narayan_/Documents/ros2_ws/install/onepkg/lib/python3.12/site-packages:/home/narayan_/Documents/ros2_ws/install/my_interfaces/lib/python3.12/site-packages:/home/narayan_/Documents/ros2_ws/install/turtle_sim/lib/python3.12/site-packages:/home/narayan_/Documents/ros2_ws/install/onepkg/lib/python3.12/site-packages:/home/narayan_/Documents/ros2_ws/install/led_activity/lib/python3.12/site-packages:/home/narayan_/Documents/ros2_ws/install/TransNum/lib/python3.12/site-packages:/opt/ros/jazzy/lib/python3.12/site-packages /usr/bin/python3 -W ignore:setup.py install is deprecated -W ignore:easy_install command is deprecated setup.py egg_info --egg-base ../../build/onepkg build --build-base /home/narayan_/Documents/ros2_ws/build/onepkg/build install --record /home/narayan_/Documents/ros2_ws/build/onepkg/install.log --single-version-externally-managed install_data
