[6.364s] Invoking command in '/home/narayan/ros2_ws/src/TransNum': DEBUGINFOD_URLS=https://debuginfod.ubuntu.com PYTHONPATH=/home/narayan/ros2_ws/build/TransNum/prefix_override:/usr/lib/python3/dist-packages/colcon_core/task/python/colcon_distutils_commands:/home/narayan/ros2_ws/install/TransNum/lib/python3.12/site-packages:${PYTHONPATH} /usr/bin/python3 -W ignore:setup.py install is deprecated -W ignore:easy_install command is deprecated setup.py egg_info --egg-base ../../build/TransNum build --build-base /home/narayan/ros2_ws/build/TransNum/build install --record /home/narayan/ros2_ws/build/TransNum/install.log --single-version-externally-managed install_data
[8.355s] running egg_info
[8.502s] writing ../../build/TransNum/TransNum.egg-info/PKG-INFO
[8.505s] writing dependency_links to ../../build/TransNum/TransNum.egg-info/dependency_links.txt
[8.507s] writing entry points to ../../build/TransNum/TransNum.egg-info/entry_points.txt
[8.510s] writing requirements to ../../build/TransNum/TransNum.egg-info/requires.txt
[8.511s] writing top-level names to ../../build/TransNum/TransNum.egg-info/top_level.txt
[8.881s] reading manifest file '../../build/TransNum/TransNum.egg-info/SOURCES.txt'
[8.887s] writing manifest file '../../build/TransNum/TransNum.egg-info/SOURCES.txt'
[8.904s] running build
[8.905s] running build_py
[8.906s] running install
[8.958s] running install_lib
[9.365s] running install_data
[9.366s] running install_egg_info
[9.770s] removing '/home/narayan/ros2_ws/install/TransNum/lib/python3.12/site-packages/TransNum-0.0.0-py3.12.egg-info' (and everything under it)
[9.779s] Copying ../../build/TransNum/TransNum.egg-info to /home/narayan/ros2_ws/install/TransNum/lib/python3.12/site-packages/TransNum-0.0.0-py3.12.egg-info
[9.798s] running install_scripts
[11.328s] Installing number_publisher script to /home/narayan/ros2_ws/install/TransNum/lib/TransNum
[11.328s] Installing two_way script to /home/narayan/ros2_ws/install/TransNum/lib/TransNum
[11.333s] writing list of installed files to '/home/narayan/ros2_ws/build/TransNum/install.log'
[11.761s] Invoked command in '/home/narayan/ros2_ws/src/TransNum' returned '0': DEBUGINFOD_URLS=https://debuginfod.ubuntu.com PYTHONPATH=/home/narayan/ros2_ws/build/TransNum/prefix_override:/usr/lib/python3/dist-packages/colcon_core/task/python/colcon_distutils_commands:/home/narayan/ros2_ws/install/TransNum/lib/python3.12/site-packages:${PYTHONPATH} /usr/bin/python3 -W ignore:setup.py install is deprecated -W ignore:easy_install command is deprecated setup.py egg_info --egg-base ../../build/TransNum build --build-base /home/narayan/ros2_ws/build/TransNum/build install --record /home/narayan/ros2_ws/build/TransNum/install.log --single-version-externally-managed install_data
