[5.129s] Invoking command in '/home/narayan/ros2_ws/src/onepkg': CMAKE_PREFIX_PATH=/home/narayan/ros2_ws/install/my_interfaces:/home/narayan/ros2_ws/install/led_activity:/opt/ros/jazzy/opt/gz_math_vendor:/opt/ros/jazzy/opt/gz_utils_vendor:/opt/ros/jazzy/opt/gz_cmake_vendor DEBUGINFOD_URLS=https://debuginfod.ubuntu.com PYTHONPATH=/home/narayan/ros2_ws/build/onepkg/prefix_override:/usr/lib/python3/dist-packages/colcon_core/task/python/colcon_distutils_commands:/home/narayan/ros2_ws/install/onepkg/lib/python3.12/site-packages:/home/narayan/ros2_ws/install/my_interfaces/lib/python3.12/site-packages:/home/narayan/ros2_ws/install/onepkg/lib/python3.12/site-packages:/home/narayan/ros2_ws/install/led_activity/lib/python3.12/site-packages:/home/narayan/ros2_ws/install/TransNum/lib/python3.12/site-packages:/opt/ros/jazzy/lib/python3.12/site-packages /usr/bin/python3 -W ignore:setup.py install is deprecated -W ignore:easy_install command is deprecated setup.py egg_info --egg-base ../../build/onepkg build --build-base /home/narayan/ros2_ws/build/onepkg/build install --record /home/narayan/ros2_ws/build/onepkg/install.log --single-version-externally-managed install_data
[7.431s] running egg_info
[7.724s] writing ../../build/onepkg/onepkg.egg-info/PKG-INFO
[7.725s] writing dependency_links to ../../build/onepkg/onepkg.egg-info/dependency_links.txt
[7.732s] writing entry points to ../../build/onepkg/onepkg.egg-info/entry_points.txt
[7.736s] writing requirements to ../../build/onepkg/onepkg.egg-info/requires.txt
[7.737s] writing top-level names to ../../build/onepkg/onepkg.egg-info/top_level.txt
[8.225s] reading manifest file '../../build/onepkg/onepkg.egg-info/SOURCES.txt'
[8.231s] writing manifest file '../../build/onepkg/onepkg.egg-info/SOURCES.txt'
[8.233s] running build
[8.234s] running build_py
[8.237s] running install
[8.267s] running install_lib
[8.479s] running install_data
[8.481s] running install_egg_info
[8.813s] removing '/home/narayan/ros2_ws/install/onepkg/lib/python3.12/site-packages/onepkg-0.0.0-py3.12.egg-info' (and everything under it)
[8.825s] Copying ../../build/onepkg/onepkg.egg-info to /home/narayan/ros2_ws/install/onepkg/lib/python3.12/site-packages/onepkg-0.0.0-py3.12.egg-info
[8.859s] running install_scripts
[10.404s] Installing client script to /home/narayan/ros2_ws/install/onepkg/lib/onepkg
[10.405s] Installing firstnode script to /home/narayan/ros2_ws/install/onepkg/lib/onepkg
[10.415s] Installing interface_test script to /home/narayan/ros2_ws/install/onepkg/lib/onepkg
[10.420s] Installing server script to /home/narayan/ros2_ws/install/onepkg/lib/onepkg
[10.421s] Installing smphnode script to /home/narayan/ros2_ws/install/onepkg/lib/onepkg
[10.423s] Installing transnode script to /home/narayan/ros2_ws/install/onepkg/lib/onepkg
[10.425s] writing list of installed files to '/home/narayan/ros2_ws/build/onepkg/install.log'
[10.644s] Invoked command in '/home/narayan/ros2_ws/src/onepkg' returned '0': CMAKE_PREFIX_PATH=/home/narayan/ros2_ws/install/my_interfaces:/home/narayan/ros2_ws/install/led_activity:/opt/ros/jazzy/opt/gz_math_vendor:/opt/ros/jazzy/opt/gz_utils_vendor:/opt/ros/jazzy/opt/gz_cmake_vendor DEBUGINFOD_URLS=https://debuginfod.ubuntu.com PYTHONPATH=/home/narayan/ros2_ws/build/onepkg/prefix_override:/usr/lib/python3/dist-packages/colcon_core/task/python/colcon_distutils_commands:/home/narayan/ros2_ws/install/onepkg/lib/python3.12/site-packages:/home/narayan/ros2_ws/install/my_interfaces/lib/python3.12/site-packages:/home/narayan/ros2_ws/install/onepkg/lib/python3.12/site-packages:/home/narayan/ros2_ws/install/led_activity/lib/python3.12/site-packages:/home/narayan/ros2_ws/install/TransNum/lib/python3.12/site-packages:/opt/ros/jazzy/lib/python3.12/site-packages /usr/bin/python3 -W ignore:setup.py install is deprecated -W ignore:easy_install command is deprecated setup.py egg_info --egg-base ../../build/onepkg build --build-base /home/narayan/ros2_ws/build/onepkg/build install --record /home/narayan/ros2_ws/build/onepkg/install.log --single-version-externally-managed install_data
