[4.494s] Invoking command in '/home/narayan/ros2_ws/src/TransNum': DEBUGINFOD_URLS=https://debuginfod.ubuntu.com PYTHONPATH=/home/narayan/ros2_ws/build/TransNum/prefix_override:/usr/lib/python3/dist-packages/colcon_core/task/python/colcon_distutils_commands:/home/narayan/ros2_ws/install/TransNum/lib/python3.12/site-packages:${PYTHONPATH} /usr/bin/python3 -W ignore:setup.py install is deprecated -W ignore:easy_install command is deprecated setup.py egg_info --egg-base ../../build/TransNum build --build-base /home/narayan/ros2_ws/build/TransNum/build install --record /home/narayan/ros2_ws/build/TransNum/install.log --single-version-externally-managed install_data
[6.336s] running egg_info
[6.491s] writing ../../build/TransNum/TransNum.egg-info/PKG-INFO
[6.494s] writing dependency_links to ../../build/TransNum/TransNum.egg-info/dependency_links.txt
[6.498s] writing entry points to ../../build/TransNum/TransNum.egg-info/entry_points.txt
[6.500s] writing requirements to ../../build/TransNum/TransNum.egg-info/requires.txt
[6.502s] writing top-level names to ../../build/TransNum/TransNum.egg-info/top_level.txt
[6.748s] reading manifest file '../../build/TransNum/TransNum.egg-info/SOURCES.txt'
[6.751s] writing manifest file '../../build/TransNum/TransNum.egg-info/SOURCES.txt'
[6.752s] running build
[6.753s] running build_py
[6.754s] running install
[6.777s] running install_lib
[6.876s] running install_data
[6.876s] running install_egg_info
[6.976s] removing '/home/narayan/ros2_ws/install/TransNum/lib/python3.12/site-packages/TransNum-0.0.0-py3.12.egg-info' (and everything under it)
[6.980s] Copying ../../build/TransNum/TransNum.egg-info to /home/narayan/ros2_ws/install/TransNum/lib/python3.12/site-packages/TransNum-0.0.0-py3.12.egg-info
[6.985s] running install_scripts
[7.950s] Installing number_publisher script to /home/narayan/ros2_ws/install/TransNum/lib/TransNum
[7.950s] Installing two_way script to /home/narayan/ros2_ws/install/TransNum/lib/TransNum
[7.966s] writing list of installed files to '/home/narayan/ros2_ws/build/TransNum/install.log'
[10.140s] Invoked command in '/home/narayan/ros2_ws/src/TransNum' returned '0': DEBUGINFOD_URLS=https://debuginfod.ubuntu.com PYTHONPATH=/home/narayan/ros2_ws/build/TransNum/prefix_override:/usr/lib/python3/dist-packages/colcon_core/task/python/colcon_distutils_commands:/home/narayan/ros2_ws/install/TransNum/lib/python3.12/site-packages:${PYTHONPATH} /usr/bin/python3 -W ignore:setup.py install is deprecated -W ignore:easy_install command is deprecated setup.py egg_info --egg-base ../../build/TransNum build --build-base /home/narayan/ros2_ws/build/TransNum/build install --record /home/narayan/ros2_ws/build/TransNum/install.log --single-version-externally-managed install_data
