[1.374s] DEBUG:colcon:Command line arguments: ['/usr/bin/colcon', 'build', '--packages-select', 'my_interfaces']
[1.374s] DEBUG:colcon:Parsed command line arguments: Namespace(log_base=None, log_level=None, verb_name='build', build_base='build', install_base='install', merge_install=False, symlink_install=False, test_result_base=None, continue_on_error=False, executor='parallel', parallel_workers=4, event_handlers=None, ignore_user_meta=False, metas=['./colcon.meta'], base_paths=['.'], packages_ignore=None, packages_ignore_regex=None, paths=None, packages_up_to=None, packages_up_to_regex=None, packages_above=None, packages_above_and_dependencies=None, packages_above_depth=None, packages_select_by_dep=None, packages_skip_by_dep=None, packages_skip_up_to=None, packages_select_build_failed=False, packages_skip_build_finished=False, packages_select_test_failures=False, packages_skip_test_passed=False, packages_select=['my_interfaces'], packages_skip=None, packages_select_regex=None, packages_skip_regex=None, packages_start=None, packages_end=None, allow_overriding=[], cmake_args=None, cmake_target=None, cmake_target_skip_unavailable=False, cmake_clean_cache=False, cmake_clean_first=False, cmake_force_configure=False, ament_cmake_args=None, catkin_cmake_args=None, catkin_skip_building_tests=False, mixin_files=None, mixin=None, verb_parser=<colcon_mixin.mixin.mixin_argument.MixinArgumentDecorator object at 0xffff94920050>, verb_extension=<colcon_core.verb.build.BuildVerb object at 0xffff94a1ec00>, main=<bound method BuildVerb.main of <colcon_core.verb.build.BuildVerb object at 0xffff94a1ec00>>, mixin_verb=('build',))
[1.662s] Level 1:colcon.colcon_core.package_discovery:discover_packages(colcon_meta) check parameters
[1.662s] Level 1:colcon.colcon_core.package_discovery:discover_packages(recursive) check parameters
[1.662s] Level 1:colcon.colcon_core.package_discovery:discover_packages(ignore) check parameters
[1.662s] Level 1:colcon.colcon_core.package_discovery:discover_packages(path) check parameters
[1.662s] Level 1:colcon.colcon_core.package_discovery:discover_packages(colcon_meta) discover
[1.663s] Level 1:colcon.colcon_core.package_discovery:discover_packages(recursive) discover
[1.663s] INFO:colcon.colcon_core.package_discovery:Crawling recursively for packages in '/home/narayan/ros2_ws'
[1.663s] Level 1:colcon.colcon_core.package_identification:_identify(.) by extensions ['ignore', 'ignore_ament_install']
[1.664s] Level 1:colcon.colcon_core.package_identification:_identify(.) by extension 'ignore'
[1.664s] Level 1:colcon.colcon_core.package_identification:_identify(.) by extension 'ignore_ament_install'
[1.664s] Level 1:colcon.colcon_core.package_identification:_identify(.) by extensions ['colcon_pkg']
[1.664s] Level 1:colcon.colcon_core.package_identification:_identify(.) by extension 'colcon_pkg'
[1.664s] Level 1:colcon.colcon_core.package_identification:_identify(.) by extensions ['colcon_meta']
[1.664s] Level 1:colcon.colcon_core.package_identification:_identify(.) by extension 'colcon_meta'
[1.665s] Level 1:colcon.colcon_core.package_identification:_identify(.) by extensions ['ros']
[1.665s] Level 1:colcon.colcon_core.package_identification:_identify(.) by extension 'ros'
[1.814s] Level 1:colcon.colcon_core.package_identification:_identify(.) by extensions ['cmake', 'python']
[1.814s] Level 1:colcon.colcon_core.package_identification:_identify(.) by extension 'cmake'
[1.815s] Level 1:colcon.colcon_core.package_identification:_identify(.) by extension 'python'
[1.815s] Level 1:colcon.colcon_core.package_identification:_identify(.) by extensions ['python_setup_py']
[1.815s] Level 1:colcon.colcon_core.package_identification:_identify(.) by extension 'python_setup_py'
[1.815s] Level 1:colcon.colcon_core.package_identification:_identify(build) by extensions ['ignore', 'ignore_ament_install']
[1.816s] Level 1:colcon.colcon_core.package_identification:_identify(build) by extension 'ignore'
[1.816s] Level 1:colcon.colcon_core.package_identification:_identify(build) ignored
[1.816s] Level 1:colcon.colcon_core.package_identification:_identify(install) by extensions ['ignore', 'ignore_ament_install']
[1.817s] Level 1:colcon.colcon_core.package_identification:_identify(install) by extension 'ignore'
[1.817s] Level 1:colcon.colcon_core.package_identification:_identify(install) ignored
[1.818s] Level 1:colcon.colcon_core.package_identification:_identify(log) by extensions ['ignore', 'ignore_ament_install']
[1.818s] Level 1:colcon.colcon_core.package_identification:_identify(log) by extension 'ignore'
[1.818s] Level 1:colcon.colcon_core.package_identification:_identify(log) ignored
[1.818s] Level 1:colcon.colcon_core.package_identification:_identify(src) by extensions ['ignore', 'ignore_ament_install']
[1.819s] Level 1:colcon.colcon_core.package_identification:_identify(src) by extension 'ignore'
[1.819s] Level 1:colcon.colcon_core.package_identification:_identify(src) by extension 'ignore_ament_install'
[1.819s] Level 1:colcon.colcon_core.package_identification:_identify(src) by extensions ['colcon_pkg']
[1.819s] Level 1:colcon.colcon_core.package_identification:_identify(src) by extension 'colcon_pkg'
[1.819s] Level 1:colcon.colcon_core.package_identification:_identify(src) by extensions ['colcon_meta']
[1.819s] Level 1:colcon.colcon_core.package_identification:_identify(src) by extension 'colcon_meta'
[1.820s] Level 1:colcon.colcon_core.package_identification:_identify(src) by extensions ['ros']
[1.820s] Level 1:colcon.colcon_core.package_identification:_identify(src) by extension 'ros'
[1.820s] Level 1:colcon.colcon_core.package_identification:_identify(src) by extensions ['cmake', 'python']
[1.820s] Level 1:colcon.colcon_core.package_identification:_identify(src) by extension 'cmake'
[1.820s] Level 1:colcon.colcon_core.package_identification:_identify(src) by extension 'python'
[1.820s] Level 1:colcon.colcon_core.package_identification:_identify(src) by extensions ['python_setup_py']
[1.820s] Level 1:colcon.colcon_core.package_identification:_identify(src) by extension 'python_setup_py'
[1.822s] Level 1:colcon.colcon_core.package_identification:_identify(src/TransNum) by extensions ['ignore', 'ignore_ament_install']
[1.822s] Level 1:colcon.colcon_core.package_identification:_identify(src/TransNum) by extension 'ignore'
[1.822s] Level 1:colcon.colcon_core.package_identification:_identify(src/TransNum) by extension 'ignore_ament_install'
[1.823s] Level 1:colcon.colcon_core.package_identification:_identify(src/TransNum) by extensions ['colcon_pkg']
[1.823s] Level 1:colcon.colcon_core.package_identification:_identify(src/TransNum) by extension 'colcon_pkg'
[1.823s] Level 1:colcon.colcon_core.package_identification:_identify(src/TransNum) by extensions ['colcon_meta']
[1.823s] Level 1:colcon.colcon_core.package_identification:_identify(src/TransNum) by extension 'colcon_meta'
[1.823s] Level 1:colcon.colcon_core.package_identification:_identify(src/TransNum) by extensions ['ros']
[1.823s] Level 1:colcon.colcon_core.package_identification:_identify(src/TransNum) by extension 'ros'
[1.836s] DEBUG:colcon.colcon_core.package_identification:Package 'src/TransNum' with type 'ros.ament_python' and name 'TransNum'
[1.837s] Level 1:colcon.colcon_core.package_identification:_identify(src/my_interfaces) by extensions ['ignore', 'ignore_ament_install']
[1.837s] Level 1:colcon.colcon_core.package_identification:_identify(src/my_interfaces) by extension 'ignore'
[1.837s] Level 1:colcon.colcon_core.package_identification:_identify(src/my_interfaces) by extension 'ignore_ament_install'
[1.838s] Level 1:colcon.colcon_core.package_identification:_identify(src/my_interfaces) by extensions ['colcon_pkg']
[1.838s] Level 1:colcon.colcon_core.package_identification:_identify(src/my_interfaces) by extension 'colcon_pkg'
[1.838s] Level 1:colcon.colcon_core.package_identification:_identify(src/my_interfaces) by extensions ['colcon_meta']
[1.838s] Level 1:colcon.colcon_core.package_identification:_identify(src/my_interfaces) by extension 'colcon_meta'
[1.838s] Level 1:colcon.colcon_core.package_identification:_identify(src/my_interfaces) by extensions ['ros']
[1.838s] Level 1:colcon.colcon_core.package_identification:_identify(src/my_interfaces) by extension 'ros'
[1.841s] DEBUG:colcon.colcon_core.package_identification:Package 'src/my_interfaces' with type 'ros.ament_cmake' and name 'my_interfaces'
[1.843s] Level 1:colcon.colcon_core.package_identification:_identify(src/onepkg) by extensions ['ignore', 'ignore_ament_install']
[1.844s] Level 1:colcon.colcon_core.package_identification:_identify(src/onepkg) by extension 'ignore'
[1.845s] Level 1:colcon.colcon_core.package_identification:_identify(src/onepkg) by extension 'ignore_ament_install'
[1.846s] Level 1:colcon.colcon_core.package_identification:_identify(src/onepkg) by extensions ['colcon_pkg']
[1.846s] Level 1:colcon.colcon_core.package_identification:_identify(src/onepkg) by extension 'colcon_pkg'
[1.847s] Level 1:colcon.colcon_core.package_identification:_identify(src/onepkg) by extensions ['colcon_meta']
[1.847s] Level 1:colcon.colcon_core.package_identification:_identify(src/onepkg) by extension 'colcon_meta'
[1.847s] Level 1:colcon.colcon_core.package_identification:_identify(src/onepkg) by extensions ['ros']
[1.847s] Level 1:colcon.colcon_core.package_identification:_identify(src/onepkg) by extension 'ros'
[1.852s] DEBUG:colcon.colcon_core.package_identification:Package 'src/onepkg' with type 'ros.ament_python' and name 'onepkg'
[1.852s] Level 1:colcon.colcon_core.package_discovery:discover_packages(recursive) using defaults
[1.852s] Level 1:colcon.colcon_core.package_discovery:discover_packages(ignore) discover
[1.852s] Level 1:colcon.colcon_core.package_discovery:discover_packages(ignore) using defaults
[1.852s] Level 1:colcon.colcon_core.package_discovery:discover_packages(path) discover
[1.852s] Level 1:colcon.colcon_core.package_discovery:discover_packages(path) using defaults
[2.045s] INFO:colcon.colcon_core.package_selection:Skipping not selected package 'TransNum' in 'src/TransNum'
[2.045s] INFO:colcon.colcon_core.package_selection:Skipping not selected package 'onepkg' in 'src/onepkg'
[2.051s] Level 1:colcon.colcon_core.package_discovery:discover_packages(prefix_path) check parameters
[2.052s] Level 1:colcon.colcon_core.package_discovery:discover_packages(prefix_path) discover
[2.092s] DEBUG:colcon.colcon_installed_package_information.package_discovery:Found 2 installed packages in /home/narayan/ros2_ws/install
[2.128s] DEBUG:colcon.colcon_installed_package_information.package_discovery:Found 285 installed packages in /opt/ros/jazzy
[2.145s] Level 1:colcon.colcon_core.package_discovery:discover_packages(prefix_path) using defaults
[2.573s] Level 5:colcon.colcon_core.verb:set package 'my_interfaces' build argument 'cmake_args' from command line to 'None'
[2.573s] Level 5:colcon.colcon_core.verb:set package 'my_interfaces' build argument 'cmake_target' from command line to 'None'
[2.573s] Level 5:colcon.colcon_core.verb:set package 'my_interfaces' build argument 'cmake_target_skip_unavailable' from command line to 'False'
[2.573s] Level 5:colcon.colcon_core.verb:set package 'my_interfaces' build argument 'cmake_clean_cache' from command line to 'False'
[2.573s] Level 5:colcon.colcon_core.verb:set package 'my_interfaces' build argument 'cmake_clean_first' from command line to 'False'
[2.573s] Level 5:colcon.colcon_core.verb:set package 'my_interfaces' build argument 'cmake_force_configure' from command line to 'False'
[2.573s] Level 5:colcon.colcon_core.verb:set package 'my_interfaces' build argument 'ament_cmake_args' from command line to 'None'
[2.573s] Level 5:colcon.colcon_core.verb:set package 'my_interfaces' build argument 'catkin_cmake_args' from command line to 'None'
[2.573s] Level 5:colcon.colcon_core.verb:set package 'my_interfaces' build argument 'catkin_skip_building_tests' from command line to 'False'
[2.574s] DEBUG:colcon.colcon_core.verb:Building package 'my_interfaces' with the following arguments: {'ament_cmake_args': None, 'build_base': '/home/narayan/ros2_ws/build/my_interfaces', 'catkin_cmake_args': None, 'catkin_skip_building_tests': False, 'cmake_args': None, 'cmake_clean_cache': False, 'cmake_clean_first': False, 'cmake_force_configure': False, 'cmake_target': None, 'cmake_target_skip_unavailable': False, 'install_base': '/home/narayan/ros2_ws/install/my_interfaces', 'merge_install': False, 'path': '/home/narayan/ros2_ws/src/my_interfaces', 'symlink_install': False, 'test_result_base': None}
[2.574s] INFO:colcon.colcon_core.executor:Executing jobs using 'parallel' executor
[2.577s] DEBUG:colcon.colcon_parallel_executor.executor.parallel:run_until_complete
[2.578s] INFO:colcon.colcon_ros.task.ament_cmake.build:Building ROS package in '/home/narayan/ros2_ws/src/my_interfaces' with build type 'ament_cmake'
[2.579s] INFO:colcon.colcon_cmake.task.cmake.build:Building CMake package in '/home/narayan/ros2_ws/src/my_interfaces'
[2.606s] INFO:colcon.colcon_core.plugin_system:Skipping extension 'colcon_core.shell.bat': Not used on non-Windows systems
[2.607s] INFO:colcon.colcon_core.shell:Skip shell extension 'powershell' for command environment: Not usable outside of PowerShell
[2.607s] DEBUG:colcon.colcon_core.shell:Skip shell extension 'dsv' for command environment
[2.646s] DEBUG:colcon.colcon_core.event_handler.log_command:Invoking command in '/home/narayan/ros2_ws/build/my_interfaces': CMAKE_PREFIX_PATH=${CMAKE_PREFIX_PATH}:/home/narayan/ros2_ws/install/onepkg:/home/narayan/ros2_ws/install/TransNum:/opt/ros/jazzy DEBUGINFOD_URLS=https://debuginfod.ubuntu.com /usr/bin/cmake /home/narayan/ros2_ws/src/my_interfaces -DCMAKE_INSTALL_PREFIX=/home/narayan/ros2_ws/install/my_interfaces
[25.464s] DEBUG:colcon.colcon_core.event_handler.log_command:Invoked command in '/home/narayan/ros2_ws/build/my_interfaces' returned '0': CMAKE_PREFIX_PATH=${CMAKE_PREFIX_PATH}:/home/narayan/ros2_ws/install/onepkg:/home/narayan/ros2_ws/install/TransNum:/opt/ros/jazzy DEBUGINFOD_URLS=https://debuginfod.ubuntu.com /usr/bin/cmake /home/narayan/ros2_ws/src/my_interfaces -DCMAKE_INSTALL_PREFIX=/home/narayan/ros2_ws/install/my_interfaces
[25.469s] DEBUG:colcon.colcon_core.event_handler.log_command:Invoking command in '/home/narayan/ros2_ws/build/my_interfaces': CMAKE_PREFIX_PATH=${CMAKE_PREFIX_PATH}:/home/narayan/ros2_ws/install/onepkg:/home/narayan/ros2_ws/install/TransNum:/opt/ros/jazzy DEBUGINFOD_URLS=https://debuginfod.ubuntu.com /usr/bin/cmake --build /home/narayan/ros2_ws/build/my_interfaces -- -j4 -l4
[78.083s] DEBUG:colcon.colcon_core.event_handler.log_command:Invoked command in '/home/narayan/ros2_ws/build/my_interfaces' returned '0': CMAKE_PREFIX_PATH=${CMAKE_PREFIX_PATH}:/home/narayan/ros2_ws/install/onepkg:/home/narayan/ros2_ws/install/TransNum:/opt/ros/jazzy DEBUGINFOD_URLS=https://debuginfod.ubuntu.com /usr/bin/cmake --build /home/narayan/ros2_ws/build/my_interfaces -- -j4 -l4
[78.128s] DEBUG:colcon.colcon_core.event_handler.log_command:Invoking command in '/home/narayan/ros2_ws/build/my_interfaces': CMAKE_PREFIX_PATH=${CMAKE_PREFIX_PATH}:/home/narayan/ros2_ws/install/onepkg:/home/narayan/ros2_ws/install/TransNum:/opt/ros/jazzy DEBUGINFOD_URLS=https://debuginfod.ubuntu.com /usr/bin/cmake --install /home/narayan/ros2_ws/build/my_interfaces
[79.719s] Level 1:colcon.colcon_core.environment:create_environment_scripts_only(my_interfaces)
[79.725s] DEBUG:colcon.colcon_core.event_handler.log_command:Invoked command in '/home/narayan/ros2_ws/build/my_interfaces' returned '0': CMAKE_PREFIX_PATH=${CMAKE_PREFIX_PATH}:/home/narayan/ros2_ws/install/onepkg:/home/narayan/ros2_ws/install/TransNum:/opt/ros/jazzy DEBUGINFOD_URLS=https://debuginfod.ubuntu.com /usr/bin/cmake --install /home/narayan/ros2_ws/build/my_interfaces
[79.785s] Level 1:colcon.colcon_core.environment:checking '/home/narayan/ros2_ws/install/my_interfaces' for CMake module files
[79.803s] Level 1:colcon.colcon_core.environment:checking '/home/narayan/ros2_ws/install/my_interfaces' for CMake config files
[79.808s] Level 1:colcon.colcon_core.shell:create_environment_hook('my_interfaces', 'cmake_prefix_path')
[79.811s] INFO:colcon.colcon_core.shell:Creating environment hook '/home/narayan/ros2_ws/install/my_interfaces/share/my_interfaces/hook/cmake_prefix_path.ps1'
[79.825s] INFO:colcon.colcon_core.shell:Creating environment descriptor '/home/narayan/ros2_ws/install/my_interfaces/share/my_interfaces/hook/cmake_prefix_path.dsv'
[79.836s] INFO:colcon.colcon_core.shell:Creating environment hook '/home/narayan/ros2_ws/install/my_interfaces/share/my_interfaces/hook/cmake_prefix_path.sh'
[79.846s] Level 1:colcon.colcon_core.environment:checking '/home/narayan/ros2_ws/install/my_interfaces/lib'
[79.848s] Level 1:colcon.colcon_core.shell:create_environment_hook('my_interfaces', 'ld_library_path_lib')
[79.850s] INFO:colcon.colcon_core.shell:Creating environment hook '/home/narayan/ros2_ws/install/my_interfaces/share/my_interfaces/hook/ld_library_path_lib.ps1'
[79.852s] INFO:colcon.colcon_core.shell:Creating environment descriptor '/home/narayan/ros2_ws/install/my_interfaces/share/my_interfaces/hook/ld_library_path_lib.dsv'
[79.854s] INFO:colcon.colcon_core.shell:Creating environment hook '/home/narayan/ros2_ws/install/my_interfaces/share/my_interfaces/hook/ld_library_path_lib.sh'
[79.855s] Level 1:colcon.colcon_core.environment:checking '/home/narayan/ros2_ws/install/my_interfaces/bin'
[79.855s] Level 1:colcon.colcon_core.environment:checking '/home/narayan/ros2_ws/install/my_interfaces/lib/pkgconfig/my_interfaces.pc'
[79.856s] Level 1:colcon.colcon_core.environment:checking '/home/narayan/ros2_ws/install/my_interfaces/lib/python3.12/site-packages'
[79.857s] Level 1:colcon.colcon_core.shell:create_environment_hook('my_interfaces', 'pythonpath')
[79.857s] INFO:colcon.colcon_core.shell:Creating environment hook '/home/narayan/ros2_ws/install/my_interfaces/share/my_interfaces/hook/pythonpath.ps1'
[79.859s] INFO:colcon.colcon_core.shell:Creating environment descriptor '/home/narayan/ros2_ws/install/my_interfaces/share/my_interfaces/hook/pythonpath.dsv'
[79.860s] INFO:colcon.colcon_core.shell:Creating environment hook '/home/narayan/ros2_ws/install/my_interfaces/share/my_interfaces/hook/pythonpath.sh'
[79.862s] Level 1:colcon.colcon_core.environment:checking '/home/narayan/ros2_ws/install/my_interfaces/bin'
[79.863s] INFO:colcon.colcon_core.shell:Creating package script '/home/narayan/ros2_ws/install/my_interfaces/share/my_interfaces/package.ps1'
[79.866s] INFO:colcon.colcon_core.shell:Creating package descriptor '/home/narayan/ros2_ws/install/my_interfaces/share/my_interfaces/package.dsv'
[79.869s] INFO:colcon.colcon_core.shell:Creating package script '/home/narayan/ros2_ws/install/my_interfaces/share/my_interfaces/package.sh'
[79.873s] INFO:colcon.colcon_core.shell:Creating package script '/home/narayan/ros2_ws/install/my_interfaces/share/my_interfaces/package.bash'
[79.876s] INFO:colcon.colcon_core.shell:Creating package script '/home/narayan/ros2_ws/install/my_interfaces/share/my_interfaces/package.zsh'
[79.880s] Level 1:colcon.colcon_core.environment:create_file_with_runtime_dependencies(/home/narayan/ros2_ws/install/my_interfaces/share/colcon-core/packages/my_interfaces)
[79.882s] Level 1:colcon.colcon_core.environment:create_environment_scripts_only(my_interfaces)
[79.883s] Level 1:colcon.colcon_core.environment:checking '/home/narayan/ros2_ws/install/my_interfaces' for CMake module files
[79.887s] Level 1:colcon.colcon_core.environment:checking '/home/narayan/ros2_ws/install/my_interfaces' for CMake config files
[79.889s] Level 1:colcon.colcon_core.shell:create_environment_hook('my_interfaces', 'cmake_prefix_path')
[79.890s] INFO:colcon.colcon_core.shell:Creating environment hook '/home/narayan/ros2_ws/install/my_interfaces/share/my_interfaces/hook/cmake_prefix_path.ps1'
[79.892s] INFO:colcon.colcon_core.shell:Creating environment descriptor '/home/narayan/ros2_ws/install/my_interfaces/share/my_interfaces/hook/cmake_prefix_path.dsv'
[79.894s] INFO:colcon.colcon_core.shell:Creating environment hook '/home/narayan/ros2_ws/install/my_interfaces/share/my_interfaces/hook/cmake_prefix_path.sh'
[79.897s] Level 1:colcon.colcon_core.environment:checking '/home/narayan/ros2_ws/install/my_interfaces/lib'
[79.899s] Level 1:colcon.colcon_core.shell:create_environment_hook('my_interfaces', 'ld_library_path_lib')
[79.900s] INFO:colcon.colcon_core.shell:Creating environment hook '/home/narayan/ros2_ws/install/my_interfaces/share/my_interfaces/hook/ld_library_path_lib.ps1'
[79.908s] INFO:colcon.colcon_core.shell:Creating environment descriptor '/home/narayan/ros2_ws/install/my_interfaces/share/my_interfaces/hook/ld_library_path_lib.dsv'
[79.912s] INFO:colcon.colcon_core.shell:Creating environment hook '/home/narayan/ros2_ws/install/my_interfaces/share/my_interfaces/hook/ld_library_path_lib.sh'
[79.916s] Level 1:colcon.colcon_core.environment:checking '/home/narayan/ros2_ws/install/my_interfaces/bin'
[79.917s] Level 1:colcon.colcon_core.environment:checking '/home/narayan/ros2_ws/install/my_interfaces/lib/pkgconfig/my_interfaces.pc'
[79.918s] Level 1:colcon.colcon_core.environment:checking '/home/narayan/ros2_ws/install/my_interfaces/lib/python3.12/site-packages'
[79.919s] Level 1:colcon.colcon_core.shell:create_environment_hook('my_interfaces', 'pythonpath')
[79.920s] INFO:colcon.colcon_core.shell:Creating environment hook '/home/narayan/ros2_ws/install/my_interfaces/share/my_interfaces/hook/pythonpath.ps1'
[79.924s] INFO:colcon.colcon_core.shell:Creating environment descriptor '/home/narayan/ros2_ws/install/my_interfaces/share/my_interfaces/hook/pythonpath.dsv'
[79.926s] INFO:colcon.colcon_core.shell:Creating environment hook '/home/narayan/ros2_ws/install/my_interfaces/share/my_interfaces/hook/pythonpath.sh'
[79.933s] Level 1:colcon.colcon_core.environment:checking '/home/narayan/ros2_ws/install/my_interfaces/bin'
[79.937s] INFO:colcon.colcon_core.shell:Creating package script '/home/narayan/ros2_ws/install/my_interfaces/share/my_interfaces/package.ps1'
[79.948s] INFO:colcon.colcon_core.shell:Creating package descriptor '/home/narayan/ros2_ws/install/my_interfaces/share/my_interfaces/package.dsv'
[79.959s] INFO:colcon.colcon_core.shell:Creating package script '/home/narayan/ros2_ws/install/my_interfaces/share/my_interfaces/package.sh'
[79.972s] INFO:colcon.colcon_core.shell:Creating package script '/home/narayan/ros2_ws/install/my_interfaces/share/my_interfaces/package.bash'
[79.982s] INFO:colcon.colcon_core.shell:Creating package script '/home/narayan/ros2_ws/install/my_interfaces/share/my_interfaces/package.zsh'
[79.989s] Level 1:colcon.colcon_core.environment:create_file_with_runtime_dependencies(/home/narayan/ros2_ws/install/my_interfaces/share/colcon-core/packages/my_interfaces)
[79.995s] DEBUG:colcon.colcon_parallel_executor.executor.parallel:closing loop
[80.004s] DEBUG:colcon.colcon_parallel_executor.executor.parallel:loop closed
[80.005s] DEBUG:colcon.colcon_parallel_executor.executor.parallel:run_until_complete finished with '0'
[80.008s] DEBUG:colcon.colcon_core.event_reactor:joining thread
[80.235s] INFO:colcon.colcon_core.plugin_system:Skipping extension 'colcon_notification.desktop_notification.terminal_notifier': Not used on non-Darwin systems
[80.237s] INFO:colcon.colcon_core.plugin_system:Skipping extension 'colcon_notification.desktop_notification.win32': Not used on non-Windows systems
[80.238s] INFO:colcon.colcon_notification.desktop_notification:Sending desktop notification using 'notify2'
[81.039s] DEBUG:colcon.colcon_core.event_reactor:joined thread
[81.042s] INFO:colcon.colcon_core.shell:Creating prefix script '/home/narayan/ros2_ws/install/local_setup.ps1'
[81.058s] INFO:colcon.colcon_core.shell:Creating prefix util module '/home/narayan/ros2_ws/install/_local_setup_util_ps1.py'
[81.079s] INFO:colcon.colcon_core.shell:Creating prefix chain script '/home/narayan/ros2_ws/install/setup.ps1'
[81.124s] INFO:colcon.colcon_core.shell:Creating prefix script '/home/narayan/ros2_ws/install/local_setup.sh'
[81.133s] INFO:colcon.colcon_core.shell:Creating prefix util module '/home/narayan/ros2_ws/install/_local_setup_util_sh.py'
[81.141s] INFO:colcon.colcon_core.shell:Creating prefix chain script '/home/narayan/ros2_ws/install/setup.sh'
[81.154s] INFO:colcon.colcon_core.shell:Creating prefix script '/home/narayan/ros2_ws/install/local_setup.bash'
[81.160s] INFO:colcon.colcon_core.shell:Creating prefix chain script '/home/narayan/ros2_ws/install/setup.bash'
[81.173s] INFO:colcon.colcon_core.shell:Creating prefix script '/home/narayan/ros2_ws/install/local_setup.zsh'
[81.180s] INFO:colcon.colcon_core.shell:Creating prefix chain script '/home/narayan/ros2_ws/install/setup.zsh'
