[5.654s] Invoking command in '/home/narayan/ros2_ws/src/TransNum': DEBUGINFOD_URLS=https://debuginfod.ubuntu.com PYTHONPATH=/home/narayan/ros2_ws/build/TransNum/prefix_override:/usr/lib/python3/dist-packages/colcon_core/task/python/colcon_distutils_commands:/home/narayan/ros2_ws/install/TransNum/lib/python3.12/site-packages:${PYTHONPATH} /usr/bin/python3 -W ignore:setup.py install is deprecated -W ignore:easy_install command is deprecated setup.py egg_info --egg-base ../../build/TransNum build --build-base /home/narayan/ros2_ws/build/TransNum/build install --record /home/narayan/ros2_ws/build/TransNum/install.log --single-version-externally-managed install_data
[7.207s] running egg_info
[7.320s] writing ../../build/TransNum/TransNum.egg-info/PKG-INFO
[7.323s] writing dependency_links to ../../build/TransNum/TransNum.egg-info/dependency_links.txt
[7.325s] writing entry points to ../../build/TransNum/TransNum.egg-info/entry_points.txt
[7.327s] writing requirements to ../../build/TransNum/TransNum.egg-info/requires.txt
[7.328s] writing top-level names to ../../build/TransNum/TransNum.egg-info/top_level.txt
[7.586s] reading manifest file '../../build/TransNum/TransNum.egg-info/SOURCES.txt'
[7.590s] writing manifest file '../../build/TransNum/TransNum.egg-info/SOURCES.txt'
[7.591s] running build
[7.592s] running build_py
[7.596s] running install
[7.623s] running install_lib
[7.742s] running install_data
[7.743s] running install_egg_info
[7.865s] removing '/home/narayan/ros2_ws/install/TransNum/lib/python3.12/site-packages/TransNum-0.0.0-py3.12.egg-info' (and everything under it)
[7.870s] Copying ../../build/TransNum/TransNum.egg-info to /home/narayan/ros2_ws/install/TransNum/lib/python3.12/site-packages/TransNum-0.0.0-py3.12.egg-info
[7.876s] running install_scripts
[8.941s] Installing number_publisher script to /home/narayan/ros2_ws/install/TransNum/lib/TransNum
[8.944s] Installing two_way script to /home/narayan/ros2_ws/install/TransNum/lib/TransNum
[8.946s] writing list of installed files to '/home/narayan/ros2_ws/build/TransNum/install.log'
[9.146s] Invoked command in '/home/narayan/ros2_ws/src/TransNum' returned '0': DEBUGINFOD_URLS=https://debuginfod.ubuntu.com PYTHONPATH=/home/narayan/ros2_ws/build/TransNum/prefix_override:/usr/lib/python3/dist-packages/colcon_core/task/python/colcon_distutils_commands:/home/narayan/ros2_ws/install/TransNum/lib/python3.12/site-packages:${PYTHONPATH} /usr/bin/python3 -W ignore:setup.py install is deprecated -W ignore:easy_install command is deprecated setup.py egg_info --egg-base ../../build/TransNum build --build-base /home/narayan/ros2_ws/build/TransNum/build install --record /home/narayan/ros2_ws/build/TransNum/install.log --single-version-externally-managed install_data
