[4.443s] Invoking command in '/home/narayan/ros2_ws/src/turtle_sim': DEBUGINFOD_URLS=https://debuginfod.ubuntu.com PYTHONPATH=/home/narayan/ros2_ws/build/turtle_sim/prefix_override:/usr/lib/python3/dist-packages/colcon_core/task/python/colcon_distutils_commands:/home/narayan/ros2_ws/install/turtle_sim/lib/python3.12/site-packages:${PYTHONPATH} /usr/bin/python3 -W ignore:setup.py install is deprecated -W ignore:easy_install command is deprecated setup.py egg_info --egg-base ../../build/turtle_sim build --build-base /home/narayan/ros2_ws/build/turtle_sim/build install --record /home/narayan/ros2_ws/build/turtle_sim/install.log --single-version-externally-managed install_data
[5.595s] running egg_info
[5.596s] creating ../../build/turtle_sim/turtle_sim.egg-info
[5.682s] writing ../../build/turtle_sim/turtle_sim.egg-info/PKG-INFO
[5.683s] writing dependency_links to ../../build/turtle_sim/turtle_sim.egg-info/dependency_links.txt
[5.684s] writing requirements to ../../build/turtle_sim/turtle_sim.egg-info/requires.txt
[5.684s] writing top-level names to ../../build/turtle_sim/turtle_sim.egg-info/top_level.txt
[5.685s] writing manifest file '../../build/turtle_sim/turtle_sim.egg-info/SOURCES.txt'
[5.861s] reading manifest file '../../build/turtle_sim/turtle_sim.egg-info/SOURCES.txt'
[5.863s] writing manifest file '../../build/turtle_sim/turtle_sim.egg-info/SOURCES.txt'
[5.864s] running build
[5.864s] running build_py
[5.865s] creating /home/narayan/ros2_ws/build/turtle_sim/build
[5.865s] creating /home/narayan/ros2_ws/build/turtle_sim/build/lib
[5.866s] creating /home/narayan/ros2_ws/build/turtle_sim/build/lib/turtle_sim
[5.866s] copying turtle_sim/spawner.py -> /home/narayan/ros2_ws/build/turtle_sim/build/lib/turtle_sim
[5.867s] copying turtle_sim/__init__.py -> /home/narayan/ros2_ws/build/turtle_sim/build/lib/turtle_sim
[5.868s] running install
[5.890s] running install_lib
[5.974s] creating /home/narayan/ros2_ws/install/turtle_sim/lib/python3.12/site-packages/turtle_sim
[5.975s] copying /home/narayan/ros2_ws/build/turtle_sim/build/lib/turtle_sim/spawner.py -> /home/narayan/ros2_ws/install/turtle_sim/lib/python3.12/site-packages/turtle_sim
[5.975s] copying /home/narayan/ros2_ws/build/turtle_sim/build/lib/turtle_sim/__init__.py -> /home/narayan/ros2_ws/install/turtle_sim/lib/python3.12/site-packages/turtle_sim
[5.978s] byte-compiling /home/narayan/ros2_ws/install/turtle_sim/lib/python3.12/site-packages/turtle_sim/spawner.py to spawner.cpython-312.pyc
[5.980s] byte-compiling /home/narayan/ros2_ws/install/turtle_sim/lib/python3.12/site-packages/turtle_sim/__init__.py to __init__.cpython-312.pyc
[5.981s] running install_data
[5.982s] creating /home/narayan/ros2_ws/install/turtle_sim/share/ament_index
[5.982s] creating /home/narayan/ros2_ws/install/turtle_sim/share/ament_index/resource_index
[5.983s] creating /home/narayan/ros2_ws/install/turtle_sim/share/ament_index/resource_index/packages
[5.983s] copying resource/turtle_sim -> /home/narayan/ros2_ws/install/turtle_sim/share/ament_index/resource_index/packages
[5.984s] copying package.xml -> /home/narayan/ros2_ws/install/turtle_sim/share/turtle_sim
[5.984s] running install_egg_info
[6.075s] Copying ../../build/turtle_sim/turtle_sim.egg-info to /home/narayan/ros2_ws/install/turtle_sim/lib/python3.12/site-packages/turtle_sim-0.0.0-py3.12.egg-info
[6.079s] running install_scripts
[6.706s] writing list of installed files to '/home/narayan/ros2_ws/build/turtle_sim/install.log'
[6.889s] Invoked command in '/home/narayan/ros2_ws/src/turtle_sim' returned '0': DEBUGINFOD_URLS=https://debuginfod.ubuntu.com PYTHONPATH=/home/narayan/ros2_ws/build/turtle_sim/prefix_override:/usr/lib/python3/dist-packages/colcon_core/task/python/colcon_distutils_commands:/home/narayan/ros2_ws/install/turtle_sim/lib/python3.12/site-packages:${PYTHONPATH} /usr/bin/python3 -W ignore:setup.py install is deprecated -W ignore:easy_install command is deprecated setup.py egg_info --egg-base ../../build/turtle_sim build --build-base /home/narayan/ros2_ws/build/turtle_sim/build install --record /home/narayan/ros2_ws/build/turtle_sim/install.log --single-version-externally-managed install_data
