[0.011s] Invoking command in '/home/narayan_/Documents/ros2_ws/build/my_interfaces': CMAKE_PREFIX_PATH=${CMAKE_PREFIX_PATH}:/opt/ros/jazzy DEBUGINFOD_URLS=https://debuginfod.ubuntu.com /usr/bin/cmake /home/narayan_/Documents/ros2_ws/src/my_interfaces -DCMAKE_INSTALL_PREFIX=/home/narayan_/Documents/ros2_ws/install/my_interfaces
[0.162s] -- Found ament_cmake: 2.5.4 (/opt/ros/jazzy/share/ament_cmake/cmake)
[0.162s] -- Found Python3: /usr/bin/python3 (found version "3.12.3") found components: Interpreter 
[0.204s] -- Found rosidl_default_generators: 1.6.0 (/opt/ros/jazzy/share/rosidl_default_generators/cmake)
[0.209s] -- Using all available rosidl_typesupport_c: rosidl_typesupport_fastrtps_c;rosidl_typesupport_introspection_c
[0.248s] -- Using all available rosidl_typesupport_cpp: rosidl_typesupport_fastrtps_cpp;rosidl_typesupport_introspection_cpp
[0.280s] -- Found rosidl_adapter: 4.6.6 (/opt/ros/jazzy/share/rosidl_adapter/cmake)
[0.731s] -- Found ament_cmake_ros: 0.12.0 (/opt/ros/jazzy/share/ament_cmake_ros/cmake)
[1.035s] -- Using all available rosidl_typesupport_c: rosidl_typesupport_fastrtps_c;rosidl_typesupport_introspection_c
[1.437s] -- Using all available rosidl_typesupport_cpp: rosidl_typesupport_fastrtps_cpp;rosidl_typesupport_introspection_cpp
[1.438s] -- Found python_cmake_module: 0.11.1 (/opt/ros/jazzy/share/python_cmake_module/cmake)
[1.535s] -- Found PythonExtra: /usr/bin/python3  
[1.838s] -- Found Python3: /usr/bin/python3 (found version "3.12.3") found components: Interpreter Development NumPy Development.Module Development.Embed 
[1.867s] -- Configuring done (1.8s)
[1.898s] -- Generating done (0.0s)
[1.907s] -- Build files have been written to: /home/narayan_/Documents/ros2_ws/build/my_interfaces
[1.913s] Invoked command in '/home/narayan_/Documents/ros2_ws/build/my_interfaces' returned '0': CMAKE_PREFIX_PATH=${CMAKE_PREFIX_PATH}:/opt/ros/jazzy DEBUGINFOD_URLS=https://debuginfod.ubuntu.com /usr/bin/cmake /home/narayan_/Documents/ros2_ws/src/my_interfaces -DCMAKE_INSTALL_PREFIX=/home/narayan_/Documents/ros2_ws/install/my_interfaces
[1.913s] Invoking command in '/home/narayan_/Documents/ros2_ws/build/my_interfaces': CMAKE_PREFIX_PATH=${CMAKE_PREFIX_PATH}:/opt/ros/jazzy DEBUGINFOD_URLS=https://debuginfod.ubuntu.com /usr/bin/cmake --build /home/narayan_/Documents/ros2_ws/build/my_interfaces -- -j12 -l12
[1.951s] [  1%] [34m[1mGenerating type hashes for ROS interfaces[0m
[1.956s] [  1%] Built target ament_cmake_python_copy_my_interfaces
[2.107s] [  1%] Built target my_interfaces__rosidl_generator_type_description
[2.112s] running egg_info
[2.113s] creating my_interfaces.egg-info
[2.115s] [  3%] [34m[1mGenerating C code for ROS interfaces[0m
[2.122s] [  4%] [34m[1mGenerating C++ code for ROS interfaces[0m
[2.127s] writing my_interfaces.egg-info/PKG-INFO
[2.127s] writing dependency_links to my_interfaces.egg-info/dependency_links.txt
[2.127s] writing top-level names to my_interfaces.egg-info/top_level.txt
[2.127s] writing manifest file 'my_interfaces.egg-info/SOURCES.txt'
[2.169s] reading manifest file 'my_interfaces.egg-info/SOURCES.txt'
[2.170s] writing manifest file 'my_interfaces.egg-info/SOURCES.txt'
[2.188s] [  4%] Built target ament_cmake_python_build_my_interfaces_egg
[2.415s] [  4%] Built target my_interfaces__cpp
[2.474s] [  7%] [32mBuilding C object CMakeFiles/my_interfaces__rosidl_generator_c.dir/rosidl_generator_c/my_interfaces/msg/detail/hd_status__functions.c.o[0m
[2.474s] [  7%] [32mBuilding C object CMakeFiles/my_interfaces__rosidl_generator_c.dir/rosidl_generator_c/my_interfaces/msg/detail/hd_status__description.c.o[0m
[2.474s] [  9%] [32mBuilding C object CMakeFiles/my_interfaces__rosidl_generator_c.dir/rosidl_generator_c/my_interfaces/msg/detail/hd_status__type_support.c.o[0m
[2.475s] [ 10%] [32mBuilding C object CMakeFiles/my_interfaces__rosidl_generator_c.dir/rosidl_generator_c/my_interfaces/msg/detail/le_dstatus__functions.c.o[0m
[2.475s] [ 12%] [32mBuilding C object CMakeFiles/my_interfaces__rosidl_generator_c.dir/rosidl_generator_c/my_interfaces/msg/detail/le_dstatus__type_support.c.o[0m
[2.475s] [ 14%] [32mBuilding C object CMakeFiles/my_interfaces__rosidl_generator_c.dir/rosidl_generator_c/my_interfaces/srv/detail/set_led__functions.c.o[0m
[2.475s] [ 15%] [32mBuilding C object CMakeFiles/my_interfaces__rosidl_generator_c.dir/rosidl_generator_c/my_interfaces/srv/detail/set_led__type_support.c.o[0m
[2.476s] [ 17%] [32mBuilding C object CMakeFiles/my_interfaces__rosidl_generator_c.dir/rosidl_generator_c/my_interfaces/msg/detail/le_dstatus__description.c.o[0m
[2.476s] [ 18%] [32mBuilding C object CMakeFiles/my_interfaces__rosidl_generator_c.dir/rosidl_generator_c/my_interfaces/srv/detail/turtle_head__description.c.o[0m
[2.476s] [ 21%] [32mBuilding C object CMakeFiles/my_interfaces__rosidl_generator_c.dir/rosidl_generator_c/my_interfaces/srv/detail/turtle_head__type_support.c.o[0m
[2.476s] [ 21%] [32mBuilding C object CMakeFiles/my_interfaces__rosidl_generator_c.dir/rosidl_generator_c/my_interfaces/srv/detail/turtle_head__functions.c.o[0m
[2.476s] [ 23%] [32mBuilding C object CMakeFiles/my_interfaces__rosidl_generator_c.dir/rosidl_generator_c/my_interfaces/srv/detail/set_led__description.c.o[0m
[2.547s] [ 25%] [32m[1mLinking C shared library libmy_interfaces__rosidl_generator_c.so[0m
[2.577s] [ 25%] Built target my_interfaces__rosidl_generator_c
[2.584s] [ 29%] [34m[1mGenerating C type support for eProsima Fast-RTPS[0m
[2.584s] [ 29%] [34m[1mGenerating C type support dispatch for ROS interfaces[0m
[2.584s] [ 29%] [34m[1mGenerating C++ type support dispatch for ROS interfaces[0m
[2.585s] [ 31%] [34m[1mGenerating C++ type support for eProsima Fast-RTPS[0m
[2.585s] [ 32%] [34m[1mGenerating C introspection for ROS interfaces[0m
[2.585s] [ 34%] [34m[1mGenerating C++ introspection for ROS interfaces[0m
[2.797s] [ 35%] [32mBuilding CXX object CMakeFiles/my_interfaces__rosidl_typesupport_c.dir/rosidl_typesupport_c/my_interfaces/srv/turtle_head__type_support.cpp.o[0m
[2.798s] [ 37%] [32mBuilding CXX object CMakeFiles/my_interfaces__rosidl_typesupport_c.dir/rosidl_typesupport_c/my_interfaces/srv/set_led__type_support.cpp.o[0m
[2.798s] [ 39%] [32mBuilding CXX object CMakeFiles/my_interfaces__rosidl_typesupport_c.dir/rosidl_typesupport_c/my_interfaces/msg/le_dstatus__type_support.cpp.o[0m
[2.798s] [ 40%] [32mBuilding CXX object CMakeFiles/my_interfaces__rosidl_typesupport_c.dir/rosidl_typesupport_c/my_interfaces/msg/hd_status__type_support.cpp.o[0m
[2.803s] [ 42%] [32mBuilding CXX object CMakeFiles/my_interfaces__rosidl_typesupport_cpp.dir/rosidl_typesupport_cpp/my_interfaces/msg/le_dstatus__type_support.cpp.o[0m
[2.804s] [ 43%] [32mBuilding CXX object CMakeFiles/my_interfaces__rosidl_typesupport_cpp.dir/rosidl_typesupport_cpp/my_interfaces/msg/hd_status__type_support.cpp.o[0m
[2.804s] [ 45%] [32mBuilding CXX object CMakeFiles/my_interfaces__rosidl_typesupport_cpp.dir/rosidl_typesupport_cpp/my_interfaces/srv/turtle_head__type_support.cpp.o[0m
[2.804s] [ 46%] [32mBuilding CXX object CMakeFiles/my_interfaces__rosidl_typesupport_cpp.dir/rosidl_typesupport_cpp/my_interfaces/srv/set_led__type_support.cpp.o[0m
[2.856s] [ 48%] [32m[1mLinking CXX shared library libmy_interfaces__rosidl_typesupport_c.so[0m
[2.882s] [ 50%] [32mBuilding CXX object CMakeFiles/my_interfaces__rosidl_typesupport_introspection_cpp.dir/rosidl_typesupport_introspection_cpp/my_interfaces/msg/detail/hd_status__type_support.cpp.o[0m
[2.884s] [ 51%] [32mBuilding CXX object CMakeFiles/my_interfaces__rosidl_typesupport_introspection_cpp.dir/rosidl_typesupport_introspection_cpp/my_interfaces/srv/detail/turtle_head__type_support.cpp.o[0m
[2.884s] [ 53%] [32mBuilding CXX object CMakeFiles/my_interfaces__rosidl_typesupport_introspection_cpp.dir/rosidl_typesupport_introspection_cpp/my_interfaces/srv/detail/set_led__type_support.cpp.o[0m
[2.886s] [ 54%] [32mBuilding CXX object CMakeFiles/my_interfaces__rosidl_typesupport_introspection_cpp.dir/rosidl_typesupport_introspection_cpp/my_interfaces/msg/detail/le_dstatus__type_support.cpp.o[0m
[2.893s] [ 56%] [32mBuilding C object CMakeFiles/my_interfaces__rosidl_typesupport_introspection_c.dir/rosidl_typesupport_introspection_c/my_interfaces/msg/detail/hd_status__type_support.c.o[0m
[2.901s] [ 56%] Built target my_interfaces__rosidl_typesupport_c
[2.913s] [ 57%] [32mBuilding C object CMakeFiles/my_interfaces__rosidl_typesupport_introspection_c.dir/rosidl_typesupport_introspection_c/my_interfaces/msg/detail/le_dstatus__type_support.c.o[0m
[2.949s] [ 59%] [32mBuilding C object CMakeFiles/my_interfaces__rosidl_typesupport_introspection_c.dir/rosidl_typesupport_introspection_c/my_interfaces/srv/detail/set_led__type_support.c.o[0m
[2.974s] [ 60%] [32mBuilding C object CMakeFiles/my_interfaces__rosidl_typesupport_introspection_c.dir/rosidl_typesupport_introspection_c/my_interfaces/srv/detail/turtle_head__type_support.c.o[0m
[3.041s] [ 62%] [32mBuilding CXX object CMakeFiles/my_interfaces__rosidl_typesupport_fastrtps_cpp.dir/rosidl_typesupport_fastrtps_cpp/my_interfaces/msg/detail/dds_fastrtps/hd_status__type_support.cpp.o[0m
[3.043s] [ 64%] [32m[1mLinking C shared library libmy_interfaces__rosidl_typesupport_introspection_c.so[0m
[3.057s] [ 65%] [32mBuilding CXX object CMakeFiles/my_interfaces__rosidl_typesupport_fastrtps_cpp.dir/rosidl_typesupport_fastrtps_cpp/my_interfaces/msg/detail/dds_fastrtps/le_dstatus__type_support.cpp.o[0m
[3.116s] [ 65%] Built target my_interfaces__rosidl_typesupport_introspection_c
[3.120s] [ 67%] [32mBuilding CXX object CMakeFiles/my_interfaces__rosidl_typesupport_fastrtps_c.dir/rosidl_typesupport_fastrtps_c/my_interfaces/msg/detail/hd_status__type_support_c.cpp.o[0m
[3.129s] [ 68%] [32mBuilding CXX object CMakeFiles/my_interfaces__rosidl_typesupport_fastrtps_c.dir/rosidl_typesupport_fastrtps_c/my_interfaces/msg/detail/le_dstatus__type_support_c.cpp.o[0m
[3.148s] [ 70%] [32mBuilding CXX object CMakeFiles/my_interfaces__rosidl_typesupport_fastrtps_c.dir/rosidl_typesupport_fastrtps_c/my_interfaces/srv/detail/set_led__type_support_c.cpp.o[0m
[3.152s] [ 71%] [32mBuilding CXX object CMakeFiles/my_interfaces__rosidl_typesupport_fastrtps_cpp.dir/rosidl_typesupport_fastrtps_cpp/my_interfaces/srv/detail/dds_fastrtps/set_led__type_support.cpp.o[0m
[3.237s] [ 73%] [32mBuilding CXX object CMakeFiles/my_interfaces__rosidl_typesupport_fastrtps_c.dir/rosidl_typesupport_fastrtps_c/my_interfaces/srv/detail/turtle_head__type_support_c.cpp.o[0m
[3.269s] [ 75%] [32mBuilding CXX object CMakeFiles/my_interfaces__rosidl_typesupport_fastrtps_cpp.dir/rosidl_typesupport_fastrtps_cpp/my_interfaces/srv/detail/dds_fastrtps/turtle_head__type_support.cpp.o[0m
[3.285s] [ 76%] [32m[1mLinking CXX shared library libmy_interfaces__rosidl_typesupport_cpp.so[0m
[3.383s] [ 76%] Built target my_interfaces__rosidl_typesupport_cpp
[3.434s] [ 78%] [32m[1mLinking CXX shared library libmy_interfaces__rosidl_typesupport_introspection_cpp.so[0m
[3.534s] [ 78%] Built target my_interfaces__rosidl_typesupport_introspection_cpp
[3.705s] [ 79%] [32m[1mLinking CXX shared library libmy_interfaces__rosidl_typesupport_fastrtps_c.so[0m
[3.761s] [ 79%] Built target my_interfaces__rosidl_typesupport_fastrtps_c
[3.852s] [ 81%] [32m[1mLinking CXX shared library libmy_interfaces__rosidl_typesupport_fastrtps_cpp.so[0m
[3.909s] [ 81%] Built target my_interfaces__rosidl_typesupport_fastrtps_cpp
[3.923s] [ 81%] Built target my_interfaces
[3.938s] [ 82%] [34m[1mGenerating Python code for ROS interfaces[0m
[4.360s] [ 82%] Built target my_interfaces__py
[4.375s] [ 85%] [32mBuilding C object CMakeFiles/my_interfaces__rosidl_generator_py.dir/rosidl_generator_py/my_interfaces/srv/_set_led_s.c.o[0m
[4.375s] [ 85%] [32mBuilding C object CMakeFiles/my_interfaces__rosidl_generator_py.dir/rosidl_generator_py/my_interfaces/msg/_hd_status_s.c.o[0m
[4.375s] [ 87%] [32mBuilding C object CMakeFiles/my_interfaces__rosidl_generator_py.dir/rosidl_generator_py/my_interfaces/srv/_turtle_head_s.c.o[0m
[4.375s] [ 89%] [32mBuilding C object CMakeFiles/my_interfaces__rosidl_generator_py.dir/rosidl_generator_py/my_interfaces/msg/_le_dstatus_s.c.o[0m
[4.491s] [ 90%] [32m[1mLinking C shared library libmy_interfaces__rosidl_generator_py.so[0m
[4.524s] [ 90%] Built target my_interfaces__rosidl_generator_py
[4.539s] [ 93%] [32mBuilding C object CMakeFiles/my_interfaces_s__rosidl_typesupport_fastrtps_c.dir/rosidl_generator_py/my_interfaces/_my_interfaces_s.ep.rosidl_typesupport_fastrtps_c.c.o[0m
[4.539s] [ 93%] [32mBuilding C object CMakeFiles/my_interfaces_s__rosidl_typesupport_introspection_c.dir/rosidl_generator_py/my_interfaces/_my_interfaces_s.ep.rosidl_typesupport_introspection_c.c.o[0m
[4.540s] [ 95%] [32mBuilding C object CMakeFiles/my_interfaces_s__rosidl_typesupport_c.dir/rosidl_generator_py/my_interfaces/_my_interfaces_s.ep.rosidl_typesupport_c.c.o[0m
[4.628s] [ 96%] [32m[1mLinking C shared module rosidl_generator_py/my_interfaces/my_interfaces_s__rosidl_typesupport_c.so[0m
[4.629s] [ 98%] [32m[1mLinking C shared module rosidl_generator_py/my_interfaces/my_interfaces_s__rosidl_typesupport_introspection_c.so[0m
[4.630s] [100%] [32m[1mLinking C shared module rosidl_generator_py/my_interfaces/my_interfaces_s__rosidl_typesupport_fastrtps_c.so[0m
[4.651s] [100%] Built target my_interfaces_s__rosidl_typesupport_c
[4.652s] [100%] Built target my_interfaces_s__rosidl_typesupport_introspection_c
[4.655s] [100%] Built target my_interfaces_s__rosidl_typesupport_fastrtps_c
[4.664s] Invoked command in '/home/narayan_/Documents/ros2_ws/build/my_interfaces' returned '0': CMAKE_PREFIX_PATH=${CMAKE_PREFIX_PATH}:/opt/ros/jazzy DEBUGINFOD_URLS=https://debuginfod.ubuntu.com /usr/bin/cmake --build /home/narayan_/Documents/ros2_ws/build/my_interfaces -- -j12 -l12
[4.665s] Invoking command in '/home/narayan_/Documents/ros2_ws/build/my_interfaces': CMAKE_PREFIX_PATH=${CMAKE_PREFIX_PATH}:/opt/ros/jazzy DEBUGINFOD_URLS=https://debuginfod.ubuntu.com /usr/bin/cmake --install /home/narayan_/Documents/ros2_ws/build/my_interfaces
[4.671s] -- Install configuration: ""
[4.671s] -- Installing: /home/narayan_/Documents/ros2_ws/install/my_interfaces/share/ament_index/resource_index/rosidl_interfaces/my_interfaces
[4.672s] -- Installing: /home/narayan_/Documents/ros2_ws/install/my_interfaces/share/my_interfaces/msg/HdStatus.json
[4.672s] -- Installing: /home/narayan_/Documents/ros2_ws/install/my_interfaces/share/my_interfaces/msg/LEDstatus.json
[4.672s] -- Installing: /home/narayan_/Documents/ros2_ws/install/my_interfaces/share/my_interfaces/srv/SetLED.json
[4.672s] -- Installing: /home/narayan_/Documents/ros2_ws/install/my_interfaces/share/my_interfaces/srv/TurtleHead.json
[4.672s] -- Installing: /home/narayan_/Documents/ros2_ws/install/my_interfaces/include/my_interfaces/my_interfaces
[4.672s] -- Installing: /home/narayan_/Documents/ros2_ws/install/my_interfaces/include/my_interfaces/my_interfaces/srv
[4.672s] -- Installing: /home/narayan_/Documents/ros2_ws/install/my_interfaces/include/my_interfaces/my_interfaces/srv/set_led.h
[4.673s] -- Installing: /home/narayan_/Documents/ros2_ws/install/my_interfaces/include/my_interfaces/my_interfaces/srv/turtle_head.h
[4.673s] -- Installing: /home/narayan_/Documents/ros2_ws/install/my_interfaces/include/my_interfaces/my_interfaces/srv/detail
[4.673s] -- Installing: /home/narayan_/Documents/ros2_ws/install/my_interfaces/include/my_interfaces/my_interfaces/srv/detail/set_led__type_support.c
[4.673s] -- Installing: /home/narayan_/Documents/ros2_ws/install/my_interfaces/include/my_interfaces/my_interfaces/srv/detail/turtle_head__functions.c
[4.673s] -- Installing: /home/narayan_/Documents/ros2_ws/install/my_interfaces/include/my_interfaces/my_interfaces/srv/detail/turtle_head__functions.h
[4.673s] -- Installing: /home/narayan_/Documents/ros2_ws/install/my_interfaces/include/my_interfaces/my_interfaces/srv/detail/set_led__type_support.h
[4.673s] -- Installing: /home/narayan_/Documents/ros2_ws/install/my_interfaces/include/my_interfaces/my_interfaces/srv/detail/set_led__functions.c
[4.674s] -- Installing: /home/narayan_/Documents/ros2_ws/install/my_interfaces/include/my_interfaces/my_interfaces/srv/detail/set_led__struct.h
[4.674s] -- Installing: /home/narayan_/Documents/ros2_ws/install/my_interfaces/include/my_interfaces/my_interfaces/srv/detail/set_led__description.c
[4.674s] -- Installing: /home/narayan_/Documents/ros2_ws/install/my_interfaces/include/my_interfaces/my_interfaces/srv/detail/set_led__functions.h
[4.674s] -- Installing: /home/narayan_/Documents/ros2_ws/install/my_interfaces/include/my_interfaces/my_interfaces/srv/detail/turtle_head__struct.h
[4.674s] -- Installing: /home/narayan_/Documents/ros2_ws/install/my_interfaces/include/my_interfaces/my_interfaces/srv/detail/turtle_head__description.c
[4.674s] -- Installing: /home/narayan_/Documents/ros2_ws/install/my_interfaces/include/my_interfaces/my_interfaces/srv/detail/turtle_head__type_support.h
[4.674s] -- Installing: /home/narayan_/Documents/ros2_ws/install/my_interfaces/include/my_interfaces/my_interfaces/srv/detail/turtle_head__type_support.c
[4.674s] -- Installing: /home/narayan_/Documents/ros2_ws/install/my_interfaces/include/my_interfaces/my_interfaces/msg
[4.674s] -- Installing: /home/narayan_/Documents/ros2_ws/install/my_interfaces/include/my_interfaces/my_interfaces/msg/rosidl_generator_c__visibility_control.h
[4.675s] -- Installing: /home/narayan_/Documents/ros2_ws/install/my_interfaces/include/my_interfaces/my_interfaces/msg/hd_status.h
[4.675s] -- Installing: /home/narayan_/Documents/ros2_ws/install/my_interfaces/include/my_interfaces/my_interfaces/msg/le_dstatus.h
[4.675s] -- Installing: /home/narayan_/Documents/ros2_ws/install/my_interfaces/include/my_interfaces/my_interfaces/msg/detail
[4.675s] -- Installing: /home/narayan_/Documents/ros2_ws/install/my_interfaces/include/my_interfaces/my_interfaces/msg/detail/le_dstatus__functions.c
[4.675s] -- Installing: /home/narayan_/Documents/ros2_ws/install/my_interfaces/include/my_interfaces/my_interfaces/msg/detail/le_dstatus__description.c
[4.675s] -- Installing: /home/narayan_/Documents/ros2_ws/install/my_interfaces/include/my_interfaces/my_interfaces/msg/detail/le_dstatus__type_support.c
[4.675s] -- Installing: /home/narayan_/Documents/ros2_ws/install/my_interfaces/include/my_interfaces/my_interfaces/msg/detail/hd_status__functions.h
[4.675s] -- Installing: /home/narayan_/Documents/ros2_ws/install/my_interfaces/include/my_interfaces/my_interfaces/msg/detail/le_dstatus__functions.h
[4.675s] -- Installing: /home/narayan_/Documents/ros2_ws/install/my_interfaces/include/my_interfaces/my_interfaces/msg/detail/le_dstatus__type_support.h
[4.675s] -- Installing: /home/narayan_/Documents/ros2_ws/install/my_interfaces/include/my_interfaces/my_interfaces/msg/detail/le_dstatus__struct.h
[4.675s] -- Installing: /home/narayan_/Documents/ros2_ws/install/my_interfaces/include/my_interfaces/my_interfaces/msg/detail/hd_status__description.c
[4.676s] -- Installing: /home/narayan_/Documents/ros2_ws/install/my_interfaces/include/my_interfaces/my_interfaces/msg/detail/hd_status__type_support.h
[4.676s] -- Installing: /home/narayan_/Documents/ros2_ws/install/my_interfaces/include/my_interfaces/my_interfaces/msg/detail/hd_status__type_support.c
[4.676s] -- Installing: /home/narayan_/Documents/ros2_ws/install/my_interfaces/include/my_interfaces/my_interfaces/msg/detail/hd_status__functions.c
[4.676s] -- Installing: /home/narayan_/Documents/ros2_ws/install/my_interfaces/include/my_interfaces/my_interfaces/msg/detail/hd_status__struct.h
[4.676s] -- Installing: /home/narayan_/Documents/ros2_ws/install/my_interfaces/share/my_interfaces/environment/library_path.sh
[4.676s] -- Installing: /home/narayan_/Documents/ros2_ws/install/my_interfaces/share/my_interfaces/environment/library_path.dsv
[4.676s] -- Installing: /home/narayan_/Documents/ros2_ws/install/my_interfaces/lib/libmy_interfaces__rosidl_generator_c.so
[4.677s] -- Set non-toolchain portion of runtime path of "/home/narayan_/Documents/ros2_ws/install/my_interfaces/lib/libmy_interfaces__rosidl_generator_c.so" to ""
[4.677s] -- Up-to-date: /home/narayan_/Documents/ros2_ws/install/my_interfaces/include/my_interfaces/my_interfaces
[4.677s] -- Up-to-date: /home/narayan_/Documents/ros2_ws/install/my_interfaces/include/my_interfaces/my_interfaces/srv
[4.677s] -- Up-to-date: /home/narayan_/Documents/ros2_ws/install/my_interfaces/include/my_interfaces/my_interfaces/srv/detail
[4.677s] -- Installing: /home/narayan_/Documents/ros2_ws/install/my_interfaces/include/my_interfaces/my_interfaces/srv/detail/set_led__rosidl_typesupport_fastrtps_c.h
[4.677s] -- Installing: /home/narayan_/Documents/ros2_ws/install/my_interfaces/include/my_interfaces/my_interfaces/srv/detail/turtle_head__rosidl_typesupport_fastrtps_c.h
[4.677s] -- Up-to-date: /home/narayan_/Documents/ros2_ws/install/my_interfaces/include/my_interfaces/my_interfaces/msg
[4.677s] -- Installing: /home/narayan_/Documents/ros2_ws/install/my_interfaces/include/my_interfaces/my_interfaces/msg/rosidl_typesupport_fastrtps_c__visibility_control.h
[4.677s] -- Up-to-date: /home/narayan_/Documents/ros2_ws/install/my_interfaces/include/my_interfaces/my_interfaces/msg/detail
[4.677s] -- Installing: /home/narayan_/Documents/ros2_ws/install/my_interfaces/include/my_interfaces/my_interfaces/msg/detail/hd_status__rosidl_typesupport_fastrtps_c.h
[4.677s] -- Installing: /home/narayan_/Documents/ros2_ws/install/my_interfaces/include/my_interfaces/my_interfaces/msg/detail/le_dstatus__rosidl_typesupport_fastrtps_c.h
[4.678s] -- Installing: /home/narayan_/Documents/ros2_ws/install/my_interfaces/lib/libmy_interfaces__rosidl_typesupport_fastrtps_c.so
[4.678s] -- Set non-toolchain portion of runtime path of "/home/narayan_/Documents/ros2_ws/install/my_interfaces/lib/libmy_interfaces__rosidl_typesupport_fastrtps_c.so" to ""
[4.678s] -- Up-to-date: /home/narayan_/Documents/ros2_ws/install/my_interfaces/include/my_interfaces/my_interfaces
[4.678s] -- Up-to-date: /home/narayan_/Documents/ros2_ws/install/my_interfaces/include/my_interfaces/my_interfaces/srv
[4.678s] -- Up-to-date: /home/narayan_/Documents/ros2_ws/install/my_interfaces/include/my_interfaces/my_interfaces/srv/detail
[4.678s] -- Installing: /home/narayan_/Documents/ros2_ws/install/my_interfaces/include/my_interfaces/my_interfaces/srv/detail/turtle_head__rosidl_typesupport_introspection_c.h
[4.678s] -- Installing: /home/narayan_/Documents/ros2_ws/install/my_interfaces/include/my_interfaces/my_interfaces/srv/detail/set_led__type_support.c
[4.678s] -- Installing: /home/narayan_/Documents/ros2_ws/install/my_interfaces/include/my_interfaces/my_interfaces/srv/detail/set_led__rosidl_typesupport_introspection_c.h
[4.678s] -- Installing: /home/narayan_/Documents/ros2_ws/install/my_interfaces/include/my_interfaces/my_interfaces/srv/detail/turtle_head__type_support.c
[4.678s] -- Up-to-date: /home/narayan_/Documents/ros2_ws/install/my_interfaces/include/my_interfaces/my_interfaces/msg
[4.678s] -- Installing: /home/narayan_/Documents/ros2_ws/install/my_interfaces/include/my_interfaces/my_interfaces/msg/rosidl_typesupport_introspection_c__visibility_control.h
[4.679s] -- Up-to-date: /home/narayan_/Documents/ros2_ws/install/my_interfaces/include/my_interfaces/my_interfaces/msg/detail
[4.679s] -- Installing: /home/narayan_/Documents/ros2_ws/install/my_interfaces/include/my_interfaces/my_interfaces/msg/detail/le_dstatus__type_support.c
[4.679s] -- Installing: /home/narayan_/Documents/ros2_ws/install/my_interfaces/include/my_interfaces/my_interfaces/msg/detail/hd_status__rosidl_typesupport_introspection_c.h
[4.679s] -- Installing: /home/narayan_/Documents/ros2_ws/install/my_interfaces/include/my_interfaces/my_interfaces/msg/detail/le_dstatus__rosidl_typesupport_introspection_c.h
[4.679s] -- Installing: /home/narayan_/Documents/ros2_ws/install/my_interfaces/include/my_interfaces/my_interfaces/msg/detail/hd_status__type_support.c
[4.679s] -- Installing: /home/narayan_/Documents/ros2_ws/install/my_interfaces/lib/libmy_interfaces__rosidl_typesupport_introspection_c.so
[4.679s] -- Set non-toolchain portion of runtime path of "/home/narayan_/Documents/ros2_ws/install/my_interfaces/lib/libmy_interfaces__rosidl_typesupport_introspection_c.so" to ""
[4.679s] -- Installing: /home/narayan_/Documents/ros2_ws/install/my_interfaces/lib/libmy_interfaces__rosidl_typesupport_c.so
[4.680s] -- Set non-toolchain portion of runtime path of "/home/narayan_/Documents/ros2_ws/install/my_interfaces/lib/libmy_interfaces__rosidl_typesupport_c.so" to ""
[4.680s] -- Up-to-date: /home/narayan_/Documents/ros2_ws/install/my_interfaces/include/my_interfaces/my_interfaces
[4.680s] -- Up-to-date: /home/narayan_/Documents/ros2_ws/install/my_interfaces/include/my_interfaces/my_interfaces/srv
[4.680s] -- Installing: /home/narayan_/Documents/ros2_ws/install/my_interfaces/include/my_interfaces/my_interfaces/srv/turtle_head.hpp
[4.680s] -- Installing: /home/narayan_/Documents/ros2_ws/install/my_interfaces/include/my_interfaces/my_interfaces/srv/set_led.hpp
[4.680s] -- Up-to-date: /home/narayan_/Documents/ros2_ws/install/my_interfaces/include/my_interfaces/my_interfaces/srv/detail
[4.680s] -- Installing: /home/narayan_/Documents/ros2_ws/install/my_interfaces/include/my_interfaces/my_interfaces/srv/detail/set_led__struct.hpp
[4.680s] -- Installing: /home/narayan_/Documents/ros2_ws/install/my_interfaces/include/my_interfaces/my_interfaces/srv/detail/set_led__traits.hpp
[4.680s] -- Installing: /home/narayan_/Documents/ros2_ws/install/my_interfaces/include/my_interfaces/my_interfaces/srv/detail/turtle_head__builder.hpp
[4.680s] -- Installing: /home/narayan_/Documents/ros2_ws/install/my_interfaces/include/my_interfaces/my_interfaces/srv/detail/set_led__builder.hpp
[4.680s] -- Installing: /home/narayan_/Documents/ros2_ws/install/my_interfaces/include/my_interfaces/my_interfaces/srv/detail/turtle_head__traits.hpp
[4.680s] -- Installing: /home/narayan_/Documents/ros2_ws/install/my_interfaces/include/my_interfaces/my_interfaces/srv/detail/turtle_head__struct.hpp
[4.680s] -- Installing: /home/narayan_/Documents/ros2_ws/install/my_interfaces/include/my_interfaces/my_interfaces/srv/detail/turtle_head__type_support.hpp
[4.681s] -- Installing: /home/narayan_/Documents/ros2_ws/install/my_interfaces/include/my_interfaces/my_interfaces/srv/detail/set_led__type_support.hpp
[4.681s] -- Up-to-date: /home/narayan_/Documents/ros2_ws/install/my_interfaces/include/my_interfaces/my_interfaces/msg
[4.681s] -- Installing: /home/narayan_/Documents/ros2_ws/install/my_interfaces/include/my_interfaces/my_interfaces/msg/rosidl_generator_cpp__visibility_control.hpp
[4.681s] -- Installing: /home/narayan_/Documents/ros2_ws/install/my_interfaces/include/my_interfaces/my_interfaces/msg/hd_status.hpp
[4.681s] -- Up-to-date: /home/narayan_/Documents/ros2_ws/install/my_interfaces/include/my_interfaces/my_interfaces/msg/detail
[4.681s] -- Installing: /home/narayan_/Documents/ros2_ws/install/my_interfaces/include/my_interfaces/my_interfaces/msg/detail/le_dstatus__traits.hpp
[4.681s] -- Installing: /home/narayan_/Documents/ros2_ws/install/my_interfaces/include/my_interfaces/my_interfaces/msg/detail/le_dstatus__builder.hpp
[4.681s] -- Installing: /home/narayan_/Documents/ros2_ws/install/my_interfaces/include/my_interfaces/my_interfaces/msg/detail/hd_status__traits.hpp
[4.681s] -- Installing: /home/narayan_/Documents/ros2_ws/install/my_interfaces/include/my_interfaces/my_interfaces/msg/detail/hd_status__builder.hpp
[4.681s] -- Installing: /home/narayan_/Documents/ros2_ws/install/my_interfaces/include/my_interfaces/my_interfaces/msg/detail/hd_status__type_support.hpp
[4.681s] -- Installing: /home/narayan_/Documents/ros2_ws/install/my_interfaces/include/my_interfaces/my_interfaces/msg/detail/le_dstatus__type_support.hpp
[4.682s] -- Installing: /home/narayan_/Documents/ros2_ws/install/my_interfaces/include/my_interfaces/my_interfaces/msg/detail/hd_status__struct.hpp
[4.682s] -- Installing: /home/narayan_/Documents/ros2_ws/install/my_interfaces/include/my_interfaces/my_interfaces/msg/detail/le_dstatus__struct.hpp
[4.682s] -- Installing: /home/narayan_/Documents/ros2_ws/install/my_interfaces/include/my_interfaces/my_interfaces/msg/le_dstatus.hpp
[4.682s] -- Up-to-date: /home/narayan_/Documents/ros2_ws/install/my_interfaces/include/my_interfaces/my_interfaces
[4.682s] -- Up-to-date: /home/narayan_/Documents/ros2_ws/install/my_interfaces/include/my_interfaces/my_interfaces/srv
[4.682s] -- Up-to-date: /home/narayan_/Documents/ros2_ws/install/my_interfaces/include/my_interfaces/my_interfaces/srv/detail
[4.682s] -- Installing: /home/narayan_/Documents/ros2_ws/install/my_interfaces/include/my_interfaces/my_interfaces/srv/detail/turtle_head__rosidl_typesupport_fastrtps_cpp.hpp
[4.682s] -- Installing: /home/narayan_/Documents/ros2_ws/install/my_interfaces/include/my_interfaces/my_interfaces/srv/detail/dds_fastrtps
[4.682s] -- Installing: /home/narayan_/Documents/ros2_ws/install/my_interfaces/include/my_interfaces/my_interfaces/srv/detail/set_led__rosidl_typesupport_fastrtps_cpp.hpp
[4.682s] -- Up-to-date: /home/narayan_/Documents/ros2_ws/install/my_interfaces/include/my_interfaces/my_interfaces/msg
[4.682s] -- Up-to-date: /home/narayan_/Documents/ros2_ws/install/my_interfaces/include/my_interfaces/my_interfaces/msg/detail
[4.682s] -- Installing: /home/narayan_/Documents/ros2_ws/install/my_interfaces/include/my_interfaces/my_interfaces/msg/detail/hd_status__rosidl_typesupport_fastrtps_cpp.hpp
[4.683s] -- Installing: /home/narayan_/Documents/ros2_ws/install/my_interfaces/include/my_interfaces/my_interfaces/msg/detail/dds_fastrtps
[4.683s] -- Installing: /home/narayan_/Documents/ros2_ws/install/my_interfaces/include/my_interfaces/my_interfaces/msg/detail/le_dstatus__rosidl_typesupport_fastrtps_cpp.hpp
[4.683s] -- Installing: /home/narayan_/Documents/ros2_ws/install/my_interfaces/include/my_interfaces/my_interfaces/msg/rosidl_typesupport_fastrtps_cpp__visibility_control.h
[4.683s] -- Installing: /home/narayan_/Documents/ros2_ws/install/my_interfaces/lib/libmy_interfaces__rosidl_typesupport_fastrtps_cpp.so
[4.683s] -- Set non-toolchain portion of runtime path of "/home/narayan_/Documents/ros2_ws/install/my_interfaces/lib/libmy_interfaces__rosidl_typesupport_fastrtps_cpp.so" to ""
[4.683s] -- Up-to-date: /home/narayan_/Documents/ros2_ws/install/my_interfaces/include/my_interfaces/my_interfaces
[4.683s] -- Up-to-date: /home/narayan_/Documents/ros2_ws/install/my_interfaces/include/my_interfaces/my_interfaces/srv
[4.684s] -- Up-to-date: /home/narayan_/Documents/ros2_ws/install/my_interfaces/include/my_interfaces/my_interfaces/srv/detail
[4.684s] -- Installing: /home/narayan_/Documents/ros2_ws/install/my_interfaces/include/my_interfaces/my_interfaces/srv/detail/turtle_head__type_support.cpp
[4.684s] -- Installing: /home/narayan_/Documents/ros2_ws/install/my_interfaces/include/my_interfaces/my_interfaces/srv/detail/set_led__type_support.cpp
[4.684s] -- Installing: /home/narayan_/Documents/ros2_ws/install/my_interfaces/include/my_interfaces/my_interfaces/srv/detail/set_led__rosidl_typesupport_introspection_cpp.hpp
[4.684s] -- Installing: /home/narayan_/Documents/ros2_ws/install/my_interfaces/include/my_interfaces/my_interfaces/srv/detail/turtle_head__rosidl_typesupport_introspection_cpp.hpp
[4.684s] -- Up-to-date: /home/narayan_/Documents/ros2_ws/install/my_interfaces/include/my_interfaces/my_interfaces/msg
[4.684s] -- Up-to-date: /home/narayan_/Documents/ros2_ws/install/my_interfaces/include/my_interfaces/my_interfaces/msg/detail
[4.684s] -- Installing: /home/narayan_/Documents/ros2_ws/install/my_interfaces/include/my_interfaces/my_interfaces/msg/detail/le_dstatus__rosidl_typesupport_introspection_cpp.hpp
[4.684s] -- Installing: /home/narayan_/Documents/ros2_ws/install/my_interfaces/include/my_interfaces/my_interfaces/msg/detail/le_dstatus__type_support.cpp
[4.684s] -- Installing: /home/narayan_/Documents/ros2_ws/install/my_interfaces/include/my_interfaces/my_interfaces/msg/detail/hd_status__type_support.cpp
[4.684s] -- Installing: /home/narayan_/Documents/ros2_ws/install/my_interfaces/include/my_interfaces/my_interfaces/msg/detail/hd_status__rosidl_typesupport_introspection_cpp.hpp
[4.684s] -- Installing: /home/narayan_/Documents/ros2_ws/install/my_interfaces/lib/libmy_interfaces__rosidl_typesupport_introspection_cpp.so
[4.685s] -- Set non-toolchain portion of runtime path of "/home/narayan_/Documents/ros2_ws/install/my_interfaces/lib/libmy_interfaces__rosidl_typesupport_introspection_cpp.so" to ""
[4.685s] -- Installing: /home/narayan_/Documents/ros2_ws/install/my_interfaces/lib/libmy_interfaces__rosidl_typesupport_cpp.so
[4.685s] -- Set non-toolchain portion of runtime path of "/home/narayan_/Documents/ros2_ws/install/my_interfaces/lib/libmy_interfaces__rosidl_typesupport_cpp.so" to ""
[4.685s] -- Installing: /home/narayan_/Documents/ros2_ws/install/my_interfaces/share/my_interfaces/environment/pythonpath.sh
[4.686s] -- Installing: /home/narayan_/Documents/ros2_ws/install/my_interfaces/share/my_interfaces/environment/pythonpath.dsv
[4.686s] -- Installing: /home/narayan_/Documents/ros2_ws/install/my_interfaces/lib/python3.12/site-packages/my_interfaces-0.0.0-py3.12.egg-info
[4.686s] -- Installing: /home/narayan_/Documents/ros2_ws/install/my_interfaces/lib/python3.12/site-packages/my_interfaces-0.0.0-py3.12.egg-info/dependency_links.txt
[4.686s] -- Installing: /home/narayan_/Documents/ros2_ws/install/my_interfaces/lib/python3.12/site-packages/my_interfaces-0.0.0-py3.12.egg-info/top_level.txt
[4.686s] -- Installing: /home/narayan_/Documents/ros2_ws/install/my_interfaces/lib/python3.12/site-packages/my_interfaces-0.0.0-py3.12.egg-info/PKG-INFO
[4.686s] -- Installing: /home/narayan_/Documents/ros2_ws/install/my_interfaces/lib/python3.12/site-packages/my_interfaces-0.0.0-py3.12.egg-info/SOURCES.txt
[4.686s] -- Installing: /home/narayan_/Documents/ros2_ws/install/my_interfaces/lib/python3.12/site-packages/my_interfaces
[4.687s] -- Installing: /home/narayan_/Documents/ros2_ws/install/my_interfaces/lib/python3.12/site-packages/my_interfaces/my_interfaces_s__rosidl_typesupport_introspection_c.so
[4.687s] -- Installing: /home/narayan_/Documents/ros2_ws/install/my_interfaces/lib/python3.12/site-packages/my_interfaces/my_interfaces_s__rosidl_typesupport_c.so
[4.687s] -- Installing: /home/narayan_/Documents/ros2_ws/install/my_interfaces/lib/python3.12/site-packages/my_interfaces/_my_interfaces_s.ep.rosidl_typesupport_c.c
[4.687s] -- Installing: /home/narayan_/Documents/ros2_ws/install/my_interfaces/lib/python3.12/site-packages/my_interfaces/my_interfaces_s__rosidl_typesupport_fastrtps_c.so
[4.687s] -- Installing: /home/narayan_/Documents/ros2_ws/install/my_interfaces/lib/python3.12/site-packages/my_interfaces/_my_interfaces_s.ep.rosidl_typesupport_introspection_c.c
[4.687s] -- Installing: /home/narayan_/Documents/ros2_ws/install/my_interfaces/lib/python3.12/site-packages/my_interfaces/__init__.py
[4.687s] -- Installing: /home/narayan_/Documents/ros2_ws/install/my_interfaces/lib/python3.12/site-packages/my_interfaces/srv
[4.687s] -- Installing: /home/narayan_/Documents/ros2_ws/install/my_interfaces/lib/python3.12/site-packages/my_interfaces/srv/_turtle_head.py
[4.687s] -- Installing: /home/narayan_/Documents/ros2_ws/install/my_interfaces/lib/python3.12/site-packages/my_interfaces/srv/_set_led_s.c
[4.688s] -- Installing: /home/narayan_/Documents/ros2_ws/install/my_interfaces/lib/python3.12/site-packages/my_interfaces/srv/_set_led.py
[4.688s] -- Installing: /home/narayan_/Documents/ros2_ws/install/my_interfaces/lib/python3.12/site-packages/my_interfaces/srv/_turtle_head_s.c
[4.688s] -- Installing: /home/narayan_/Documents/ros2_ws/install/my_interfaces/lib/python3.12/site-packages/my_interfaces/srv/__init__.py
[4.688s] -- Installing: /home/narayan_/Documents/ros2_ws/install/my_interfaces/lib/python3.12/site-packages/my_interfaces/_my_interfaces_s.ep.rosidl_typesupport_fastrtps_c.c
[4.688s] -- Installing: /home/narayan_/Documents/ros2_ws/install/my_interfaces/lib/python3.12/site-packages/my_interfaces/msg
[4.688s] -- Installing: /home/narayan_/Documents/ros2_ws/install/my_interfaces/lib/python3.12/site-packages/my_interfaces/msg/_le_dstatus_s.c
[4.688s] -- Installing: /home/narayan_/Documents/ros2_ws/install/my_interfaces/lib/python3.12/site-packages/my_interfaces/msg/_hd_status_s.c
[4.688s] -- Installing: /home/narayan_/Documents/ros2_ws/install/my_interfaces/lib/python3.12/site-packages/my_interfaces/msg/__init__.py
[4.688s] -- Installing: /home/narayan_/Documents/ros2_ws/install/my_interfaces/lib/python3.12/site-packages/my_interfaces/msg/_hd_status.py
[4.688s] -- Installing: /home/narayan_/Documents/ros2_ws/install/my_interfaces/lib/python3.12/site-packages/my_interfaces/msg/_le_dstatus.py
[4.721s] Listing '/home/narayan_/Documents/ros2_ws/install/my_interfaces/lib/python3.12/site-packages/my_interfaces'...
[4.721s] Compiling '/home/narayan_/Documents/ros2_ws/install/my_interfaces/lib/python3.12/site-packages/my_interfaces/__init__.py'...
[4.721s] Listing '/home/narayan_/Documents/ros2_ws/install/my_interfaces/lib/python3.12/site-packages/my_interfaces/msg'...
[4.721s] Compiling '/home/narayan_/Documents/ros2_ws/install/my_interfaces/lib/python3.12/site-packages/my_interfaces/msg/__init__.py'...
[4.721s] Compiling '/home/narayan_/Documents/ros2_ws/install/my_interfaces/lib/python3.12/site-packages/my_interfaces/msg/_hd_status.py'...
[4.721s] Compiling '/home/narayan_/Documents/ros2_ws/install/my_interfaces/lib/python3.12/site-packages/my_interfaces/msg/_le_dstatus.py'...
[4.722s] Listing '/home/narayan_/Documents/ros2_ws/install/my_interfaces/lib/python3.12/site-packages/my_interfaces/srv'...
[4.722s] Compiling '/home/narayan_/Documents/ros2_ws/install/my_interfaces/lib/python3.12/site-packages/my_interfaces/srv/__init__.py'...
[4.722s] Compiling '/home/narayan_/Documents/ros2_ws/install/my_interfaces/lib/python3.12/site-packages/my_interfaces/srv/_set_led.py'...
[4.722s] Compiling '/home/narayan_/Documents/ros2_ws/install/my_interfaces/lib/python3.12/site-packages/my_interfaces/srv/_turtle_head.py'...
[4.725s] -- Installing: /home/narayan_/Documents/ros2_ws/install/my_interfaces/lib/python3.12/site-packages/my_interfaces/my_interfaces_s__rosidl_typesupport_fastrtps_c.so
[4.725s] -- Set non-toolchain portion of runtime path of "/home/narayan_/Documents/ros2_ws/install/my_interfaces/lib/python3.12/site-packages/my_interfaces/my_interfaces_s__rosidl_typesupport_fastrtps_c.so" to ""
[4.726s] -- Installing: /home/narayan_/Documents/ros2_ws/install/my_interfaces/lib/python3.12/site-packages/my_interfaces/my_interfaces_s__rosidl_typesupport_introspection_c.so
[4.726s] -- Set non-toolchain portion of runtime path of "/home/narayan_/Documents/ros2_ws/install/my_interfaces/lib/python3.12/site-packages/my_interfaces/my_interfaces_s__rosidl_typesupport_introspection_c.so" to ""
[4.726s] -- Installing: /home/narayan_/Documents/ros2_ws/install/my_interfaces/lib/python3.12/site-packages/my_interfaces/my_interfaces_s__rosidl_typesupport_c.so
[4.726s] -- Set non-toolchain portion of runtime path of "/home/narayan_/Documents/ros2_ws/install/my_interfaces/lib/python3.12/site-packages/my_interfaces/my_interfaces_s__rosidl_typesupport_c.so" to ""
[4.726s] -- Installing: /home/narayan_/Documents/ros2_ws/install/my_interfaces/lib/libmy_interfaces__rosidl_generator_py.so
[4.727s] -- Set non-toolchain portion of runtime path of "/home/narayan_/Documents/ros2_ws/install/my_interfaces/lib/libmy_interfaces__rosidl_generator_py.so" to ""
[4.727s] -- Installing: /home/narayan_/Documents/ros2_ws/install/my_interfaces/share/my_interfaces/msg/HdStatus.idl
[4.727s] -- Installing: /home/narayan_/Documents/ros2_ws/install/my_interfaces/share/my_interfaces/msg/LEDstatus.idl
[4.727s] -- Installing: /home/narayan_/Documents/ros2_ws/install/my_interfaces/share/my_interfaces/srv/SetLED.idl
[4.727s] -- Installing: /home/narayan_/Documents/ros2_ws/install/my_interfaces/share/my_interfaces/srv/TurtleHead.idl
[4.727s] -- Installing: /home/narayan_/Documents/ros2_ws/install/my_interfaces/share/my_interfaces/msg/HdStatus.msg
[4.727s] -- Installing: /home/narayan_/Documents/ros2_ws/install/my_interfaces/share/my_interfaces/msg/LEDstatus.msg
[4.728s] -- Installing: /home/narayan_/Documents/ros2_ws/install/my_interfaces/share/my_interfaces/srv/SetLED.srv
[4.728s] -- Installing: /home/narayan_/Documents/ros2_ws/install/my_interfaces/share/my_interfaces/srv/TurtleHead.srv
[4.728s] -- Installing: /home/narayan_/Documents/ros2_ws/install/my_interfaces/share/ament_index/resource_index/package_run_dependencies/my_interfaces
[4.728s] -- Installing: /home/narayan_/Documents/ros2_ws/install/my_interfaces/share/ament_index/resource_index/parent_prefix_path/my_interfaces
[4.728s] -- Installing: /home/narayan_/Documents/ros2_ws/install/my_interfaces/share/my_interfaces/environment/ament_prefix_path.sh
[4.728s] -- Installing: /home/narayan_/Documents/ros2_ws/install/my_interfaces/share/my_interfaces/environment/ament_prefix_path.dsv
[4.728s] -- Installing: /home/narayan_/Documents/ros2_ws/install/my_interfaces/share/my_interfaces/environment/path.sh
[4.729s] -- Installing: /home/narayan_/Documents/ros2_ws/install/my_interfaces/share/my_interfaces/environment/path.dsv
[4.729s] -- Installing: /home/narayan_/Documents/ros2_ws/install/my_interfaces/share/my_interfaces/local_setup.bash
[4.729s] -- Installing: /home/narayan_/Documents/ros2_ws/install/my_interfaces/share/my_interfaces/local_setup.sh
[4.729s] -- Installing: /home/narayan_/Documents/ros2_ws/install/my_interfaces/share/my_interfaces/local_setup.zsh
[4.729s] -- Installing: /home/narayan_/Documents/ros2_ws/install/my_interfaces/share/my_interfaces/local_setup.dsv
[4.729s] -- Installing: /home/narayan_/Documents/ros2_ws/install/my_interfaces/share/my_interfaces/package.dsv
[4.729s] -- Installing: /home/narayan_/Documents/ros2_ws/install/my_interfaces/share/ament_index/resource_index/packages/my_interfaces
[4.730s] -- Installing: /home/narayan_/Documents/ros2_ws/install/my_interfaces/share/my_interfaces/cmake/export_my_interfaces__rosidl_generator_cExport.cmake
[4.730s] -- Installing: /home/narayan_/Documents/ros2_ws/install/my_interfaces/share/my_interfaces/cmake/export_my_interfaces__rosidl_generator_cExport-noconfig.cmake
[4.730s] -- Installing: /home/narayan_/Documents/ros2_ws/install/my_interfaces/share/my_interfaces/cmake/export_my_interfaces__rosidl_typesupport_fastrtps_cExport.cmake
[4.730s] -- Installing: /home/narayan_/Documents/ros2_ws/install/my_interfaces/share/my_interfaces/cmake/export_my_interfaces__rosidl_typesupport_fastrtps_cExport-noconfig.cmake
[4.730s] -- Installing: /home/narayan_/Documents/ros2_ws/install/my_interfaces/share/my_interfaces/cmake/my_interfaces__rosidl_typesupport_introspection_cExport.cmake
[4.730s] -- Installing: /home/narayan_/Documents/ros2_ws/install/my_interfaces/share/my_interfaces/cmake/my_interfaces__rosidl_typesupport_introspection_cExport-noconfig.cmake
[4.730s] -- Installing: /home/narayan_/Documents/ros2_ws/install/my_interfaces/share/my_interfaces/cmake/my_interfaces__rosidl_typesupport_cExport.cmake
[4.731s] -- Installing: /home/narayan_/Documents/ros2_ws/install/my_interfaces/share/my_interfaces/cmake/my_interfaces__rosidl_typesupport_cExport-noconfig.cmake
[4.731s] -- Installing: /home/narayan_/Documents/ros2_ws/install/my_interfaces/share/my_interfaces/cmake/export_my_interfaces__rosidl_generator_cppExport.cmake
[4.731s] -- Installing: /home/narayan_/Documents/ros2_ws/install/my_interfaces/share/my_interfaces/cmake/export_my_interfaces__rosidl_typesupport_fastrtps_cppExport.cmake
[4.731s] -- Installing: /home/narayan_/Documents/ros2_ws/install/my_interfaces/share/my_interfaces/cmake/export_my_interfaces__rosidl_typesupport_fastrtps_cppExport-noconfig.cmake
[4.731s] -- Installing: /home/narayan_/Documents/ros2_ws/install/my_interfaces/share/my_interfaces/cmake/my_interfaces__rosidl_typesupport_introspection_cppExport.cmake
[4.731s] -- Installing: /home/narayan_/Documents/ros2_ws/install/my_interfaces/share/my_interfaces/cmake/my_interfaces__rosidl_typesupport_introspection_cppExport-noconfig.cmake
[4.731s] -- Installing: /home/narayan_/Documents/ros2_ws/install/my_interfaces/share/my_interfaces/cmake/my_interfaces__rosidl_typesupport_cppExport.cmake
[4.731s] -- Installing: /home/narayan_/Documents/ros2_ws/install/my_interfaces/share/my_interfaces/cmake/my_interfaces__rosidl_typesupport_cppExport-noconfig.cmake
[4.732s] -- Installing: /home/narayan_/Documents/ros2_ws/install/my_interfaces/share/my_interfaces/cmake/export_my_interfaces__rosidl_generator_pyExport.cmake
[4.732s] -- Installing: /home/narayan_/Documents/ros2_ws/install/my_interfaces/share/my_interfaces/cmake/export_my_interfaces__rosidl_generator_pyExport-noconfig.cmake
[4.732s] -- Installing: /home/narayan_/Documents/ros2_ws/install/my_interfaces/share/my_interfaces/cmake/rosidl_cmake-extras.cmake
[4.732s] -- Installing: /home/narayan_/Documents/ros2_ws/install/my_interfaces/share/my_interfaces/cmake/ament_cmake_export_dependencies-extras.cmake
[4.732s] -- Installing: /home/narayan_/Documents/ros2_ws/install/my_interfaces/share/my_interfaces/cmake/ament_cmake_export_include_directories-extras.cmake
[4.732s] -- Installing: /home/narayan_/Documents/ros2_ws/install/my_interfaces/share/my_interfaces/cmake/ament_cmake_export_libraries-extras.cmake
[4.732s] -- Installing: /home/narayan_/Documents/ros2_ws/install/my_interfaces/share/my_interfaces/cmake/ament_cmake_export_targets-extras.cmake
[4.732s] -- Installing: /home/narayan_/Documents/ros2_ws/install/my_interfaces/share/my_interfaces/cmake/rosidl_cmake_export_typesupport_targets-extras.cmake
[4.733s] -- Installing: /home/narayan_/Documents/ros2_ws/install/my_interfaces/share/my_interfaces/cmake/rosidl_cmake_export_typesupport_libraries-extras.cmake
[4.733s] -- Installing: /home/narayan_/Documents/ros2_ws/install/my_interfaces/share/my_interfaces/cmake/my_interfacesConfig.cmake
[4.733s] -- Installing: /home/narayan_/Documents/ros2_ws/install/my_interfaces/share/my_interfaces/cmake/my_interfacesConfig-version.cmake
[4.733s] -- Installing: /home/narayan_/Documents/ros2_ws/install/my_interfaces/share/my_interfaces/package.xml
[4.735s] Invoked command in '/home/narayan_/Documents/ros2_ws/build/my_interfaces' returned '0': CMAKE_PREFIX_PATH=${CMAKE_PREFIX_PATH}:/opt/ros/jazzy DEBUGINFOD_URLS=https://debuginfod.ubuntu.com /usr/bin/cmake --install /home/narayan_/Documents/ros2_ws/build/my_interfaces
