[10.397s] Invoking command in '/home/narayan/ros2_ws/src/turtle_sim': CMAKE_PREFIX_PATH=/home/narayan/ros2_ws/install/my_interfaces:/home/narayan/ros2_ws/install/launch_file:/home/narayan/ros2_ws/install/led_activity:/opt/ros/jazzy/opt/gz_math_vendor:/opt/ros/jazzy/opt/gz_utils_vendor:/opt/ros/jazzy/opt/gz_cmake_vendor DEBUGINFOD_URLS=https://debuginfod.ubuntu.com PYTHONPATH=/home/narayan/ros2_ws/build/turtle_sim/prefix_override:/usr/lib/python3/dist-packages/colcon_core/task/python/colcon_distutils_commands:/home/narayan/ros2_ws/install/turtle_sim/lib/python3.12/site-packages:/home/narayan/ros2_ws/install/my_interfaces/lib/python3.12/site-packages:/home/narayan/ros2_ws/install/turtle_sim/lib/python3.12/site-packages:/home/narayan/ros2_ws/install/onepkg/lib/python3.12/site-packages:/home/narayan/ros2_ws/install/led_activity/lib/python3.12/site-packages:/home/narayan/ros2_ws/install/TransNum/lib/python3.12/site-packages:/opt/ros/jazzy/lib/python3.12/site-packages /usr/bin/python3 -W ignore:setup.py install is deprecated -W ignore:easy_install command is deprecated setup.py egg_info --egg-base ../../build/turtle_sim build --build-base /home/narayan/ros2_ws/build/turtle_sim/build install --record /home/narayan/ros2_ws/build/turtle_sim/install.log --single-version-externally-managed install_data
[13.306s] running egg_info
[13.577s] writing ../../build/turtle_sim/turtle_sim.egg-info/PKG-INFO
[13.580s] writing dependency_links to ../../build/turtle_sim/turtle_sim.egg-info/dependency_links.txt
[13.584s] writing entry points to ../../build/turtle_sim/turtle_sim.egg-info/entry_points.txt
[13.585s] writing requirements to ../../build/turtle_sim/turtle_sim.egg-info/requires.txt
[13.589s] writing top-level names to ../../build/turtle_sim/turtle_sim.egg-info/top_level.txt
[14.032s] reading manifest file '../../build/turtle_sim/turtle_sim.egg-info/SOURCES.txt'
[14.058s] writing manifest file '../../build/turtle_sim/turtle_sim.egg-info/SOURCES.txt'
[14.062s] running build
[14.063s] running build_py
[14.063s] copying turtle_sim/head_server.py -> /home/narayan/ros2_ws/build/turtle_sim/build/lib/turtle_sim
[14.064s] running install
[14.094s] running install_lib
[14.301s] copying /home/narayan/ros2_ws/build/turtle_sim/build/lib/turtle_sim/head_server.py -> /home/narayan/ros2_ws/install/turtle_sim/lib/python3.12/site-packages/turtle_sim
[14.310s] byte-compiling /home/narayan/ros2_ws/install/turtle_sim/lib/python3.12/site-packages/turtle_sim/head_server.py to head_server.cpython-312.pyc
[14.315s] running install_data
[14.321s] copying package.xml -> /home/narayan/ros2_ws/install/turtle_sim/share/turtle_sim
[14.321s] running install_egg_info
[14.596s] removing '/home/narayan/ros2_ws/install/turtle_sim/lib/python3.12/site-packages/turtle_sim-0.0.0-py3.12.egg-info' (and everything under it)
[14.598s] Copying ../../build/turtle_sim/turtle_sim.egg-info to /home/narayan/ros2_ws/install/turtle_sim/lib/python3.12/site-packages/turtle_sim-0.0.0-py3.12.egg-info
[14.608s] running install_scripts
[16.017s] Installing server script to /home/narayan/ros2_ws/install/turtle_sim/lib/turtle_sim
[16.017s] Installing spawner script to /home/narayan/ros2_ws/install/turtle_sim/lib/turtle_sim
[16.022s] writing list of installed files to '/home/narayan/ros2_ws/build/turtle_sim/install.log'
[16.266s] Invoked command in '/home/narayan/ros2_ws/src/turtle_sim' returned '0': CMAKE_PREFIX_PATH=/home/narayan/ros2_ws/install/my_interfaces:/home/narayan/ros2_ws/install/launch_file:/home/narayan/ros2_ws/install/led_activity:/opt/ros/jazzy/opt/gz_math_vendor:/opt/ros/jazzy/opt/gz_utils_vendor:/opt/ros/jazzy/opt/gz_cmake_vendor DEBUGINFOD_URLS=https://debuginfod.ubuntu.com PYTHONPATH=/home/narayan/ros2_ws/build/turtle_sim/prefix_override:/usr/lib/python3/dist-packages/colcon_core/task/python/colcon_distutils_commands:/home/narayan/ros2_ws/install/turtle_sim/lib/python3.12/site-packages:/home/narayan/ros2_ws/install/my_interfaces/lib/python3.12/site-packages:/home/narayan/ros2_ws/install/turtle_sim/lib/python3.12/site-packages:/home/narayan/ros2_ws/install/onepkg/lib/python3.12/site-packages:/home/narayan/ros2_ws/install/led_activity/lib/python3.12/site-packages:/home/narayan/ros2_ws/install/TransNum/lib/python3.12/site-packages:/opt/ros/jazzy/lib/python3.12/site-packages /usr/bin/python3 -W ignore:setup.py install is deprecated -W ignore:easy_install command is deprecated setup.py egg_info --egg-base ../../build/turtle_sim build --build-base /home/narayan/ros2_ws/build/turtle_sim/build install --record /home/narayan/ros2_ws/build/turtle_sim/install.log --single-version-externally-managed install_data
