[9.912s] Invoking command in '/home/narayan/ros2_ws/src/onepkg': CMAKE_PREFIX_PATH=/home/narayan/ros2_ws/install/my_interfaces:/home/narayan/ros2_ws/install/launch_file:/home/narayan/ros2_ws/install/led_activity:/opt/ros/jazzy/opt/gz_math_vendor:/opt/ros/jazzy/opt/gz_utils_vendor:/opt/ros/jazzy/opt/gz_cmake_vendor DEBUGINFOD_URLS=https://debuginfod.ubuntu.com PYTHONPATH=/home/narayan/ros2_ws/build/onepkg/prefix_override:/usr/lib/python3/dist-packages/colcon_core/task/python/colcon_distutils_commands:/home/narayan/ros2_ws/install/onepkg/lib/python3.12/site-packages:/home/narayan/ros2_ws/install/my_interfaces/lib/python3.12/site-packages:/home/narayan/ros2_ws/install/turtle_sim/lib/python3.12/site-packages:/home/narayan/ros2_ws/install/onepkg/lib/python3.12/site-packages:/home/narayan/ros2_ws/install/led_activity/lib/python3.12/site-packages:/home/narayan/ros2_ws/install/TransNum/lib/python3.12/site-packages:/opt/ros/jazzy/lib/python3.12/site-packages /usr/bin/python3 -W ignore:setup.py install is deprecated -W ignore:easy_install command is deprecated setup.py egg_info --egg-base ../../build/onepkg build --build-base /home/narayan/ros2_ws/build/onepkg/build install --record /home/narayan/ros2_ws/build/onepkg/install.log --single-version-externally-managed install_data
[12.491s] running egg_info
[12.778s] writing ../../build/onepkg/onepkg.egg-info/PKG-INFO
[12.778s] writing dependency_links to ../../build/onepkg/onepkg.egg-info/dependency_links.txt
[12.784s] writing entry points to ../../build/onepkg/onepkg.egg-info/entry_points.txt
[12.785s] writing requirements to ../../build/onepkg/onepkg.egg-info/requires.txt
[12.785s] writing top-level names to ../../build/onepkg/onepkg.egg-info/top_level.txt
[13.185s] reading manifest file '../../build/onepkg/onepkg.egg-info/SOURCES.txt'
[13.197s] writing manifest file '../../build/onepkg/onepkg.egg-info/SOURCES.txt'
[13.198s] running build
[13.198s] running build_py
[13.226s] running install
[13.307s] running install_lib
[13.463s] running install_data
[13.470s] running install_egg_info
[13.691s] removing '/home/narayan/ros2_ws/install/onepkg/lib/python3.12/site-packages/onepkg-0.0.0-py3.12.egg-info' (and everything under it)
[13.747s] Copying ../../build/onepkg/onepkg.egg-info to /home/narayan/ros2_ws/install/onepkg/lib/python3.12/site-packages/onepkg-0.0.0-py3.12.egg-info
[13.788s] running install_scripts
[15.162s] Installing client script to /home/narayan/ros2_ws/install/onepkg/lib/onepkg
[15.163s] Installing firstnode script to /home/narayan/ros2_ws/install/onepkg/lib/onepkg
[15.168s] Installing interface_test script to /home/narayan/ros2_ws/install/onepkg/lib/onepkg
[15.169s] Installing server script to /home/narayan/ros2_ws/install/onepkg/lib/onepkg
[15.173s] Installing smphnode script to /home/narayan/ros2_ws/install/onepkg/lib/onepkg
[15.174s] Installing transnode script to /home/narayan/ros2_ws/install/onepkg/lib/onepkg
[15.175s] writing list of installed files to '/home/narayan/ros2_ws/build/onepkg/install.log'
[15.602s] Invoked command in '/home/narayan/ros2_ws/src/onepkg' returned '0': CMAKE_PREFIX_PATH=/home/narayan/ros2_ws/install/my_interfaces:/home/narayan/ros2_ws/install/launch_file:/home/narayan/ros2_ws/install/led_activity:/opt/ros/jazzy/opt/gz_math_vendor:/opt/ros/jazzy/opt/gz_utils_vendor:/opt/ros/jazzy/opt/gz_cmake_vendor DEBUGINFOD_URLS=https://debuginfod.ubuntu.com PYTHONPATH=/home/narayan/ros2_ws/build/onepkg/prefix_override:/usr/lib/python3/dist-packages/colcon_core/task/python/colcon_distutils_commands:/home/narayan/ros2_ws/install/onepkg/lib/python3.12/site-packages:/home/narayan/ros2_ws/install/my_interfaces/lib/python3.12/site-packages:/home/narayan/ros2_ws/install/turtle_sim/lib/python3.12/site-packages:/home/narayan/ros2_ws/install/onepkg/lib/python3.12/site-packages:/home/narayan/ros2_ws/install/led_activity/lib/python3.12/site-packages:/home/narayan/ros2_ws/install/TransNum/lib/python3.12/site-packages:/opt/ros/jazzy/lib/python3.12/site-packages /usr/bin/python3 -W ignore:setup.py install is deprecated -W ignore:easy_install command is deprecated setup.py egg_info --egg-base ../../build/onepkg build --build-base /home/narayan/ros2_ws/build/onepkg/build install --record /home/narayan/ros2_ws/build/onepkg/install.log --single-version-externally-managed install_data
