[5.862s] Invoking command in '/home/narayan/ros2_ws/src/TransNum': DEBUGINFOD_URLS=https://debuginfod.ubuntu.com PYTHONPATH=/home/narayan/ros2_ws/build/TransNum/prefix_override:/usr/lib/python3/dist-packages/colcon_core/task/python/colcon_distutils_commands:/home/narayan/ros2_ws/install/TransNum/lib/python3.12/site-packages:${PYTHONPATH} /usr/bin/python3 -W ignore:setup.py install is deprecated -W ignore:easy_install command is deprecated setup.py egg_info --egg-base ../../build/TransNum build --build-base /home/narayan/ros2_ws/build/TransNum/build install --record /home/narayan/ros2_ws/build/TransNum/install.log --single-version-externally-managed install_data
[7.549s] running egg_info
[7.691s] writing ../../build/TransNum/TransNum.egg-info/PKG-INFO
[7.695s] writing dependency_links to ../../build/TransNum/TransNum.egg-info/dependency_links.txt
[7.696s] writing entry points to ../../build/TransNum/TransNum.egg-info/entry_points.txt
[7.697s] writing requirements to ../../build/TransNum/TransNum.egg-info/requires.txt
[7.700s] writing top-level names to ../../build/TransNum/TransNum.egg-info/top_level.txt
[7.963s] reading manifest file '../../build/TransNum/TransNum.egg-info/SOURCES.txt'
[7.967s] writing manifest file '../../build/TransNum/TransNum.egg-info/SOURCES.txt'
[7.969s] running build
[7.969s] running build_py
[7.976s] running install
[8.004s] running install_lib
[8.124s] running install_data
[8.125s] running install_egg_info
[8.254s] removing '/home/narayan/ros2_ws/install/TransNum/lib/python3.12/site-packages/TransNum-0.0.0-py3.12.egg-info' (and everything under it)
[8.258s] Copying ../../build/TransNum/TransNum.egg-info to /home/narayan/ros2_ws/install/TransNum/lib/python3.12/site-packages/TransNum-0.0.0-py3.12.egg-info
[8.265s] running install_scripts
[9.201s] Installing number_publisher script to /home/narayan/ros2_ws/install/TransNum/lib/TransNum
[9.206s] Installing two_way script to /home/narayan/ros2_ws/install/TransNum/lib/TransNum
[9.212s] writing list of installed files to '/home/narayan/ros2_ws/build/TransNum/install.log'
[9.480s] Invoked command in '/home/narayan/ros2_ws/src/TransNum' returned '0': DEBUGINFOD_URLS=https://debuginfod.ubuntu.com PYTHONPATH=/home/narayan/ros2_ws/build/TransNum/prefix_override:/usr/lib/python3/dist-packages/colcon_core/task/python/colcon_distutils_commands:/home/narayan/ros2_ws/install/TransNum/lib/python3.12/site-packages:${PYTHONPATH} /usr/bin/python3 -W ignore:setup.py install is deprecated -W ignore:easy_install command is deprecated setup.py egg_info --egg-base ../../build/TransNum build --build-base /home/narayan/ros2_ws/build/TransNum/build install --record /home/narayan/ros2_ws/build/TransNum/install.log --single-version-externally-managed install_data
