[0.085s] Invoking command in '/home/narayan/ros2_ws/build/my_interfaces': CMAKE_PREFIX_PATH=${CMAKE_PREFIX_PATH}:/home/narayan/ros2_ws/install/onepkg:/home/narayan/ros2_ws/install/TransNum:/opt/ros/jazzy DEBUGINFOD_URLS=https://debuginfod.ubuntu.com /usr/bin/cmake --build /home/narayan/ros2_ws/build/my_interfaces -- -j4 -l4
[0.426s] [  2%] Built target my_interfaces__rosidl_generator_type_description
[0.495s] [  2%] Built target ament_cmake_python_copy_my_interfaces
[0.561s] [  5%] Built target my_interfaces__cpp
[0.575s] [ 20%] Built target my_interfaces__rosidl_generator_c
[0.774s] [ 29%] Built target my_interfaces__rosidl_typesupport_fastrtps_c
[0.808s] [ 38%] Built target my_interfaces__rosidl_typesupport_fastrtps_cpp
[0.814s] [ 47%] Built target my_interfaces__rosidl_typesupport_introspection_cpp
[0.954s] [ 55%] Built target my_interfaces__rosidl_typesupport_cpp
[1.014s] [ 64%] Built target my_interfaces__rosidl_typesupport_introspection_c
[1.042s] [ 73%] Built target my_interfaces__rosidl_typesupport_c
[1.173s] [ 73%] Built target my_interfaces
[1.306s] [ 76%] Built target my_interfaces__py
[1.483s] [ 82%] Built target my_interfaces__rosidl_generator_py
[1.677s] [ 88%] Built target my_interfaces_s__rosidl_typesupport_introspection_c
[1.685s] [ 94%] Built target my_interfaces_s__rosidl_typesupport_fastrtps_c
[1.697s] [100%] Built target my_interfaces_s__rosidl_typesupport_c
[1.987s] running egg_info
[2.096s] writing my_interfaces.egg-info/PKG-INFO
[2.097s] writing dependency_links to my_interfaces.egg-info/dependency_links.txt
[2.099s] writing top-level names to my_interfaces.egg-info/top_level.txt
[2.380s] reading manifest file 'my_interfaces.egg-info/SOURCES.txt'
[2.382s] writing manifest file 'my_interfaces.egg-info/SOURCES.txt'
[2.543s] [100%] Built target ament_cmake_python_build_my_interfaces_egg
[2.599s] Invoked command in '/home/narayan/ros2_ws/build/my_interfaces' returned '0': CMAKE_PREFIX_PATH=${CMAKE_PREFIX_PATH}:/home/narayan/ros2_ws/install/onepkg:/home/narayan/ros2_ws/install/TransNum:/opt/ros/jazzy DEBUGINFOD_URLS=https://debuginfod.ubuntu.com /usr/bin/cmake --build /home/narayan/ros2_ws/build/my_interfaces -- -j4 -l4
[2.652s] Invoking command in '/home/narayan/ros2_ws/build/my_interfaces': CMAKE_PREFIX_PATH=${CMAKE_PREFIX_PATH}:/home/narayan/ros2_ws/install/onepkg:/home/narayan/ros2_ws/install/TransNum:/opt/ros/jazzy DEBUGINFOD_URLS=https://debuginfod.ubuntu.com /usr/bin/cmake --install /home/narayan/ros2_ws/build/my_interfaces
[2.693s] -- Install configuration: ""
[2.693s] -- Up-to-date: /home/narayan/ros2_ws/install/my_interfaces/share/ament_index/resource_index/rosidl_interfaces/my_interfaces
[2.694s] -- Up-to-date: /home/narayan/ros2_ws/install/my_interfaces/share/my_interfaces/msg/HdStatus.json
[2.695s] -- Up-to-date: /home/narayan/ros2_ws/install/my_interfaces/include/my_interfaces/my_interfaces
[2.695s] -- Up-to-date: /home/narayan/ros2_ws/install/my_interfaces/include/my_interfaces/my_interfaces/msg
[2.695s] -- Up-to-date: /home/narayan/ros2_ws/install/my_interfaces/include/my_interfaces/my_interfaces/msg/hd_status.h
[2.696s] -- Up-to-date: /home/narayan/ros2_ws/install/my_interfaces/include/my_interfaces/my_interfaces/msg/rosidl_generator_c__visibility_control.h
[2.696s] -- Up-to-date: /home/narayan/ros2_ws/install/my_interfaces/include/my_interfaces/my_interfaces/msg/detail
[2.697s] -- Up-to-date: /home/narayan/ros2_ws/install/my_interfaces/include/my_interfaces/my_interfaces/msg/detail/hd_status__description.c
[2.697s] -- Up-to-date: /home/narayan/ros2_ws/install/my_interfaces/include/my_interfaces/my_interfaces/msg/detail/hd_status__type_support.h
[2.698s] -- Installing: /home/narayan/ros2_ws/install/my_interfaces/include/my_interfaces/my_interfaces/msg/detail/hd_status__type_support.c
[2.701s] -- Up-to-date: /home/narayan/ros2_ws/install/my_interfaces/include/my_interfaces/my_interfaces/msg/detail/hd_status__functions.h
[2.701s] -- Up-to-date: /home/narayan/ros2_ws/install/my_interfaces/include/my_interfaces/my_interfaces/msg/detail/hd_status__struct.h
[2.702s] -- Up-to-date: /home/narayan/ros2_ws/install/my_interfaces/include/my_interfaces/my_interfaces/msg/detail/hd_status__functions.c
[2.702s] -- Up-to-date: /home/narayan/ros2_ws/install/my_interfaces/share/my_interfaces/environment/library_path.sh
[2.703s] -- Up-to-date: /home/narayan/ros2_ws/install/my_interfaces/share/my_interfaces/environment/library_path.dsv
[2.703s] -- Up-to-date: /home/narayan/ros2_ws/install/my_interfaces/lib/libmy_interfaces__rosidl_generator_c.so
[2.704s] -- Up-to-date: /home/narayan/ros2_ws/install/my_interfaces/include/my_interfaces/my_interfaces
[2.704s] -- Up-to-date: /home/narayan/ros2_ws/install/my_interfaces/include/my_interfaces/my_interfaces/msg
[2.705s] -- Up-to-date: /home/narayan/ros2_ws/install/my_interfaces/include/my_interfaces/my_interfaces/msg/rosidl_typesupport_fastrtps_c__visibility_control.h
[2.705s] -- Up-to-date: /home/narayan/ros2_ws/install/my_interfaces/include/my_interfaces/my_interfaces/msg/detail
[2.706s] -- Up-to-date: /home/narayan/ros2_ws/install/my_interfaces/include/my_interfaces/my_interfaces/msg/detail/hd_status__rosidl_typesupport_fastrtps_c.h
[2.706s] -- Up-to-date: /home/narayan/ros2_ws/install/my_interfaces/lib/libmy_interfaces__rosidl_typesupport_fastrtps_c.so
[2.707s] -- Up-to-date: /home/narayan/ros2_ws/install/my_interfaces/include/my_interfaces/my_interfaces
[2.708s] -- Up-to-date: /home/narayan/ros2_ws/install/my_interfaces/include/my_interfaces/my_interfaces/msg
[2.708s] -- Up-to-date: /home/narayan/ros2_ws/install/my_interfaces/include/my_interfaces/my_interfaces/msg/rosidl_typesupport_introspection_c__visibility_control.h
[2.710s] -- Up-to-date: /home/narayan/ros2_ws/install/my_interfaces/include/my_interfaces/my_interfaces/msg/detail
[2.710s] -- Installing: /home/narayan/ros2_ws/install/my_interfaces/include/my_interfaces/my_interfaces/msg/detail/hd_status__type_support.c
[2.710s] -- Up-to-date: /home/narayan/ros2_ws/install/my_interfaces/include/my_interfaces/my_interfaces/msg/detail/hd_status__rosidl_typesupport_introspection_c.h
[2.711s] -- Up-to-date: /home/narayan/ros2_ws/install/my_interfaces/lib/libmy_interfaces__rosidl_typesupport_introspection_c.so
[2.712s] -- Up-to-date: /home/narayan/ros2_ws/install/my_interfaces/lib/libmy_interfaces__rosidl_typesupport_c.so
[2.713s] -- Up-to-date: /home/narayan/ros2_ws/install/my_interfaces/include/my_interfaces/my_interfaces
[2.714s] -- Up-to-date: /home/narayan/ros2_ws/install/my_interfaces/include/my_interfaces/my_interfaces/msg
[2.714s] -- Up-to-date: /home/narayan/ros2_ws/install/my_interfaces/include/my_interfaces/my_interfaces/msg/rosidl_generator_cpp__visibility_control.hpp
[2.714s] -- Up-to-date: /home/narayan/ros2_ws/install/my_interfaces/include/my_interfaces/my_interfaces/msg/hd_status.hpp
[2.715s] -- Up-to-date: /home/narayan/ros2_ws/install/my_interfaces/include/my_interfaces/my_interfaces/msg/detail
[2.716s] -- Up-to-date: /home/narayan/ros2_ws/install/my_interfaces/include/my_interfaces/my_interfaces/msg/detail/hd_status__type_support.hpp
[2.716s] -- Up-to-date: /home/narayan/ros2_ws/install/my_interfaces/include/my_interfaces/my_interfaces/msg/detail/hd_status__traits.hpp
[2.717s] -- Up-to-date: /home/narayan/ros2_ws/install/my_interfaces/include/my_interfaces/my_interfaces/msg/detail/hd_status__builder.hpp
[2.717s] -- Up-to-date: /home/narayan/ros2_ws/install/my_interfaces/include/my_interfaces/my_interfaces/msg/detail/hd_status__struct.hpp
[2.718s] -- Up-to-date: /home/narayan/ros2_ws/install/my_interfaces/include/my_interfaces/my_interfaces
[2.718s] -- Up-to-date: /home/narayan/ros2_ws/install/my_interfaces/include/my_interfaces/my_interfaces/msg
[2.719s] -- Up-to-date: /home/narayan/ros2_ws/install/my_interfaces/include/my_interfaces/my_interfaces/msg/rosidl_typesupport_fastrtps_cpp__visibility_control.h
[2.719s] -- Up-to-date: /home/narayan/ros2_ws/install/my_interfaces/include/my_interfaces/my_interfaces/msg/detail
[2.720s] -- Up-to-date: /home/narayan/ros2_ws/install/my_interfaces/include/my_interfaces/my_interfaces/msg/detail/hd_status__rosidl_typesupport_fastrtps_cpp.hpp
[2.720s] -- Up-to-date: /home/narayan/ros2_ws/install/my_interfaces/include/my_interfaces/my_interfaces/msg/detail/dds_fastrtps
[2.721s] -- Up-to-date: /home/narayan/ros2_ws/install/my_interfaces/lib/libmy_interfaces__rosidl_typesupport_fastrtps_cpp.so
[2.725s] -- Up-to-date: /home/narayan/ros2_ws/install/my_interfaces/include/my_interfaces/my_interfaces
[2.725s] -- Up-to-date: /home/narayan/ros2_ws/install/my_interfaces/include/my_interfaces/my_interfaces/msg
[2.726s] -- Up-to-date: /home/narayan/ros2_ws/install/my_interfaces/include/my_interfaces/my_interfaces/msg/detail
[2.726s] -- Up-to-date: /home/narayan/ros2_ws/install/my_interfaces/include/my_interfaces/my_interfaces/msg/detail/hd_status__type_support.cpp
[2.732s] -- Up-to-date: /home/narayan/ros2_ws/install/my_interfaces/include/my_interfaces/my_interfaces/msg/detail/hd_status__rosidl_typesupport_introspection_cpp.hpp
[2.732s] -- Up-to-date: /home/narayan/ros2_ws/install/my_interfaces/lib/libmy_interfaces__rosidl_typesupport_introspection_cpp.so
[2.733s] -- Up-to-date: /home/narayan/ros2_ws/install/my_interfaces/lib/libmy_interfaces__rosidl_typesupport_cpp.so
[2.733s] -- Up-to-date: /home/narayan/ros2_ws/install/my_interfaces/share/my_interfaces/environment/pythonpath.sh
[2.734s] -- Up-to-date: /home/narayan/ros2_ws/install/my_interfaces/share/my_interfaces/environment/pythonpath.dsv
[2.734s] -- Up-to-date: /home/narayan/ros2_ws/install/my_interfaces/lib/python3.12/site-packages/my_interfaces-0.0.0-py3.12.egg-info
[2.735s] -- Installing: /home/narayan/ros2_ws/install/my_interfaces/lib/python3.12/site-packages/my_interfaces-0.0.0-py3.12.egg-info/dependency_links.txt
[2.736s] -- Installing: /home/narayan/ros2_ws/install/my_interfaces/lib/python3.12/site-packages/my_interfaces-0.0.0-py3.12.egg-info/top_level.txt
[2.737s] -- Installing: /home/narayan/ros2_ws/install/my_interfaces/lib/python3.12/site-packages/my_interfaces-0.0.0-py3.12.egg-info/SOURCES.txt
[2.737s] -- Installing: /home/narayan/ros2_ws/install/my_interfaces/lib/python3.12/site-packages/my_interfaces-0.0.0-py3.12.egg-info/PKG-INFO
[2.738s] -- Up-to-date: /home/narayan/ros2_ws/install/my_interfaces/lib/python3.12/site-packages/my_interfaces
[2.738s] -- Up-to-date: /home/narayan/ros2_ws/install/my_interfaces/lib/python3.12/site-packages/my_interfaces/_my_interfaces_s.ep.rosidl_typesupport_fastrtps_c.c
[2.739s] -- Up-to-date: /home/narayan/ros2_ws/install/my_interfaces/lib/python3.12/site-packages/my_interfaces/_my_interfaces_s.ep.rosidl_typesupport_c.c
[2.739s] -- Up-to-date: /home/narayan/ros2_ws/install/my_interfaces/lib/python3.12/site-packages/my_interfaces/my_interfaces_s__rosidl_typesupport_c.so
[2.739s] -- Up-to-date: /home/narayan/ros2_ws/install/my_interfaces/lib/python3.12/site-packages/my_interfaces/msg
[2.740s] -- Up-to-date: /home/narayan/ros2_ws/install/my_interfaces/lib/python3.12/site-packages/my_interfaces/msg/_hd_status_s.c
[2.740s] -- Up-to-date: /home/narayan/ros2_ws/install/my_interfaces/lib/python3.12/site-packages/my_interfaces/msg/_hd_status.py
[2.740s] -- Up-to-date: /home/narayan/ros2_ws/install/my_interfaces/lib/python3.12/site-packages/my_interfaces/msg/__init__.py
[2.741s] -- Up-to-date: /home/narayan/ros2_ws/install/my_interfaces/lib/python3.12/site-packages/my_interfaces/my_interfaces_s__rosidl_typesupport_fastrtps_c.so
[2.741s] -- Up-to-date: /home/narayan/ros2_ws/install/my_interfaces/lib/python3.12/site-packages/my_interfaces/__init__.py
[2.742s] -- Up-to-date: /home/narayan/ros2_ws/install/my_interfaces/lib/python3.12/site-packages/my_interfaces/_my_interfaces_s.ep.rosidl_typesupport_introspection_c.c
[2.742s] -- Up-to-date: /home/narayan/ros2_ws/install/my_interfaces/lib/python3.12/site-packages/my_interfaces/my_interfaces_s__rosidl_typesupport_introspection_c.so
[2.906s] Listing '/home/narayan/ros2_ws/install/my_interfaces/lib/python3.12/site-packages/my_interfaces'...
[2.907s] Listing '/home/narayan/ros2_ws/install/my_interfaces/lib/python3.12/site-packages/my_interfaces/msg'...
[2.944s] -- Up-to-date: /home/narayan/ros2_ws/install/my_interfaces/lib/python3.12/site-packages/my_interfaces/my_interfaces_s__rosidl_typesupport_fastrtps_c.so
[2.947s] -- Up-to-date: /home/narayan/ros2_ws/install/my_interfaces/lib/python3.12/site-packages/my_interfaces/my_interfaces_s__rosidl_typesupport_introspection_c.so
[2.948s] -- Up-to-date: /home/narayan/ros2_ws/install/my_interfaces/lib/python3.12/site-packages/my_interfaces/my_interfaces_s__rosidl_typesupport_c.so
[2.951s] -- Up-to-date: /home/narayan/ros2_ws/install/my_interfaces/lib/libmy_interfaces__rosidl_generator_py.so
[2.952s] -- Up-to-date: /home/narayan/ros2_ws/install/my_interfaces/share/my_interfaces/msg/HdStatus.idl
[2.955s] -- Up-to-date: /home/narayan/ros2_ws/install/my_interfaces/share/my_interfaces/msg/HdStatus.msg
[2.955s] -- Up-to-date: /home/narayan/ros2_ws/install/my_interfaces/share/ament_index/resource_index/package_run_dependencies/my_interfaces
[2.956s] -- Up-to-date: /home/narayan/ros2_ws/install/my_interfaces/share/ament_index/resource_index/parent_prefix_path/my_interfaces
[2.956s] -- Up-to-date: /home/narayan/ros2_ws/install/my_interfaces/share/my_interfaces/environment/ament_prefix_path.sh
[2.956s] -- Up-to-date: /home/narayan/ros2_ws/install/my_interfaces/share/my_interfaces/environment/ament_prefix_path.dsv
[2.963s] -- Up-to-date: /home/narayan/ros2_ws/install/my_interfaces/share/my_interfaces/environment/path.sh
[2.963s] -- Up-to-date: /home/narayan/ros2_ws/install/my_interfaces/share/my_interfaces/environment/path.dsv
[2.965s] -- Up-to-date: /home/narayan/ros2_ws/install/my_interfaces/share/my_interfaces/local_setup.bash
[2.965s] -- Up-to-date: /home/narayan/ros2_ws/install/my_interfaces/share/my_interfaces/local_setup.sh
[2.967s] -- Up-to-date: /home/narayan/ros2_ws/install/my_interfaces/share/my_interfaces/local_setup.zsh
[2.967s] -- Up-to-date: /home/narayan/ros2_ws/install/my_interfaces/share/my_interfaces/local_setup.dsv
[2.968s] -- Installing: /home/narayan/ros2_ws/install/my_interfaces/share/my_interfaces/package.dsv
[2.968s] -- Up-to-date: /home/narayan/ros2_ws/install/my_interfaces/share/ament_index/resource_index/packages/my_interfaces
[2.969s] -- Up-to-date: /home/narayan/ros2_ws/install/my_interfaces/share/my_interfaces/cmake/export_my_interfaces__rosidl_generator_cExport.cmake
[2.969s] -- Up-to-date: /home/narayan/ros2_ws/install/my_interfaces/share/my_interfaces/cmake/export_my_interfaces__rosidl_generator_cExport-noconfig.cmake
[2.970s] -- Up-to-date: /home/narayan/ros2_ws/install/my_interfaces/share/my_interfaces/cmake/export_my_interfaces__rosidl_typesupport_fastrtps_cExport.cmake
[2.970s] -- Up-to-date: /home/narayan/ros2_ws/install/my_interfaces/share/my_interfaces/cmake/export_my_interfaces__rosidl_typesupport_fastrtps_cExport-noconfig.cmake
[2.970s] -- Up-to-date: /home/narayan/ros2_ws/install/my_interfaces/share/my_interfaces/cmake/my_interfaces__rosidl_typesupport_introspection_cExport.cmake
[2.971s] -- Up-to-date: /home/narayan/ros2_ws/install/my_interfaces/share/my_interfaces/cmake/my_interfaces__rosidl_typesupport_introspection_cExport-noconfig.cmake
[2.972s] -- Up-to-date: /home/narayan/ros2_ws/install/my_interfaces/share/my_interfaces/cmake/my_interfaces__rosidl_typesupport_cExport.cmake
[2.973s] -- Up-to-date: /home/narayan/ros2_ws/install/my_interfaces/share/my_interfaces/cmake/my_interfaces__rosidl_typesupport_cExport-noconfig.cmake
[2.973s] -- Up-to-date: /home/narayan/ros2_ws/install/my_interfaces/share/my_interfaces/cmake/export_my_interfaces__rosidl_generator_cppExport.cmake
[2.974s] -- Up-to-date: /home/narayan/ros2_ws/install/my_interfaces/share/my_interfaces/cmake/export_my_interfaces__rosidl_typesupport_fastrtps_cppExport.cmake
[2.974s] -- Up-to-date: /home/narayan/ros2_ws/install/my_interfaces/share/my_interfaces/cmake/export_my_interfaces__rosidl_typesupport_fastrtps_cppExport-noconfig.cmake
[2.976s] -- Up-to-date: /home/narayan/ros2_ws/install/my_interfaces/share/my_interfaces/cmake/my_interfaces__rosidl_typesupport_introspection_cppExport.cmake
[2.976s] -- Up-to-date: /home/narayan/ros2_ws/install/my_interfaces/share/my_interfaces/cmake/my_interfaces__rosidl_typesupport_introspection_cppExport-noconfig.cmake
[2.977s] -- Up-to-date: /home/narayan/ros2_ws/install/my_interfaces/share/my_interfaces/cmake/my_interfaces__rosidl_typesupport_cppExport.cmake
[2.977s] -- Up-to-date: /home/narayan/ros2_ws/install/my_interfaces/share/my_interfaces/cmake/my_interfaces__rosidl_typesupport_cppExport-noconfig.cmake
[2.978s] -- Up-to-date: /home/narayan/ros2_ws/install/my_interfaces/share/my_interfaces/cmake/export_my_interfaces__rosidl_generator_pyExport.cmake
[2.978s] -- Up-to-date: /home/narayan/ros2_ws/install/my_interfaces/share/my_interfaces/cmake/export_my_interfaces__rosidl_generator_pyExport-noconfig.cmake
[2.978s] -- Up-to-date: /home/narayan/ros2_ws/install/my_interfaces/share/my_interfaces/cmake/rosidl_cmake-extras.cmake
[2.979s] -- Up-to-date: /home/narayan/ros2_ws/install/my_interfaces/share/my_interfaces/cmake/ament_cmake_export_include_directories-extras.cmake
[2.979s] -- Up-to-date: /home/narayan/ros2_ws/install/my_interfaces/share/my_interfaces/cmake/ament_cmake_export_libraries-extras.cmake
[2.980s] -- Up-to-date: /home/narayan/ros2_ws/install/my_interfaces/share/my_interfaces/cmake/ament_cmake_export_targets-extras.cmake
[2.980s] -- Up-to-date: /home/narayan/ros2_ws/install/my_interfaces/share/my_interfaces/cmake/rosidl_cmake_export_typesupport_targets-extras.cmake
[2.981s] -- Up-to-date: /home/narayan/ros2_ws/install/my_interfaces/share/my_interfaces/cmake/ament_cmake_export_dependencies-extras.cmake
[2.981s] -- Up-to-date: /home/narayan/ros2_ws/install/my_interfaces/share/my_interfaces/cmake/rosidl_cmake_export_typesupport_libraries-extras.cmake
[2.982s] -- Up-to-date: /home/narayan/ros2_ws/install/my_interfaces/share/my_interfaces/cmake/my_interfacesConfig.cmake
[2.982s] -- Up-to-date: /home/narayan/ros2_ws/install/my_interfaces/share/my_interfaces/cmake/my_interfacesConfig-version.cmake
[2.982s] -- Up-to-date: /home/narayan/ros2_ws/install/my_interfaces/share/my_interfaces/package.xml
[2.985s] Invoked command in '/home/narayan/ros2_ws/build/my_interfaces' returned '0': CMAKE_PREFIX_PATH=${CMAKE_PREFIX_PATH}:/home/narayan/ros2_ws/install/onepkg:/home/narayan/ros2_ws/install/TransNum:/opt/ros/jazzy DEBUGINFOD_URLS=https://debuginfod.ubuntu.com /usr/bin/cmake --install /home/narayan/ros2_ws/build/my_interfaces
