[0.076s] Invoking command in '/home/narayan/ros2_ws/build/launch_file': AMENT_PREFIX_PATH=/home/narayan/ros2_ws/install/TransNum:/home/narayan/ros2_ws/install/onepkg:/home/narayan/ros2_ws/install/led_activity:/home/narayan/ros2_ws/install/my_interfaces:/opt/ros/jazzy CMAKE_PREFIX_PATH=${CMAKE_PREFIX_PATH}:/home/narayan/ros2_ws/install/onepkg:/home/narayan/ros2_ws/install/TransNum:/opt/ros/jazzy DEBUGINFOD_URLS=https://debuginfod.ubuntu.com PYTHONPATH=/home/narayan/ros2_ws/install/TransNum/lib/python3.12/site-packages:/home/narayan/ros2_ws/install/onepkg/lib/python3.12/site-packages:/home/narayan/ros2_ws/install/led_activity/lib/python3.12/site-packages:/home/narayan/ros2_ws/install/my_interfaces/lib/python3.12/site-packages:/opt/ros/jazzy/lib/python3.12/site-packages /usr/bin/cmake --build /home/narayan/ros2_ws/build/launch_file -- -j4 -l4
[0.478s] Invoked command in '/home/narayan/ros2_ws/build/launch_file' returned '0': AMENT_PREFIX_PATH=/home/narayan/ros2_ws/install/TransNum:/home/narayan/ros2_ws/install/onepkg:/home/narayan/ros2_ws/install/led_activity:/home/narayan/ros2_ws/install/my_interfaces:/opt/ros/jazzy CMAKE_PREFIX_PATH=${CMAKE_PREFIX_PATH}:/home/narayan/ros2_ws/install/onepkg:/home/narayan/ros2_ws/install/TransNum:/opt/ros/jazzy DEBUGINFOD_URLS=https://debuginfod.ubuntu.com PYTHONPATH=/home/narayan/ros2_ws/install/TransNum/lib/python3.12/site-packages:/home/narayan/ros2_ws/install/onepkg/lib/python3.12/site-packages:/home/narayan/ros2_ws/install/led_activity/lib/python3.12/site-packages:/home/narayan/ros2_ws/install/my_interfaces/lib/python3.12/site-packages:/opt/ros/jazzy/lib/python3.12/site-packages /usr/bin/cmake --build /home/narayan/ros2_ws/build/launch_file -- -j4 -l4
[0.533s] Invoking command in '/home/narayan/ros2_ws/build/launch_file': AMENT_PREFIX_PATH=/home/narayan/ros2_ws/install/TransNum:/home/narayan/ros2_ws/install/onepkg:/home/narayan/ros2_ws/install/led_activity:/home/narayan/ros2_ws/install/my_interfaces:/opt/ros/jazzy CMAKE_PREFIX_PATH=${CMAKE_PREFIX_PATH}:/home/narayan/ros2_ws/install/onepkg:/home/narayan/ros2_ws/install/TransNum:/opt/ros/jazzy DEBUGINFOD_URLS=https://debuginfod.ubuntu.com PYTHONPATH=/home/narayan/ros2_ws/install/TransNum/lib/python3.12/site-packages:/home/narayan/ros2_ws/install/onepkg/lib/python3.12/site-packages:/home/narayan/ros2_ws/install/led_activity/lib/python3.12/site-packages:/home/narayan/ros2_ws/install/my_interfaces/lib/python3.12/site-packages:/opt/ros/jazzy/lib/python3.12/site-packages /usr/bin/cmake --install /home/narayan/ros2_ws/build/launch_file
[0.574s] -- Install configuration: ""
[0.574s] -- Up-to-date: /home/narayan/ros2_ws/install/launch_file/share/$(PROJECT_NAME)/launch
[0.575s] -- Up-to-date: /home/narayan/ros2_ws/install/launch_file/share/$(PROJECT_NAME)/launch/number_counter_launch.xml
[0.576s] -- Up-to-date: /home/narayan/ros2_ws/install/launch_file/share/ament_index/resource_index/package_run_dependencies/launch_file
[0.576s] -- Up-to-date: /home/narayan/ros2_ws/install/launch_file/share/ament_index/resource_index/parent_prefix_path/launch_file
[0.577s] -- Up-to-date: /home/narayan/ros2_ws/install/launch_file/share/launch_file/environment/ament_prefix_path.sh
[0.577s] -- Up-to-date: /home/narayan/ros2_ws/install/launch_file/share/launch_file/environment/ament_prefix_path.dsv
[0.578s] -- Up-to-date: /home/narayan/ros2_ws/install/launch_file/share/launch_file/environment/path.sh
[0.578s] -- Up-to-date: /home/narayan/ros2_ws/install/launch_file/share/launch_file/environment/path.dsv
[0.579s] -- Up-to-date: /home/narayan/ros2_ws/install/launch_file/share/launch_file/local_setup.bash
[0.579s] -- Up-to-date: /home/narayan/ros2_ws/install/launch_file/share/launch_file/local_setup.sh
[0.580s] -- Up-to-date: /home/narayan/ros2_ws/install/launch_file/share/launch_file/local_setup.zsh
[0.580s] -- Up-to-date: /home/narayan/ros2_ws/install/launch_file/share/launch_file/local_setup.dsv
[0.581s] -- Installing: /home/narayan/ros2_ws/install/launch_file/share/launch_file/package.dsv
[0.583s] -- Up-to-date: /home/narayan/ros2_ws/install/launch_file/share/ament_index/resource_index/packages/launch_file
[0.584s] -- Up-to-date: /home/narayan/ros2_ws/install/launch_file/share/launch_file/cmake/launch_fileConfig.cmake
[0.584s] -- Up-to-date: /home/narayan/ros2_ws/install/launch_file/share/launch_file/cmake/launch_fileConfig-version.cmake
[0.585s] -- Up-to-date: /home/narayan/ros2_ws/install/launch_file/share/launch_file/package.xml
[0.591s] Invoked command in '/home/narayan/ros2_ws/build/launch_file' returned '0': AMENT_PREFIX_PATH=/home/narayan/ros2_ws/install/TransNum:/home/narayan/ros2_ws/install/onepkg:/home/narayan/ros2_ws/install/led_activity:/home/narayan/ros2_ws/install/my_interfaces:/opt/ros/jazzy CMAKE_PREFIX_PATH=${CMAKE_PREFIX_PATH}:/home/narayan/ros2_ws/install/onepkg:/home/narayan/ros2_ws/install/TransNum:/opt/ros/jazzy DEBUGINFOD_URLS=https://debuginfod.ubuntu.com PYTHONPATH=/home/narayan/ros2_ws/install/TransNum/lib/python3.12/site-packages:/home/narayan/ros2_ws/install/onepkg/lib/python3.12/site-packages:/home/narayan/ros2_ws/install/led_activity/lib/python3.12/site-packages:/home/narayan/ros2_ws/install/my_interfaces/lib/python3.12/site-packages:/opt/ros/jazzy/lib/python3.12/site-packages /usr/bin/cmake --install /home/narayan/ros2_ws/build/launch_file
