[0.416s] DEBUG:colcon:Command line arguments: ['/usr/bin/colcon', 'build', '--packages-select', 'turtle-sim']
[0.416s] DEBUG:colcon:Parsed command line arguments: Namespace(log_base=None, log_level=None, verb_name='build', build_base='build', install_base='install', merge_install=False, symlink_install=False, test_result_base=None, continue_on_error=False, executor='parallel', parallel_workers=4, event_handlers=None, ignore_user_meta=False, metas=['./colcon.meta'], base_paths=['.'], packages_ignore=None, packages_ignore_regex=None, paths=None, packages_up_to=None, packages_up_to_regex=None, packages_above=None, packages_above_and_dependencies=None, packages_above_depth=None, packages_select_by_dep=None, packages_skip_by_dep=None, packages_skip_up_to=None, packages_select_build_failed=False, packages_skip_build_finished=False, packages_select_test_failures=False, packages_skip_test_passed=False, packages_select=['turtle-sim'], packages_skip=None, packages_select_regex=None, packages_skip_regex=None, packages_start=None, packages_end=None, allow_overriding=[], cmake_args=None, cmake_target=None, cmake_target_skip_unavailable=False, cmake_clean_cache=False, cmake_clean_first=False, cmake_force_configure=False, ament_cmake_args=None, catkin_cmake_args=None, catkin_skip_building_tests=False, mixin_files=None, mixin=None, verb_parser=<colcon_mixin.mixin.mixin_argument.MixinArgumentDecorator object at 0xffff94fbc380>, verb_extension=<colcon_core.verb.build.BuildVerb object at 0xffff951789e0>, main=<bound method BuildVerb.main of <colcon_core.verb.build.BuildVerb object at 0xffff951789e0>>, mixin_verb=('build',))
[0.568s] Level 1:colcon.colcon_core.package_discovery:discover_packages(colcon_meta) check parameters
[0.568s] Level 1:colcon.colcon_core.package_discovery:discover_packages(recursive) check parameters
[0.568s] Level 1:colcon.colcon_core.package_discovery:discover_packages(ignore) check parameters
[0.569s] Level 1:colcon.colcon_core.package_discovery:discover_packages(path) check parameters
[0.569s] Level 1:colcon.colcon_core.package_discovery:discover_packages(colcon_meta) discover
[0.569s] Level 1:colcon.colcon_core.package_discovery:discover_packages(recursive) discover
[0.569s] INFO:colcon.colcon_core.package_discovery:Crawling recursively for packages in '/home/narayan/ros2_ws'
[0.569s] Level 1:colcon.colcon_core.package_identification:_identify(.) by extensions ['ignore', 'ignore_ament_install']
[0.570s] Level 1:colcon.colcon_core.package_identification:_identify(.) by extension 'ignore'
[0.570s] Level 1:colcon.colcon_core.package_identification:_identify(.) by extension 'ignore_ament_install'
[0.571s] Level 1:colcon.colcon_core.package_identification:_identify(.) by extensions ['colcon_pkg']
[0.571s] Level 1:colcon.colcon_core.package_identification:_identify(.) by extension 'colcon_pkg'
[0.571s] Level 1:colcon.colcon_core.package_identification:_identify(.) by extensions ['colcon_meta']
[0.571s] Level 1:colcon.colcon_core.package_identification:_identify(.) by extension 'colcon_meta'
[0.571s] Level 1:colcon.colcon_core.package_identification:_identify(.) by extensions ['ros']
[0.571s] Level 1:colcon.colcon_core.package_identification:_identify(.) by extension 'ros'
[0.666s] Level 1:colcon.colcon_core.package_identification:_identify(.) by extensions ['cmake', 'python']
[0.666s] Level 1:colcon.colcon_core.package_identification:_identify(.) by extension 'cmake'
[0.666s] Level 1:colcon.colcon_core.package_identification:_identify(.) by extension 'python'
[0.666s] Level 1:colcon.colcon_core.package_identification:_identify(.) by extensions ['python_setup_py']
[0.666s] Level 1:colcon.colcon_core.package_identification:_identify(.) by extension 'python_setup_py'
[0.667s] Level 1:colcon.colcon_core.package_identification:_identify(build) by extensions ['ignore', 'ignore_ament_install']
[0.667s] Level 1:colcon.colcon_core.package_identification:_identify(build) by extension 'ignore'
[0.667s] Level 1:colcon.colcon_core.package_identification:_identify(build) ignored
[0.668s] Level 1:colcon.colcon_core.package_identification:_identify(install) by extensions ['ignore', 'ignore_ament_install']
[0.668s] Level 1:colcon.colcon_core.package_identification:_identify(install) by extension 'ignore'
[0.668s] Level 1:colcon.colcon_core.package_identification:_identify(install) ignored
[0.670s] Level 1:colcon.colcon_core.package_identification:_identify(log) by extensions ['ignore', 'ignore_ament_install']
[0.670s] Level 1:colcon.colcon_core.package_identification:_identify(log) by extension 'ignore'
[0.670s] Level 1:colcon.colcon_core.package_identification:_identify(log) ignored
[0.670s] Level 1:colcon.colcon_core.package_identification:_identify(src) by extensions ['ignore', 'ignore_ament_install']
[0.671s] Level 1:colcon.colcon_core.package_identification:_identify(src) by extension 'ignore'
[0.671s] Level 1:colcon.colcon_core.package_identification:_identify(src) by extension 'ignore_ament_install'
[0.671s] Level 1:colcon.colcon_core.package_identification:_identify(src) by extensions ['colcon_pkg']
[0.671s] Level 1:colcon.colcon_core.package_identification:_identify(src) by extension 'colcon_pkg'
[0.671s] Level 1:colcon.colcon_core.package_identification:_identify(src) by extensions ['colcon_meta']
[0.671s] Level 1:colcon.colcon_core.package_identification:_identify(src) by extension 'colcon_meta'
[0.672s] Level 1:colcon.colcon_core.package_identification:_identify(src) by extensions ['ros']
[0.672s] Level 1:colcon.colcon_core.package_identification:_identify(src) by extension 'ros'
[0.672s] Level 1:colcon.colcon_core.package_identification:_identify(src) by extensions ['cmake', 'python']
[0.672s] Level 1:colcon.colcon_core.package_identification:_identify(src) by extension 'cmake'
[0.672s] Level 1:colcon.colcon_core.package_identification:_identify(src) by extension 'python'
[0.672s] Level 1:colcon.colcon_core.package_identification:_identify(src) by extensions ['python_setup_py']
[0.672s] Level 1:colcon.colcon_core.package_identification:_identify(src) by extension 'python_setup_py'
[0.673s] Level 1:colcon.colcon_core.package_identification:_identify(src/TransNum) by extensions ['ignore', 'ignore_ament_install']
[0.673s] Level 1:colcon.colcon_core.package_identification:_identify(src/TransNum) by extension 'ignore'
[0.673s] Level 1:colcon.colcon_core.package_identification:_identify(src/TransNum) by extension 'ignore_ament_install'
[0.673s] Level 1:colcon.colcon_core.package_identification:_identify(src/TransNum) by extensions ['colcon_pkg']
[0.674s] Level 1:colcon.colcon_core.package_identification:_identify(src/TransNum) by extension 'colcon_pkg'
[0.674s] Level 1:colcon.colcon_core.package_identification:_identify(src/TransNum) by extensions ['colcon_meta']
[0.674s] Level 1:colcon.colcon_core.package_identification:_identify(src/TransNum) by extension 'colcon_meta'
[0.674s] Level 1:colcon.colcon_core.package_identification:_identify(src/TransNum) by extensions ['ros']
[0.674s] Level 1:colcon.colcon_core.package_identification:_identify(src/TransNum) by extension 'ros'
[0.682s] DEBUG:colcon.colcon_core.package_identification:Package 'src/TransNum' with type 'ros.ament_python' and name 'TransNum'
[0.683s] Level 1:colcon.colcon_core.package_identification:_identify(src/launch_file) by extensions ['ignore', 'ignore_ament_install']
[0.683s] Level 1:colcon.colcon_core.package_identification:_identify(src/launch_file) by extension 'ignore'
[0.683s] Level 1:colcon.colcon_core.package_identification:_identify(src/launch_file) by extension 'ignore_ament_install'
[0.684s] Level 1:colcon.colcon_core.package_identification:_identify(src/launch_file) by extensions ['colcon_pkg']
[0.684s] Level 1:colcon.colcon_core.package_identification:_identify(src/launch_file) by extension 'colcon_pkg'
[0.684s] Level 1:colcon.colcon_core.package_identification:_identify(src/launch_file) by extensions ['colcon_meta']
[0.684s] Level 1:colcon.colcon_core.package_identification:_identify(src/launch_file) by extension 'colcon_meta'
[0.684s] Level 1:colcon.colcon_core.package_identification:_identify(src/launch_file) by extensions ['ros']
[0.684s] Level 1:colcon.colcon_core.package_identification:_identify(src/launch_file) by extension 'ros'
[0.687s] DEBUG:colcon.colcon_core.package_identification:Package 'src/launch_file' with type 'ros.ament_cmake' and name 'launch_file'
[0.689s] Level 1:colcon.colcon_core.package_identification:_identify(src/led_activity) by extensions ['ignore', 'ignore_ament_install']
[0.689s] Level 1:colcon.colcon_core.package_identification:_identify(src/led_activity) by extension 'ignore'
[0.690s] Level 1:colcon.colcon_core.package_identification:_identify(src/led_activity) by extension 'ignore_ament_install'
[0.691s] Level 1:colcon.colcon_core.package_identification:_identify(src/led_activity) by extensions ['colcon_pkg']
[0.691s] Level 1:colcon.colcon_core.package_identification:_identify(src/led_activity) by extension 'colcon_pkg'
[0.691s] Level 1:colcon.colcon_core.package_identification:_identify(src/led_activity) by extensions ['colcon_meta']
[0.691s] Level 1:colcon.colcon_core.package_identification:_identify(src/led_activity) by extension 'colcon_meta'
[0.691s] Level 1:colcon.colcon_core.package_identification:_identify(src/led_activity) by extensions ['ros']
[0.692s] Level 1:colcon.colcon_core.package_identification:_identify(src/led_activity) by extension 'ros'
[0.694s] DEBUG:colcon.colcon_core.package_identification:Package 'src/led_activity' with type 'ros.ament_python' and name 'led_activity'
[0.694s] Level 1:colcon.colcon_core.package_identification:_identify(src/my_interfaces) by extensions ['ignore', 'ignore_ament_install']
[0.695s] Level 1:colcon.colcon_core.package_identification:_identify(src/my_interfaces) by extension 'ignore'
[0.695s] Level 1:colcon.colcon_core.package_identification:_identify(src/my_interfaces) by extension 'ignore_ament_install'
[0.695s] Level 1:colcon.colcon_core.package_identification:_identify(src/my_interfaces) by extensions ['colcon_pkg']
[0.695s] Level 1:colcon.colcon_core.package_identification:_identify(src/my_interfaces) by extension 'colcon_pkg'
[0.695s] Level 1:colcon.colcon_core.package_identification:_identify(src/my_interfaces) by extensions ['colcon_meta']
[0.696s] Level 1:colcon.colcon_core.package_identification:_identify(src/my_interfaces) by extension 'colcon_meta'
[0.696s] Level 1:colcon.colcon_core.package_identification:_identify(src/my_interfaces) by extensions ['ros']
[0.696s] Level 1:colcon.colcon_core.package_identification:_identify(src/my_interfaces) by extension 'ros'
[0.697s] DEBUG:colcon.colcon_core.package_identification:Package 'src/my_interfaces' with type 'ros.ament_cmake' and name 'my_interfaces'
[0.698s] Level 1:colcon.colcon_core.package_identification:_identify(src/onepkg) by extensions ['ignore', 'ignore_ament_install']
[0.698s] Level 1:colcon.colcon_core.package_identification:_identify(src/onepkg) by extension 'ignore'
[0.698s] Level 1:colcon.colcon_core.package_identification:_identify(src/onepkg) by extension 'ignore_ament_install'
[0.698s] Level 1:colcon.colcon_core.package_identification:_identify(src/onepkg) by extensions ['colcon_pkg']
[0.699s] Level 1:colcon.colcon_core.package_identification:_identify(src/onepkg) by extension 'colcon_pkg'
[0.699s] Level 1:colcon.colcon_core.package_identification:_identify(src/onepkg) by extensions ['colcon_meta']
[0.699s] Level 1:colcon.colcon_core.package_identification:_identify(src/onepkg) by extension 'colcon_meta'
[0.699s] Level 1:colcon.colcon_core.package_identification:_identify(src/onepkg) by extensions ['ros']
[0.699s] Level 1:colcon.colcon_core.package_identification:_identify(src/onepkg) by extension 'ros'
[0.701s] DEBUG:colcon.colcon_core.package_identification:Package 'src/onepkg' with type 'ros.ament_python' and name 'onepkg'
[0.702s] Level 1:colcon.colcon_core.package_identification:_identify(src/turtle_sim) by extensions ['ignore', 'ignore_ament_install']
[0.702s] Level 1:colcon.colcon_core.package_identification:_identify(src/turtle_sim) by extension 'ignore'
[0.702s] Level 1:colcon.colcon_core.package_identification:_identify(src/turtle_sim) by extension 'ignore_ament_install'
[0.703s] Level 1:colcon.colcon_core.package_identification:_identify(src/turtle_sim) by extensions ['colcon_pkg']
[0.703s] Level 1:colcon.colcon_core.package_identification:_identify(src/turtle_sim) by extension 'colcon_pkg'
[0.703s] Level 1:colcon.colcon_core.package_identification:_identify(src/turtle_sim) by extensions ['colcon_meta']
[0.703s] Level 1:colcon.colcon_core.package_identification:_identify(src/turtle_sim) by extension 'colcon_meta'
[0.703s] Level 1:colcon.colcon_core.package_identification:_identify(src/turtle_sim) by extensions ['ros']
[0.703s] Level 1:colcon.colcon_core.package_identification:_identify(src/turtle_sim) by extension 'ros'
[0.705s] DEBUG:colcon.colcon_core.package_identification:Package 'src/turtle_sim' with type 'ros.ament_python' and name 'turtle_sim'
[0.705s] Level 1:colcon.colcon_core.package_discovery:discover_packages(recursive) using defaults
[0.705s] Level 1:colcon.colcon_core.package_discovery:discover_packages(ignore) discover
[0.706s] Level 1:colcon.colcon_core.package_discovery:discover_packages(ignore) using defaults
[0.706s] Level 1:colcon.colcon_core.package_discovery:discover_packages(path) discover
[0.706s] Level 1:colcon.colcon_core.package_discovery:discover_packages(path) using defaults
[0.706s] WARNING:colcon.colcon_core.package_selection:ignoring unknown package 'turtle-sim' in --packages-select
[0.775s] INFO:colcon.colcon_core.package_selection:Skipping not selected package 'TransNum' in 'src/TransNum'
[0.775s] INFO:colcon.colcon_core.package_selection:Skipping not selected package 'my_interfaces' in 'src/my_interfaces'
[0.775s] INFO:colcon.colcon_core.package_selection:Skipping not selected package 'turtle_sim' in 'src/turtle_sim'
[0.775s] INFO:colcon.colcon_core.package_selection:Skipping not selected package 'led_activity' in 'src/led_activity'
[0.775s] INFO:colcon.colcon_core.package_selection:Skipping not selected package 'onepkg' in 'src/onepkg'
[0.776s] INFO:colcon.colcon_core.package_selection:Skipping not selected package 'launch_file' in 'src/launch_file'
[0.777s] Level 1:colcon.colcon_core.package_discovery:discover_packages(prefix_path) check parameters
[0.778s] Level 1:colcon.colcon_core.package_discovery:discover_packages(prefix_path) discover
[0.788s] DEBUG:colcon.colcon_installed_package_information.package_discovery:Found 6 installed packages in /home/narayan/ros2_ws/install
[0.796s] DEBUG:colcon.colcon_installed_package_information.package_discovery:Found 285 installed packages in /opt/ros/jazzy
[0.803s] Level 1:colcon.colcon_core.package_discovery:discover_packages(prefix_path) using defaults
[0.981s] INFO:colcon.colcon_core.executor:Executing jobs using 'parallel' executor
[0.984s] DEBUG:colcon.colcon_parallel_executor.executor.parallel:run_until_complete
[0.985s] DEBUG:colcon.colcon_parallel_executor.executor.parallel:closing loop
[0.986s] DEBUG:colcon.colcon_parallel_executor.executor.parallel:loop closed
[0.986s] DEBUG:colcon.colcon_parallel_executor.executor.parallel:run_until_complete finished with '0'
[0.987s] DEBUG:colcon.colcon_core.event_reactor:joining thread
[1.018s] INFO:colcon.colcon_core.plugin_system:Skipping extension 'colcon_notification.desktop_notification.terminal_notifier': Not used on non-Darwin systems
[1.018s] INFO:colcon.colcon_core.plugin_system:Skipping extension 'colcon_notification.desktop_notification.win32': Not used on non-Windows systems
[1.018s] INFO:colcon.colcon_notification.desktop_notification:Sending desktop notification using 'notify2'
[1.079s] DEBUG:colcon.colcon_core.event_reactor:joined thread
[1.089s] INFO:colcon.colcon_core.plugin_system:Skipping extension 'colcon_core.shell.bat': Not used on non-Windows systems
[1.090s] INFO:colcon.colcon_core.shell:Creating prefix script '/home/narayan/ros2_ws/install/local_setup.ps1'
[1.095s] INFO:colcon.colcon_core.shell:Creating prefix util module '/home/narayan/ros2_ws/install/_local_setup_util_ps1.py'
[1.100s] INFO:colcon.colcon_core.shell:Creating prefix chain script '/home/narayan/ros2_ws/install/setup.ps1'
[1.107s] INFO:colcon.colcon_core.shell:Creating prefix script '/home/narayan/ros2_ws/install/local_setup.sh'
[1.110s] INFO:colcon.colcon_core.shell:Creating prefix util module '/home/narayan/ros2_ws/install/_local_setup_util_sh.py'
[1.113s] INFO:colcon.colcon_core.shell:Creating prefix chain script '/home/narayan/ros2_ws/install/setup.sh'
[1.118s] INFO:colcon.colcon_core.shell:Creating prefix script '/home/narayan/ros2_ws/install/local_setup.bash'
[1.122s] INFO:colcon.colcon_core.shell:Creating prefix chain script '/home/narayan/ros2_ws/install/setup.bash'
[1.128s] INFO:colcon.colcon_core.shell:Creating prefix script '/home/narayan/ros2_ws/install/local_setup.zsh'
[1.131s] INFO:colcon.colcon_core.shell:Creating prefix chain script '/home/narayan/ros2_ws/install/setup.zsh'
