[0.406s] DEBUG:colcon:Command line arguments: ['/usr/bin/colcon', 'build']
[0.406s] DEBUG:colcon:Parsed command line arguments: Namespace(log_base=None, log_level=None, verb_name='build', build_base='build', install_base='install', merge_install=False, symlink_install=False, test_result_base=None, continue_on_error=False, executor='parallel', parallel_workers=4, event_handlers=None, ignore_user_meta=False, metas=['./colcon.meta'], base_paths=['.'], packages_ignore=None, packages_ignore_regex=None, paths=None, packages_up_to=None, packages_up_to_regex=None, packages_above=None, packages_above_and_dependencies=None, packages_above_depth=None, packages_select_by_dep=None, packages_skip_by_dep=None, packages_skip_up_to=None, packages_select_build_failed=False, packages_skip_build_finished=False, packages_select_test_failures=False, packages_skip_test_passed=False, packages_select=None, packages_skip=None, packages_select_regex=None, packages_skip_regex=None, packages_start=None, packages_end=None, allow_overriding=[], cmake_args=None, cmake_target=None, cmake_target_skip_unavailable=False, cmake_clean_cache=False, cmake_clean_first=False, cmake_force_configure=False, ament_cmake_args=None, catkin_cmake_args=None, catkin_skip_building_tests=False, mixin_files=None, mixin=None, verb_parser=<colcon_mixin.mixin.mixin_argument.MixinArgumentDecorator object at 0xffffac80c260>, verb_extension=<colcon_core.verb.build.BuildVerb object at 0xffffacb3aff0>, main=<bound method BuildVerb.main of <colcon_core.verb.build.BuildVerb object at 0xffffacb3aff0>>, mixin_verb=('build',))
[0.556s] Level 1:colcon.colcon_core.package_discovery:discover_packages(colcon_meta) check parameters
[0.556s] Level 1:colcon.colcon_core.package_discovery:discover_packages(recursive) check parameters
[0.556s] Level 1:colcon.colcon_core.package_discovery:discover_packages(ignore) check parameters
[0.556s] Level 1:colcon.colcon_core.package_discovery:discover_packages(path) check parameters
[0.556s] Level 1:colcon.colcon_core.package_discovery:discover_packages(colcon_meta) discover
[0.557s] Level 1:colcon.colcon_core.package_discovery:discover_packages(recursive) discover
[0.557s] INFO:colcon.colcon_core.package_discovery:Crawling recursively for packages in '/home/narayan/ros2_ws'
[0.557s] Level 1:colcon.colcon_core.package_identification:_identify(.) by extensions ['ignore', 'ignore_ament_install']
[0.557s] Level 1:colcon.colcon_core.package_identification:_identify(.) by extension 'ignore'
[0.558s] Level 1:colcon.colcon_core.package_identification:_identify(.) by extension 'ignore_ament_install'
[0.558s] Level 1:colcon.colcon_core.package_identification:_identify(.) by extensions ['colcon_pkg']
[0.558s] Level 1:colcon.colcon_core.package_identification:_identify(.) by extension 'colcon_pkg'
[0.558s] Level 1:colcon.colcon_core.package_identification:_identify(.) by extensions ['colcon_meta']
[0.558s] Level 1:colcon.colcon_core.package_identification:_identify(.) by extension 'colcon_meta'
[0.558s] Level 1:colcon.colcon_core.package_identification:_identify(.) by extensions ['ros']
[0.558s] Level 1:colcon.colcon_core.package_identification:_identify(.) by extension 'ros'
[0.650s] Level 1:colcon.colcon_core.package_identification:_identify(.) by extensions ['cmake', 'python']
[0.651s] Level 1:colcon.colcon_core.package_identification:_identify(.) by extension 'cmake'
[0.651s] Level 1:colcon.colcon_core.package_identification:_identify(.) by extension 'python'
[0.651s] Level 1:colcon.colcon_core.package_identification:_identify(.) by extensions ['python_setup_py']
[0.651s] Level 1:colcon.colcon_core.package_identification:_identify(.) by extension 'python_setup_py'
[0.651s] Level 1:colcon.colcon_core.package_identification:_identify(build) by extensions ['ignore', 'ignore_ament_install']
[0.652s] Level 1:colcon.colcon_core.package_identification:_identify(build) by extension 'ignore'
[0.652s] Level 1:colcon.colcon_core.package_identification:_identify(build) ignored
[0.652s] Level 1:colcon.colcon_core.package_identification:_identify(install) by extensions ['ignore', 'ignore_ament_install']
[0.653s] Level 1:colcon.colcon_core.package_identification:_identify(install) by extension 'ignore'
[0.653s] Level 1:colcon.colcon_core.package_identification:_identify(install) ignored
[0.654s] Level 1:colcon.colcon_core.package_identification:_identify(log) by extensions ['ignore', 'ignore_ament_install']
[0.654s] Level 1:colcon.colcon_core.package_identification:_identify(log) by extension 'ignore'
[0.654s] Level 1:colcon.colcon_core.package_identification:_identify(log) ignored
[0.654s] Level 1:colcon.colcon_core.package_identification:_identify(src) by extensions ['ignore', 'ignore_ament_install']
[0.655s] Level 1:colcon.colcon_core.package_identification:_identify(src) by extension 'ignore'
[0.655s] Level 1:colcon.colcon_core.package_identification:_identify(src) by extension 'ignore_ament_install'
[0.655s] Level 1:colcon.colcon_core.package_identification:_identify(src) by extensions ['colcon_pkg']
[0.655s] Level 1:colcon.colcon_core.package_identification:_identify(src) by extension 'colcon_pkg'
[0.655s] Level 1:colcon.colcon_core.package_identification:_identify(src) by extensions ['colcon_meta']
[0.655s] Level 1:colcon.colcon_core.package_identification:_identify(src) by extension 'colcon_meta'
[0.655s] Level 1:colcon.colcon_core.package_identification:_identify(src) by extensions ['ros']
[0.656s] Level 1:colcon.colcon_core.package_identification:_identify(src) by extension 'ros'
[0.656s] Level 1:colcon.colcon_core.package_identification:_identify(src) by extensions ['cmake', 'python']
[0.656s] Level 1:colcon.colcon_core.package_identification:_identify(src) by extension 'cmake'
[0.656s] Level 1:colcon.colcon_core.package_identification:_identify(src) by extension 'python'
[0.656s] Level 1:colcon.colcon_core.package_identification:_identify(src) by extensions ['python_setup_py']
[0.656s] Level 1:colcon.colcon_core.package_identification:_identify(src) by extension 'python_setup_py'
[0.657s] Level 1:colcon.colcon_core.package_identification:_identify(src/TransNum) by extensions ['ignore', 'ignore_ament_install']
[0.657s] Level 1:colcon.colcon_core.package_identification:_identify(src/TransNum) by extension 'ignore'
[0.657s] Level 1:colcon.colcon_core.package_identification:_identify(src/TransNum) by extension 'ignore_ament_install'
[0.657s] Level 1:colcon.colcon_core.package_identification:_identify(src/TransNum) by extensions ['colcon_pkg']
[0.657s] Level 1:colcon.colcon_core.package_identification:_identify(src/TransNum) by extension 'colcon_pkg'
[0.657s] Level 1:colcon.colcon_core.package_identification:_identify(src/TransNum) by extensions ['colcon_meta']
[0.657s] Level 1:colcon.colcon_core.package_identification:_identify(src/TransNum) by extension 'colcon_meta'
[0.658s] Level 1:colcon.colcon_core.package_identification:_identify(src/TransNum) by extensions ['ros']
[0.658s] Level 1:colcon.colcon_core.package_identification:_identify(src/TransNum) by extension 'ros'
[0.665s] DEBUG:colcon.colcon_core.package_identification:Package 'src/TransNum' with type 'ros.ament_python' and name 'TransNum'
[0.666s] Level 1:colcon.colcon_core.package_identification:_identify(src/led_activity) by extensions ['ignore', 'ignore_ament_install']
[0.667s] Level 1:colcon.colcon_core.package_identification:_identify(src/led_activity) by extension 'ignore'
[0.667s] Level 1:colcon.colcon_core.package_identification:_identify(src/led_activity) by extension 'ignore_ament_install'
[0.667s] Level 1:colcon.colcon_core.package_identification:_identify(src/led_activity) by extensions ['colcon_pkg']
[0.667s] Level 1:colcon.colcon_core.package_identification:_identify(src/led_activity) by extension 'colcon_pkg'
[0.667s] Level 1:colcon.colcon_core.package_identification:_identify(src/led_activity) by extensions ['colcon_meta']
[0.667s] Level 1:colcon.colcon_core.package_identification:_identify(src/led_activity) by extension 'colcon_meta'
[0.668s] Level 1:colcon.colcon_core.package_identification:_identify(src/led_activity) by extensions ['ros']
[0.668s] Level 1:colcon.colcon_core.package_identification:_identify(src/led_activity) by extension 'ros'
[0.671s] DEBUG:colcon.colcon_core.package_identification:Package 'src/led_activity' with type 'ros.ament_python' and name 'led_activity'
[0.672s] Level 1:colcon.colcon_core.package_identification:_identify(src/my_interfaces) by extensions ['ignore', 'ignore_ament_install']
[0.673s] Level 1:colcon.colcon_core.package_identification:_identify(src/my_interfaces) by extension 'ignore'
[0.673s] Level 1:colcon.colcon_core.package_identification:_identify(src/my_interfaces) by extension 'ignore_ament_install'
[0.673s] Level 1:colcon.colcon_core.package_identification:_identify(src/my_interfaces) by extensions ['colcon_pkg']
[0.674s] Level 1:colcon.colcon_core.package_identification:_identify(src/my_interfaces) by extension 'colcon_pkg'
[0.674s] Level 1:colcon.colcon_core.package_identification:_identify(src/my_interfaces) by extensions ['colcon_meta']
[0.675s] Level 1:colcon.colcon_core.package_identification:_identify(src/my_interfaces) by extension 'colcon_meta'
[0.675s] Level 1:colcon.colcon_core.package_identification:_identify(src/my_interfaces) by extensions ['ros']
[0.675s] Level 1:colcon.colcon_core.package_identification:_identify(src/my_interfaces) by extension 'ros'
[0.676s] DEBUG:colcon.colcon_core.package_identification:Package 'src/my_interfaces' with type 'ros.ament_cmake' and name 'my_interfaces'
[0.677s] Level 1:colcon.colcon_core.package_identification:_identify(src/onepkg) by extensions ['ignore', 'ignore_ament_install']
[0.677s] Level 1:colcon.colcon_core.package_identification:_identify(src/onepkg) by extension 'ignore'
[0.677s] Level 1:colcon.colcon_core.package_identification:_identify(src/onepkg) by extension 'ignore_ament_install'
[0.678s] Level 1:colcon.colcon_core.package_identification:_identify(src/onepkg) by extensions ['colcon_pkg']
[0.678s] Level 1:colcon.colcon_core.package_identification:_identify(src/onepkg) by extension 'colcon_pkg'
[0.678s] Level 1:colcon.colcon_core.package_identification:_identify(src/onepkg) by extensions ['colcon_meta']
[0.678s] Level 1:colcon.colcon_core.package_identification:_identify(src/onepkg) by extension 'colcon_meta'
[0.678s] Level 1:colcon.colcon_core.package_identification:_identify(src/onepkg) by extensions ['ros']
[0.678s] Level 1:colcon.colcon_core.package_identification:_identify(src/onepkg) by extension 'ros'
[0.681s] DEBUG:colcon.colcon_core.package_identification:Package 'src/onepkg' with type 'ros.ament_python' and name 'onepkg'
[0.681s] Level 1:colcon.colcon_core.package_discovery:discover_packages(recursive) using defaults
[0.681s] Level 1:colcon.colcon_core.package_discovery:discover_packages(ignore) discover
[0.681s] Level 1:colcon.colcon_core.package_discovery:discover_packages(ignore) using defaults
[0.681s] Level 1:colcon.colcon_core.package_discovery:discover_packages(path) discover
[0.681s] Level 1:colcon.colcon_core.package_discovery:discover_packages(path) using defaults
[0.745s] Level 1:colcon.colcon_core.package_discovery:discover_packages(prefix_path) check parameters
[0.745s] Level 1:colcon.colcon_core.package_discovery:discover_packages(prefix_path) discover
[0.753s] DEBUG:colcon.colcon_installed_package_information.package_discovery:Found 4 installed packages in /home/narayan/ros2_ws/install
[0.762s] DEBUG:colcon.colcon_installed_package_information.package_discovery:Found 285 installed packages in /opt/ros/jazzy
[0.768s] Level 1:colcon.colcon_core.package_discovery:discover_packages(prefix_path) using defaults
[0.932s] Level 5:colcon.colcon_core.verb:set package 'TransNum' build argument 'cmake_args' from command line to 'None'
[0.932s] Level 5:colcon.colcon_core.verb:set package 'TransNum' build argument 'cmake_target' from command line to 'None'
[0.932s] Level 5:colcon.colcon_core.verb:set package 'TransNum' build argument 'cmake_target_skip_unavailable' from command line to 'False'
[0.932s] Level 5:colcon.colcon_core.verb:set package 'TransNum' build argument 'cmake_clean_cache' from command line to 'False'
[0.932s] Level 5:colcon.colcon_core.verb:set package 'TransNum' build argument 'cmake_clean_first' from command line to 'False'
[0.932s] Level 5:colcon.colcon_core.verb:set package 'TransNum' build argument 'cmake_force_configure' from command line to 'False'
[0.932s] Level 5:colcon.colcon_core.verb:set package 'TransNum' build argument 'ament_cmake_args' from command line to 'None'
[0.932s] Level 5:colcon.colcon_core.verb:set package 'TransNum' build argument 'catkin_cmake_args' from command line to 'None'
[0.933s] Level 5:colcon.colcon_core.verb:set package 'TransNum' build argument 'catkin_skip_building_tests' from command line to 'False'
[0.933s] DEBUG:colcon.colcon_core.verb:Building package 'TransNum' with the following arguments: {'ament_cmake_args': None, 'build_base': '/home/narayan/ros2_ws/build/TransNum', 'catkin_cmake_args': None, 'catkin_skip_building_tests': False, 'cmake_args': None, 'cmake_clean_cache': False, 'cmake_clean_first': False, 'cmake_force_configure': False, 'cmake_target': None, 'cmake_target_skip_unavailable': False, 'install_base': '/home/narayan/ros2_ws/install/TransNum', 'merge_install': False, 'path': '/home/narayan/ros2_ws/src/TransNum', 'symlink_install': False, 'test_result_base': None}
[0.934s] Level 5:colcon.colcon_core.verb:set package 'my_interfaces' build argument 'cmake_args' from command line to 'None'
[0.934s] Level 5:colcon.colcon_core.verb:set package 'my_interfaces' build argument 'cmake_target' from command line to 'None'
[0.934s] Level 5:colcon.colcon_core.verb:set package 'my_interfaces' build argument 'cmake_target_skip_unavailable' from command line to 'False'
[0.934s] Level 5:colcon.colcon_core.verb:set package 'my_interfaces' build argument 'cmake_clean_cache' from command line to 'False'
[0.934s] Level 5:colcon.colcon_core.verb:set package 'my_interfaces' build argument 'cmake_clean_first' from command line to 'False'
[0.934s] Level 5:colcon.colcon_core.verb:set package 'my_interfaces' build argument 'cmake_force_configure' from command line to 'False'
[0.934s] Level 5:colcon.colcon_core.verb:set package 'my_interfaces' build argument 'ament_cmake_args' from command line to 'None'
[0.934s] Level 5:colcon.colcon_core.verb:set package 'my_interfaces' build argument 'catkin_cmake_args' from command line to 'None'
[0.934s] Level 5:colcon.colcon_core.verb:set package 'my_interfaces' build argument 'catkin_skip_building_tests' from command line to 'False'
[0.935s] DEBUG:colcon.colcon_core.verb:Building package 'my_interfaces' with the following arguments: {'ament_cmake_args': None, 'build_base': '/home/narayan/ros2_ws/build/my_interfaces', 'catkin_cmake_args': None, 'catkin_skip_building_tests': False, 'cmake_args': None, 'cmake_clean_cache': False, 'cmake_clean_first': False, 'cmake_force_configure': False, 'cmake_target': None, 'cmake_target_skip_unavailable': False, 'install_base': '/home/narayan/ros2_ws/install/my_interfaces', 'merge_install': False, 'path': '/home/narayan/ros2_ws/src/my_interfaces', 'symlink_install': False, 'test_result_base': None}
[0.936s] Level 5:colcon.colcon_core.verb:set package 'led_activity' build argument 'cmake_args' from command line to 'None'
[0.936s] Level 5:colcon.colcon_core.verb:set package 'led_activity' build argument 'cmake_target' from command line to 'None'
[0.936s] Level 5:colcon.colcon_core.verb:set package 'led_activity' build argument 'cmake_target_skip_unavailable' from command line to 'False'
[0.936s] Level 5:colcon.colcon_core.verb:set package 'led_activity' build argument 'cmake_clean_cache' from command line to 'False'
[0.936s] Level 5:colcon.colcon_core.verb:set package 'led_activity' build argument 'cmake_clean_first' from command line to 'False'
[0.936s] Level 5:colcon.colcon_core.verb:set package 'led_activity' build argument 'cmake_force_configure' from command line to 'False'
[0.936s] Level 5:colcon.colcon_core.verb:set package 'led_activity' build argument 'ament_cmake_args' from command line to 'None'
[0.936s] Level 5:colcon.colcon_core.verb:set package 'led_activity' build argument 'catkin_cmake_args' from command line to 'None'
[0.936s] Level 5:colcon.colcon_core.verb:set package 'led_activity' build argument 'catkin_skip_building_tests' from command line to 'False'
[0.936s] DEBUG:colcon.colcon_core.verb:Building package 'led_activity' with the following arguments: {'ament_cmake_args': None, 'build_base': '/home/narayan/ros2_ws/build/led_activity', 'catkin_cmake_args': None, 'catkin_skip_building_tests': False, 'cmake_args': None, 'cmake_clean_cache': False, 'cmake_clean_first': False, 'cmake_force_configure': False, 'cmake_target': None, 'cmake_target_skip_unavailable': False, 'install_base': '/home/narayan/ros2_ws/install/led_activity', 'merge_install': False, 'path': '/home/narayan/ros2_ws/src/led_activity', 'symlink_install': False, 'test_result_base': None}
[0.937s] Level 5:colcon.colcon_core.verb:set package 'onepkg' build argument 'cmake_args' from command line to 'None'
[0.937s] Level 5:colcon.colcon_core.verb:set package 'onepkg' build argument 'cmake_target' from command line to 'None'
[0.938s] Level 5:colcon.colcon_core.verb:set package 'onepkg' build argument 'cmake_target_skip_unavailable' from command line to 'False'
[0.938s] Level 5:colcon.colcon_core.verb:set package 'onepkg' build argument 'cmake_clean_cache' from command line to 'False'
[0.938s] Level 5:colcon.colcon_core.verb:set package 'onepkg' build argument 'cmake_clean_first' from command line to 'False'
[0.938s] Level 5:colcon.colcon_core.verb:set package 'onepkg' build argument 'cmake_force_configure' from command line to 'False'
[0.938s] Level 5:colcon.colcon_core.verb:set package 'onepkg' build argument 'ament_cmake_args' from command line to 'None'
[0.938s] Level 5:colcon.colcon_core.verb:set package 'onepkg' build argument 'catkin_cmake_args' from command line to 'None'
[0.938s] Level 5:colcon.colcon_core.verb:set package 'onepkg' build argument 'catkin_skip_building_tests' from command line to 'False'
[0.938s] DEBUG:colcon.colcon_core.verb:Building package 'onepkg' with the following arguments: {'ament_cmake_args': None, 'build_base': '/home/narayan/ros2_ws/build/onepkg', 'catkin_cmake_args': None, 'catkin_skip_building_tests': False, 'cmake_args': None, 'cmake_clean_cache': False, 'cmake_clean_first': False, 'cmake_force_configure': False, 'cmake_target': None, 'cmake_target_skip_unavailable': False, 'install_base': '/home/narayan/ros2_ws/install/onepkg', 'merge_install': False, 'path': '/home/narayan/ros2_ws/src/onepkg', 'symlink_install': False, 'test_result_base': None}
[0.939s] INFO:colcon.colcon_core.executor:Executing jobs using 'parallel' executor
[0.941s] DEBUG:colcon.colcon_parallel_executor.executor.parallel:run_until_complete
[0.942s] INFO:colcon.colcon_ros.task.ament_cmake.build:Building ROS package in '/home/narayan/ros2_ws/src/my_interfaces' with build type 'ament_cmake'
[0.943s] INFO:colcon.colcon_cmake.task.cmake.build:Building CMake package in '/home/narayan/ros2_ws/src/my_interfaces'
[0.957s] INFO:colcon.colcon_core.plugin_system:Skipping extension 'colcon_core.shell.bat': Not used on non-Windows systems
[0.958s] INFO:colcon.colcon_core.shell:Skip shell extension 'powershell' for command environment: Not usable outside of PowerShell
[0.958s] DEBUG:colcon.colcon_core.shell:Skip shell extension 'dsv' for command environment
[0.976s] INFO:colcon.colcon_ros.task.ament_python.build:Building ROS package in '/home/narayan/ros2_ws/src/TransNum' with build type 'ament_python'
[0.976s] Level 1:colcon.colcon_core.shell:create_environment_hook('TransNum', 'ament_prefix_path')
[0.977s] INFO:colcon.colcon_core.shell:Creating environment hook '/home/narayan/ros2_ws/install/TransNum/share/TransNum/hook/ament_prefix_path.ps1'
[0.980s] INFO:colcon.colcon_core.shell:Creating environment descriptor '/home/narayan/ros2_ws/install/TransNum/share/TransNum/hook/ament_prefix_path.dsv'
[0.982s] INFO:colcon.colcon_core.shell:Creating environment hook '/home/narayan/ros2_ws/install/TransNum/share/TransNum/hook/ament_prefix_path.sh'
[0.984s] INFO:colcon.colcon_core.shell:Skip shell extension 'powershell' for command environment: Not usable outside of PowerShell
[0.985s] DEBUG:colcon.colcon_core.shell:Skip shell extension 'dsv' for command environment
[1.024s] DEBUG:colcon.colcon_core.event_handler.log_command:Invoking command in '/home/narayan/ros2_ws/build/my_interfaces': CMAKE_PREFIX_PATH=${CMAKE_PREFIX_PATH}:/home/narayan/ros2_ws/install/onepkg:/home/narayan/ros2_ws/install/TransNum:/opt/ros/jazzy DEBUGINFOD_URLS=https://debuginfod.ubuntu.com /usr/bin/cmake --build /home/narayan/ros2_ws/build/my_interfaces -- -j4 -l4
[2.533s] INFO:colcon.colcon_core.task.python.build:Building Python package in '/home/narayan/ros2_ws/src/TransNum'
[2.534s] INFO:colcon.colcon_core.shell:Skip shell extension 'powershell' for command environment: Not usable outside of PowerShell
[2.534s] DEBUG:colcon.colcon_core.shell:Skip shell extension 'dsv' for command environment
[3.574s] DEBUG:colcon.colcon_core.event_handler.log_command:Invoked command in '/home/narayan/ros2_ws/build/my_interfaces' returned '0': CMAKE_PREFIX_PATH=${CMAKE_PREFIX_PATH}:/home/narayan/ros2_ws/install/onepkg:/home/narayan/ros2_ws/install/TransNum:/opt/ros/jazzy DEBUGINFOD_URLS=https://debuginfod.ubuntu.com /usr/bin/cmake --build /home/narayan/ros2_ws/build/my_interfaces -- -j4 -l4
[3.625s] DEBUG:colcon.colcon_core.event_handler.log_command:Invoking command in '/home/narayan/ros2_ws/build/my_interfaces': CMAKE_PREFIX_PATH=${CMAKE_PREFIX_PATH}:/home/narayan/ros2_ws/install/onepkg:/home/narayan/ros2_ws/install/TransNum:/opt/ros/jazzy DEBUGINFOD_URLS=https://debuginfod.ubuntu.com /usr/bin/cmake --install /home/narayan/ros2_ws/build/my_interfaces
[3.973s] Level 1:colcon.colcon_core.environment:create_environment_scripts_only(my_interfaces)
[3.976s] DEBUG:colcon.colcon_core.event_handler.log_command:Invoked command in '/home/narayan/ros2_ws/build/my_interfaces' returned '0': CMAKE_PREFIX_PATH=${CMAKE_PREFIX_PATH}:/home/narayan/ros2_ws/install/onepkg:/home/narayan/ros2_ws/install/TransNum:/opt/ros/jazzy DEBUGINFOD_URLS=https://debuginfod.ubuntu.com /usr/bin/cmake --install /home/narayan/ros2_ws/build/my_interfaces
[3.989s] Level 1:colcon.colcon_core.environment:checking '/home/narayan/ros2_ws/install/my_interfaces' for CMake module files
[3.994s] Level 1:colcon.colcon_core.environment:checking '/home/narayan/ros2_ws/install/my_interfaces' for CMake config files
[3.995s] Level 1:colcon.colcon_core.shell:create_environment_hook('my_interfaces', 'cmake_prefix_path')
[3.996s] INFO:colcon.colcon_core.shell:Creating environment hook '/home/narayan/ros2_ws/install/my_interfaces/share/my_interfaces/hook/cmake_prefix_path.ps1'
[3.998s] INFO:colcon.colcon_core.shell:Creating environment descriptor '/home/narayan/ros2_ws/install/my_interfaces/share/my_interfaces/hook/cmake_prefix_path.dsv'
[3.999s] INFO:colcon.colcon_core.shell:Creating environment hook '/home/narayan/ros2_ws/install/my_interfaces/share/my_interfaces/hook/cmake_prefix_path.sh'
[4.002s] Level 1:colcon.colcon_core.environment:checking '/home/narayan/ros2_ws/install/my_interfaces/lib'
[4.003s] Level 1:colcon.colcon_core.shell:create_environment_hook('my_interfaces', 'ld_library_path_lib')
[4.004s] INFO:colcon.colcon_core.shell:Creating environment hook '/home/narayan/ros2_ws/install/my_interfaces/share/my_interfaces/hook/ld_library_path_lib.ps1'
[4.005s] INFO:colcon.colcon_core.shell:Creating environment descriptor '/home/narayan/ros2_ws/install/my_interfaces/share/my_interfaces/hook/ld_library_path_lib.dsv'
[4.007s] INFO:colcon.colcon_core.shell:Creating environment hook '/home/narayan/ros2_ws/install/my_interfaces/share/my_interfaces/hook/ld_library_path_lib.sh'
[4.008s] Level 1:colcon.colcon_core.environment:checking '/home/narayan/ros2_ws/install/my_interfaces/bin'
[4.009s] Level 1:colcon.colcon_core.environment:checking '/home/narayan/ros2_ws/install/my_interfaces/lib/pkgconfig/my_interfaces.pc'
[4.010s] Level 1:colcon.colcon_core.environment:checking '/home/narayan/ros2_ws/install/my_interfaces/lib/python3.12/site-packages'
[4.010s] Level 1:colcon.colcon_core.shell:create_environment_hook('my_interfaces', 'pythonpath')
[4.011s] INFO:colcon.colcon_core.shell:Creating environment hook '/home/narayan/ros2_ws/install/my_interfaces/share/my_interfaces/hook/pythonpath.ps1'
[4.012s] INFO:colcon.colcon_core.shell:Creating environment descriptor '/home/narayan/ros2_ws/install/my_interfaces/share/my_interfaces/hook/pythonpath.dsv'
[4.014s] INFO:colcon.colcon_core.shell:Creating environment hook '/home/narayan/ros2_ws/install/my_interfaces/share/my_interfaces/hook/pythonpath.sh'
[4.016s] Level 1:colcon.colcon_core.environment:checking '/home/narayan/ros2_ws/install/my_interfaces/bin'
[4.017s] INFO:colcon.colcon_core.shell:Creating package script '/home/narayan/ros2_ws/install/my_interfaces/share/my_interfaces/package.ps1'
[4.022s] INFO:colcon.colcon_core.shell:Creating package descriptor '/home/narayan/ros2_ws/install/my_interfaces/share/my_interfaces/package.dsv'
[4.024s] INFO:colcon.colcon_core.shell:Creating package script '/home/narayan/ros2_ws/install/my_interfaces/share/my_interfaces/package.sh'
[4.027s] INFO:colcon.colcon_core.shell:Creating package script '/home/narayan/ros2_ws/install/my_interfaces/share/my_interfaces/package.bash'
[4.029s] INFO:colcon.colcon_core.shell:Creating package script '/home/narayan/ros2_ws/install/my_interfaces/share/my_interfaces/package.zsh'
[4.031s] Level 1:colcon.colcon_core.environment:create_file_with_runtime_dependencies(/home/narayan/ros2_ws/install/my_interfaces/share/colcon-core/packages/my_interfaces)
[4.035s] Level 1:colcon.colcon_core.environment:create_environment_scripts_only(my_interfaces)
[4.036s] Level 1:colcon.colcon_core.environment:checking '/home/narayan/ros2_ws/install/my_interfaces' for CMake module files
[4.040s] Level 1:colcon.colcon_core.environment:checking '/home/narayan/ros2_ws/install/my_interfaces' for CMake config files
[4.042s] Level 1:colcon.colcon_core.shell:create_environment_hook('my_interfaces', 'cmake_prefix_path')
[4.042s] INFO:colcon.colcon_core.shell:Creating environment hook '/home/narayan/ros2_ws/install/my_interfaces/share/my_interfaces/hook/cmake_prefix_path.ps1'
[4.044s] INFO:colcon.colcon_core.shell:Creating environment descriptor '/home/narayan/ros2_ws/install/my_interfaces/share/my_interfaces/hook/cmake_prefix_path.dsv'
[4.046s] INFO:colcon.colcon_core.shell:Creating environment hook '/home/narayan/ros2_ws/install/my_interfaces/share/my_interfaces/hook/cmake_prefix_path.sh'
[4.049s] Level 1:colcon.colcon_core.environment:checking '/home/narayan/ros2_ws/install/my_interfaces/lib'
[4.049s] Level 1:colcon.colcon_core.shell:create_environment_hook('my_interfaces', 'ld_library_path_lib')
[4.050s] INFO:colcon.colcon_core.shell:Creating environment hook '/home/narayan/ros2_ws/install/my_interfaces/share/my_interfaces/hook/ld_library_path_lib.ps1'
[4.051s] INFO:colcon.colcon_core.shell:Creating environment descriptor '/home/narayan/ros2_ws/install/my_interfaces/share/my_interfaces/hook/ld_library_path_lib.dsv'
[4.053s] INFO:colcon.colcon_core.shell:Creating environment hook '/home/narayan/ros2_ws/install/my_interfaces/share/my_interfaces/hook/ld_library_path_lib.sh'
[4.055s] Level 1:colcon.colcon_core.environment:checking '/home/narayan/ros2_ws/install/my_interfaces/bin'
[4.056s] Level 1:colcon.colcon_core.environment:checking '/home/narayan/ros2_ws/install/my_interfaces/lib/pkgconfig/my_interfaces.pc'
[4.057s] Level 1:colcon.colcon_core.environment:checking '/home/narayan/ros2_ws/install/my_interfaces/lib/python3.12/site-packages'
[4.057s] Level 1:colcon.colcon_core.shell:create_environment_hook('my_interfaces', 'pythonpath')
[4.058s] INFO:colcon.colcon_core.shell:Creating environment hook '/home/narayan/ros2_ws/install/my_interfaces/share/my_interfaces/hook/pythonpath.ps1'
[4.060s] INFO:colcon.colcon_core.shell:Creating environment descriptor '/home/narayan/ros2_ws/install/my_interfaces/share/my_interfaces/hook/pythonpath.dsv'
[4.062s] INFO:colcon.colcon_core.shell:Creating environment hook '/home/narayan/ros2_ws/install/my_interfaces/share/my_interfaces/hook/pythonpath.sh'
[4.065s] Level 1:colcon.colcon_core.environment:checking '/home/narayan/ros2_ws/install/my_interfaces/bin'
[4.066s] INFO:colcon.colcon_core.shell:Creating package script '/home/narayan/ros2_ws/install/my_interfaces/share/my_interfaces/package.ps1'
[4.069s] INFO:colcon.colcon_core.shell:Creating package descriptor '/home/narayan/ros2_ws/install/my_interfaces/share/my_interfaces/package.dsv'
[4.073s] INFO:colcon.colcon_core.shell:Creating package script '/home/narayan/ros2_ws/install/my_interfaces/share/my_interfaces/package.sh'
[4.079s] INFO:colcon.colcon_core.shell:Creating package script '/home/narayan/ros2_ws/install/my_interfaces/share/my_interfaces/package.bash'
[4.082s] INFO:colcon.colcon_core.shell:Creating package script '/home/narayan/ros2_ws/install/my_interfaces/share/my_interfaces/package.zsh'
[4.086s] Level 1:colcon.colcon_core.environment:create_file_with_runtime_dependencies(/home/narayan/ros2_ws/install/my_interfaces/share/colcon-core/packages/my_interfaces)
[4.088s] INFO:colcon.colcon_ros.task.ament_python.build:Building ROS package in '/home/narayan/ros2_ws/src/led_activity' with build type 'ament_python'
[4.089s] Level 1:colcon.colcon_core.shell:create_environment_hook('led_activity', 'ament_prefix_path')
[4.090s] INFO:colcon.colcon_core.shell:Creating environment hook '/home/narayan/ros2_ws/install/led_activity/share/led_activity/hook/ament_prefix_path.ps1'
[4.094s] INFO:colcon.colcon_core.shell:Creating environment descriptor '/home/narayan/ros2_ws/install/led_activity/share/led_activity/hook/ament_prefix_path.dsv'
[4.097s] INFO:colcon.colcon_core.shell:Creating environment hook '/home/narayan/ros2_ws/install/led_activity/share/led_activity/hook/ament_prefix_path.sh'
[4.100s] INFO:colcon.colcon_core.shell:Skip shell extension 'powershell' for command environment: Not usable outside of PowerShell
[4.100s] DEBUG:colcon.colcon_core.shell:Skip shell extension 'dsv' for command environment
[4.120s] INFO:colcon.colcon_ros.task.ament_python.build:Building ROS package in '/home/narayan/ros2_ws/src/onepkg' with build type 'ament_python'
[4.121s] Level 1:colcon.colcon_core.shell:create_environment_hook('onepkg', 'ament_prefix_path')
[4.125s] INFO:colcon.colcon_core.shell:Creating environment hook '/home/narayan/ros2_ws/install/onepkg/share/onepkg/hook/ament_prefix_path.ps1'
[4.130s] INFO:colcon.colcon_core.shell:Creating environment descriptor '/home/narayan/ros2_ws/install/onepkg/share/onepkg/hook/ament_prefix_path.dsv'
[4.134s] INFO:colcon.colcon_core.shell:Creating environment hook '/home/narayan/ros2_ws/install/onepkg/share/onepkg/hook/ament_prefix_path.sh'
[4.137s] INFO:colcon.colcon_core.shell:Skip shell extension 'powershell' for command environment: Not usable outside of PowerShell
[4.137s] DEBUG:colcon.colcon_core.shell:Skip shell extension 'dsv' for command environment
[5.155s] INFO:colcon.colcon_core.task.python.build:Building Python package in '/home/narayan/ros2_ws/src/led_activity'
[5.155s] INFO:colcon.colcon_core.shell:Skip shell extension 'powershell' for command environment: Not usable outside of PowerShell
[5.155s] DEBUG:colcon.colcon_core.shell:Skip shell extension 'dsv' for command environment
[6.161s] INFO:colcon.colcon_core.task.python.build:Building Python package in '/home/narayan/ros2_ws/src/onepkg'
[6.161s] INFO:colcon.colcon_core.shell:Skip shell extension 'powershell' for command environment: Not usable outside of PowerShell
[6.161s] DEBUG:colcon.colcon_core.shell:Skip shell extension 'dsv' for command environment
[6.199s] DEBUG:colcon.colcon_core.event_handler.log_command:Invoking command in '/home/narayan/ros2_ws/src/TransNum': DEBUGINFOD_URLS=https://debuginfod.ubuntu.com PYTHONPATH=/home/narayan/ros2_ws/build/TransNum/prefix_override:/usr/lib/python3/dist-packages/colcon_core/task/python/colcon_distutils_commands:/home/narayan/ros2_ws/install/TransNum/lib/python3.12/site-packages:${PYTHONPATH} /usr/bin/python3 -W ignore:setup.py install is deprecated -W ignore:easy_install command is deprecated setup.py egg_info --egg-base ../../build/TransNum build --build-base /home/narayan/ros2_ws/build/TransNum/build install --record /home/narayan/ros2_ws/build/TransNum/install.log --single-version-externally-managed install_data
[9.478s] Level 1:colcon.colcon_core.environment:checking '/home/narayan/ros2_ws/install/TransNum' for CMake module files
[9.480s] DEBUG:colcon.colcon_core.event_handler.log_command:Invoked command in '/home/narayan/ros2_ws/src/TransNum' returned '0': DEBUGINFOD_URLS=https://debuginfod.ubuntu.com PYTHONPATH=/home/narayan/ros2_ws/build/TransNum/prefix_override:/usr/lib/python3/dist-packages/colcon_core/task/python/colcon_distutils_commands:/home/narayan/ros2_ws/install/TransNum/lib/python3.12/site-packages:${PYTHONPATH} /usr/bin/python3 -W ignore:setup.py install is deprecated -W ignore:easy_install command is deprecated setup.py egg_info --egg-base ../../build/TransNum build --build-base /home/narayan/ros2_ws/build/TransNum/build install --record /home/narayan/ros2_ws/build/TransNum/install.log --single-version-externally-managed install_data
[9.485s] Level 1:colcon.colcon_core.environment:checking '/home/narayan/ros2_ws/install/TransNum' for CMake config files
[9.491s] Level 1:colcon.colcon_core.environment:checking '/home/narayan/ros2_ws/install/TransNum/lib'
[9.492s] Level 1:colcon.colcon_core.environment:checking '/home/narayan/ros2_ws/install/TransNum/bin'
[9.492s] Level 1:colcon.colcon_core.environment:checking '/home/narayan/ros2_ws/install/TransNum/lib/pkgconfig/TransNum.pc'
[9.494s] Level 1:colcon.colcon_core.environment:checking '/home/narayan/ros2_ws/install/TransNum/lib/python3.12/site-packages'
[9.495s] Level 1:colcon.colcon_core.shell:create_environment_hook('TransNum', 'pythonpath')
[9.496s] INFO:colcon.colcon_core.shell:Creating environment hook '/home/narayan/ros2_ws/install/TransNum/share/TransNum/hook/pythonpath.ps1'
[9.500s] INFO:colcon.colcon_core.shell:Creating environment descriptor '/home/narayan/ros2_ws/install/TransNum/share/TransNum/hook/pythonpath.dsv'
[9.504s] INFO:colcon.colcon_core.shell:Creating environment hook '/home/narayan/ros2_ws/install/TransNum/share/TransNum/hook/pythonpath.sh'
[9.509s] Level 1:colcon.colcon_core.environment:checking '/home/narayan/ros2_ws/install/TransNum/bin'
[9.510s] Level 1:colcon.colcon_core.environment:create_environment_scripts_only(TransNum)
[9.512s] INFO:colcon.colcon_core.shell:Creating package script '/home/narayan/ros2_ws/install/TransNum/share/TransNum/package.ps1'
[9.518s] INFO:colcon.colcon_core.shell:Creating package descriptor '/home/narayan/ros2_ws/install/TransNum/share/TransNum/package.dsv'
[9.525s] INFO:colcon.colcon_core.shell:Creating package script '/home/narayan/ros2_ws/install/TransNum/share/TransNum/package.sh'
[9.530s] INFO:colcon.colcon_core.shell:Creating package script '/home/narayan/ros2_ws/install/TransNum/share/TransNum/package.bash'
[9.534s] INFO:colcon.colcon_core.shell:Creating package script '/home/narayan/ros2_ws/install/TransNum/share/TransNum/package.zsh'
[9.539s] Level 1:colcon.colcon_core.environment:create_file_with_runtime_dependencies(/home/narayan/ros2_ws/install/TransNum/share/colcon-core/packages/TransNum)
[9.567s] DEBUG:colcon.colcon_core.event_handler.log_command:Invoking command in '/home/narayan/ros2_ws/src/led_activity': CMAKE_PREFIX_PATH=/home/narayan/ros2_ws/install/my_interfaces:/home/narayan/ros2_ws/install/led_activity:/opt/ros/jazzy/opt/gz_math_vendor:/opt/ros/jazzy/opt/gz_utils_vendor:/opt/ros/jazzy/opt/gz_cmake_vendor DEBUGINFOD_URLS=https://debuginfod.ubuntu.com PYTHONPATH=/home/narayan/ros2_ws/build/led_activity/prefix_override:/usr/lib/python3/dist-packages/colcon_core/task/python/colcon_distutils_commands:/home/narayan/ros2_ws/install/led_activity/lib/python3.12/site-packages:/home/narayan/ros2_ws/install/my_interfaces/lib/python3.12/site-packages:/home/narayan/ros2_ws/install/onepkg/lib/python3.12/site-packages:/home/narayan/ros2_ws/install/led_activity/lib/python3.12/site-packages:/home/narayan/ros2_ws/install/TransNum/lib/python3.12/site-packages:/opt/ros/jazzy/lib/python3.12/site-packages /usr/bin/python3 -W ignore:setup.py install is deprecated -W ignore:easy_install command is deprecated setup.py egg_info --egg-base ../../build/led_activity build --build-base /home/narayan/ros2_ws/build/led_activity/build install --record /home/narayan/ros2_ws/build/led_activity/install.log --single-version-externally-managed install_data
[9.627s] DEBUG:colcon.colcon_core.event_handler.log_command:Invoking command in '/home/narayan/ros2_ws/src/onepkg': CMAKE_PREFIX_PATH=/home/narayan/ros2_ws/install/my_interfaces:/home/narayan/ros2_ws/install/led_activity:/opt/ros/jazzy/opt/gz_math_vendor:/opt/ros/jazzy/opt/gz_utils_vendor:/opt/ros/jazzy/opt/gz_cmake_vendor DEBUGINFOD_URLS=https://debuginfod.ubuntu.com PYTHONPATH=/home/narayan/ros2_ws/build/onepkg/prefix_override:/usr/lib/python3/dist-packages/colcon_core/task/python/colcon_distutils_commands:/home/narayan/ros2_ws/install/onepkg/lib/python3.12/site-packages:/home/narayan/ros2_ws/install/my_interfaces/lib/python3.12/site-packages:/home/narayan/ros2_ws/install/onepkg/lib/python3.12/site-packages:/home/narayan/ros2_ws/install/led_activity/lib/python3.12/site-packages:/home/narayan/ros2_ws/install/TransNum/lib/python3.12/site-packages:/opt/ros/jazzy/lib/python3.12/site-packages /usr/bin/python3 -W ignore:setup.py install is deprecated -W ignore:easy_install command is deprecated setup.py egg_info --egg-base ../../build/onepkg build --build-base /home/narayan/ros2_ws/build/onepkg/build install --record /home/narayan/ros2_ws/build/onepkg/install.log --single-version-externally-managed install_data
[12.385s] Level 1:colcon.colcon_core.environment:checking '/home/narayan/ros2_ws/install/led_activity' for CMake module files
[12.389s] DEBUG:colcon.colcon_core.event_handler.log_command:Invoked command in '/home/narayan/ros2_ws/src/led_activity' returned '0': CMAKE_PREFIX_PATH=/home/narayan/ros2_ws/install/my_interfaces:/home/narayan/ros2_ws/install/led_activity:/opt/ros/jazzy/opt/gz_math_vendor:/opt/ros/jazzy/opt/gz_utils_vendor:/opt/ros/jazzy/opt/gz_cmake_vendor DEBUGINFOD_URLS=https://debuginfod.ubuntu.com PYTHONPATH=/home/narayan/ros2_ws/build/led_activity/prefix_override:/usr/lib/python3/dist-packages/colcon_core/task/python/colcon_distutils_commands:/home/narayan/ros2_ws/install/led_activity/lib/python3.12/site-packages:/home/narayan/ros2_ws/install/my_interfaces/lib/python3.12/site-packages:/home/narayan/ros2_ws/install/onepkg/lib/python3.12/site-packages:/home/narayan/ros2_ws/install/led_activity/lib/python3.12/site-packages:/home/narayan/ros2_ws/install/TransNum/lib/python3.12/site-packages:/opt/ros/jazzy/lib/python3.12/site-packages /usr/bin/python3 -W ignore:setup.py install is deprecated -W ignore:easy_install command is deprecated setup.py egg_info --egg-base ../../build/led_activity build --build-base /home/narayan/ros2_ws/build/led_activity/build install --record /home/narayan/ros2_ws/build/led_activity/install.log --single-version-externally-managed install_data
[12.392s] Level 1:colcon.colcon_core.environment:checking '/home/narayan/ros2_ws/install/led_activity' for CMake config files
[12.394s] Level 1:colcon.colcon_core.shell:create_environment_hook('led_activity', 'cmake_prefix_path')
[12.395s] INFO:colcon.colcon_core.shell:Creating environment hook '/home/narayan/ros2_ws/install/led_activity/share/led_activity/hook/cmake_prefix_path.ps1'
[12.398s] INFO:colcon.colcon_core.shell:Creating environment descriptor '/home/narayan/ros2_ws/install/led_activity/share/led_activity/hook/cmake_prefix_path.dsv'
[12.401s] INFO:colcon.colcon_core.shell:Creating environment hook '/home/narayan/ros2_ws/install/led_activity/share/led_activity/hook/cmake_prefix_path.sh'
[12.405s] Level 1:colcon.colcon_core.environment:checking '/home/narayan/ros2_ws/install/led_activity/lib'
[12.407s] Level 1:colcon.colcon_core.environment:checking '/home/narayan/ros2_ws/install/led_activity/bin'
[12.407s] Level 1:colcon.colcon_core.environment:checking '/home/narayan/ros2_ws/install/led_activity/lib/pkgconfig/led_activity.pc'
[12.409s] Level 1:colcon.colcon_core.environment:checking '/home/narayan/ros2_ws/install/led_activity/lib/python3.12/site-packages'
[12.410s] Level 1:colcon.colcon_core.shell:create_environment_hook('led_activity', 'pythonpath')
[12.411s] INFO:colcon.colcon_core.shell:Creating environment hook '/home/narayan/ros2_ws/install/led_activity/share/led_activity/hook/pythonpath.ps1'
[12.414s] INFO:colcon.colcon_core.shell:Creating environment descriptor '/home/narayan/ros2_ws/install/led_activity/share/led_activity/hook/pythonpath.dsv'
[12.417s] INFO:colcon.colcon_core.shell:Creating environment hook '/home/narayan/ros2_ws/install/led_activity/share/led_activity/hook/pythonpath.sh'
[12.422s] Level 1:colcon.colcon_core.environment:checking '/home/narayan/ros2_ws/install/led_activity/bin'
[12.423s] Level 1:colcon.colcon_core.environment:create_environment_scripts_only(led_activity)
[12.424s] INFO:colcon.colcon_core.shell:Creating package script '/home/narayan/ros2_ws/install/led_activity/share/led_activity/package.ps1'
[12.429s] INFO:colcon.colcon_core.shell:Creating package descriptor '/home/narayan/ros2_ws/install/led_activity/share/led_activity/package.dsv'
[12.433s] INFO:colcon.colcon_core.shell:Creating package script '/home/narayan/ros2_ws/install/led_activity/share/led_activity/package.sh'
[12.436s] INFO:colcon.colcon_core.shell:Creating package script '/home/narayan/ros2_ws/install/led_activity/share/led_activity/package.bash'
[12.439s] INFO:colcon.colcon_core.shell:Creating package script '/home/narayan/ros2_ws/install/led_activity/share/led_activity/package.zsh'
[12.442s] Level 1:colcon.colcon_core.environment:create_file_with_runtime_dependencies(/home/narayan/ros2_ws/install/led_activity/share/colcon-core/packages/led_activity)
[12.531s] Level 1:colcon.colcon_core.environment:checking '/home/narayan/ros2_ws/install/onepkg' for CMake module files
[12.533s] DEBUG:colcon.colcon_core.event_handler.log_command:Invoked command in '/home/narayan/ros2_ws/src/onepkg' returned '0': CMAKE_PREFIX_PATH=/home/narayan/ros2_ws/install/my_interfaces:/home/narayan/ros2_ws/install/led_activity:/opt/ros/jazzy/opt/gz_math_vendor:/opt/ros/jazzy/opt/gz_utils_vendor:/opt/ros/jazzy/opt/gz_cmake_vendor DEBUGINFOD_URLS=https://debuginfod.ubuntu.com PYTHONPATH=/home/narayan/ros2_ws/build/onepkg/prefix_override:/usr/lib/python3/dist-packages/colcon_core/task/python/colcon_distutils_commands:/home/narayan/ros2_ws/install/onepkg/lib/python3.12/site-packages:/home/narayan/ros2_ws/install/my_interfaces/lib/python3.12/site-packages:/home/narayan/ros2_ws/install/onepkg/lib/python3.12/site-packages:/home/narayan/ros2_ws/install/led_activity/lib/python3.12/site-packages:/home/narayan/ros2_ws/install/TransNum/lib/python3.12/site-packages:/opt/ros/jazzy/lib/python3.12/site-packages /usr/bin/python3 -W ignore:setup.py install is deprecated -W ignore:easy_install command is deprecated setup.py egg_info --egg-base ../../build/onepkg build --build-base /home/narayan/ros2_ws/build/onepkg/build install --record /home/narayan/ros2_ws/build/onepkg/install.log --single-version-externally-managed install_data
[12.534s] Level 1:colcon.colcon_core.environment:checking '/home/narayan/ros2_ws/install/onepkg' for CMake config files
[12.537s] Level 1:colcon.colcon_core.environment:checking '/home/narayan/ros2_ws/install/onepkg/lib'
[12.537s] Level 1:colcon.colcon_core.environment:checking '/home/narayan/ros2_ws/install/onepkg/bin'
[12.537s] Level 1:colcon.colcon_core.environment:checking '/home/narayan/ros2_ws/install/onepkg/lib/pkgconfig/onepkg.pc'
[12.538s] Level 1:colcon.colcon_core.environment:checking '/home/narayan/ros2_ws/install/onepkg/lib/python3.12/site-packages'
[12.538s] Level 1:colcon.colcon_core.shell:create_environment_hook('onepkg', 'pythonpath')
[12.539s] INFO:colcon.colcon_core.shell:Creating environment hook '/home/narayan/ros2_ws/install/onepkg/share/onepkg/hook/pythonpath.ps1'
[12.541s] INFO:colcon.colcon_core.shell:Creating environment descriptor '/home/narayan/ros2_ws/install/onepkg/share/onepkg/hook/pythonpath.dsv'
[12.542s] INFO:colcon.colcon_core.shell:Creating environment hook '/home/narayan/ros2_ws/install/onepkg/share/onepkg/hook/pythonpath.sh'
[12.545s] Level 1:colcon.colcon_core.environment:checking '/home/narayan/ros2_ws/install/onepkg/bin'
[12.545s] Level 1:colcon.colcon_core.environment:create_environment_scripts_only(onepkg)
[12.546s] INFO:colcon.colcon_core.shell:Creating package script '/home/narayan/ros2_ws/install/onepkg/share/onepkg/package.ps1'
[12.549s] INFO:colcon.colcon_core.shell:Creating package descriptor '/home/narayan/ros2_ws/install/onepkg/share/onepkg/package.dsv'
[12.551s] INFO:colcon.colcon_core.shell:Creating package script '/home/narayan/ros2_ws/install/onepkg/share/onepkg/package.sh'
[12.553s] INFO:colcon.colcon_core.shell:Creating package script '/home/narayan/ros2_ws/install/onepkg/share/onepkg/package.bash'
[12.555s] INFO:colcon.colcon_core.shell:Creating package script '/home/narayan/ros2_ws/install/onepkg/share/onepkg/package.zsh'
[12.556s] Level 1:colcon.colcon_core.environment:create_file_with_runtime_dependencies(/home/narayan/ros2_ws/install/onepkg/share/colcon-core/packages/onepkg)
[12.558s] DEBUG:colcon.colcon_parallel_executor.executor.parallel:closing loop
[12.559s] DEBUG:colcon.colcon_parallel_executor.executor.parallel:loop closed
[12.559s] DEBUG:colcon.colcon_parallel_executor.executor.parallel:run_until_complete finished with '0'
[12.560s] DEBUG:colcon.colcon_core.event_reactor:joining thread
[12.593s] INFO:colcon.colcon_core.plugin_system:Skipping extension 'colcon_notification.desktop_notification.terminal_notifier': Not used on non-Darwin systems
[12.593s] INFO:colcon.colcon_core.plugin_system:Skipping extension 'colcon_notification.desktop_notification.win32': Not used on non-Windows systems
[12.593s] INFO:colcon.colcon_notification.desktop_notification:Sending desktop notification using 'notify2'
[12.652s] DEBUG:colcon.colcon_core.event_reactor:joined thread
[12.653s] INFO:colcon.colcon_core.shell:Creating prefix script '/home/narayan/ros2_ws/install/local_setup.ps1'
[12.656s] INFO:colcon.colcon_core.shell:Creating prefix util module '/home/narayan/ros2_ws/install/_local_setup_util_ps1.py'
[12.661s] INFO:colcon.colcon_core.shell:Creating prefix chain script '/home/narayan/ros2_ws/install/setup.ps1'
[12.667s] INFO:colcon.colcon_core.shell:Creating prefix script '/home/narayan/ros2_ws/install/local_setup.sh'
[12.670s] INFO:colcon.colcon_core.shell:Creating prefix util module '/home/narayan/ros2_ws/install/_local_setup_util_sh.py'
[12.672s] INFO:colcon.colcon_core.shell:Creating prefix chain script '/home/narayan/ros2_ws/install/setup.sh'
[12.678s] INFO:colcon.colcon_core.shell:Creating prefix script '/home/narayan/ros2_ws/install/local_setup.bash'
[12.681s] INFO:colcon.colcon_core.shell:Creating prefix chain script '/home/narayan/ros2_ws/install/setup.bash'
[12.686s] INFO:colcon.colcon_core.shell:Creating prefix script '/home/narayan/ros2_ws/install/local_setup.zsh'
[12.688s] INFO:colcon.colcon_core.shell:Creating prefix chain script '/home/narayan/ros2_ws/install/setup.zsh'
