[0.102s] Invoking command in '/home/narayan/ros2_ws/build/launch_file': AMENT_PREFIX_PATH=/home/narayan/ros2_ws/install/onepkg:/home/narayan/ros2_ws/install/TransNum:/home/narayan/ros2_ws/install/turtle_sim:/home/narayan/ros2_ws/install/launch_file:/home/narayan/ros2_ws/install/led_activity:/home/narayan/ros2_ws/install/my_interfaces:/opt/ros/jazzy CMAKE_PREFIX_PATH=/home/narayan/ros2_ws/install/my_interfaces:/home/narayan/ros2_ws/install/launch_file:/home/narayan/ros2_ws/install/led_activity:/opt/ros/jazzy/opt/gz_math_vendor:/opt/ros/jazzy/opt/gz_utils_vendor:/opt/ros/jazzy/opt/gz_cmake_vendor:/home/narayan/ros2_ws/install/turtle_sim:/home/narayan/ros2_ws/install/onepkg:/home/narayan/ros2_ws/install/TransNum:/opt/ros/jazzy DEBUGINFOD_URLS=https://debuginfod.ubuntu.com PYTHONPATH=/home/narayan/ros2_ws/install/onepkg/lib/python3.12/site-packages:/home/narayan/ros2_ws/install/my_interfaces/lib/python3.12/site-packages:/home/narayan/ros2_ws/install/TransNum/lib/python3.12/site-packages:/home/narayan/ros2_ws/install/turtle_sim/lib/python3.12/site-packages:/home/narayan/ros2_ws/install/led_activity/lib/python3.12/site-packages:/opt/ros/jazzy/lib/python3.12/site-packages /usr/bin/cmake --build /home/narayan/ros2_ws/build/launch_file -- -j4 -l4
[0.336s] Invoked command in '/home/narayan/ros2_ws/build/launch_file' returned '0': AMENT_PREFIX_PATH=/home/narayan/ros2_ws/install/onepkg:/home/narayan/ros2_ws/install/TransNum:/home/narayan/ros2_ws/install/turtle_sim:/home/narayan/ros2_ws/install/launch_file:/home/narayan/ros2_ws/install/led_activity:/home/narayan/ros2_ws/install/my_interfaces:/opt/ros/jazzy CMAKE_PREFIX_PATH=/home/narayan/ros2_ws/install/my_interfaces:/home/narayan/ros2_ws/install/launch_file:/home/narayan/ros2_ws/install/led_activity:/opt/ros/jazzy/opt/gz_math_vendor:/opt/ros/jazzy/opt/gz_utils_vendor:/opt/ros/jazzy/opt/gz_cmake_vendor:/home/narayan/ros2_ws/install/turtle_sim:/home/narayan/ros2_ws/install/onepkg:/home/narayan/ros2_ws/install/TransNum:/opt/ros/jazzy DEBUGINFOD_URLS=https://debuginfod.ubuntu.com PYTHONPATH=/home/narayan/ros2_ws/install/onepkg/lib/python3.12/site-packages:/home/narayan/ros2_ws/install/my_interfaces/lib/python3.12/site-packages:/home/narayan/ros2_ws/install/TransNum/lib/python3.12/site-packages:/home/narayan/ros2_ws/install/turtle_sim/lib/python3.12/site-packages:/home/narayan/ros2_ws/install/led_activity/lib/python3.12/site-packages:/opt/ros/jazzy/lib/python3.12/site-packages /usr/bin/cmake --build /home/narayan/ros2_ws/build/launch_file -- -j4 -l4
[0.342s] Invoking command in '/home/narayan/ros2_ws/build/launch_file': AMENT_PREFIX_PATH=/home/narayan/ros2_ws/install/onepkg:/home/narayan/ros2_ws/install/TransNum:/home/narayan/ros2_ws/install/turtle_sim:/home/narayan/ros2_ws/install/launch_file:/home/narayan/ros2_ws/install/led_activity:/home/narayan/ros2_ws/install/my_interfaces:/opt/ros/jazzy CMAKE_PREFIX_PATH=/home/narayan/ros2_ws/install/my_interfaces:/home/narayan/ros2_ws/install/launch_file:/home/narayan/ros2_ws/install/led_activity:/opt/ros/jazzy/opt/gz_math_vendor:/opt/ros/jazzy/opt/gz_utils_vendor:/opt/ros/jazzy/opt/gz_cmake_vendor:/home/narayan/ros2_ws/install/turtle_sim:/home/narayan/ros2_ws/install/onepkg:/home/narayan/ros2_ws/install/TransNum:/opt/ros/jazzy DEBUGINFOD_URLS=https://debuginfod.ubuntu.com PYTHONPATH=/home/narayan/ros2_ws/install/onepkg/lib/python3.12/site-packages:/home/narayan/ros2_ws/install/my_interfaces/lib/python3.12/site-packages:/home/narayan/ros2_ws/install/TransNum/lib/python3.12/site-packages:/home/narayan/ros2_ws/install/turtle_sim/lib/python3.12/site-packages:/home/narayan/ros2_ws/install/led_activity/lib/python3.12/site-packages:/opt/ros/jazzy/lib/python3.12/site-packages /usr/bin/cmake --install /home/narayan/ros2_ws/build/launch_file
[0.389s] -- Install configuration: ""
[0.389s] -- Up-to-date: /home/narayan/ros2_ws/install/launch_file/share/launch_file/launch
[0.390s] -- Up-to-date: /home/narayan/ros2_ws/install/launch_file/share/launch_file/launch/radio_station.xml
[0.391s] -- Up-to-date: /home/narayan/ros2_ws/install/launch_file/share/launch_file/launch/python_launcher.xml
[0.391s] -- Up-to-date: /home/narayan/ros2_ws/install/launch_file/share/launch_file/launch/number_counter_launch.py
[0.392s] -- Up-to-date: /home/narayan/ros2_ws/install/launch_file/share/launch_file/launch/number_counter_launch.xml
[0.392s] -- Up-to-date: /home/narayan/ros2_ws/install/launch_file/share/launch_file/config
[0.393s] -- Up-to-date: /home/narayan/ros2_ws/install/launch_file/share/launch_file/config/number_params.yaml
[0.393s] -- Up-to-date: /home/narayan/ros2_ws/install/launch_file/share/ament_index/resource_index/package_run_dependencies/launch_file
[0.394s] -- Up-to-date: /home/narayan/ros2_ws/install/launch_file/share/ament_index/resource_index/parent_prefix_path/launch_file
[0.394s] -- Up-to-date: /home/narayan/ros2_ws/install/launch_file/share/launch_file/environment/ament_prefix_path.sh
[0.395s] -- Up-to-date: /home/narayan/ros2_ws/install/launch_file/share/launch_file/environment/ament_prefix_path.dsv
[0.395s] -- Up-to-date: /home/narayan/ros2_ws/install/launch_file/share/launch_file/environment/path.sh
[0.396s] -- Up-to-date: /home/narayan/ros2_ws/install/launch_file/share/launch_file/environment/path.dsv
[0.396s] -- Up-to-date: /home/narayan/ros2_ws/install/launch_file/share/launch_file/local_setup.bash
[0.397s] -- Up-to-date: /home/narayan/ros2_ws/install/launch_file/share/launch_file/local_setup.sh
[0.398s] -- Up-to-date: /home/narayan/ros2_ws/install/launch_file/share/launch_file/local_setup.zsh
[0.398s] -- Up-to-date: /home/narayan/ros2_ws/install/launch_file/share/launch_file/local_setup.dsv
[0.399s] -- Installing: /home/narayan/ros2_ws/install/launch_file/share/launch_file/package.dsv
[0.400s] -- Up-to-date: /home/narayan/ros2_ws/install/launch_file/share/ament_index/resource_index/packages/launch_file
[0.401s] -- Up-to-date: /home/narayan/ros2_ws/install/launch_file/share/launch_file/cmake/launch_fileConfig.cmake
[0.401s] -- Up-to-date: /home/narayan/ros2_ws/install/launch_file/share/launch_file/cmake/launch_fileConfig-version.cmake
[0.402s] -- Up-to-date: /home/narayan/ros2_ws/install/launch_file/share/launch_file/package.xml
[0.406s] Invoked command in '/home/narayan/ros2_ws/build/launch_file' returned '0': AMENT_PREFIX_PATH=/home/narayan/ros2_ws/install/onepkg:/home/narayan/ros2_ws/install/TransNum:/home/narayan/ros2_ws/install/turtle_sim:/home/narayan/ros2_ws/install/launch_file:/home/narayan/ros2_ws/install/led_activity:/home/narayan/ros2_ws/install/my_interfaces:/opt/ros/jazzy CMAKE_PREFIX_PATH=/home/narayan/ros2_ws/install/my_interfaces:/home/narayan/ros2_ws/install/launch_file:/home/narayan/ros2_ws/install/led_activity:/opt/ros/jazzy/opt/gz_math_vendor:/opt/ros/jazzy/opt/gz_utils_vendor:/opt/ros/jazzy/opt/gz_cmake_vendor:/home/narayan/ros2_ws/install/turtle_sim:/home/narayan/ros2_ws/install/onepkg:/home/narayan/ros2_ws/install/TransNum:/opt/ros/jazzy DEBUGINFOD_URLS=https://debuginfod.ubuntu.com PYTHONPATH=/home/narayan/ros2_ws/install/onepkg/lib/python3.12/site-packages:/home/narayan/ros2_ws/install/my_interfaces/lib/python3.12/site-packages:/home/narayan/ros2_ws/install/TransNum/lib/python3.12/site-packages:/home/narayan/ros2_ws/install/turtle_sim/lib/python3.12/site-packages:/home/narayan/ros2_ws/install/led_activity/lib/python3.12/site-packages:/opt/ros/jazzy/lib/python3.12/site-packages /usr/bin/cmake --install /home/narayan/ros2_ws/build/launch_file
