[4.629s] Invoking command in '/home/narayan/ros2_ws/src/turtle_sim': CMAKE_PREFIX_PATH=/home/narayan/ros2_ws/install/my_interfaces:/home/narayan/ros2_ws/install/launch_file:/home/narayan/ros2_ws/install/led_activity:/opt/ros/jazzy/opt/gz_math_vendor:/opt/ros/jazzy/opt/gz_utils_vendor:/opt/ros/jazzy/opt/gz_cmake_vendor DEBUGINFOD_URLS=https://debuginfod.ubuntu.com PYTHONPATH=/home/narayan/ros2_ws/build/turtle_sim/prefix_override:/usr/lib/python3/dist-packages/colcon_core/task/python/colcon_distutils_commands:/home/narayan/ros2_ws/install/turtle_sim/lib/python3.12/site-packages:/home/narayan/ros2_ws/install/my_interfaces/lib/python3.12/site-packages:/home/narayan/ros2_ws/install/turtle_sim/lib/python3.12/site-packages:/home/narayan/ros2_ws/install/onepkg/lib/python3.12/site-packages:/home/narayan/ros2_ws/install/led_activity/lib/python3.12/site-packages:/home/narayan/ros2_ws/install/TransNum/lib/python3.12/site-packages:/opt/ros/jazzy/lib/python3.12/site-packages /usr/bin/python3 -W ignore:setup.py install is deprecated -W ignore:easy_install command is deprecated setup.py egg_info --egg-base ../../build/turtle_sim build --build-base /home/narayan/ros2_ws/build/turtle_sim/build install --record /home/narayan/ros2_ws/build/turtle_sim/install.log --single-version-externally-managed install_data
[5.793s] running egg_info
[5.873s] writing ../../build/turtle_sim/turtle_sim.egg-info/PKG-INFO
[5.874s] writing dependency_links to ../../build/turtle_sim/turtle_sim.egg-info/dependency_links.txt
[5.876s] writing entry points to ../../build/turtle_sim/turtle_sim.egg-info/entry_points.txt
[5.876s] writing requirements to ../../build/turtle_sim/turtle_sim.egg-info/requires.txt
[5.877s] writing top-level names to ../../build/turtle_sim/turtle_sim.egg-info/top_level.txt
[6.051s] reading manifest file '../../build/turtle_sim/turtle_sim.egg-info/SOURCES.txt'
[6.056s] writing manifest file '../../build/turtle_sim/turtle_sim.egg-info/SOURCES.txt'
[6.057s] running build
[6.058s] running build_py
[6.059s] copying turtle_sim/turtle1.py -> /home/narayan/ros2_ws/build/turtle_sim/build/lib/turtle_sim
[6.061s] running install
[6.083s] running install_lib
[6.168s] copying /home/narayan/ros2_ws/build/turtle_sim/build/lib/turtle_sim/turtle1.py -> /home/narayan/ros2_ws/install/turtle_sim/lib/python3.12/site-packages/turtle_sim
[6.171s] byte-compiling /home/narayan/ros2_ws/install/turtle_sim/lib/python3.12/site-packages/turtle_sim/turtle1.py to turtle1.cpython-312.pyc
[6.175s] running install_data
[6.175s] running install_egg_info
[6.260s] removing '/home/narayan/ros2_ws/install/turtle_sim/lib/python3.12/site-packages/turtle_sim-0.0.0-py3.12.egg-info' (and everything under it)
[6.263s] Copying ../../build/turtle_sim/turtle_sim.egg-info to /home/narayan/ros2_ws/install/turtle_sim/lib/python3.12/site-packages/turtle_sim-0.0.0-py3.12.egg-info
[6.268s] running install_scripts
[6.921s] Installing server script to /home/narayan/ros2_ws/install/turtle_sim/lib/turtle_sim
[6.923s] Installing spawner script to /home/narayan/ros2_ws/install/turtle_sim/lib/turtle_sim
[6.924s] Installing turtle script to /home/narayan/ros2_ws/install/turtle_sim/lib/turtle_sim
[6.926s] writing list of installed files to '/home/narayan/ros2_ws/build/turtle_sim/install.log'
[7.082s] Invoked command in '/home/narayan/ros2_ws/src/turtle_sim' returned '0': CMAKE_PREFIX_PATH=/home/narayan/ros2_ws/install/my_interfaces:/home/narayan/ros2_ws/install/launch_file:/home/narayan/ros2_ws/install/led_activity:/opt/ros/jazzy/opt/gz_math_vendor:/opt/ros/jazzy/opt/gz_utils_vendor:/opt/ros/jazzy/opt/gz_cmake_vendor DEBUGINFOD_URLS=https://debuginfod.ubuntu.com PYTHONPATH=/home/narayan/ros2_ws/build/turtle_sim/prefix_override:/usr/lib/python3/dist-packages/colcon_core/task/python/colcon_distutils_commands:/home/narayan/ros2_ws/install/turtle_sim/lib/python3.12/site-packages:/home/narayan/ros2_ws/install/my_interfaces/lib/python3.12/site-packages:/home/narayan/ros2_ws/install/turtle_sim/lib/python3.12/site-packages:/home/narayan/ros2_ws/install/onepkg/lib/python3.12/site-packages:/home/narayan/ros2_ws/install/led_activity/lib/python3.12/site-packages:/home/narayan/ros2_ws/install/TransNum/lib/python3.12/site-packages:/opt/ros/jazzy/lib/python3.12/site-packages /usr/bin/python3 -W ignore:setup.py install is deprecated -W ignore:easy_install command is deprecated setup.py egg_info --egg-base ../../build/turtle_sim build --build-base /home/narayan/ros2_ws/build/turtle_sim/build install --record /home/narayan/ros2_ws/build/turtle_sim/install.log --single-version-externally-managed install_data
