[9.233s] Invoking command in '/home/narayan/ros2_ws/src/onepkg': CMAKE_PREFIX_PATH=/home/narayan/ros2_ws/install/my_interfaces:/home/narayan/ros2_ws/install/launch_file:/home/narayan/ros2_ws/install/led_activity:/opt/ros/jazzy/opt/gz_math_vendor:/opt/ros/jazzy/opt/gz_utils_vendor:/opt/ros/jazzy/opt/gz_cmake_vendor DEBUGINFOD_URLS=https://debuginfod.ubuntu.com PYTHONPATH=/home/narayan/ros2_ws/build/onepkg/prefix_override:/usr/lib/python3/dist-packages/colcon_core/task/python/colcon_distutils_commands:/home/narayan/ros2_ws/install/onepkg/lib/python3.12/site-packages:/home/narayan/ros2_ws/install/my_interfaces/lib/python3.12/site-packages:/home/narayan/ros2_ws/install/turtle_sim/lib/python3.12/site-packages:/home/narayan/ros2_ws/install/onepkg/lib/python3.12/site-packages:/home/narayan/ros2_ws/install/led_activity/lib/python3.12/site-packages:/home/narayan/ros2_ws/install/TransNum/lib/python3.12/site-packages:/opt/ros/jazzy/lib/python3.12/site-packages /usr/bin/python3 -W ignore:setup.py install is deprecated -W ignore:easy_install command is deprecated setup.py egg_info --egg-base ../../build/onepkg build --build-base /home/narayan/ros2_ws/build/onepkg/build install --record /home/narayan/ros2_ws/build/onepkg/install.log --single-version-externally-managed install_data
[12.007s] running egg_info
[12.153s] writing ../../build/onepkg/onepkg.egg-info/PKG-INFO
[12.157s] writing dependency_links to ../../build/onepkg/onepkg.egg-info/dependency_links.txt
[12.160s] writing entry points to ../../build/onepkg/onepkg.egg-info/entry_points.txt
[12.161s] writing requirements to ../../build/onepkg/onepkg.egg-info/requires.txt
[12.168s] writing top-level names to ../../build/onepkg/onepkg.egg-info/top_level.txt
[12.544s] reading manifest file '../../build/onepkg/onepkg.egg-info/SOURCES.txt'
[12.550s] writing manifest file '../../build/onepkg/onepkg.egg-info/SOURCES.txt'
[12.552s] running build
[12.554s] running build_py
[12.558s] running install
[12.590s] running install_lib
[12.774s] running install_data
[12.779s] running install_egg_info
[12.988s] removing '/home/narayan/ros2_ws/install/onepkg/lib/python3.12/site-packages/onepkg-0.0.0-py3.12.egg-info' (and everything under it)
[12.993s] Copying ../../build/onepkg/onepkg.egg-info to /home/narayan/ros2_ws/install/onepkg/lib/python3.12/site-packages/onepkg-0.0.0-py3.12.egg-info
[13.005s] running install_scripts
[14.415s] Installing client script to /home/narayan/ros2_ws/install/onepkg/lib/onepkg
[14.419s] Installing firstnode script to /home/narayan/ros2_ws/install/onepkg/lib/onepkg
[14.419s] Installing interface_test script to /home/narayan/ros2_ws/install/onepkg/lib/onepkg
[14.420s] Installing server script to /home/narayan/ros2_ws/install/onepkg/lib/onepkg
[14.421s] Installing smphnode script to /home/narayan/ros2_ws/install/onepkg/lib/onepkg
[14.429s] Installing transnode script to /home/narayan/ros2_ws/install/onepkg/lib/onepkg
[14.433s] writing list of installed files to '/home/narayan/ros2_ws/build/onepkg/install.log'
[14.607s] Invoked command in '/home/narayan/ros2_ws/src/onepkg' returned '0': CMAKE_PREFIX_PATH=/home/narayan/ros2_ws/install/my_interfaces:/home/narayan/ros2_ws/install/launch_file:/home/narayan/ros2_ws/install/led_activity:/opt/ros/jazzy/opt/gz_math_vendor:/opt/ros/jazzy/opt/gz_utils_vendor:/opt/ros/jazzy/opt/gz_cmake_vendor DEBUGINFOD_URLS=https://debuginfod.ubuntu.com PYTHONPATH=/home/narayan/ros2_ws/build/onepkg/prefix_override:/usr/lib/python3/dist-packages/colcon_core/task/python/colcon_distutils_commands:/home/narayan/ros2_ws/install/onepkg/lib/python3.12/site-packages:/home/narayan/ros2_ws/install/my_interfaces/lib/python3.12/site-packages:/home/narayan/ros2_ws/install/turtle_sim/lib/python3.12/site-packages:/home/narayan/ros2_ws/install/onepkg/lib/python3.12/site-packages:/home/narayan/ros2_ws/install/led_activity/lib/python3.12/site-packages:/home/narayan/ros2_ws/install/TransNum/lib/python3.12/site-packages:/opt/ros/jazzy/lib/python3.12/site-packages /usr/bin/python3 -W ignore:setup.py install is deprecated -W ignore:easy_install command is deprecated setup.py egg_info --egg-base ../../build/onepkg build --build-base /home/narayan/ros2_ws/build/onepkg/build install --record /home/narayan/ros2_ws/build/onepkg/install.log --single-version-externally-managed install_data
