[5.758s] DEBUG:colcon:Command line arguments: ['/usr/bin/colcon', 'list', '-p', '--base-paths', '/home/narayan/ros2_ws']
[5.760s] DEBUG:colcon:Parsed command line arguments: Namespace(log_base=None, log_level=None, verb_name='list', build_base='build', ignore_user_meta=False, metas=['./colcon.meta'], base_paths=['/home/narayan/ros2_ws'], packages_ignore=None, packages_ignore_regex=None, paths=None, packages_up_to=None, packages_up_to_regex=None, packages_above=None, packages_above_and_dependencies=None, packages_above_depth=None, packages_select_by_dep=None, packages_skip_by_dep=None, packages_skip_up_to=None, packages_select_build_failed=False, packages_skip_build_finished=False, packages_select_test_failures=False, packages_skip_test_passed=False, packages_select=None, packages_skip=None, packages_select_regex=None, packages_skip_regex=None, packages_start=None, packages_end=None, allow_overriding=[], topological_order=False, names_only=False, paths_only=True, topological_graph=False, topological_graph_dot=False, topological_graph_density=False, topological_graph_legend=False, topological_graph_dot_cluster=False, topological_graph_dot_include_skipped=False, mixin_files=None, mixin=None, verb_parser=<colcon_mixin.mixin.mixin_argument.MixinArgumentDecorator object at 0xffff92e0d280>, verb_extension=<colcon_package_information.verb.list.ListVerb object at 0xffff92de18b0>, main=<bound method ListVerb.main of <colcon_package_information.verb.list.ListVerb object at 0xffff92de18b0>>, mixin_verb=('list',))
[6.786s] Level 1:colcon.colcon_core.package_discovery:discover_packages(colcon_meta) check parameters
[6.791s] Level 1:colcon.colcon_core.package_discovery:discover_packages(recursive) check parameters
[6.792s] Level 1:colcon.colcon_core.package_discovery:discover_packages(ignore) check parameters
[6.794s] Level 1:colcon.colcon_core.package_discovery:discover_packages(path) check parameters
[6.796s] Level 1:colcon.colcon_core.package_discovery:discover_packages(recursive) discover
[6.797s] INFO:colcon.colcon_core.package_discovery:Crawling recursively for packages in '/home/narayan/ros2_ws'
[6.800s] Level 1:colcon.colcon_core.package_identification:_identify(/home/narayan/ros2_ws) by extensions ['ignore', 'ignore_ament_install']
[6.803s] Level 1:colcon.colcon_core.package_identification:_identify(/home/narayan/ros2_ws) by extension 'ignore'
[6.805s] Level 1:colcon.colcon_core.package_identification:_identify(/home/narayan/ros2_ws) by extension 'ignore_ament_install'
[6.807s] Level 1:colcon.colcon_core.package_identification:_identify(/home/narayan/ros2_ws) by extensions ['colcon_pkg']
[6.809s] Level 1:colcon.colcon_core.package_identification:_identify(/home/narayan/ros2_ws) by extension 'colcon_pkg'
[6.812s] Level 1:colcon.colcon_core.package_identification:_identify(/home/narayan/ros2_ws) by extensions ['colcon_meta']
[6.813s] Level 1:colcon.colcon_core.package_identification:_identify(/home/narayan/ros2_ws) by extension 'colcon_meta'
[6.813s] Level 1:colcon.colcon_core.package_identification:_identify(/home/narayan/ros2_ws) by extensions ['ros']
[6.814s] Level 1:colcon.colcon_core.package_identification:_identify(/home/narayan/ros2_ws) by extension 'ros'
[7.588s] Level 1:colcon.colcon_core.package_identification:_identify(/home/narayan/ros2_ws) by extensions ['cmake', 'python']
[7.589s] Level 1:colcon.colcon_core.package_identification:_identify(/home/narayan/ros2_ws) by extension 'cmake'
[7.593s] Level 1:colcon.colcon_core.package_identification:_identify(/home/narayan/ros2_ws) by extension 'python'
[7.595s] Level 1:colcon.colcon_core.package_identification:_identify(/home/narayan/ros2_ws) by extensions ['python_setup_py']
[7.596s] Level 1:colcon.colcon_core.package_identification:_identify(/home/narayan/ros2_ws) by extension 'python_setup_py'
[7.600s] Level 1:colcon.colcon_core.package_identification:_identify(/home/narayan/ros2_ws/build) by extensions ['ignore', 'ignore_ament_install']
[7.603s] Level 1:colcon.colcon_core.package_identification:_identify(/home/narayan/ros2_ws/build) by extension 'ignore'
[7.606s] Level 1:colcon.colcon_core.package_identification:_identify(/home/narayan/ros2_ws/build) ignored
[7.609s] Level 1:colcon.colcon_core.package_identification:_identify(/home/narayan/ros2_ws/install) by extensions ['ignore', 'ignore_ament_install']
[7.611s] Level 1:colcon.colcon_core.package_identification:_identify(/home/narayan/ros2_ws/install) by extension 'ignore'
[7.612s] Level 1:colcon.colcon_core.package_identification:_identify(/home/narayan/ros2_ws/install) ignored
[7.616s] Level 1:colcon.colcon_core.package_identification:_identify(/home/narayan/ros2_ws/log) by extensions ['ignore', 'ignore_ament_install']
[7.618s] Level 1:colcon.colcon_core.package_identification:_identify(/home/narayan/ros2_ws/log) by extension 'ignore'
[7.621s] Level 1:colcon.colcon_core.package_identification:_identify(/home/narayan/ros2_ws/log) ignored
[7.623s] Level 1:colcon.colcon_core.package_identification:_identify(/home/narayan/ros2_ws/src) by extensions ['ignore', 'ignore_ament_install']
[7.626s] Level 1:colcon.colcon_core.package_identification:_identify(/home/narayan/ros2_ws/src) by extension 'ignore'
[7.629s] Level 1:colcon.colcon_core.package_identification:_identify(/home/narayan/ros2_ws/src) by extension 'ignore_ament_install'
[7.631s] Level 1:colcon.colcon_core.package_identification:_identify(/home/narayan/ros2_ws/src) by extensions ['colcon_pkg']
[7.632s] Level 1:colcon.colcon_core.package_identification:_identify(/home/narayan/ros2_ws/src) by extension 'colcon_pkg'
[7.633s] Level 1:colcon.colcon_core.package_identification:_identify(/home/narayan/ros2_ws/src) by extensions ['colcon_meta']
[7.634s] Level 1:colcon.colcon_core.package_identification:_identify(/home/narayan/ros2_ws/src) by extension 'colcon_meta'
[7.635s] Level 1:colcon.colcon_core.package_identification:_identify(/home/narayan/ros2_ws/src) by extensions ['ros']
[7.636s] Level 1:colcon.colcon_core.package_identification:_identify(/home/narayan/ros2_ws/src) by extension 'ros'
[7.645s] Level 1:colcon.colcon_core.package_identification:_identify(/home/narayan/ros2_ws/src) by extensions ['cmake', 'python']
[7.648s] Level 1:colcon.colcon_core.package_identification:_identify(/home/narayan/ros2_ws/src) by extension 'cmake'
[7.652s] Level 1:colcon.colcon_core.package_identification:_identify(/home/narayan/ros2_ws/src) by extension 'python'
[7.653s] Level 1:colcon.colcon_core.package_identification:_identify(/home/narayan/ros2_ws/src) by extensions ['python_setup_py']
[7.654s] Level 1:colcon.colcon_core.package_identification:_identify(/home/narayan/ros2_ws/src) by extension 'python_setup_py'
[7.657s] Level 1:colcon.colcon_core.package_identification:_identify(/home/narayan/ros2_ws/src/TransNum) by extensions ['ignore', 'ignore_ament_install']
[7.659s] Level 1:colcon.colcon_core.package_identification:_identify(/home/narayan/ros2_ws/src/TransNum) by extension 'ignore'
[7.660s] Level 1:colcon.colcon_core.package_identification:_identify(/home/narayan/ros2_ws/src/TransNum) by extension 'ignore_ament_install'
[7.665s] Level 1:colcon.colcon_core.package_identification:_identify(/home/narayan/ros2_ws/src/TransNum) by extensions ['colcon_pkg']
[7.666s] Level 1:colcon.colcon_core.package_identification:_identify(/home/narayan/ros2_ws/src/TransNum) by extension 'colcon_pkg'
[7.667s] Level 1:colcon.colcon_core.package_identification:_identify(/home/narayan/ros2_ws/src/TransNum) by extensions ['colcon_meta']
[7.671s] Level 1:colcon.colcon_core.package_identification:_identify(/home/narayan/ros2_ws/src/TransNum) by extension 'colcon_meta'
[7.673s] Level 1:colcon.colcon_core.package_identification:_identify(/home/narayan/ros2_ws/src/TransNum) by extensions ['ros']
[7.677s] Level 1:colcon.colcon_core.package_identification:_identify(/home/narayan/ros2_ws/src/TransNum) by extension 'ros'
[7.778s] DEBUG:colcon.colcon_core.package_identification:Package '/home/narayan/ros2_ws/src/TransNum' with type 'ros.ament_python' and name 'TransNum'
[7.789s] Level 1:colcon.colcon_core.package_identification:_identify(/home/narayan/ros2_ws/src/my_interfaces) by extensions ['ignore', 'ignore_ament_install']
[7.791s] Level 1:colcon.colcon_core.package_identification:_identify(/home/narayan/ros2_ws/src/my_interfaces) by extension 'ignore'
[7.815s] Level 1:colcon.colcon_core.package_identification:_identify(/home/narayan/ros2_ws/src/my_interfaces) by extension 'ignore_ament_install'
[7.823s] Level 1:colcon.colcon_core.package_identification:_identify(/home/narayan/ros2_ws/src/my_interfaces) by extensions ['colcon_pkg']
[7.841s] Level 1:colcon.colcon_core.package_identification:_identify(/home/narayan/ros2_ws/src/my_interfaces) by extension 'colcon_pkg'
[7.855s] Level 1:colcon.colcon_core.package_identification:_identify(/home/narayan/ros2_ws/src/my_interfaces) by extensions ['colcon_meta']
[7.860s] Level 1:colcon.colcon_core.package_identification:_identify(/home/narayan/ros2_ws/src/my_interfaces) by extension 'colcon_meta'
[7.862s] Level 1:colcon.colcon_core.package_identification:_identify(/home/narayan/ros2_ws/src/my_interfaces) by extensions ['ros']
[7.862s] Level 1:colcon.colcon_core.package_identification:_identify(/home/narayan/ros2_ws/src/my_interfaces) by extension 'ros'
[7.891s] DEBUG:colcon.colcon_core.package_identification:Package '/home/narayan/ros2_ws/src/my_interfaces' with type 'ros.ament_cmake' and name 'my_interfaces'
[7.892s] Level 1:colcon.colcon_core.package_identification:_identify(/home/narayan/ros2_ws/src/onepkg) by extensions ['ignore', 'ignore_ament_install']
[7.893s] Level 1:colcon.colcon_core.package_identification:_identify(/home/narayan/ros2_ws/src/onepkg) by extension 'ignore'
[7.893s] Level 1:colcon.colcon_core.package_identification:_identify(/home/narayan/ros2_ws/src/onepkg) by extension 'ignore_ament_install'
[7.897s] Level 1:colcon.colcon_core.package_identification:_identify(/home/narayan/ros2_ws/src/onepkg) by extensions ['colcon_pkg']
[7.897s] Level 1:colcon.colcon_core.package_identification:_identify(/home/narayan/ros2_ws/src/onepkg) by extension 'colcon_pkg'
[7.898s] Level 1:colcon.colcon_core.package_identification:_identify(/home/narayan/ros2_ws/src/onepkg) by extensions ['colcon_meta']
[7.898s] Level 1:colcon.colcon_core.package_identification:_identify(/home/narayan/ros2_ws/src/onepkg) by extension 'colcon_meta'
[7.899s] Level 1:colcon.colcon_core.package_identification:_identify(/home/narayan/ros2_ws/src/onepkg) by extensions ['ros']
[7.899s] Level 1:colcon.colcon_core.package_identification:_identify(/home/narayan/ros2_ws/src/onepkg) by extension 'ros'
[7.917s] DEBUG:colcon.colcon_core.package_identification:Package '/home/narayan/ros2_ws/src/onepkg' with type 'ros.ament_python' and name 'onepkg'
[7.921s] Level 1:colcon.colcon_core.package_discovery:discover_packages(recursive) using defaults
