[0.016s] Invoking command in '/home/narayan_/Documents/ros2_ws/build/my_interfaces': CMAKE_PREFIX_PATH=${CMAKE_PREFIX_PATH}:/home/narayan_/Documents/ros2_ws/install/turtle_sim:/home/narayan_/Documents/ros2_ws/install/onepkg:/home/narayan_/Documents/ros2_ws/install/led_activity:/home/narayan_/Documents/ros2_ws/install/TransNum:/opt/ros/jazzy DEBUGINFOD_URLS=https://debuginfod.ubuntu.com /usr/bin/cmake --build /home/narayan_/Documents/ros2_ws/build/my_interfaces -- -j12 -l12
[0.187s] [  1%] Built target my_interfaces__rosidl_generator_type_description
[0.187s] [  1%] Built target ament_cmake_python_copy_my_interfaces
[0.187s] [  3%] Built target my_interfaces__cpp
[0.188s] [ 25%] Built target my_interfaces__rosidl_generator_c
[0.188s] [ 37%] Built target my_interfaces__rosidl_typesupport_c
[0.188s] [ 43%] Built target my_interfaces__rosidl_typesupport_cpp
[0.188s] [ 53%] Built target my_interfaces__rosidl_typesupport_introspection_c
[0.188s] [ 68%] Built target my_interfaces__rosidl_typesupport_fastrtps_c
[0.188s] [ 71%] Built target my_interfaces__rosidl_typesupport_introspection_cpp
[0.188s] [ 81%] Built target my_interfaces__rosidl_typesupport_fastrtps_cpp
[0.188s] [ 81%] Built target my_interfaces
[0.188s] [ 82%] Built target my_interfaces__py
[0.189s] [ 90%] Built target my_interfaces__rosidl_generator_py
[0.189s] [ 96%] Built target my_interfaces_s__rosidl_typesupport_c
[0.189s] [ 96%] Built target my_interfaces_s__rosidl_typesupport_fastrtps_c
[0.189s] [100%] Built target my_interfaces_s__rosidl_typesupport_introspection_c
[0.238s] running egg_info
[0.254s] writing my_interfaces.egg-info/PKG-INFO
[0.254s] writing dependency_links to my_interfaces.egg-info/dependency_links.txt
[0.254s] writing top-level names to my_interfaces.egg-info/top_level.txt
[0.299s] reading manifest file 'my_interfaces.egg-info/SOURCES.txt'
[0.300s] writing manifest file 'my_interfaces.egg-info/SOURCES.txt'
[0.321s] [100%] Built target ament_cmake_python_build_my_interfaces_egg
[0.331s] Invoked command in '/home/narayan_/Documents/ros2_ws/build/my_interfaces' returned '0': CMAKE_PREFIX_PATH=${CMAKE_PREFIX_PATH}:/home/narayan_/Documents/ros2_ws/install/turtle_sim:/home/narayan_/Documents/ros2_ws/install/onepkg:/home/narayan_/Documents/ros2_ws/install/led_activity:/home/narayan_/Documents/ros2_ws/install/TransNum:/opt/ros/jazzy DEBUGINFOD_URLS=https://debuginfod.ubuntu.com /usr/bin/cmake --build /home/narayan_/Documents/ros2_ws/build/my_interfaces -- -j12 -l12
[0.332s] Invoking command in '/home/narayan_/Documents/ros2_ws/build/my_interfaces': CMAKE_PREFIX_PATH=${CMAKE_PREFIX_PATH}:/home/narayan_/Documents/ros2_ws/install/turtle_sim:/home/narayan_/Documents/ros2_ws/install/onepkg:/home/narayan_/Documents/ros2_ws/install/led_activity:/home/narayan_/Documents/ros2_ws/install/TransNum:/opt/ros/jazzy DEBUGINFOD_URLS=https://debuginfod.ubuntu.com /usr/bin/cmake --install /home/narayan_/Documents/ros2_ws/build/my_interfaces
[0.340s] -- Install configuration: ""
[0.340s] -- Up-to-date: /home/narayan_/Documents/ros2_ws/install/my_interfaces/share/ament_index/resource_index/rosidl_interfaces/my_interfaces
[0.340s] -- Up-to-date: /home/narayan_/Documents/ros2_ws/install/my_interfaces/share/my_interfaces/msg/HdStatus.json
[0.340s] -- Up-to-date: /home/narayan_/Documents/ros2_ws/install/my_interfaces/share/my_interfaces/msg/LEDstatus.json
[0.340s] -- Up-to-date: /home/narayan_/Documents/ros2_ws/install/my_interfaces/share/my_interfaces/srv/SetLED.json
[0.340s] -- Up-to-date: /home/narayan_/Documents/ros2_ws/install/my_interfaces/share/my_interfaces/srv/TurtleHead.json
[0.340s] -- Up-to-date: /home/narayan_/Documents/ros2_ws/install/my_interfaces/include/my_interfaces/my_interfaces
[0.340s] -- Up-to-date: /home/narayan_/Documents/ros2_ws/install/my_interfaces/include/my_interfaces/my_interfaces/srv
[0.340s] -- Up-to-date: /home/narayan_/Documents/ros2_ws/install/my_interfaces/include/my_interfaces/my_interfaces/srv/set_led.h
[0.341s] -- Up-to-date: /home/narayan_/Documents/ros2_ws/install/my_interfaces/include/my_interfaces/my_interfaces/srv/turtle_head.h
[0.341s] -- Up-to-date: /home/narayan_/Documents/ros2_ws/install/my_interfaces/include/my_interfaces/my_interfaces/srv/detail
[0.341s] -- Up-to-date: /home/narayan_/Documents/ros2_ws/install/my_interfaces/include/my_interfaces/my_interfaces/srv/detail/set_led__type_support.c
[0.341s] -- Up-to-date: /home/narayan_/Documents/ros2_ws/install/my_interfaces/include/my_interfaces/my_interfaces/srv/detail/turtle_head__functions.c
[0.341s] -- Up-to-date: /home/narayan_/Documents/ros2_ws/install/my_interfaces/include/my_interfaces/my_interfaces/srv/detail/turtle_head__functions.h
[0.341s] -- Up-to-date: /home/narayan_/Documents/ros2_ws/install/my_interfaces/include/my_interfaces/my_interfaces/srv/detail/set_led__type_support.h
[0.341s] -- Up-to-date: /home/narayan_/Documents/ros2_ws/install/my_interfaces/include/my_interfaces/my_interfaces/srv/detail/set_led__functions.c
[0.341s] -- Up-to-date: /home/narayan_/Documents/ros2_ws/install/my_interfaces/include/my_interfaces/my_interfaces/srv/detail/set_led__struct.h
[0.341s] -- Up-to-date: /home/narayan_/Documents/ros2_ws/install/my_interfaces/include/my_interfaces/my_interfaces/srv/detail/set_led__description.c
[0.341s] -- Up-to-date: /home/narayan_/Documents/ros2_ws/install/my_interfaces/include/my_interfaces/my_interfaces/srv/detail/set_led__functions.h
[0.341s] -- Up-to-date: /home/narayan_/Documents/ros2_ws/install/my_interfaces/include/my_interfaces/my_interfaces/srv/detail/turtle_head__struct.h
[0.341s] -- Up-to-date: /home/narayan_/Documents/ros2_ws/install/my_interfaces/include/my_interfaces/my_interfaces/srv/detail/turtle_head__description.c
[0.341s] -- Up-to-date: /home/narayan_/Documents/ros2_ws/install/my_interfaces/include/my_interfaces/my_interfaces/srv/detail/turtle_head__type_support.h
[0.341s] -- Up-to-date: /home/narayan_/Documents/ros2_ws/install/my_interfaces/include/my_interfaces/my_interfaces/srv/detail/turtle_head__type_support.c
[0.341s] -- Up-to-date: /home/narayan_/Documents/ros2_ws/install/my_interfaces/include/my_interfaces/my_interfaces/msg
[0.341s] -- Up-to-date: /home/narayan_/Documents/ros2_ws/install/my_interfaces/include/my_interfaces/my_interfaces/msg/rosidl_generator_c__visibility_control.h
[0.342s] -- Up-to-date: /home/narayan_/Documents/ros2_ws/install/my_interfaces/include/my_interfaces/my_interfaces/msg/hd_status.h
[0.342s] -- Up-to-date: /home/narayan_/Documents/ros2_ws/install/my_interfaces/include/my_interfaces/my_interfaces/msg/le_dstatus.h
[0.342s] -- Up-to-date: /home/narayan_/Documents/ros2_ws/install/my_interfaces/include/my_interfaces/my_interfaces/msg/detail
[0.342s] -- Up-to-date: /home/narayan_/Documents/ros2_ws/install/my_interfaces/include/my_interfaces/my_interfaces/msg/detail/le_dstatus__functions.c
[0.342s] -- Up-to-date: /home/narayan_/Documents/ros2_ws/install/my_interfaces/include/my_interfaces/my_interfaces/msg/detail/le_dstatus__description.c
[0.342s] -- Up-to-date: /home/narayan_/Documents/ros2_ws/install/my_interfaces/include/my_interfaces/my_interfaces/msg/detail/le_dstatus__type_support.c
[0.342s] -- Up-to-date: /home/narayan_/Documents/ros2_ws/install/my_interfaces/include/my_interfaces/my_interfaces/msg/detail/hd_status__functions.h
[0.342s] -- Up-to-date: /home/narayan_/Documents/ros2_ws/install/my_interfaces/include/my_interfaces/my_interfaces/msg/detail/le_dstatus__functions.h
[0.342s] -- Up-to-date: /home/narayan_/Documents/ros2_ws/install/my_interfaces/include/my_interfaces/my_interfaces/msg/detail/le_dstatus__type_support.h
[0.342s] -- Up-to-date: /home/narayan_/Documents/ros2_ws/install/my_interfaces/include/my_interfaces/my_interfaces/msg/detail/le_dstatus__struct.h
[0.342s] -- Up-to-date: /home/narayan_/Documents/ros2_ws/install/my_interfaces/include/my_interfaces/my_interfaces/msg/detail/hd_status__description.c
[0.342s] -- Up-to-date: /home/narayan_/Documents/ros2_ws/install/my_interfaces/include/my_interfaces/my_interfaces/msg/detail/hd_status__type_support.h
[0.342s] -- Up-to-date: /home/narayan_/Documents/ros2_ws/install/my_interfaces/include/my_interfaces/my_interfaces/msg/detail/hd_status__type_support.c
[0.342s] -- Up-to-date: /home/narayan_/Documents/ros2_ws/install/my_interfaces/include/my_interfaces/my_interfaces/msg/detail/hd_status__functions.c
[0.342s] -- Up-to-date: /home/narayan_/Documents/ros2_ws/install/my_interfaces/include/my_interfaces/my_interfaces/msg/detail/hd_status__struct.h
[0.342s] -- Up-to-date: /home/narayan_/Documents/ros2_ws/install/my_interfaces/share/my_interfaces/environment/library_path.sh
[0.342s] -- Up-to-date: /home/narayan_/Documents/ros2_ws/install/my_interfaces/share/my_interfaces/environment/library_path.dsv
[0.342s] -- Up-to-date: /home/narayan_/Documents/ros2_ws/install/my_interfaces/lib/libmy_interfaces__rosidl_generator_c.so
[0.342s] -- Up-to-date: /home/narayan_/Documents/ros2_ws/install/my_interfaces/include/my_interfaces/my_interfaces
[0.343s] -- Up-to-date: /home/narayan_/Documents/ros2_ws/install/my_interfaces/include/my_interfaces/my_interfaces/srv
[0.343s] -- Up-to-date: /home/narayan_/Documents/ros2_ws/install/my_interfaces/include/my_interfaces/my_interfaces/srv/detail
[0.343s] -- Up-to-date: /home/narayan_/Documents/ros2_ws/install/my_interfaces/include/my_interfaces/my_interfaces/srv/detail/set_led__rosidl_typesupport_fastrtps_c.h
[0.343s] -- Up-to-date: /home/narayan_/Documents/ros2_ws/install/my_interfaces/include/my_interfaces/my_interfaces/srv/detail/turtle_head__rosidl_typesupport_fastrtps_c.h
[0.343s] -- Up-to-date: /home/narayan_/Documents/ros2_ws/install/my_interfaces/include/my_interfaces/my_interfaces/msg
[0.343s] -- Up-to-date: /home/narayan_/Documents/ros2_ws/install/my_interfaces/include/my_interfaces/my_interfaces/msg/rosidl_typesupport_fastrtps_c__visibility_control.h
[0.343s] -- Up-to-date: /home/narayan_/Documents/ros2_ws/install/my_interfaces/include/my_interfaces/my_interfaces/msg/detail
[0.343s] -- Up-to-date: /home/narayan_/Documents/ros2_ws/install/my_interfaces/include/my_interfaces/my_interfaces/msg/detail/hd_status__rosidl_typesupport_fastrtps_c.h
[0.343s] -- Up-to-date: /home/narayan_/Documents/ros2_ws/install/my_interfaces/include/my_interfaces/my_interfaces/msg/detail/le_dstatus__rosidl_typesupport_fastrtps_c.h
[0.343s] -- Up-to-date: /home/narayan_/Documents/ros2_ws/install/my_interfaces/lib/libmy_interfaces__rosidl_typesupport_fastrtps_c.so
[0.343s] -- Up-to-date: /home/narayan_/Documents/ros2_ws/install/my_interfaces/include/my_interfaces/my_interfaces
[0.343s] -- Up-to-date: /home/narayan_/Documents/ros2_ws/install/my_interfaces/include/my_interfaces/my_interfaces/srv
[0.343s] -- Up-to-date: /home/narayan_/Documents/ros2_ws/install/my_interfaces/include/my_interfaces/my_interfaces/srv/detail
[0.343s] -- Up-to-date: /home/narayan_/Documents/ros2_ws/install/my_interfaces/include/my_interfaces/my_interfaces/srv/detail/turtle_head__rosidl_typesupport_introspection_c.h
[0.343s] -- Up-to-date: /home/narayan_/Documents/ros2_ws/install/my_interfaces/include/my_interfaces/my_interfaces/srv/detail/set_led__type_support.c
[0.344s] -- Up-to-date: /home/narayan_/Documents/ros2_ws/install/my_interfaces/include/my_interfaces/my_interfaces/srv/detail/set_led__rosidl_typesupport_introspection_c.h
[0.344s] -- Up-to-date: /home/narayan_/Documents/ros2_ws/install/my_interfaces/include/my_interfaces/my_interfaces/srv/detail/turtle_head__type_support.c
[0.344s] -- Up-to-date: /home/narayan_/Documents/ros2_ws/install/my_interfaces/include/my_interfaces/my_interfaces/msg
[0.344s] -- Up-to-date: /home/narayan_/Documents/ros2_ws/install/my_interfaces/include/my_interfaces/my_interfaces/msg/rosidl_typesupport_introspection_c__visibility_control.h
[0.344s] -- Up-to-date: /home/narayan_/Documents/ros2_ws/install/my_interfaces/include/my_interfaces/my_interfaces/msg/detail
[0.344s] -- Up-to-date: /home/narayan_/Documents/ros2_ws/install/my_interfaces/include/my_interfaces/my_interfaces/msg/detail/le_dstatus__type_support.c
[0.344s] -- Up-to-date: /home/narayan_/Documents/ros2_ws/install/my_interfaces/include/my_interfaces/my_interfaces/msg/detail/hd_status__rosidl_typesupport_introspection_c.h
[0.344s] -- Up-to-date: /home/narayan_/Documents/ros2_ws/install/my_interfaces/include/my_interfaces/my_interfaces/msg/detail/le_dstatus__rosidl_typesupport_introspection_c.h
[0.344s] -- Up-to-date: /home/narayan_/Documents/ros2_ws/install/my_interfaces/include/my_interfaces/my_interfaces/msg/detail/hd_status__type_support.c
[0.344s] -- Up-to-date: /home/narayan_/Documents/ros2_ws/install/my_interfaces/lib/libmy_interfaces__rosidl_typesupport_introspection_c.so
[0.344s] -- Up-to-date: /home/narayan_/Documents/ros2_ws/install/my_interfaces/lib/libmy_interfaces__rosidl_typesupport_c.so
[0.344s] -- Up-to-date: /home/narayan_/Documents/ros2_ws/install/my_interfaces/include/my_interfaces/my_interfaces
[0.344s] -- Up-to-date: /home/narayan_/Documents/ros2_ws/install/my_interfaces/include/my_interfaces/my_interfaces/srv
[0.345s] -- Up-to-date: /home/narayan_/Documents/ros2_ws/install/my_interfaces/include/my_interfaces/my_interfaces/srv/turtle_head.hpp
[0.345s] -- Up-to-date: /home/narayan_/Documents/ros2_ws/install/my_interfaces/include/my_interfaces/my_interfaces/srv/set_led.hpp
[0.345s] -- Up-to-date: /home/narayan_/Documents/ros2_ws/install/my_interfaces/include/my_interfaces/my_interfaces/srv/detail
[0.345s] -- Up-to-date: /home/narayan_/Documents/ros2_ws/install/my_interfaces/include/my_interfaces/my_interfaces/srv/detail/set_led__struct.hpp
[0.345s] -- Up-to-date: /home/narayan_/Documents/ros2_ws/install/my_interfaces/include/my_interfaces/my_interfaces/srv/detail/set_led__traits.hpp
[0.345s] -- Up-to-date: /home/narayan_/Documents/ros2_ws/install/my_interfaces/include/my_interfaces/my_interfaces/srv/detail/turtle_head__builder.hpp
[0.345s] -- Up-to-date: /home/narayan_/Documents/ros2_ws/install/my_interfaces/include/my_interfaces/my_interfaces/srv/detail/set_led__builder.hpp
[0.345s] -- Up-to-date: /home/narayan_/Documents/ros2_ws/install/my_interfaces/include/my_interfaces/my_interfaces/srv/detail/turtle_head__traits.hpp
[0.345s] -- Up-to-date: /home/narayan_/Documents/ros2_ws/install/my_interfaces/include/my_interfaces/my_interfaces/srv/detail/turtle_head__struct.hpp
[0.345s] -- Up-to-date: /home/narayan_/Documents/ros2_ws/install/my_interfaces/include/my_interfaces/my_interfaces/srv/detail/turtle_head__type_support.hpp
[0.345s] -- Up-to-date: /home/narayan_/Documents/ros2_ws/install/my_interfaces/include/my_interfaces/my_interfaces/srv/detail/set_led__type_support.hpp
[0.345s] -- Up-to-date: /home/narayan_/Documents/ros2_ws/install/my_interfaces/include/my_interfaces/my_interfaces/msg
[0.345s] -- Up-to-date: /home/narayan_/Documents/ros2_ws/install/my_interfaces/include/my_interfaces/my_interfaces/msg/rosidl_generator_cpp__visibility_control.hpp
[0.345s] -- Up-to-date: /home/narayan_/Documents/ros2_ws/install/my_interfaces/include/my_interfaces/my_interfaces/msg/hd_status.hpp
[0.345s] -- Up-to-date: /home/narayan_/Documents/ros2_ws/install/my_interfaces/include/my_interfaces/my_interfaces/msg/detail
[0.345s] -- Up-to-date: /home/narayan_/Documents/ros2_ws/install/my_interfaces/include/my_interfaces/my_interfaces/msg/detail/le_dstatus__traits.hpp
[0.346s] -- Up-to-date: /home/narayan_/Documents/ros2_ws/install/my_interfaces/include/my_interfaces/my_interfaces/msg/detail/le_dstatus__builder.hpp
[0.346s] -- Up-to-date: /home/narayan_/Documents/ros2_ws/install/my_interfaces/include/my_interfaces/my_interfaces/msg/detail/hd_status__traits.hpp
[0.346s] -- Up-to-date: /home/narayan_/Documents/ros2_ws/install/my_interfaces/include/my_interfaces/my_interfaces/msg/detail/hd_status__builder.hpp
[0.346s] -- Up-to-date: /home/narayan_/Documents/ros2_ws/install/my_interfaces/include/my_interfaces/my_interfaces/msg/detail/hd_status__type_support.hpp
[0.346s] -- Up-to-date: /home/narayan_/Documents/ros2_ws/install/my_interfaces/include/my_interfaces/my_interfaces/msg/detail/le_dstatus__type_support.hpp
[0.346s] -- Up-to-date: /home/narayan_/Documents/ros2_ws/install/my_interfaces/include/my_interfaces/my_interfaces/msg/detail/hd_status__struct.hpp
[0.346s] -- Up-to-date: /home/narayan_/Documents/ros2_ws/install/my_interfaces/include/my_interfaces/my_interfaces/msg/detail/le_dstatus__struct.hpp
[0.346s] -- Up-to-date: /home/narayan_/Documents/ros2_ws/install/my_interfaces/include/my_interfaces/my_interfaces/msg/le_dstatus.hpp
[0.346s] -- Up-to-date: /home/narayan_/Documents/ros2_ws/install/my_interfaces/include/my_interfaces/my_interfaces
[0.346s] -- Up-to-date: /home/narayan_/Documents/ros2_ws/install/my_interfaces/include/my_interfaces/my_interfaces/srv
[0.346s] -- Up-to-date: /home/narayan_/Documents/ros2_ws/install/my_interfaces/include/my_interfaces/my_interfaces/srv/detail
[0.346s] -- Up-to-date: /home/narayan_/Documents/ros2_ws/install/my_interfaces/include/my_interfaces/my_interfaces/srv/detail/turtle_head__rosidl_typesupport_fastrtps_cpp.hpp
[0.346s] -- Up-to-date: /home/narayan_/Documents/ros2_ws/install/my_interfaces/include/my_interfaces/my_interfaces/srv/detail/dds_fastrtps
[0.346s] -- Up-to-date: /home/narayan_/Documents/ros2_ws/install/my_interfaces/include/my_interfaces/my_interfaces/srv/detail/set_led__rosidl_typesupport_fastrtps_cpp.hpp
[0.346s] -- Up-to-date: /home/narayan_/Documents/ros2_ws/install/my_interfaces/include/my_interfaces/my_interfaces/msg
[0.346s] -- Up-to-date: /home/narayan_/Documents/ros2_ws/install/my_interfaces/include/my_interfaces/my_interfaces/msg/detail
[0.346s] -- Up-to-date: /home/narayan_/Documents/ros2_ws/install/my_interfaces/include/my_interfaces/my_interfaces/msg/detail/hd_status__rosidl_typesupport_fastrtps_cpp.hpp
[0.346s] -- Up-to-date: /home/narayan_/Documents/ros2_ws/install/my_interfaces/include/my_interfaces/my_interfaces/msg/detail/dds_fastrtps
[0.346s] -- Up-to-date: /home/narayan_/Documents/ros2_ws/install/my_interfaces/include/my_interfaces/my_interfaces/msg/detail/le_dstatus__rosidl_typesupport_fastrtps_cpp.hpp
[0.346s] -- Up-to-date: /home/narayan_/Documents/ros2_ws/install/my_interfaces/include/my_interfaces/my_interfaces/msg/rosidl_typesupport_fastrtps_cpp__visibility_control.h
[0.346s] -- Up-to-date: /home/narayan_/Documents/ros2_ws/install/my_interfaces/lib/libmy_interfaces__rosidl_typesupport_fastrtps_cpp.so
[0.347s] -- Up-to-date: /home/narayan_/Documents/ros2_ws/install/my_interfaces/include/my_interfaces/my_interfaces
[0.347s] -- Up-to-date: /home/narayan_/Documents/ros2_ws/install/my_interfaces/include/my_interfaces/my_interfaces/srv
[0.347s] -- Up-to-date: /home/narayan_/Documents/ros2_ws/install/my_interfaces/include/my_interfaces/my_interfaces/srv/detail
[0.347s] -- Up-to-date: /home/narayan_/Documents/ros2_ws/install/my_interfaces/include/my_interfaces/my_interfaces/srv/detail/turtle_head__type_support.cpp
[0.347s] -- Up-to-date: /home/narayan_/Documents/ros2_ws/install/my_interfaces/include/my_interfaces/my_interfaces/srv/detail/set_led__type_support.cpp
[0.347s] -- Up-to-date: /home/narayan_/Documents/ros2_ws/install/my_interfaces/include/my_interfaces/my_interfaces/srv/detail/set_led__rosidl_typesupport_introspection_cpp.hpp
[0.347s] -- Up-to-date: /home/narayan_/Documents/ros2_ws/install/my_interfaces/include/my_interfaces/my_interfaces/srv/detail/turtle_head__rosidl_typesupport_introspection_cpp.hpp
[0.347s] -- Up-to-date: /home/narayan_/Documents/ros2_ws/install/my_interfaces/include/my_interfaces/my_interfaces/msg
[0.347s] -- Up-to-date: /home/narayan_/Documents/ros2_ws/install/my_interfaces/include/my_interfaces/my_interfaces/msg/detail
[0.347s] -- Up-to-date: /home/narayan_/Documents/ros2_ws/install/my_interfaces/include/my_interfaces/my_interfaces/msg/detail/le_dstatus__rosidl_typesupport_introspection_cpp.hpp
[0.347s] -- Up-to-date: /home/narayan_/Documents/ros2_ws/install/my_interfaces/include/my_interfaces/my_interfaces/msg/detail/le_dstatus__type_support.cpp
[0.347s] -- Up-to-date: /home/narayan_/Documents/ros2_ws/install/my_interfaces/include/my_interfaces/my_interfaces/msg/detail/hd_status__type_support.cpp
[0.347s] -- Up-to-date: /home/narayan_/Documents/ros2_ws/install/my_interfaces/include/my_interfaces/my_interfaces/msg/detail/hd_status__rosidl_typesupport_introspection_cpp.hpp
[0.347s] -- Up-to-date: /home/narayan_/Documents/ros2_ws/install/my_interfaces/lib/libmy_interfaces__rosidl_typesupport_introspection_cpp.so
[0.347s] -- Up-to-date: /home/narayan_/Documents/ros2_ws/install/my_interfaces/lib/libmy_interfaces__rosidl_typesupport_cpp.so
[0.347s] -- Up-to-date: /home/narayan_/Documents/ros2_ws/install/my_interfaces/share/my_interfaces/environment/pythonpath.sh
[0.347s] -- Up-to-date: /home/narayan_/Documents/ros2_ws/install/my_interfaces/share/my_interfaces/environment/pythonpath.dsv
[0.347s] -- Up-to-date: /home/narayan_/Documents/ros2_ws/install/my_interfaces/lib/python3.12/site-packages/my_interfaces-0.0.0-py3.12.egg-info
[0.347s] -- Installing: /home/narayan_/Documents/ros2_ws/install/my_interfaces/lib/python3.12/site-packages/my_interfaces-0.0.0-py3.12.egg-info/dependency_links.txt
[0.347s] -- Installing: /home/narayan_/Documents/ros2_ws/install/my_interfaces/lib/python3.12/site-packages/my_interfaces-0.0.0-py3.12.egg-info/top_level.txt
[0.347s] -- Installing: /home/narayan_/Documents/ros2_ws/install/my_interfaces/lib/python3.12/site-packages/my_interfaces-0.0.0-py3.12.egg-info/PKG-INFO
[0.347s] -- Installing: /home/narayan_/Documents/ros2_ws/install/my_interfaces/lib/python3.12/site-packages/my_interfaces-0.0.0-py3.12.egg-info/SOURCES.txt
[0.347s] -- Up-to-date: /home/narayan_/Documents/ros2_ws/install/my_interfaces/lib/python3.12/site-packages/my_interfaces
[0.347s] -- Up-to-date: /home/narayan_/Documents/ros2_ws/install/my_interfaces/lib/python3.12/site-packages/my_interfaces/my_interfaces_s__rosidl_typesupport_introspection_c.so
[0.348s] -- Up-to-date: /home/narayan_/Documents/ros2_ws/install/my_interfaces/lib/python3.12/site-packages/my_interfaces/my_interfaces_s__rosidl_typesupport_c.so
[0.348s] -- Up-to-date: /home/narayan_/Documents/ros2_ws/install/my_interfaces/lib/python3.12/site-packages/my_interfaces/_my_interfaces_s.ep.rosidl_typesupport_c.c
[0.348s] -- Up-to-date: /home/narayan_/Documents/ros2_ws/install/my_interfaces/lib/python3.12/site-packages/my_interfaces/my_interfaces_s__rosidl_typesupport_fastrtps_c.so
[0.348s] -- Up-to-date: /home/narayan_/Documents/ros2_ws/install/my_interfaces/lib/python3.12/site-packages/my_interfaces/_my_interfaces_s.ep.rosidl_typesupport_introspection_c.c
[0.348s] -- Up-to-date: /home/narayan_/Documents/ros2_ws/install/my_interfaces/lib/python3.12/site-packages/my_interfaces/__init__.py
[0.348s] -- Up-to-date: /home/narayan_/Documents/ros2_ws/install/my_interfaces/lib/python3.12/site-packages/my_interfaces/srv
[0.348s] -- Up-to-date: /home/narayan_/Documents/ros2_ws/install/my_interfaces/lib/python3.12/site-packages/my_interfaces/srv/_turtle_head.py
[0.348s] -- Up-to-date: /home/narayan_/Documents/ros2_ws/install/my_interfaces/lib/python3.12/site-packages/my_interfaces/srv/_set_led_s.c
[0.348s] -- Up-to-date: /home/narayan_/Documents/ros2_ws/install/my_interfaces/lib/python3.12/site-packages/my_interfaces/srv/_set_led.py
[0.348s] -- Up-to-date: /home/narayan_/Documents/ros2_ws/install/my_interfaces/lib/python3.12/site-packages/my_interfaces/srv/_turtle_head_s.c
[0.348s] -- Up-to-date: /home/narayan_/Documents/ros2_ws/install/my_interfaces/lib/python3.12/site-packages/my_interfaces/srv/__init__.py
[0.348s] -- Up-to-date: /home/narayan_/Documents/ros2_ws/install/my_interfaces/lib/python3.12/site-packages/my_interfaces/_my_interfaces_s.ep.rosidl_typesupport_fastrtps_c.c
[0.348s] -- Up-to-date: /home/narayan_/Documents/ros2_ws/install/my_interfaces/lib/python3.12/site-packages/my_interfaces/msg
[0.348s] -- Up-to-date: /home/narayan_/Documents/ros2_ws/install/my_interfaces/lib/python3.12/site-packages/my_interfaces/msg/_le_dstatus_s.c
[0.348s] -- Up-to-date: /home/narayan_/Documents/ros2_ws/install/my_interfaces/lib/python3.12/site-packages/my_interfaces/msg/_hd_status_s.c
[0.348s] -- Up-to-date: /home/narayan_/Documents/ros2_ws/install/my_interfaces/lib/python3.12/site-packages/my_interfaces/msg/__init__.py
[0.348s] -- Up-to-date: /home/narayan_/Documents/ros2_ws/install/my_interfaces/lib/python3.12/site-packages/my_interfaces/msg/_hd_status.py
[0.348s] -- Up-to-date: /home/narayan_/Documents/ros2_ws/install/my_interfaces/lib/python3.12/site-packages/my_interfaces/msg/_le_dstatus.py
[0.372s] Listing '/home/narayan_/Documents/ros2_ws/install/my_interfaces/lib/python3.12/site-packages/my_interfaces'...
[0.372s] Listing '/home/narayan_/Documents/ros2_ws/install/my_interfaces/lib/python3.12/site-packages/my_interfaces/msg'...
[0.372s] Listing '/home/narayan_/Documents/ros2_ws/install/my_interfaces/lib/python3.12/site-packages/my_interfaces/srv'...
[0.375s] -- Up-to-date: /home/narayan_/Documents/ros2_ws/install/my_interfaces/lib/python3.12/site-packages/my_interfaces/my_interfaces_s__rosidl_typesupport_fastrtps_c.so
[0.376s] -- Up-to-date: /home/narayan_/Documents/ros2_ws/install/my_interfaces/lib/python3.12/site-packages/my_interfaces/my_interfaces_s__rosidl_typesupport_introspection_c.so
[0.376s] -- Up-to-date: /home/narayan_/Documents/ros2_ws/install/my_interfaces/lib/python3.12/site-packages/my_interfaces/my_interfaces_s__rosidl_typesupport_c.so
[0.376s] -- Up-to-date: /home/narayan_/Documents/ros2_ws/install/my_interfaces/lib/libmy_interfaces__rosidl_generator_py.so
[0.377s] -- Up-to-date: /home/narayan_/Documents/ros2_ws/install/my_interfaces/share/my_interfaces/msg/HdStatus.idl
[0.377s] -- Up-to-date: /home/narayan_/Documents/ros2_ws/install/my_interfaces/share/my_interfaces/msg/LEDstatus.idl
[0.377s] -- Up-to-date: /home/narayan_/Documents/ros2_ws/install/my_interfaces/share/my_interfaces/srv/SetLED.idl
[0.377s] -- Up-to-date: /home/narayan_/Documents/ros2_ws/install/my_interfaces/share/my_interfaces/srv/TurtleHead.idl
[0.377s] -- Up-to-date: /home/narayan_/Documents/ros2_ws/install/my_interfaces/share/my_interfaces/msg/HdStatus.msg
[0.377s] -- Up-to-date: /home/narayan_/Documents/ros2_ws/install/my_interfaces/share/my_interfaces/msg/LEDstatus.msg
[0.377s] -- Up-to-date: /home/narayan_/Documents/ros2_ws/install/my_interfaces/share/my_interfaces/srv/SetLED.srv
[0.377s] -- Up-to-date: /home/narayan_/Documents/ros2_ws/install/my_interfaces/share/my_interfaces/srv/TurtleHead.srv
[0.377s] -- Up-to-date: /home/narayan_/Documents/ros2_ws/install/my_interfaces/share/ament_index/resource_index/package_run_dependencies/my_interfaces
[0.377s] -- Up-to-date: /home/narayan_/Documents/ros2_ws/install/my_interfaces/share/ament_index/resource_index/parent_prefix_path/my_interfaces
[0.377s] -- Up-to-date: /home/narayan_/Documents/ros2_ws/install/my_interfaces/share/my_interfaces/environment/ament_prefix_path.sh
[0.377s] -- Up-to-date: /home/narayan_/Documents/ros2_ws/install/my_interfaces/share/my_interfaces/environment/ament_prefix_path.dsv
[0.377s] -- Up-to-date: /home/narayan_/Documents/ros2_ws/install/my_interfaces/share/my_interfaces/environment/path.sh
[0.378s] -- Up-to-date: /home/narayan_/Documents/ros2_ws/install/my_interfaces/share/my_interfaces/environment/path.dsv
[0.378s] -- Up-to-date: /home/narayan_/Documents/ros2_ws/install/my_interfaces/share/my_interfaces/local_setup.bash
[0.378s] -- Up-to-date: /home/narayan_/Documents/ros2_ws/install/my_interfaces/share/my_interfaces/local_setup.sh
[0.378s] -- Up-to-date: /home/narayan_/Documents/ros2_ws/install/my_interfaces/share/my_interfaces/local_setup.zsh
[0.378s] -- Up-to-date: /home/narayan_/Documents/ros2_ws/install/my_interfaces/share/my_interfaces/local_setup.dsv
[0.378s] -- Installing: /home/narayan_/Documents/ros2_ws/install/my_interfaces/share/my_interfaces/package.dsv
[0.378s] -- Up-to-date: /home/narayan_/Documents/ros2_ws/install/my_interfaces/share/ament_index/resource_index/packages/my_interfaces
[0.378s] -- Up-to-date: /home/narayan_/Documents/ros2_ws/install/my_interfaces/share/my_interfaces/cmake/export_my_interfaces__rosidl_generator_cExport.cmake
[0.378s] -- Up-to-date: /home/narayan_/Documents/ros2_ws/install/my_interfaces/share/my_interfaces/cmake/export_my_interfaces__rosidl_generator_cExport-noconfig.cmake
[0.378s] -- Up-to-date: /home/narayan_/Documents/ros2_ws/install/my_interfaces/share/my_interfaces/cmake/export_my_interfaces__rosidl_typesupport_fastrtps_cExport.cmake
[0.378s] -- Up-to-date: /home/narayan_/Documents/ros2_ws/install/my_interfaces/share/my_interfaces/cmake/export_my_interfaces__rosidl_typesupport_fastrtps_cExport-noconfig.cmake
[0.378s] -- Up-to-date: /home/narayan_/Documents/ros2_ws/install/my_interfaces/share/my_interfaces/cmake/my_interfaces__rosidl_typesupport_introspection_cExport.cmake
[0.378s] -- Up-to-date: /home/narayan_/Documents/ros2_ws/install/my_interfaces/share/my_interfaces/cmake/my_interfaces__rosidl_typesupport_introspection_cExport-noconfig.cmake
[0.378s] -- Up-to-date: /home/narayan_/Documents/ros2_ws/install/my_interfaces/share/my_interfaces/cmake/my_interfaces__rosidl_typesupport_cExport.cmake
[0.379s] -- Up-to-date: /home/narayan_/Documents/ros2_ws/install/my_interfaces/share/my_interfaces/cmake/my_interfaces__rosidl_typesupport_cExport-noconfig.cmake
[0.379s] -- Up-to-date: /home/narayan_/Documents/ros2_ws/install/my_interfaces/share/my_interfaces/cmake/export_my_interfaces__rosidl_generator_cppExport.cmake
[0.379s] -- Up-to-date: /home/narayan_/Documents/ros2_ws/install/my_interfaces/share/my_interfaces/cmake/export_my_interfaces__rosidl_typesupport_fastrtps_cppExport.cmake
[0.379s] -- Up-to-date: /home/narayan_/Documents/ros2_ws/install/my_interfaces/share/my_interfaces/cmake/export_my_interfaces__rosidl_typesupport_fastrtps_cppExport-noconfig.cmake
[0.379s] -- Up-to-date: /home/narayan_/Documents/ros2_ws/install/my_interfaces/share/my_interfaces/cmake/my_interfaces__rosidl_typesupport_introspection_cppExport.cmake
[0.379s] -- Up-to-date: /home/narayan_/Documents/ros2_ws/install/my_interfaces/share/my_interfaces/cmake/my_interfaces__rosidl_typesupport_introspection_cppExport-noconfig.cmake
[0.379s] -- Up-to-date: /home/narayan_/Documents/ros2_ws/install/my_interfaces/share/my_interfaces/cmake/my_interfaces__rosidl_typesupport_cppExport.cmake
[0.379s] -- Up-to-date: /home/narayan_/Documents/ros2_ws/install/my_interfaces/share/my_interfaces/cmake/my_interfaces__rosidl_typesupport_cppExport-noconfig.cmake
[0.379s] -- Up-to-date: /home/narayan_/Documents/ros2_ws/install/my_interfaces/share/my_interfaces/cmake/export_my_interfaces__rosidl_generator_pyExport.cmake
[0.379s] -- Up-to-date: /home/narayan_/Documents/ros2_ws/install/my_interfaces/share/my_interfaces/cmake/export_my_interfaces__rosidl_generator_pyExport-noconfig.cmake
[0.379s] -- Up-to-date: /home/narayan_/Documents/ros2_ws/install/my_interfaces/share/my_interfaces/cmake/rosidl_cmake-extras.cmake
[0.379s] -- Up-to-date: /home/narayan_/Documents/ros2_ws/install/my_interfaces/share/my_interfaces/cmake/ament_cmake_export_dependencies-extras.cmake
[0.379s] -- Up-to-date: /home/narayan_/Documents/ros2_ws/install/my_interfaces/share/my_interfaces/cmake/ament_cmake_export_include_directories-extras.cmake
[0.379s] -- Up-to-date: /home/narayan_/Documents/ros2_ws/install/my_interfaces/share/my_interfaces/cmake/ament_cmake_export_libraries-extras.cmake
[0.379s] -- Up-to-date: /home/narayan_/Documents/ros2_ws/install/my_interfaces/share/my_interfaces/cmake/ament_cmake_export_targets-extras.cmake
[0.380s] -- Up-to-date: /home/narayan_/Documents/ros2_ws/install/my_interfaces/share/my_interfaces/cmake/rosidl_cmake_export_typesupport_targets-extras.cmake
[0.380s] -- Up-to-date: /home/narayan_/Documents/ros2_ws/install/my_interfaces/share/my_interfaces/cmake/rosidl_cmake_export_typesupport_libraries-extras.cmake
[0.380s] -- Up-to-date: /home/narayan_/Documents/ros2_ws/install/my_interfaces/share/my_interfaces/cmake/my_interfacesConfig.cmake
[0.380s] -- Up-to-date: /home/narayan_/Documents/ros2_ws/install/my_interfaces/share/my_interfaces/cmake/my_interfacesConfig-version.cmake
[0.380s] -- Up-to-date: /home/narayan_/Documents/ros2_ws/install/my_interfaces/share/my_interfaces/package.xml
[0.380s] Invoked command in '/home/narayan_/Documents/ros2_ws/build/my_interfaces' returned '0': CMAKE_PREFIX_PATH=${CMAKE_PREFIX_PATH}:/home/narayan_/Documents/ros2_ws/install/turtle_sim:/home/narayan_/Documents/ros2_ws/install/onepkg:/home/narayan_/Documents/ros2_ws/install/led_activity:/home/narayan_/Documents/ros2_ws/install/TransNum:/opt/ros/jazzy DEBUGINFOD_URLS=https://debuginfod.ubuntu.com /usr/bin/cmake --install /home/narayan_/Documents/ros2_ws/build/my_interfaces
