[11.005s] Invoking command in '/home/narayan/ros2_ws/src/onepkg': CMAKE_PREFIX_PATH=/home/narayan/ros2_ws/install/my_interfaces:/home/narayan/ros2_ws/install/launch_file:/home/narayan/ros2_ws/install/led_activity:/opt/ros/jazzy/opt/gz_math_vendor:/opt/ros/jazzy/opt/gz_utils_vendor:/opt/ros/jazzy/opt/gz_cmake_vendor DEBUGINFOD_URLS=https://debuginfod.ubuntu.com PYTHONPATH=/home/narayan/ros2_ws/build/onepkg/prefix_override:/usr/lib/python3/dist-packages/colcon_core/task/python/colcon_distutils_commands:/home/narayan/ros2_ws/install/onepkg/lib/python3.12/site-packages:/home/narayan/ros2_ws/install/my_interfaces/lib/python3.12/site-packages:/home/narayan/ros2_ws/install/turtle_sim/lib/python3.12/site-packages:/home/narayan/ros2_ws/install/onepkg/lib/python3.12/site-packages:/home/narayan/ros2_ws/install/led_activity/lib/python3.12/site-packages:/home/narayan/ros2_ws/install/TransNum/lib/python3.12/site-packages:/opt/ros/jazzy/lib/python3.12/site-packages /usr/bin/python3 -W ignore:setup.py install is deprecated -W ignore:easy_install command is deprecated setup.py egg_info --egg-base ../../build/onepkg build --build-base /home/narayan/ros2_ws/build/onepkg/build install --record /home/narayan/ros2_ws/build/onepkg/install.log --single-version-externally-managed install_data
[14.062s] running egg_info
[14.224s] writing ../../build/onepkg/onepkg.egg-info/PKG-INFO
[14.233s] writing dependency_links to ../../build/onepkg/onepkg.egg-info/dependency_links.txt
[14.234s] writing entry points to ../../build/onepkg/onepkg.egg-info/entry_points.txt
[14.235s] writing requirements to ../../build/onepkg/onepkg.egg-info/requires.txt
[14.246s] writing top-level names to ../../build/onepkg/onepkg.egg-info/top_level.txt
[14.586s] reading manifest file '../../build/onepkg/onepkg.egg-info/SOURCES.txt'
[14.596s] writing manifest file '../../build/onepkg/onepkg.egg-info/SOURCES.txt'
[14.598s] running build
[14.599s] running build_py
[14.611s] running install
[14.649s] running install_lib
[14.935s] running install_data
[14.940s] running install_egg_info
[15.219s] removing '/home/narayan/ros2_ws/install/onepkg/lib/python3.12/site-packages/onepkg-0.0.0-py3.12.egg-info' (and everything under it)
[15.230s] Copying ../../build/onepkg/onepkg.egg-info to /home/narayan/ros2_ws/install/onepkg/lib/python3.12/site-packages/onepkg-0.0.0-py3.12.egg-info
[15.248s] running install_scripts
[17.049s] Installing client script to /home/narayan/ros2_ws/install/onepkg/lib/onepkg
[17.051s] Installing firstnode script to /home/narayan/ros2_ws/install/onepkg/lib/onepkg
[17.066s] Installing interface_test script to /home/narayan/ros2_ws/install/onepkg/lib/onepkg
[17.080s] Installing server script to /home/narayan/ros2_ws/install/onepkg/lib/onepkg
[17.083s] Installing smphnode script to /home/narayan/ros2_ws/install/onepkg/lib/onepkg
[17.091s] Installing transnode script to /home/narayan/ros2_ws/install/onepkg/lib/onepkg
[17.104s] writing list of installed files to '/home/narayan/ros2_ws/build/onepkg/install.log'
[17.328s] Invoked command in '/home/narayan/ros2_ws/src/onepkg' returned '0': CMAKE_PREFIX_PATH=/home/narayan/ros2_ws/install/my_interfaces:/home/narayan/ros2_ws/install/launch_file:/home/narayan/ros2_ws/install/led_activity:/opt/ros/jazzy/opt/gz_math_vendor:/opt/ros/jazzy/opt/gz_utils_vendor:/opt/ros/jazzy/opt/gz_cmake_vendor DEBUGINFOD_URLS=https://debuginfod.ubuntu.com PYTHONPATH=/home/narayan/ros2_ws/build/onepkg/prefix_override:/usr/lib/python3/dist-packages/colcon_core/task/python/colcon_distutils_commands:/home/narayan/ros2_ws/install/onepkg/lib/python3.12/site-packages:/home/narayan/ros2_ws/install/my_interfaces/lib/python3.12/site-packages:/home/narayan/ros2_ws/install/turtle_sim/lib/python3.12/site-packages:/home/narayan/ros2_ws/install/onepkg/lib/python3.12/site-packages:/home/narayan/ros2_ws/install/led_activity/lib/python3.12/site-packages:/home/narayan/ros2_ws/install/TransNum/lib/python3.12/site-packages:/opt/ros/jazzy/lib/python3.12/site-packages /usr/bin/python3 -W ignore:setup.py install is deprecated -W ignore:easy_install command is deprecated setup.py egg_info --egg-base ../../build/onepkg build --build-base /home/narayan/ros2_ws/build/onepkg/build install --record /home/narayan/ros2_ws/build/onepkg/install.log --single-version-externally-managed install_data
