[0.145s] Invoking command in '/home/narayan/ros2_ws/build/my_interfaces': CMAKE_PREFIX_PATH=${CMAKE_PREFIX_PATH}:/home/narayan/ros2_ws/install/turtle_sim:/home/narayan/ros2_ws/install/onepkg:/home/narayan/ros2_ws/install/TransNum:/opt/ros/jazzy DEBUGINFOD_URLS=https://debuginfod.ubuntu.com /usr/bin/cmake --build /home/narayan/ros2_ws/build/my_interfaces -- -j4 -l4
[1.648s] [  1%] Built target my_interfaces__rosidl_generator_type_description
[1.648s] [  1%] Built target ament_cmake_python_copy_my_interfaces
[1.649s] [  3%] Built target my_interfaces__cpp
[1.653s] [ 25%] Built target my_interfaces__rosidl_generator_c
[1.654s] [ 34%] Built target my_interfaces__rosidl_typesupport_cpp
[1.654s] [ 43%] Built target my_interfaces__rosidl_typesupport_fastrtps_cpp
[1.655s] [ 53%] Built target my_interfaces__rosidl_typesupport_introspection_cpp
[1.655s] [ 62%] Built target my_interfaces__rosidl_typesupport_fastrtps_c
[1.660s] [ 71%] Built target my_interfaces__rosidl_typesupport_introspection_c
[1.660s] [ 81%] Built target my_interfaces__rosidl_typesupport_c
[1.661s] [ 81%] Built target my_interfaces
[1.661s] [ 82%] Built target my_interfaces__py
[1.798s] [ 90%] Built target my_interfaces__rosidl_generator_py
[2.028s] [ 93%] Built target my_interfaces_s__rosidl_typesupport_introspection_c
[2.070s] [ 96%] Built target my_interfaces_s__rosidl_typesupport_fastrtps_c
[2.080s] [100%] Built target my_interfaces_s__rosidl_typesupport_c
[2.337s] running egg_info
[2.464s] writing my_interfaces.egg-info/PKG-INFO
[2.466s] writing dependency_links to my_interfaces.egg-info/dependency_links.txt
[2.469s] writing top-level names to my_interfaces.egg-info/top_level.txt
[2.837s] reading manifest file 'my_interfaces.egg-info/SOURCES.txt'
[2.843s] writing manifest file 'my_interfaces.egg-info/SOURCES.txt'
[3.027s] [100%] Built target ament_cmake_python_build_my_interfaces_egg
[3.095s] Invoked command in '/home/narayan/ros2_ws/build/my_interfaces' returned '0': CMAKE_PREFIX_PATH=${CMAKE_PREFIX_PATH}:/home/narayan/ros2_ws/install/turtle_sim:/home/narayan/ros2_ws/install/onepkg:/home/narayan/ros2_ws/install/TransNum:/opt/ros/jazzy DEBUGINFOD_URLS=https://debuginfod.ubuntu.com /usr/bin/cmake --build /home/narayan/ros2_ws/build/my_interfaces -- -j4 -l4
[3.161s] Invoking command in '/home/narayan/ros2_ws/build/my_interfaces': CMAKE_PREFIX_PATH=${CMAKE_PREFIX_PATH}:/home/narayan/ros2_ws/install/turtle_sim:/home/narayan/ros2_ws/install/onepkg:/home/narayan/ros2_ws/install/TransNum:/opt/ros/jazzy DEBUGINFOD_URLS=https://debuginfod.ubuntu.com /usr/bin/cmake --install /home/narayan/ros2_ws/build/my_interfaces
[3.207s] -- Install configuration: ""
[3.207s] -- Up-to-date: /home/narayan/ros2_ws/install/my_interfaces/share/ament_index/resource_index/rosidl_interfaces/my_interfaces
[3.208s] -- Up-to-date: /home/narayan/ros2_ws/install/my_interfaces/share/my_interfaces/msg/HdStatus.json
[3.209s] -- Up-to-date: /home/narayan/ros2_ws/install/my_interfaces/share/my_interfaces/msg/LEDstatus.json
[3.210s] -- Up-to-date: /home/narayan/ros2_ws/install/my_interfaces/share/my_interfaces/srv/SetLED.json
[3.211s] -- Up-to-date: /home/narayan/ros2_ws/install/my_interfaces/share/my_interfaces/srv/TurtleHead.json
[3.212s] -- Up-to-date: /home/narayan/ros2_ws/install/my_interfaces/include/my_interfaces/my_interfaces
[3.213s] -- Up-to-date: /home/narayan/ros2_ws/install/my_interfaces/include/my_interfaces/my_interfaces/srv
[3.213s] -- Up-to-date: /home/narayan/ros2_ws/install/my_interfaces/include/my_interfaces/my_interfaces/srv/set_led.h
[3.214s] -- Up-to-date: /home/narayan/ros2_ws/install/my_interfaces/include/my_interfaces/my_interfaces/srv/turtle_head.h
[3.214s] -- Up-to-date: /home/narayan/ros2_ws/install/my_interfaces/include/my_interfaces/my_interfaces/srv/detail
[3.215s] -- Up-to-date: /home/narayan/ros2_ws/install/my_interfaces/include/my_interfaces/my_interfaces/srv/detail/set_led__functions.c
[3.215s] -- Up-to-date: /home/narayan/ros2_ws/install/my_interfaces/include/my_interfaces/my_interfaces/srv/detail/set_led__struct.h
[3.216s] -- Installing: /home/narayan/ros2_ws/install/my_interfaces/include/my_interfaces/my_interfaces/srv/detail/turtle_head__type_support.c
[3.217s] -- Installing: /home/narayan/ros2_ws/install/my_interfaces/include/my_interfaces/my_interfaces/srv/detail/set_led__type_support.c
[3.219s] -- Up-to-date: /home/narayan/ros2_ws/install/my_interfaces/include/my_interfaces/my_interfaces/srv/detail/turtle_head__type_support.h
[3.220s] -- Up-to-date: /home/narayan/ros2_ws/install/my_interfaces/include/my_interfaces/my_interfaces/srv/detail/set_led__functions.h
[3.221s] -- Up-to-date: /home/narayan/ros2_ws/install/my_interfaces/include/my_interfaces/my_interfaces/srv/detail/turtle_head__description.c
[3.222s] -- Up-to-date: /home/narayan/ros2_ws/install/my_interfaces/include/my_interfaces/my_interfaces/srv/detail/set_led__description.c
[3.223s] -- Up-to-date: /home/narayan/ros2_ws/install/my_interfaces/include/my_interfaces/my_interfaces/srv/detail/turtle_head__functions.h
[3.223s] -- Up-to-date: /home/narayan/ros2_ws/install/my_interfaces/include/my_interfaces/my_interfaces/srv/detail/set_led__type_support.h
[3.224s] -- Up-to-date: /home/narayan/ros2_ws/install/my_interfaces/include/my_interfaces/my_interfaces/srv/detail/turtle_head__functions.c
[3.224s] -- Up-to-date: /home/narayan/ros2_ws/install/my_interfaces/include/my_interfaces/my_interfaces/srv/detail/turtle_head__struct.h
[3.226s] -- Up-to-date: /home/narayan/ros2_ws/install/my_interfaces/include/my_interfaces/my_interfaces/msg
[3.227s] -- Up-to-date: /home/narayan/ros2_ws/install/my_interfaces/include/my_interfaces/my_interfaces/msg/le_dstatus.h
[3.227s] -- Up-to-date: /home/narayan/ros2_ws/install/my_interfaces/include/my_interfaces/my_interfaces/msg/hd_status.h
[3.228s] -- Up-to-date: /home/narayan/ros2_ws/install/my_interfaces/include/my_interfaces/my_interfaces/msg/rosidl_generator_c__visibility_control.h
[3.228s] -- Up-to-date: /home/narayan/ros2_ws/install/my_interfaces/include/my_interfaces/my_interfaces/msg/detail
[3.229s] -- Up-to-date: /home/narayan/ros2_ws/install/my_interfaces/include/my_interfaces/my_interfaces/msg/detail/hd_status__description.c
[3.230s] -- Up-to-date: /home/narayan/ros2_ws/install/my_interfaces/include/my_interfaces/my_interfaces/msg/detail/hd_status__type_support.h
[3.230s] -- Installing: /home/narayan/ros2_ws/install/my_interfaces/include/my_interfaces/my_interfaces/msg/detail/hd_status__type_support.c
[3.231s] -- Up-to-date: /home/narayan/ros2_ws/install/my_interfaces/include/my_interfaces/my_interfaces/msg/detail/le_dstatus__functions.c
[3.231s] -- Up-to-date: /home/narayan/ros2_ws/install/my_interfaces/include/my_interfaces/my_interfaces/msg/detail/le_dstatus__description.c
[3.232s] -- Up-to-date: /home/narayan/ros2_ws/install/my_interfaces/include/my_interfaces/my_interfaces/msg/detail/le_dstatus__struct.h
[3.232s] -- Up-to-date: /home/narayan/ros2_ws/install/my_interfaces/include/my_interfaces/my_interfaces/msg/detail/hd_status__functions.h
[3.233s] -- Up-to-date: /home/narayan/ros2_ws/install/my_interfaces/include/my_interfaces/my_interfaces/msg/detail/le_dstatus__type_support.h
[3.233s] -- Up-to-date: /home/narayan/ros2_ws/install/my_interfaces/include/my_interfaces/my_interfaces/msg/detail/hd_status__struct.h
[3.234s] -- Up-to-date: /home/narayan/ros2_ws/install/my_interfaces/include/my_interfaces/my_interfaces/msg/detail/hd_status__functions.c
[3.234s] -- Up-to-date: /home/narayan/ros2_ws/install/my_interfaces/include/my_interfaces/my_interfaces/msg/detail/le_dstatus__functions.h
[3.235s] -- Installing: /home/narayan/ros2_ws/install/my_interfaces/include/my_interfaces/my_interfaces/msg/detail/le_dstatus__type_support.c
[3.235s] -- Up-to-date: /home/narayan/ros2_ws/install/my_interfaces/share/my_interfaces/environment/library_path.sh
[3.236s] -- Up-to-date: /home/narayan/ros2_ws/install/my_interfaces/share/my_interfaces/environment/library_path.dsv
[3.237s] -- Up-to-date: /home/narayan/ros2_ws/install/my_interfaces/lib/libmy_interfaces__rosidl_generator_c.so
[3.239s] -- Up-to-date: /home/narayan/ros2_ws/install/my_interfaces/include/my_interfaces/my_interfaces
[3.243s] -- Up-to-date: /home/narayan/ros2_ws/install/my_interfaces/include/my_interfaces/my_interfaces/srv
[3.244s] -- Up-to-date: /home/narayan/ros2_ws/install/my_interfaces/include/my_interfaces/my_interfaces/srv/detail
[3.245s] -- Up-to-date: /home/narayan/ros2_ws/install/my_interfaces/include/my_interfaces/my_interfaces/srv/detail/set_led__rosidl_typesupport_fastrtps_c.h
[3.247s] -- Up-to-date: /home/narayan/ros2_ws/install/my_interfaces/include/my_interfaces/my_interfaces/srv/detail/turtle_head__rosidl_typesupport_fastrtps_c.h
[3.248s] -- Up-to-date: /home/narayan/ros2_ws/install/my_interfaces/include/my_interfaces/my_interfaces/msg
[3.249s] -- Up-to-date: /home/narayan/ros2_ws/install/my_interfaces/include/my_interfaces/my_interfaces/msg/rosidl_typesupport_fastrtps_c__visibility_control.h
[3.250s] -- Up-to-date: /home/narayan/ros2_ws/install/my_interfaces/include/my_interfaces/my_interfaces/msg/detail
[3.251s] -- Up-to-date: /home/narayan/ros2_ws/install/my_interfaces/include/my_interfaces/my_interfaces/msg/detail/le_dstatus__rosidl_typesupport_fastrtps_c.h
[3.254s] -- Up-to-date: /home/narayan/ros2_ws/install/my_interfaces/include/my_interfaces/my_interfaces/msg/detail/hd_status__rosidl_typesupport_fastrtps_c.h
[3.256s] -- Up-to-date: /home/narayan/ros2_ws/install/my_interfaces/lib/libmy_interfaces__rosidl_typesupport_fastrtps_c.so
[3.257s] -- Up-to-date: /home/narayan/ros2_ws/install/my_interfaces/include/my_interfaces/my_interfaces
[3.260s] -- Up-to-date: /home/narayan/ros2_ws/install/my_interfaces/include/my_interfaces/my_interfaces/srv
[3.261s] -- Up-to-date: /home/narayan/ros2_ws/install/my_interfaces/include/my_interfaces/my_interfaces/srv/detail
[3.262s] -- Installing: /home/narayan/ros2_ws/install/my_interfaces/include/my_interfaces/my_interfaces/srv/detail/turtle_head__type_support.c
[3.270s] -- Installing: /home/narayan/ros2_ws/install/my_interfaces/include/my_interfaces/my_interfaces/srv/detail/set_led__type_support.c
[3.275s] -- Up-to-date: /home/narayan/ros2_ws/install/my_interfaces/include/my_interfaces/my_interfaces/srv/detail/turtle_head__rosidl_typesupport_introspection_c.h
[3.277s] -- Up-to-date: /home/narayan/ros2_ws/install/my_interfaces/include/my_interfaces/my_interfaces/srv/detail/set_led__rosidl_typesupport_introspection_c.h
[3.278s] -- Up-to-date: /home/narayan/ros2_ws/install/my_interfaces/include/my_interfaces/my_interfaces/msg
[3.279s] -- Up-to-date: /home/narayan/ros2_ws/install/my_interfaces/include/my_interfaces/my_interfaces/msg/rosidl_typesupport_introspection_c__visibility_control.h
[3.279s] -- Up-to-date: /home/narayan/ros2_ws/install/my_interfaces/include/my_interfaces/my_interfaces/msg/detail
[3.280s] -- Up-to-date: /home/narayan/ros2_ws/install/my_interfaces/include/my_interfaces/my_interfaces/msg/detail/le_dstatus__rosidl_typesupport_introspection_c.h
[3.281s] -- Installing: /home/narayan/ros2_ws/install/my_interfaces/include/my_interfaces/my_interfaces/msg/detail/hd_status__type_support.c
[3.282s] -- Up-to-date: /home/narayan/ros2_ws/install/my_interfaces/include/my_interfaces/my_interfaces/msg/detail/hd_status__rosidl_typesupport_introspection_c.h
[3.284s] -- Installing: /home/narayan/ros2_ws/install/my_interfaces/include/my_interfaces/my_interfaces/msg/detail/le_dstatus__type_support.c
[3.290s] -- Up-to-date: /home/narayan/ros2_ws/install/my_interfaces/lib/libmy_interfaces__rosidl_typesupport_introspection_c.so
[3.294s] -- Up-to-date: /home/narayan/ros2_ws/install/my_interfaces/lib/libmy_interfaces__rosidl_typesupport_c.so
[3.295s] -- Up-to-date: /home/narayan/ros2_ws/install/my_interfaces/include/my_interfaces/my_interfaces
[3.297s] -- Up-to-date: /home/narayan/ros2_ws/install/my_interfaces/include/my_interfaces/my_interfaces/srv
[3.299s] -- Up-to-date: /home/narayan/ros2_ws/install/my_interfaces/include/my_interfaces/my_interfaces/srv/set_led.hpp
[3.300s] -- Up-to-date: /home/narayan/ros2_ws/install/my_interfaces/include/my_interfaces/my_interfaces/srv/turtle_head.hpp
[3.300s] -- Up-to-date: /home/narayan/ros2_ws/install/my_interfaces/include/my_interfaces/my_interfaces/srv/detail
[3.301s] -- Up-to-date: /home/narayan/ros2_ws/install/my_interfaces/include/my_interfaces/my_interfaces/srv/detail/set_led__builder.hpp
[3.301s] -- Up-to-date: /home/narayan/ros2_ws/install/my_interfaces/include/my_interfaces/my_interfaces/srv/detail/turtle_head__struct.hpp
[3.303s] -- Up-to-date: /home/narayan/ros2_ws/install/my_interfaces/include/my_interfaces/my_interfaces/srv/detail/set_led__traits.hpp
[3.304s] -- Up-to-date: /home/narayan/ros2_ws/install/my_interfaces/include/my_interfaces/my_interfaces/srv/detail/turtle_head__type_support.hpp
[3.305s] -- Up-to-date: /home/narayan/ros2_ws/install/my_interfaces/include/my_interfaces/my_interfaces/srv/detail/turtle_head__builder.hpp
[3.305s] -- Up-to-date: /home/narayan/ros2_ws/install/my_interfaces/include/my_interfaces/my_interfaces/srv/detail/set_led__type_support.hpp
[3.306s] -- Up-to-date: /home/narayan/ros2_ws/install/my_interfaces/include/my_interfaces/my_interfaces/srv/detail/turtle_head__traits.hpp
[3.306s] -- Up-to-date: /home/narayan/ros2_ws/install/my_interfaces/include/my_interfaces/my_interfaces/srv/detail/set_led__struct.hpp
[3.306s] -- Up-to-date: /home/narayan/ros2_ws/install/my_interfaces/include/my_interfaces/my_interfaces/msg
[3.307s] -- Up-to-date: /home/narayan/ros2_ws/install/my_interfaces/include/my_interfaces/my_interfaces/msg/rosidl_generator_cpp__visibility_control.hpp
[3.308s] -- Up-to-date: /home/narayan/ros2_ws/install/my_interfaces/include/my_interfaces/my_interfaces/msg/le_dstatus.hpp
[3.308s] -- Up-to-date: /home/narayan/ros2_ws/install/my_interfaces/include/my_interfaces/my_interfaces/msg/hd_status.hpp
[3.309s] -- Up-to-date: /home/narayan/ros2_ws/install/my_interfaces/include/my_interfaces/my_interfaces/msg/detail
[3.309s] -- Up-to-date: /home/narayan/ros2_ws/install/my_interfaces/include/my_interfaces/my_interfaces/msg/detail/hd_status__type_support.hpp
[3.310s] -- Up-to-date: /home/narayan/ros2_ws/install/my_interfaces/include/my_interfaces/my_interfaces/msg/detail/le_dstatus__type_support.hpp
[3.310s] -- Up-to-date: /home/narayan/ros2_ws/install/my_interfaces/include/my_interfaces/my_interfaces/msg/detail/le_dstatus__struct.hpp
[3.310s] -- Up-to-date: /home/narayan/ros2_ws/install/my_interfaces/include/my_interfaces/my_interfaces/msg/detail/hd_status__traits.hpp
[3.311s] -- Up-to-date: /home/narayan/ros2_ws/install/my_interfaces/include/my_interfaces/my_interfaces/msg/detail/le_dstatus__builder.hpp
[3.312s] -- Up-to-date: /home/narayan/ros2_ws/install/my_interfaces/include/my_interfaces/my_interfaces/msg/detail/hd_status__builder.hpp
[3.312s] -- Up-to-date: /home/narayan/ros2_ws/install/my_interfaces/include/my_interfaces/my_interfaces/msg/detail/le_dstatus__traits.hpp
[3.313s] -- Up-to-date: /home/narayan/ros2_ws/install/my_interfaces/include/my_interfaces/my_interfaces/msg/detail/hd_status__struct.hpp
[3.313s] -- Up-to-date: /home/narayan/ros2_ws/install/my_interfaces/include/my_interfaces/my_interfaces
[3.314s] -- Up-to-date: /home/narayan/ros2_ws/install/my_interfaces/include/my_interfaces/my_interfaces/srv
[3.315s] -- Up-to-date: /home/narayan/ros2_ws/install/my_interfaces/include/my_interfaces/my_interfaces/srv/detail
[3.315s] -- Up-to-date: /home/narayan/ros2_ws/install/my_interfaces/include/my_interfaces/my_interfaces/srv/detail/dds_fastrtps
[3.316s] -- Up-to-date: /home/narayan/ros2_ws/install/my_interfaces/include/my_interfaces/my_interfaces/srv/detail/turtle_head__rosidl_typesupport_fastrtps_cpp.hpp
[3.316s] -- Up-to-date: /home/narayan/ros2_ws/install/my_interfaces/include/my_interfaces/my_interfaces/srv/detail/set_led__rosidl_typesupport_fastrtps_cpp.hpp
[3.317s] -- Up-to-date: /home/narayan/ros2_ws/install/my_interfaces/include/my_interfaces/my_interfaces/msg
[3.317s] -- Up-to-date: /home/narayan/ros2_ws/install/my_interfaces/include/my_interfaces/my_interfaces/msg/rosidl_typesupport_fastrtps_cpp__visibility_control.h
[3.318s] -- Up-to-date: /home/narayan/ros2_ws/install/my_interfaces/include/my_interfaces/my_interfaces/msg/detail
[3.318s] -- Up-to-date: /home/narayan/ros2_ws/install/my_interfaces/include/my_interfaces/my_interfaces/msg/detail/le_dstatus__rosidl_typesupport_fastrtps_cpp.hpp
[3.319s] -- Up-to-date: /home/narayan/ros2_ws/install/my_interfaces/include/my_interfaces/my_interfaces/msg/detail/hd_status__rosidl_typesupport_fastrtps_cpp.hpp
[3.319s] -- Up-to-date: /home/narayan/ros2_ws/install/my_interfaces/include/my_interfaces/my_interfaces/msg/detail/dds_fastrtps
[3.320s] -- Up-to-date: /home/narayan/ros2_ws/install/my_interfaces/lib/libmy_interfaces__rosidl_typesupport_fastrtps_cpp.so
[3.320s] -- Up-to-date: /home/narayan/ros2_ws/install/my_interfaces/include/my_interfaces/my_interfaces
[3.322s] -- Up-to-date: /home/narayan/ros2_ws/install/my_interfaces/include/my_interfaces/my_interfaces/srv
[3.322s] -- Up-to-date: /home/narayan/ros2_ws/install/my_interfaces/include/my_interfaces/my_interfaces/srv/detail
[3.323s] -- Up-to-date: /home/narayan/ros2_ws/install/my_interfaces/include/my_interfaces/my_interfaces/srv/detail/turtle_head__rosidl_typesupport_introspection_cpp.hpp
[3.323s] -- Up-to-date: /home/narayan/ros2_ws/install/my_interfaces/include/my_interfaces/my_interfaces/srv/detail/turtle_head__type_support.cpp
[3.324s] -- Up-to-date: /home/narayan/ros2_ws/install/my_interfaces/include/my_interfaces/my_interfaces/srv/detail/set_led__type_support.cpp
[3.324s] -- Up-to-date: /home/narayan/ros2_ws/install/my_interfaces/include/my_interfaces/my_interfaces/srv/detail/set_led__rosidl_typesupport_introspection_cpp.hpp
[3.325s] -- Up-to-date: /home/narayan/ros2_ws/install/my_interfaces/include/my_interfaces/my_interfaces/msg
[3.325s] -- Up-to-date: /home/narayan/ros2_ws/install/my_interfaces/include/my_interfaces/my_interfaces/msg/detail
[3.326s] -- Up-to-date: /home/narayan/ros2_ws/install/my_interfaces/include/my_interfaces/my_interfaces/msg/detail/hd_status__type_support.cpp
[3.326s] -- Up-to-date: /home/narayan/ros2_ws/install/my_interfaces/include/my_interfaces/my_interfaces/msg/detail/hd_status__rosidl_typesupport_introspection_cpp.hpp
[3.326s] -- Up-to-date: /home/narayan/ros2_ws/install/my_interfaces/include/my_interfaces/my_interfaces/msg/detail/le_dstatus__type_support.cpp
[3.327s] -- Up-to-date: /home/narayan/ros2_ws/install/my_interfaces/include/my_interfaces/my_interfaces/msg/detail/le_dstatus__rosidl_typesupport_introspection_cpp.hpp
[3.328s] -- Up-to-date: /home/narayan/ros2_ws/install/my_interfaces/lib/libmy_interfaces__rosidl_typesupport_introspection_cpp.so
[3.332s] -- Up-to-date: /home/narayan/ros2_ws/install/my_interfaces/lib/libmy_interfaces__rosidl_typesupport_cpp.so
[3.334s] -- Up-to-date: /home/narayan/ros2_ws/install/my_interfaces/share/my_interfaces/environment/pythonpath.sh
[3.335s] -- Up-to-date: /home/narayan/ros2_ws/install/my_interfaces/share/my_interfaces/environment/pythonpath.dsv
[3.336s] -- Up-to-date: /home/narayan/ros2_ws/install/my_interfaces/lib/python3.12/site-packages/my_interfaces-0.0.0-py3.12.egg-info
[3.336s] -- Installing: /home/narayan/ros2_ws/install/my_interfaces/lib/python3.12/site-packages/my_interfaces-0.0.0-py3.12.egg-info/dependency_links.txt
[3.337s] -- Installing: /home/narayan/ros2_ws/install/my_interfaces/lib/python3.12/site-packages/my_interfaces-0.0.0-py3.12.egg-info/top_level.txt
[3.338s] -- Installing: /home/narayan/ros2_ws/install/my_interfaces/lib/python3.12/site-packages/my_interfaces-0.0.0-py3.12.egg-info/SOURCES.txt
[3.341s] -- Installing: /home/narayan/ros2_ws/install/my_interfaces/lib/python3.12/site-packages/my_interfaces-0.0.0-py3.12.egg-info/PKG-INFO
[3.342s] -- Up-to-date: /home/narayan/ros2_ws/install/my_interfaces/lib/python3.12/site-packages/my_interfaces
[3.343s] -- Up-to-date: /home/narayan/ros2_ws/install/my_interfaces/lib/python3.12/site-packages/my_interfaces/_my_interfaces_s.ep.rosidl_typesupport_fastrtps_c.c
[3.345s] -- Up-to-date: /home/narayan/ros2_ws/install/my_interfaces/lib/python3.12/site-packages/my_interfaces/srv
[3.346s] -- Up-to-date: /home/narayan/ros2_ws/install/my_interfaces/lib/python3.12/site-packages/my_interfaces/srv/__init__.py
[3.346s] -- Up-to-date: /home/narayan/ros2_ws/install/my_interfaces/lib/python3.12/site-packages/my_interfaces/srv/_turtle_head_s.c
[3.349s] -- Up-to-date: /home/narayan/ros2_ws/install/my_interfaces/lib/python3.12/site-packages/my_interfaces/srv/_turtle_head.py
[3.350s] -- Up-to-date: /home/narayan/ros2_ws/install/my_interfaces/lib/python3.12/site-packages/my_interfaces/srv/_set_led_s.c
[3.350s] -- Up-to-date: /home/narayan/ros2_ws/install/my_interfaces/lib/python3.12/site-packages/my_interfaces/srv/_set_led.py
[3.351s] -- Up-to-date: /home/narayan/ros2_ws/install/my_interfaces/lib/python3.12/site-packages/my_interfaces/_my_interfaces_s.ep.rosidl_typesupport_c.c
[3.356s] -- Up-to-date: /home/narayan/ros2_ws/install/my_interfaces/lib/python3.12/site-packages/my_interfaces/my_interfaces_s__rosidl_typesupport_c.so
[3.358s] -- Up-to-date: /home/narayan/ros2_ws/install/my_interfaces/lib/python3.12/site-packages/my_interfaces/msg
[3.359s] -- Up-to-date: /home/narayan/ros2_ws/install/my_interfaces/lib/python3.12/site-packages/my_interfaces/msg/_hd_status_s.c
[3.360s] -- Up-to-date: /home/narayan/ros2_ws/install/my_interfaces/lib/python3.12/site-packages/my_interfaces/msg/_hd_status.py
[3.363s] -- Up-to-date: /home/narayan/ros2_ws/install/my_interfaces/lib/python3.12/site-packages/my_interfaces/msg/_le_dstatus_s.c
[3.363s] -- Up-to-date: /home/narayan/ros2_ws/install/my_interfaces/lib/python3.12/site-packages/my_interfaces/msg/_le_dstatus.py
[3.364s] -- Up-to-date: /home/narayan/ros2_ws/install/my_interfaces/lib/python3.12/site-packages/my_interfaces/msg/__init__.py
[3.366s] -- Up-to-date: /home/narayan/ros2_ws/install/my_interfaces/lib/python3.12/site-packages/my_interfaces/my_interfaces_s__rosidl_typesupport_fastrtps_c.so
[3.369s] -- Up-to-date: /home/narayan/ros2_ws/install/my_interfaces/lib/python3.12/site-packages/my_interfaces/__init__.py
[3.370s] -- Up-to-date: /home/narayan/ros2_ws/install/my_interfaces/lib/python3.12/site-packages/my_interfaces/_my_interfaces_s.ep.rosidl_typesupport_introspection_c.c
[3.371s] -- Up-to-date: /home/narayan/ros2_ws/install/my_interfaces/lib/python3.12/site-packages/my_interfaces/my_interfaces_s__rosidl_typesupport_introspection_c.so
[3.573s] Listing '/home/narayan/ros2_ws/install/my_interfaces/lib/python3.12/site-packages/my_interfaces'...
[3.575s] Listing '/home/narayan/ros2_ws/install/my_interfaces/lib/python3.12/site-packages/my_interfaces/msg'...
[3.577s] Listing '/home/narayan/ros2_ws/install/my_interfaces/lib/python3.12/site-packages/my_interfaces/srv'...
[3.624s] -- Up-to-date: /home/narayan/ros2_ws/install/my_interfaces/lib/python3.12/site-packages/my_interfaces/my_interfaces_s__rosidl_typesupport_fastrtps_c.so
[3.626s] -- Up-to-date: /home/narayan/ros2_ws/install/my_interfaces/lib/python3.12/site-packages/my_interfaces/my_interfaces_s__rosidl_typesupport_introspection_c.so
[3.631s] -- Up-to-date: /home/narayan/ros2_ws/install/my_interfaces/lib/python3.12/site-packages/my_interfaces/my_interfaces_s__rosidl_typesupport_c.so
[3.638s] -- Up-to-date: /home/narayan/ros2_ws/install/my_interfaces/lib/libmy_interfaces__rosidl_generator_py.so
[3.644s] -- Up-to-date: /home/narayan/ros2_ws/install/my_interfaces/share/my_interfaces/msg/HdStatus.idl
[3.648s] -- Up-to-date: /home/narayan/ros2_ws/install/my_interfaces/share/my_interfaces/msg/LEDstatus.idl
[3.650s] -- Up-to-date: /home/narayan/ros2_ws/install/my_interfaces/share/my_interfaces/srv/SetLED.idl
[3.650s] -- Up-to-date: /home/narayan/ros2_ws/install/my_interfaces/share/my_interfaces/srv/TurtleHead.idl
[3.651s] -- Up-to-date: /home/narayan/ros2_ws/install/my_interfaces/share/my_interfaces/msg/HdStatus.msg
[3.651s] -- Up-to-date: /home/narayan/ros2_ws/install/my_interfaces/share/my_interfaces/msg/LEDstatus.msg
[3.656s] -- Up-to-date: /home/narayan/ros2_ws/install/my_interfaces/share/my_interfaces/srv/SetLED.srv
[3.659s] -- Up-to-date: /home/narayan/ros2_ws/install/my_interfaces/share/my_interfaces/srv/TurtleHead.srv
[3.660s] -- Up-to-date: /home/narayan/ros2_ws/install/my_interfaces/share/ament_index/resource_index/package_run_dependencies/my_interfaces
[3.662s] -- Up-to-date: /home/narayan/ros2_ws/install/my_interfaces/share/ament_index/resource_index/parent_prefix_path/my_interfaces
[3.663s] -- Up-to-date: /home/narayan/ros2_ws/install/my_interfaces/share/my_interfaces/environment/ament_prefix_path.sh
[3.664s] -- Up-to-date: /home/narayan/ros2_ws/install/my_interfaces/share/my_interfaces/environment/ament_prefix_path.dsv
[3.664s] -- Up-to-date: /home/narayan/ros2_ws/install/my_interfaces/share/my_interfaces/environment/path.sh
[3.666s] -- Up-to-date: /home/narayan/ros2_ws/install/my_interfaces/share/my_interfaces/environment/path.dsv
[3.667s] -- Up-to-date: /home/narayan/ros2_ws/install/my_interfaces/share/my_interfaces/local_setup.bash
[3.667s] -- Up-to-date: /home/narayan/ros2_ws/install/my_interfaces/share/my_interfaces/local_setup.sh
[3.668s] -- Up-to-date: /home/narayan/ros2_ws/install/my_interfaces/share/my_interfaces/local_setup.zsh
[3.669s] -- Up-to-date: /home/narayan/ros2_ws/install/my_interfaces/share/my_interfaces/local_setup.dsv
[3.670s] -- Installing: /home/narayan/ros2_ws/install/my_interfaces/share/my_interfaces/package.dsv
[3.671s] -- Up-to-date: /home/narayan/ros2_ws/install/my_interfaces/share/ament_index/resource_index/packages/my_interfaces
[3.672s] -- Up-to-date: /home/narayan/ros2_ws/install/my_interfaces/share/my_interfaces/cmake/export_my_interfaces__rosidl_generator_cExport.cmake
[3.673s] -- Up-to-date: /home/narayan/ros2_ws/install/my_interfaces/share/my_interfaces/cmake/export_my_interfaces__rosidl_generator_cExport-noconfig.cmake
[3.674s] -- Up-to-date: /home/narayan/ros2_ws/install/my_interfaces/share/my_interfaces/cmake/export_my_interfaces__rosidl_typesupport_fastrtps_cExport.cmake
[3.674s] -- Up-to-date: /home/narayan/ros2_ws/install/my_interfaces/share/my_interfaces/cmake/export_my_interfaces__rosidl_typesupport_fastrtps_cExport-noconfig.cmake
[3.675s] -- Up-to-date: /home/narayan/ros2_ws/install/my_interfaces/share/my_interfaces/cmake/my_interfaces__rosidl_typesupport_introspection_cExport.cmake
[3.676s] -- Up-to-date: /home/narayan/ros2_ws/install/my_interfaces/share/my_interfaces/cmake/my_interfaces__rosidl_typesupport_introspection_cExport-noconfig.cmake
[3.676s] -- Up-to-date: /home/narayan/ros2_ws/install/my_interfaces/share/my_interfaces/cmake/my_interfaces__rosidl_typesupport_cExport.cmake
[3.677s] -- Up-to-date: /home/narayan/ros2_ws/install/my_interfaces/share/my_interfaces/cmake/my_interfaces__rosidl_typesupport_cExport-noconfig.cmake
[3.677s] -- Up-to-date: /home/narayan/ros2_ws/install/my_interfaces/share/my_interfaces/cmake/export_my_interfaces__rosidl_generator_cppExport.cmake
[3.680s] -- Up-to-date: /home/narayan/ros2_ws/install/my_interfaces/share/my_interfaces/cmake/export_my_interfaces__rosidl_typesupport_fastrtps_cppExport.cmake
[3.684s] -- Up-to-date: /home/narayan/ros2_ws/install/my_interfaces/share/my_interfaces/cmake/export_my_interfaces__rosidl_typesupport_fastrtps_cppExport-noconfig.cmake
[3.685s] -- Up-to-date: /home/narayan/ros2_ws/install/my_interfaces/share/my_interfaces/cmake/my_interfaces__rosidl_typesupport_introspection_cppExport.cmake
[3.686s] -- Up-to-date: /home/narayan/ros2_ws/install/my_interfaces/share/my_interfaces/cmake/my_interfaces__rosidl_typesupport_introspection_cppExport-noconfig.cmake
[3.690s] -- Up-to-date: /home/narayan/ros2_ws/install/my_interfaces/share/my_interfaces/cmake/my_interfaces__rosidl_typesupport_cppExport.cmake
[3.691s] -- Up-to-date: /home/narayan/ros2_ws/install/my_interfaces/share/my_interfaces/cmake/my_interfaces__rosidl_typesupport_cppExport-noconfig.cmake
[3.693s] -- Up-to-date: /home/narayan/ros2_ws/install/my_interfaces/share/my_interfaces/cmake/export_my_interfaces__rosidl_generator_pyExport.cmake
[3.694s] -- Up-to-date: /home/narayan/ros2_ws/install/my_interfaces/share/my_interfaces/cmake/export_my_interfaces__rosidl_generator_pyExport-noconfig.cmake
[3.695s] -- Up-to-date: /home/narayan/ros2_ws/install/my_interfaces/share/my_interfaces/cmake/rosidl_cmake-extras.cmake
[3.695s] -- Up-to-date: /home/narayan/ros2_ws/install/my_interfaces/share/my_interfaces/cmake/ament_cmake_export_dependencies-extras.cmake
[3.696s] -- Up-to-date: /home/narayan/ros2_ws/install/my_interfaces/share/my_interfaces/cmake/ament_cmake_export_include_directories-extras.cmake
[3.697s] -- Up-to-date: /home/narayan/ros2_ws/install/my_interfaces/share/my_interfaces/cmake/ament_cmake_export_libraries-extras.cmake
[3.698s] -- Up-to-date: /home/narayan/ros2_ws/install/my_interfaces/share/my_interfaces/cmake/ament_cmake_export_targets-extras.cmake
[3.699s] -- Up-to-date: /home/narayan/ros2_ws/install/my_interfaces/share/my_interfaces/cmake/rosidl_cmake_export_typesupport_targets-extras.cmake
[3.700s] -- Up-to-date: /home/narayan/ros2_ws/install/my_interfaces/share/my_interfaces/cmake/rosidl_cmake_export_typesupport_libraries-extras.cmake
[3.700s] -- Up-to-date: /home/narayan/ros2_ws/install/my_interfaces/share/my_interfaces/cmake/my_interfacesConfig.cmake
[3.701s] -- Up-to-date: /home/narayan/ros2_ws/install/my_interfaces/share/my_interfaces/cmake/my_interfacesConfig-version.cmake
[3.702s] -- Up-to-date: /home/narayan/ros2_ws/install/my_interfaces/share/my_interfaces/package.xml
[3.710s] Invoked command in '/home/narayan/ros2_ws/build/my_interfaces' returned '0': CMAKE_PREFIX_PATH=${CMAKE_PREFIX_PATH}:/home/narayan/ros2_ws/install/turtle_sim:/home/narayan/ros2_ws/install/onepkg:/home/narayan/ros2_ws/install/TransNum:/opt/ros/jazzy DEBUGINFOD_URLS=https://debuginfod.ubuntu.com /usr/bin/cmake --install /home/narayan/ros2_ws/build/my_interfaces
