[0.071s] Invoking command in '/home/narayan/ros2_ws/build/launch_file': AMENT_PREFIX_PATH=/home/narayan/ros2_ws/install/TransNum:/home/narayan/ros2_ws/install/onepkg:/home/narayan/ros2_ws/install/led_activity:/home/narayan/ros2_ws/install/my_interfaces:/home/narayan/ros2_ws/install/launch_file:/opt/ros/jazzy CMAKE_PREFIX_PATH=${CMAKE_PREFIX_PATH}:/home/narayan/ros2_ws/install/onepkg:/home/narayan/ros2_ws/install/TransNum:/opt/ros/jazzy DEBUGINFOD_URLS=https://debuginfod.ubuntu.com PYTHONPATH=/home/narayan/ros2_ws/install/TransNum/lib/python3.12/site-packages:/home/narayan/ros2_ws/install/onepkg/lib/python3.12/site-packages:/home/narayan/ros2_ws/install/led_activity/lib/python3.12/site-packages:/home/narayan/ros2_ws/install/my_interfaces/lib/python3.12/site-packages:/opt/ros/jazzy/lib/python3.12/site-packages /usr/bin/cmake --build /home/narayan/ros2_ws/build/launch_file -- -j4 -l4
[0.312s] Invoked command in '/home/narayan/ros2_ws/build/launch_file' returned '0': AMENT_PREFIX_PATH=/home/narayan/ros2_ws/install/TransNum:/home/narayan/ros2_ws/install/onepkg:/home/narayan/ros2_ws/install/led_activity:/home/narayan/ros2_ws/install/my_interfaces:/home/narayan/ros2_ws/install/launch_file:/opt/ros/jazzy CMAKE_PREFIX_PATH=${CMAKE_PREFIX_PATH}:/home/narayan/ros2_ws/install/onepkg:/home/narayan/ros2_ws/install/TransNum:/opt/ros/jazzy DEBUGINFOD_URLS=https://debuginfod.ubuntu.com PYTHONPATH=/home/narayan/ros2_ws/install/TransNum/lib/python3.12/site-packages:/home/narayan/ros2_ws/install/onepkg/lib/python3.12/site-packages:/home/narayan/ros2_ws/install/led_activity/lib/python3.12/site-packages:/home/narayan/ros2_ws/install/my_interfaces/lib/python3.12/site-packages:/opt/ros/jazzy/lib/python3.12/site-packages /usr/bin/cmake --build /home/narayan/ros2_ws/build/launch_file -- -j4 -l4
[0.321s] Invoking command in '/home/narayan/ros2_ws/build/launch_file': AMENT_PREFIX_PATH=/home/narayan/ros2_ws/install/TransNum:/home/narayan/ros2_ws/install/onepkg:/home/narayan/ros2_ws/install/led_activity:/home/narayan/ros2_ws/install/my_interfaces:/home/narayan/ros2_ws/install/launch_file:/opt/ros/jazzy CMAKE_PREFIX_PATH=${CMAKE_PREFIX_PATH}:/home/narayan/ros2_ws/install/onepkg:/home/narayan/ros2_ws/install/TransNum:/opt/ros/jazzy DEBUGINFOD_URLS=https://debuginfod.ubuntu.com PYTHONPATH=/home/narayan/ros2_ws/install/TransNum/lib/python3.12/site-packages:/home/narayan/ros2_ws/install/onepkg/lib/python3.12/site-packages:/home/narayan/ros2_ws/install/led_activity/lib/python3.12/site-packages:/home/narayan/ros2_ws/install/my_interfaces/lib/python3.12/site-packages:/opt/ros/jazzy/lib/python3.12/site-packages /usr/bin/cmake --install /home/narayan/ros2_ws/build/launch_file
[0.370s] -- Install configuration: ""
[0.371s] -- Up-to-date: /home/narayan/ros2_ws/install/launch_file/share/launch_file/launch
[0.373s] -- Up-to-date: /home/narayan/ros2_ws/install/launch_file/share/launch_file/launch/python_launcher.xml
[0.374s] -- Installing: /home/narayan/ros2_ws/install/launch_file/share/launch_file/launch/number_counter_launch.py
[0.375s] -- Up-to-date: /home/narayan/ros2_ws/install/launch_file/share/launch_file/launch/number_counter_launch.xml
[0.376s] -- Up-to-date: /home/narayan/ros2_ws/install/launch_file/share/launch_file/config
[0.377s] -- Up-to-date: /home/narayan/ros2_ws/install/launch_file/share/launch_file/config/number_params.yaml
[0.378s] -- Up-to-date: /home/narayan/ros2_ws/install/launch_file/share/ament_index/resource_index/package_run_dependencies/launch_file
[0.379s] -- Up-to-date: /home/narayan/ros2_ws/install/launch_file/share/ament_index/resource_index/parent_prefix_path/launch_file
[0.380s] -- Up-to-date: /home/narayan/ros2_ws/install/launch_file/share/launch_file/environment/ament_prefix_path.sh
[0.381s] -- Up-to-date: /home/narayan/ros2_ws/install/launch_file/share/launch_file/environment/ament_prefix_path.dsv
[0.383s] -- Up-to-date: /home/narayan/ros2_ws/install/launch_file/share/launch_file/environment/path.sh
[0.384s] -- Up-to-date: /home/narayan/ros2_ws/install/launch_file/share/launch_file/environment/path.dsv
[0.384s] -- Up-to-date: /home/narayan/ros2_ws/install/launch_file/share/launch_file/local_setup.bash
[0.385s] -- Up-to-date: /home/narayan/ros2_ws/install/launch_file/share/launch_file/local_setup.sh
[0.386s] -- Up-to-date: /home/narayan/ros2_ws/install/launch_file/share/launch_file/local_setup.zsh
[0.386s] -- Up-to-date: /home/narayan/ros2_ws/install/launch_file/share/launch_file/local_setup.dsv
[0.386s] -- Installing: /home/narayan/ros2_ws/install/launch_file/share/launch_file/package.dsv
[0.387s] -- Up-to-date: /home/narayan/ros2_ws/install/launch_file/share/ament_index/resource_index/packages/launch_file
[0.388s] -- Up-to-date: /home/narayan/ros2_ws/install/launch_file/share/launch_file/cmake/launch_fileConfig.cmake
[0.389s] -- Up-to-date: /home/narayan/ros2_ws/install/launch_file/share/launch_file/cmake/launch_fileConfig-version.cmake
[0.389s] -- Up-to-date: /home/narayan/ros2_ws/install/launch_file/share/launch_file/package.xml
[0.397s] Invoked command in '/home/narayan/ros2_ws/build/launch_file' returned '0': AMENT_PREFIX_PATH=/home/narayan/ros2_ws/install/TransNum:/home/narayan/ros2_ws/install/onepkg:/home/narayan/ros2_ws/install/led_activity:/home/narayan/ros2_ws/install/my_interfaces:/home/narayan/ros2_ws/install/launch_file:/opt/ros/jazzy CMAKE_PREFIX_PATH=${CMAKE_PREFIX_PATH}:/home/narayan/ros2_ws/install/onepkg:/home/narayan/ros2_ws/install/TransNum:/opt/ros/jazzy DEBUGINFOD_URLS=https://debuginfod.ubuntu.com PYTHONPATH=/home/narayan/ros2_ws/install/TransNum/lib/python3.12/site-packages:/home/narayan/ros2_ws/install/onepkg/lib/python3.12/site-packages:/home/narayan/ros2_ws/install/led_activity/lib/python3.12/site-packages:/home/narayan/ros2_ws/install/my_interfaces/lib/python3.12/site-packages:/opt/ros/jazzy/lib/python3.12/site-packages /usr/bin/cmake --install /home/narayan/ros2_ws/build/launch_file
