[3.309s] Invoking command in '/home/narayan/ros2_ws/src/TransNum': DEBUGINFOD_URLS=https://debuginfod.ubuntu.com PYTHONPATH=/home/narayan/ros2_ws/build/TransNum/prefix_override:/usr/lib/python3/dist-packages/colcon_core/task/python/colcon_distutils_commands:/home/narayan/ros2_ws/install/TransNum/lib/python3.12/site-packages:${PYTHONPATH} /usr/bin/python3 -W ignore:setup.py install is deprecated -W ignore:easy_install command is deprecated setup.py egg_info --egg-base ../../build/TransNum build --build-base /home/narayan/ros2_ws/build/TransNum/build install --record /home/narayan/ros2_ws/build/TransNum/install.log --single-version-externally-managed install_data
[4.378s] running egg_info
[4.457s] writing ../../build/TransNum/TransNum.egg-info/PKG-INFO
[4.458s] writing dependency_links to ../../build/TransNum/TransNum.egg-info/dependency_links.txt
[4.460s] writing entry points to ../../build/TransNum/TransNum.egg-info/entry_points.txt
[4.461s] writing requirements to ../../build/TransNum/TransNum.egg-info/requires.txt
[4.463s] writing top-level names to ../../build/TransNum/TransNum.egg-info/top_level.txt
[4.652s] reading manifest file '../../build/TransNum/TransNum.egg-info/SOURCES.txt'
[4.656s] writing manifest file '../../build/TransNum/TransNum.egg-info/SOURCES.txt'
[4.657s] running build
[4.657s] running build_py
[4.660s] copying TransNum/NumPublisher.py -> /home/narayan/ros2_ws/build/TransNum/build/lib/TransNum
[4.660s] running install
[4.682s] running install_lib
[4.759s] copying /home/narayan/ros2_ws/build/TransNum/build/lib/TransNum/NumPublisher.py -> /home/narayan/ros2_ws/install/TransNum/lib/python3.12/site-packages/TransNum
[4.762s] byte-compiling /home/narayan/ros2_ws/install/TransNum/lib/python3.12/site-packages/TransNum/NumPublisher.py to NumPublisher.cpython-312.pyc
[4.765s] running install_data
[4.765s] running install_egg_info
[4.853s] removing '/home/narayan/ros2_ws/install/TransNum/lib/python3.12/site-packages/TransNum-0.0.0-py3.12.egg-info' (and everything under it)
[4.855s] Copying ../../build/TransNum/TransNum.egg-info to /home/narayan/ros2_ws/install/TransNum/lib/python3.12/site-packages/TransNum-0.0.0-py3.12.egg-info
[4.860s] running install_scripts
[5.449s] Installing number_publisher script to /home/narayan/ros2_ws/install/TransNum/lib/TransNum
[5.450s] Installing two_way script to /home/narayan/ros2_ws/install/TransNum/lib/TransNum
[5.453s] writing list of installed files to '/home/narayan/ros2_ws/build/TransNum/install.log'
[5.593s] Invoked command in '/home/narayan/ros2_ws/src/TransNum' returned '0': DEBUGINFOD_URLS=https://debuginfod.ubuntu.com PYTHONPATH=/home/narayan/ros2_ws/build/TransNum/prefix_override:/usr/lib/python3/dist-packages/colcon_core/task/python/colcon_distutils_commands:/home/narayan/ros2_ws/install/TransNum/lib/python3.12/site-packages:${PYTHONPATH} /usr/bin/python3 -W ignore:setup.py install is deprecated -W ignore:easy_install command is deprecated setup.py egg_info --egg-base ../../build/TransNum build --build-base /home/narayan/ros2_ws/build/TransNum/build install --record /home/narayan/ros2_ws/build/TransNum/install.log --single-version-externally-managed install_data
