[0.409s] DEBUG:colcon:Command line arguments: ['/usr/bin/colcon', 'build']
[0.410s] DEBUG:colcon:Parsed command line arguments: Namespace(log_base=None, log_level=None, verb_name='build', build_base='build', install_base='install', merge_install=False, symlink_install=False, test_result_base=None, continue_on_error=False, executor='parallel', parallel_workers=4, event_handlers=None, ignore_user_meta=False, metas=['./colcon.meta'], base_paths=['.'], packages_ignore=None, packages_ignore_regex=None, paths=None, packages_up_to=None, packages_up_to_regex=None, packages_above=None, packages_above_and_dependencies=None, packages_above_depth=None, packages_select_by_dep=None, packages_skip_by_dep=None, packages_skip_up_to=None, packages_select_build_failed=False, packages_skip_build_finished=False, packages_select_test_failures=False, packages_skip_test_passed=False, packages_select=None, packages_skip=None, packages_select_regex=None, packages_skip_regex=None, packages_start=None, packages_end=None, allow_overriding=[], cmake_args=None, cmake_target=None, cmake_target_skip_unavailable=False, cmake_clean_cache=False, cmake_clean_first=False, cmake_force_configure=False, ament_cmake_args=None, catkin_cmake_args=None, catkin_skip_building_tests=False, mixin_files=None, mixin=None, verb_parser=<colcon_mixin.mixin.mixin_argument.MixinArgumentDecorator object at 0xffff8313c0e0>, verb_extension=<colcon_core.verb.build.BuildVerb object at 0xffff832c7f50>, main=<bound method BuildVerb.main of <colcon_core.verb.build.BuildVerb object at 0xffff832c7f50>>, mixin_verb=('build',))
[0.563s] Level 1:colcon.colcon_core.package_discovery:discover_packages(colcon_meta) check parameters
[0.563s] Level 1:colcon.colcon_core.package_discovery:discover_packages(recursive) check parameters
[0.563s] Level 1:colcon.colcon_core.package_discovery:discover_packages(ignore) check parameters
[0.563s] Level 1:colcon.colcon_core.package_discovery:discover_packages(path) check parameters
[0.563s] Level 1:colcon.colcon_core.package_discovery:discover_packages(colcon_meta) discover
[0.563s] Level 1:colcon.colcon_core.package_discovery:discover_packages(recursive) discover
[0.564s] INFO:colcon.colcon_core.package_discovery:Crawling recursively for packages in '/home/narayan/ros2_ws'
[0.564s] Level 1:colcon.colcon_core.package_identification:_identify(.) by extensions ['ignore', 'ignore_ament_install']
[0.564s] Level 1:colcon.colcon_core.package_identification:_identify(.) by extension 'ignore'
[0.564s] Level 1:colcon.colcon_core.package_identification:_identify(.) by extension 'ignore_ament_install'
[0.565s] Level 1:colcon.colcon_core.package_identification:_identify(.) by extensions ['colcon_pkg']
[0.565s] Level 1:colcon.colcon_core.package_identification:_identify(.) by extension 'colcon_pkg'
[0.565s] Level 1:colcon.colcon_core.package_identification:_identify(.) by extensions ['colcon_meta']
[0.565s] Level 1:colcon.colcon_core.package_identification:_identify(.) by extension 'colcon_meta'
[0.565s] Level 1:colcon.colcon_core.package_identification:_identify(.) by extensions ['ros']
[0.565s] Level 1:colcon.colcon_core.package_identification:_identify(.) by extension 'ros'
[0.657s] Level 1:colcon.colcon_core.package_identification:_identify(.) by extensions ['cmake', 'python']
[0.658s] Level 1:colcon.colcon_core.package_identification:_identify(.) by extension 'cmake'
[0.658s] Level 1:colcon.colcon_core.package_identification:_identify(.) by extension 'python'
[0.658s] Level 1:colcon.colcon_core.package_identification:_identify(.) by extensions ['python_setup_py']
[0.658s] Level 1:colcon.colcon_core.package_identification:_identify(.) by extension 'python_setup_py'
[0.659s] Level 1:colcon.colcon_core.package_identification:_identify(build) by extensions ['ignore', 'ignore_ament_install']
[0.659s] Level 1:colcon.colcon_core.package_identification:_identify(build) by extension 'ignore'
[0.659s] Level 1:colcon.colcon_core.package_identification:_identify(build) ignored
[0.659s] Level 1:colcon.colcon_core.package_identification:_identify(install) by extensions ['ignore', 'ignore_ament_install']
[0.660s] Level 1:colcon.colcon_core.package_identification:_identify(install) by extension 'ignore'
[0.660s] Level 1:colcon.colcon_core.package_identification:_identify(install) ignored
[0.661s] Level 1:colcon.colcon_core.package_identification:_identify(log) by extensions ['ignore', 'ignore_ament_install']
[0.661s] Level 1:colcon.colcon_core.package_identification:_identify(log) by extension 'ignore'
[0.661s] Level 1:colcon.colcon_core.package_identification:_identify(log) ignored
[0.662s] Level 1:colcon.colcon_core.package_identification:_identify(src) by extensions ['ignore', 'ignore_ament_install']
[0.662s] Level 1:colcon.colcon_core.package_identification:_identify(src) by extension 'ignore'
[0.662s] Level 1:colcon.colcon_core.package_identification:_identify(src) by extension 'ignore_ament_install'
[0.662s] Level 1:colcon.colcon_core.package_identification:_identify(src) by extensions ['colcon_pkg']
[0.662s] Level 1:colcon.colcon_core.package_identification:_identify(src) by extension 'colcon_pkg'
[0.662s] Level 1:colcon.colcon_core.package_identification:_identify(src) by extensions ['colcon_meta']
[0.663s] Level 1:colcon.colcon_core.package_identification:_identify(src) by extension 'colcon_meta'
[0.663s] Level 1:colcon.colcon_core.package_identification:_identify(src) by extensions ['ros']
[0.663s] Level 1:colcon.colcon_core.package_identification:_identify(src) by extension 'ros'
[0.663s] Level 1:colcon.colcon_core.package_identification:_identify(src) by extensions ['cmake', 'python']
[0.663s] Level 1:colcon.colcon_core.package_identification:_identify(src) by extension 'cmake'
[0.663s] Level 1:colcon.colcon_core.package_identification:_identify(src) by extension 'python'
[0.663s] Level 1:colcon.colcon_core.package_identification:_identify(src) by extensions ['python_setup_py']
[0.664s] Level 1:colcon.colcon_core.package_identification:_identify(src) by extension 'python_setup_py'
[0.664s] Level 1:colcon.colcon_core.package_identification:_identify(src/TransNum) by extensions ['ignore', 'ignore_ament_install']
[0.664s] Level 1:colcon.colcon_core.package_identification:_identify(src/TransNum) by extension 'ignore'
[0.664s] Level 1:colcon.colcon_core.package_identification:_identify(src/TransNum) by extension 'ignore_ament_install'
[0.665s] Level 1:colcon.colcon_core.package_identification:_identify(src/TransNum) by extensions ['colcon_pkg']
[0.665s] Level 1:colcon.colcon_core.package_identification:_identify(src/TransNum) by extension 'colcon_pkg'
[0.665s] Level 1:colcon.colcon_core.package_identification:_identify(src/TransNum) by extensions ['colcon_meta']
[0.665s] Level 1:colcon.colcon_core.package_identification:_identify(src/TransNum) by extension 'colcon_meta'
[0.665s] Level 1:colcon.colcon_core.package_identification:_identify(src/TransNum) by extensions ['ros']
[0.665s] Level 1:colcon.colcon_core.package_identification:_identify(src/TransNum) by extension 'ros'
[0.673s] DEBUG:colcon.colcon_core.package_identification:Package 'src/TransNum' with type 'ros.ament_python' and name 'TransNum'
[0.673s] Level 1:colcon.colcon_core.package_identification:_identify(src/launch_file) by extensions ['ignore', 'ignore_ament_install']
[0.674s] Level 1:colcon.colcon_core.package_identification:_identify(src/launch_file) by extension 'ignore'
[0.674s] Level 1:colcon.colcon_core.package_identification:_identify(src/launch_file) by extension 'ignore_ament_install'
[0.674s] Level 1:colcon.colcon_core.package_identification:_identify(src/launch_file) by extensions ['colcon_pkg']
[0.675s] Level 1:colcon.colcon_core.package_identification:_identify(src/launch_file) by extension 'colcon_pkg'
[0.675s] Level 1:colcon.colcon_core.package_identification:_identify(src/launch_file) by extensions ['colcon_meta']
[0.675s] Level 1:colcon.colcon_core.package_identification:_identify(src/launch_file) by extension 'colcon_meta'
[0.675s] Level 1:colcon.colcon_core.package_identification:_identify(src/launch_file) by extensions ['ros']
[0.675s] Level 1:colcon.colcon_core.package_identification:_identify(src/launch_file) by extension 'ros'
[0.677s] DEBUG:colcon.colcon_core.package_identification:Package 'src/launch_file' with type 'ros.ament_cmake' and name 'launch_file'
[0.679s] Level 1:colcon.colcon_core.package_identification:_identify(src/led_activity) by extensions ['ignore', 'ignore_ament_install']
[0.680s] Level 1:colcon.colcon_core.package_identification:_identify(src/led_activity) by extension 'ignore'
[0.680s] Level 1:colcon.colcon_core.package_identification:_identify(src/led_activity) by extension 'ignore_ament_install'
[0.681s] Level 1:colcon.colcon_core.package_identification:_identify(src/led_activity) by extensions ['colcon_pkg']
[0.681s] Level 1:colcon.colcon_core.package_identification:_identify(src/led_activity) by extension 'colcon_pkg'
[0.681s] Level 1:colcon.colcon_core.package_identification:_identify(src/led_activity) by extensions ['colcon_meta']
[0.681s] Level 1:colcon.colcon_core.package_identification:_identify(src/led_activity) by extension 'colcon_meta'
[0.681s] Level 1:colcon.colcon_core.package_identification:_identify(src/led_activity) by extensions ['ros']
[0.681s] Level 1:colcon.colcon_core.package_identification:_identify(src/led_activity) by extension 'ros'
[0.684s] DEBUG:colcon.colcon_core.package_identification:Package 'src/led_activity' with type 'ros.ament_python' and name 'led_activity'
[0.684s] Level 1:colcon.colcon_core.package_identification:_identify(src/my_interfaces) by extensions ['ignore', 'ignore_ament_install']
[0.685s] Level 1:colcon.colcon_core.package_identification:_identify(src/my_interfaces) by extension 'ignore'
[0.685s] Level 1:colcon.colcon_core.package_identification:_identify(src/my_interfaces) by extension 'ignore_ament_install'
[0.685s] Level 1:colcon.colcon_core.package_identification:_identify(src/my_interfaces) by extensions ['colcon_pkg']
[0.685s] Level 1:colcon.colcon_core.package_identification:_identify(src/my_interfaces) by extension 'colcon_pkg'
[0.685s] Level 1:colcon.colcon_core.package_identification:_identify(src/my_interfaces) by extensions ['colcon_meta']
[0.685s] Level 1:colcon.colcon_core.package_identification:_identify(src/my_interfaces) by extension 'colcon_meta'
[0.685s] Level 1:colcon.colcon_core.package_identification:_identify(src/my_interfaces) by extensions ['ros']
[0.686s] Level 1:colcon.colcon_core.package_identification:_identify(src/my_interfaces) by extension 'ros'
[0.687s] DEBUG:colcon.colcon_core.package_identification:Package 'src/my_interfaces' with type 'ros.ament_cmake' and name 'my_interfaces'
[0.688s] Level 1:colcon.colcon_core.package_identification:_identify(src/onepkg) by extensions ['ignore', 'ignore_ament_install']
[0.688s] Level 1:colcon.colcon_core.package_identification:_identify(src/onepkg) by extension 'ignore'
[0.688s] Level 1:colcon.colcon_core.package_identification:_identify(src/onepkg) by extension 'ignore_ament_install'
[0.688s] Level 1:colcon.colcon_core.package_identification:_identify(src/onepkg) by extensions ['colcon_pkg']
[0.688s] Level 1:colcon.colcon_core.package_identification:_identify(src/onepkg) by extension 'colcon_pkg'
[0.688s] Level 1:colcon.colcon_core.package_identification:_identify(src/onepkg) by extensions ['colcon_meta']
[0.689s] Level 1:colcon.colcon_core.package_identification:_identify(src/onepkg) by extension 'colcon_meta'
[0.689s] Level 1:colcon.colcon_core.package_identification:_identify(src/onepkg) by extensions ['ros']
[0.689s] Level 1:colcon.colcon_core.package_identification:_identify(src/onepkg) by extension 'ros'
[0.691s] DEBUG:colcon.colcon_core.package_identification:Package 'src/onepkg' with type 'ros.ament_python' and name 'onepkg'
[0.691s] Level 1:colcon.colcon_core.package_discovery:discover_packages(recursive) using defaults
[0.691s] Level 1:colcon.colcon_core.package_discovery:discover_packages(ignore) discover
[0.691s] Level 1:colcon.colcon_core.package_discovery:discover_packages(ignore) using defaults
[0.692s] Level 1:colcon.colcon_core.package_discovery:discover_packages(path) discover
[0.692s] Level 1:colcon.colcon_core.package_discovery:discover_packages(path) using defaults
[0.757s] Level 1:colcon.colcon_core.package_discovery:discover_packages(prefix_path) check parameters
[0.757s] Level 1:colcon.colcon_core.package_discovery:discover_packages(prefix_path) discover
[0.766s] DEBUG:colcon.colcon_installed_package_information.package_discovery:Found 5 installed packages in /home/narayan/ros2_ws/install
[0.775s] DEBUG:colcon.colcon_installed_package_information.package_discovery:Found 285 installed packages in /opt/ros/jazzy
[0.782s] Level 1:colcon.colcon_core.package_discovery:discover_packages(prefix_path) using defaults
[0.949s] Level 5:colcon.colcon_core.verb:set package 'TransNum' build argument 'cmake_args' from command line to 'None'
[0.949s] Level 5:colcon.colcon_core.verb:set package 'TransNum' build argument 'cmake_target' from command line to 'None'
[0.949s] Level 5:colcon.colcon_core.verb:set package 'TransNum' build argument 'cmake_target_skip_unavailable' from command line to 'False'
[0.949s] Level 5:colcon.colcon_core.verb:set package 'TransNum' build argument 'cmake_clean_cache' from command line to 'False'
[0.949s] Level 5:colcon.colcon_core.verb:set package 'TransNum' build argument 'cmake_clean_first' from command line to 'False'
[0.949s] Level 5:colcon.colcon_core.verb:set package 'TransNum' build argument 'cmake_force_configure' from command line to 'False'
[0.950s] Level 5:colcon.colcon_core.verb:set package 'TransNum' build argument 'ament_cmake_args' from command line to 'None'
[0.950s] Level 5:colcon.colcon_core.verb:set package 'TransNum' build argument 'catkin_cmake_args' from command line to 'None'
[0.950s] Level 5:colcon.colcon_core.verb:set package 'TransNum' build argument 'catkin_skip_building_tests' from command line to 'False'
[0.950s] DEBUG:colcon.colcon_core.verb:Building package 'TransNum' with the following arguments: {'ament_cmake_args': None, 'build_base': '/home/narayan/ros2_ws/build/TransNum', 'catkin_cmake_args': None, 'catkin_skip_building_tests': False, 'cmake_args': None, 'cmake_clean_cache': False, 'cmake_clean_first': False, 'cmake_force_configure': False, 'cmake_target': None, 'cmake_target_skip_unavailable': False, 'install_base': '/home/narayan/ros2_ws/install/TransNum', 'merge_install': False, 'path': '/home/narayan/ros2_ws/src/TransNum', 'symlink_install': False, 'test_result_base': None}
[0.951s] Level 5:colcon.colcon_core.verb:set package 'my_interfaces' build argument 'cmake_args' from command line to 'None'
[0.951s] Level 5:colcon.colcon_core.verb:set package 'my_interfaces' build argument 'cmake_target' from command line to 'None'
[0.951s] Level 5:colcon.colcon_core.verb:set package 'my_interfaces' build argument 'cmake_target_skip_unavailable' from command line to 'False'
[0.951s] Level 5:colcon.colcon_core.verb:set package 'my_interfaces' build argument 'cmake_clean_cache' from command line to 'False'
[0.951s] Level 5:colcon.colcon_core.verb:set package 'my_interfaces' build argument 'cmake_clean_first' from command line to 'False'
[0.951s] Level 5:colcon.colcon_core.verb:set package 'my_interfaces' build argument 'cmake_force_configure' from command line to 'False'
[0.952s] Level 5:colcon.colcon_core.verb:set package 'my_interfaces' build argument 'ament_cmake_args' from command line to 'None'
[0.952s] Level 5:colcon.colcon_core.verb:set package 'my_interfaces' build argument 'catkin_cmake_args' from command line to 'None'
[0.952s] Level 5:colcon.colcon_core.verb:set package 'my_interfaces' build argument 'catkin_skip_building_tests' from command line to 'False'
[0.952s] DEBUG:colcon.colcon_core.verb:Building package 'my_interfaces' with the following arguments: {'ament_cmake_args': None, 'build_base': '/home/narayan/ros2_ws/build/my_interfaces', 'catkin_cmake_args': None, 'catkin_skip_building_tests': False, 'cmake_args': None, 'cmake_clean_cache': False, 'cmake_clean_first': False, 'cmake_force_configure': False, 'cmake_target': None, 'cmake_target_skip_unavailable': False, 'install_base': '/home/narayan/ros2_ws/install/my_interfaces', 'merge_install': False, 'path': '/home/narayan/ros2_ws/src/my_interfaces', 'symlink_install': False, 'test_result_base': None}
[0.953s] Level 5:colcon.colcon_core.verb:set package 'launch_file' build argument 'cmake_args' from command line to 'None'
[0.953s] Level 5:colcon.colcon_core.verb:set package 'launch_file' build argument 'cmake_target' from command line to 'None'
[0.953s] Level 5:colcon.colcon_core.verb:set package 'launch_file' build argument 'cmake_target_skip_unavailable' from command line to 'False'
[0.953s] Level 5:colcon.colcon_core.verb:set package 'launch_file' build argument 'cmake_clean_cache' from command line to 'False'
[0.953s] Level 5:colcon.colcon_core.verb:set package 'launch_file' build argument 'cmake_clean_first' from command line to 'False'
[0.953s] Level 5:colcon.colcon_core.verb:set package 'launch_file' build argument 'cmake_force_configure' from command line to 'False'
[0.953s] Level 5:colcon.colcon_core.verb:set package 'launch_file' build argument 'ament_cmake_args' from command line to 'None'
[0.953s] Level 5:colcon.colcon_core.verb:set package 'launch_file' build argument 'catkin_cmake_args' from command line to 'None'
[0.954s] Level 5:colcon.colcon_core.verb:set package 'launch_file' build argument 'catkin_skip_building_tests' from command line to 'False'
[0.954s] DEBUG:colcon.colcon_core.verb:Building package 'launch_file' with the following arguments: {'ament_cmake_args': None, 'build_base': '/home/narayan/ros2_ws/build/launch_file', 'catkin_cmake_args': None, 'catkin_skip_building_tests': False, 'cmake_args': None, 'cmake_clean_cache': False, 'cmake_clean_first': False, 'cmake_force_configure': False, 'cmake_target': None, 'cmake_target_skip_unavailable': False, 'install_base': '/home/narayan/ros2_ws/install/launch_file', 'merge_install': False, 'path': '/home/narayan/ros2_ws/src/launch_file', 'symlink_install': False, 'test_result_base': None}
[0.955s] Level 5:colcon.colcon_core.verb:set package 'led_activity' build argument 'cmake_args' from command line to 'None'
[0.955s] Level 5:colcon.colcon_core.verb:set package 'led_activity' build argument 'cmake_target' from command line to 'None'
[0.955s] Level 5:colcon.colcon_core.verb:set package 'led_activity' build argument 'cmake_target_skip_unavailable' from command line to 'False'
[0.955s] Level 5:colcon.colcon_core.verb:set package 'led_activity' build argument 'cmake_clean_cache' from command line to 'False'
[0.955s] Level 5:colcon.colcon_core.verb:set package 'led_activity' build argument 'cmake_clean_first' from command line to 'False'
[0.955s] Level 5:colcon.colcon_core.verb:set package 'led_activity' build argument 'cmake_force_configure' from command line to 'False'
[0.955s] Level 5:colcon.colcon_core.verb:set package 'led_activity' build argument 'ament_cmake_args' from command line to 'None'
[0.955s] Level 5:colcon.colcon_core.verb:set package 'led_activity' build argument 'catkin_cmake_args' from command line to 'None'
[0.955s] Level 5:colcon.colcon_core.verb:set package 'led_activity' build argument 'catkin_skip_building_tests' from command line to 'False'
[0.955s] DEBUG:colcon.colcon_core.verb:Building package 'led_activity' with the following arguments: {'ament_cmake_args': None, 'build_base': '/home/narayan/ros2_ws/build/led_activity', 'catkin_cmake_args': None, 'catkin_skip_building_tests': False, 'cmake_args': None, 'cmake_clean_cache': False, 'cmake_clean_first': False, 'cmake_force_configure': False, 'cmake_target': None, 'cmake_target_skip_unavailable': False, 'install_base': '/home/narayan/ros2_ws/install/led_activity', 'merge_install': False, 'path': '/home/narayan/ros2_ws/src/led_activity', 'symlink_install': False, 'test_result_base': None}
[0.956s] Level 5:colcon.colcon_core.verb:set package 'onepkg' build argument 'cmake_args' from command line to 'None'
[0.957s] Level 5:colcon.colcon_core.verb:set package 'onepkg' build argument 'cmake_target' from command line to 'None'
[0.957s] Level 5:colcon.colcon_core.verb:set package 'onepkg' build argument 'cmake_target_skip_unavailable' from command line to 'False'
[0.957s] Level 5:colcon.colcon_core.verb:set package 'onepkg' build argument 'cmake_clean_cache' from command line to 'False'
[0.957s] Level 5:colcon.colcon_core.verb:set package 'onepkg' build argument 'cmake_clean_first' from command line to 'False'
[0.957s] Level 5:colcon.colcon_core.verb:set package 'onepkg' build argument 'cmake_force_configure' from command line to 'False'
[0.957s] Level 5:colcon.colcon_core.verb:set package 'onepkg' build argument 'ament_cmake_args' from command line to 'None'
[0.957s] Level 5:colcon.colcon_core.verb:set package 'onepkg' build argument 'catkin_cmake_args' from command line to 'None'
[0.957s] Level 5:colcon.colcon_core.verb:set package 'onepkg' build argument 'catkin_skip_building_tests' from command line to 'False'
[0.957s] DEBUG:colcon.colcon_core.verb:Building package 'onepkg' with the following arguments: {'ament_cmake_args': None, 'build_base': '/home/narayan/ros2_ws/build/onepkg', 'catkin_cmake_args': None, 'catkin_skip_building_tests': False, 'cmake_args': None, 'cmake_clean_cache': False, 'cmake_clean_first': False, 'cmake_force_configure': False, 'cmake_target': None, 'cmake_target_skip_unavailable': False, 'install_base': '/home/narayan/ros2_ws/install/onepkg', 'merge_install': False, 'path': '/home/narayan/ros2_ws/src/onepkg', 'symlink_install': False, 'test_result_base': None}
[0.958s] INFO:colcon.colcon_core.executor:Executing jobs using 'parallel' executor
[0.961s] DEBUG:colcon.colcon_parallel_executor.executor.parallel:run_until_complete
[0.963s] INFO:colcon.colcon_ros.task.ament_cmake.build:Building ROS package in '/home/narayan/ros2_ws/src/my_interfaces' with build type 'ament_cmake'
[0.963s] INFO:colcon.colcon_cmake.task.cmake.build:Building CMake package in '/home/narayan/ros2_ws/src/my_interfaces'
[0.978s] INFO:colcon.colcon_core.plugin_system:Skipping extension 'colcon_core.shell.bat': Not used on non-Windows systems
[0.979s] INFO:colcon.colcon_core.shell:Skip shell extension 'powershell' for command environment: Not usable outside of PowerShell
[0.979s] DEBUG:colcon.colcon_core.shell:Skip shell extension 'dsv' for command environment
[0.998s] INFO:colcon.colcon_ros.task.ament_python.build:Building ROS package in '/home/narayan/ros2_ws/src/TransNum' with build type 'ament_python'
[0.999s] Level 1:colcon.colcon_core.shell:create_environment_hook('TransNum', 'ament_prefix_path')
[0.999s] INFO:colcon.colcon_core.shell:Creating environment hook '/home/narayan/ros2_ws/install/TransNum/share/TransNum/hook/ament_prefix_path.ps1'
[1.002s] INFO:colcon.colcon_core.shell:Creating environment descriptor '/home/narayan/ros2_ws/install/TransNum/share/TransNum/hook/ament_prefix_path.dsv'
[1.004s] INFO:colcon.colcon_core.shell:Creating environment hook '/home/narayan/ros2_ws/install/TransNum/share/TransNum/hook/ament_prefix_path.sh'
[1.008s] INFO:colcon.colcon_core.shell:Skip shell extension 'powershell' for command environment: Not usable outside of PowerShell
[1.008s] DEBUG:colcon.colcon_core.shell:Skip shell extension 'dsv' for command environment
[1.042s] DEBUG:colcon.colcon_core.event_handler.log_command:Invoking command in '/home/narayan/ros2_ws/build/my_interfaces': CMAKE_PREFIX_PATH=${CMAKE_PREFIX_PATH}:/home/narayan/ros2_ws/install/onepkg:/home/narayan/ros2_ws/install/TransNum:/opt/ros/jazzy DEBUGINFOD_URLS=https://debuginfod.ubuntu.com /usr/bin/cmake --build /home/narayan/ros2_ws/build/my_interfaces -- -j4 -l4
[2.468s] INFO:colcon.colcon_core.task.python.build:Building Python package in '/home/narayan/ros2_ws/src/TransNum'
[2.472s] INFO:colcon.colcon_core.shell:Skip shell extension 'powershell' for command environment: Not usable outside of PowerShell
[2.473s] DEBUG:colcon.colcon_core.shell:Skip shell extension 'dsv' for command environment
[3.456s] DEBUG:colcon.colcon_core.event_handler.log_command:Invoked command in '/home/narayan/ros2_ws/build/my_interfaces' returned '0': CMAKE_PREFIX_PATH=${CMAKE_PREFIX_PATH}:/home/narayan/ros2_ws/install/onepkg:/home/narayan/ros2_ws/install/TransNum:/opt/ros/jazzy DEBUGINFOD_URLS=https://debuginfod.ubuntu.com /usr/bin/cmake --build /home/narayan/ros2_ws/build/my_interfaces -- -j4 -l4
[3.509s] DEBUG:colcon.colcon_core.event_handler.log_command:Invoking command in '/home/narayan/ros2_ws/build/my_interfaces': CMAKE_PREFIX_PATH=${CMAKE_PREFIX_PATH}:/home/narayan/ros2_ws/install/onepkg:/home/narayan/ros2_ws/install/TransNum:/opt/ros/jazzy DEBUGINFOD_URLS=https://debuginfod.ubuntu.com /usr/bin/cmake --install /home/narayan/ros2_ws/build/my_interfaces
[3.859s] Level 1:colcon.colcon_core.environment:create_environment_scripts_only(my_interfaces)
[3.860s] DEBUG:colcon.colcon_core.event_handler.log_command:Invoked command in '/home/narayan/ros2_ws/build/my_interfaces' returned '0': CMAKE_PREFIX_PATH=${CMAKE_PREFIX_PATH}:/home/narayan/ros2_ws/install/onepkg:/home/narayan/ros2_ws/install/TransNum:/opt/ros/jazzy DEBUGINFOD_URLS=https://debuginfod.ubuntu.com /usr/bin/cmake --install /home/narayan/ros2_ws/build/my_interfaces
[3.869s] Level 1:colcon.colcon_core.environment:checking '/home/narayan/ros2_ws/install/my_interfaces' for CMake module files
[3.872s] Level 1:colcon.colcon_core.environment:checking '/home/narayan/ros2_ws/install/my_interfaces' for CMake config files
[3.874s] Level 1:colcon.colcon_core.shell:create_environment_hook('my_interfaces', 'cmake_prefix_path')
[3.875s] INFO:colcon.colcon_core.shell:Creating environment hook '/home/narayan/ros2_ws/install/my_interfaces/share/my_interfaces/hook/cmake_prefix_path.ps1'
[3.877s] INFO:colcon.colcon_core.shell:Creating environment descriptor '/home/narayan/ros2_ws/install/my_interfaces/share/my_interfaces/hook/cmake_prefix_path.dsv'
[3.879s] INFO:colcon.colcon_core.shell:Creating environment hook '/home/narayan/ros2_ws/install/my_interfaces/share/my_interfaces/hook/cmake_prefix_path.sh'
[3.881s] Level 1:colcon.colcon_core.environment:checking '/home/narayan/ros2_ws/install/my_interfaces/lib'
[3.882s] Level 1:colcon.colcon_core.shell:create_environment_hook('my_interfaces', 'ld_library_path_lib')
[3.883s] INFO:colcon.colcon_core.shell:Creating environment hook '/home/narayan/ros2_ws/install/my_interfaces/share/my_interfaces/hook/ld_library_path_lib.ps1'
[3.885s] INFO:colcon.colcon_core.shell:Creating environment descriptor '/home/narayan/ros2_ws/install/my_interfaces/share/my_interfaces/hook/ld_library_path_lib.dsv'
[3.887s] INFO:colcon.colcon_core.shell:Creating environment hook '/home/narayan/ros2_ws/install/my_interfaces/share/my_interfaces/hook/ld_library_path_lib.sh'
[3.891s] Level 1:colcon.colcon_core.environment:checking '/home/narayan/ros2_ws/install/my_interfaces/bin'
[3.891s] Level 1:colcon.colcon_core.environment:checking '/home/narayan/ros2_ws/install/my_interfaces/lib/pkgconfig/my_interfaces.pc'
[3.893s] Level 1:colcon.colcon_core.environment:checking '/home/narayan/ros2_ws/install/my_interfaces/lib/python3.12/site-packages'
[3.893s] Level 1:colcon.colcon_core.shell:create_environment_hook('my_interfaces', 'pythonpath')
[3.894s] INFO:colcon.colcon_core.shell:Creating environment hook '/home/narayan/ros2_ws/install/my_interfaces/share/my_interfaces/hook/pythonpath.ps1'
[3.897s] INFO:colcon.colcon_core.shell:Creating environment descriptor '/home/narayan/ros2_ws/install/my_interfaces/share/my_interfaces/hook/pythonpath.dsv'
[3.899s] INFO:colcon.colcon_core.shell:Creating environment hook '/home/narayan/ros2_ws/install/my_interfaces/share/my_interfaces/hook/pythonpath.sh'
[3.903s] Level 1:colcon.colcon_core.environment:checking '/home/narayan/ros2_ws/install/my_interfaces/bin'
[3.904s] INFO:colcon.colcon_core.shell:Creating package script '/home/narayan/ros2_ws/install/my_interfaces/share/my_interfaces/package.ps1'
[3.907s] INFO:colcon.colcon_core.shell:Creating package descriptor '/home/narayan/ros2_ws/install/my_interfaces/share/my_interfaces/package.dsv'
[3.910s] INFO:colcon.colcon_core.shell:Creating package script '/home/narayan/ros2_ws/install/my_interfaces/share/my_interfaces/package.sh'
[3.913s] INFO:colcon.colcon_core.shell:Creating package script '/home/narayan/ros2_ws/install/my_interfaces/share/my_interfaces/package.bash'
[3.915s] INFO:colcon.colcon_core.shell:Creating package script '/home/narayan/ros2_ws/install/my_interfaces/share/my_interfaces/package.zsh'
[3.918s] Level 1:colcon.colcon_core.environment:create_file_with_runtime_dependencies(/home/narayan/ros2_ws/install/my_interfaces/share/colcon-core/packages/my_interfaces)
[3.921s] Level 1:colcon.colcon_core.environment:create_environment_scripts_only(my_interfaces)
[3.921s] Level 1:colcon.colcon_core.environment:checking '/home/narayan/ros2_ws/install/my_interfaces' for CMake module files
[3.925s] Level 1:colcon.colcon_core.environment:checking '/home/narayan/ros2_ws/install/my_interfaces' for CMake config files
[3.927s] Level 1:colcon.colcon_core.shell:create_environment_hook('my_interfaces', 'cmake_prefix_path')
[3.928s] INFO:colcon.colcon_core.shell:Creating environment hook '/home/narayan/ros2_ws/install/my_interfaces/share/my_interfaces/hook/cmake_prefix_path.ps1'
[3.930s] INFO:colcon.colcon_core.shell:Creating environment descriptor '/home/narayan/ros2_ws/install/my_interfaces/share/my_interfaces/hook/cmake_prefix_path.dsv'
[3.933s] INFO:colcon.colcon_core.shell:Creating environment hook '/home/narayan/ros2_ws/install/my_interfaces/share/my_interfaces/hook/cmake_prefix_path.sh'
[3.935s] Level 1:colcon.colcon_core.environment:checking '/home/narayan/ros2_ws/install/my_interfaces/lib'
[3.936s] Level 1:colcon.colcon_core.shell:create_environment_hook('my_interfaces', 'ld_library_path_lib')
[3.936s] INFO:colcon.colcon_core.shell:Creating environment hook '/home/narayan/ros2_ws/install/my_interfaces/share/my_interfaces/hook/ld_library_path_lib.ps1'
[3.938s] INFO:colcon.colcon_core.shell:Creating environment descriptor '/home/narayan/ros2_ws/install/my_interfaces/share/my_interfaces/hook/ld_library_path_lib.dsv'
[3.940s] INFO:colcon.colcon_core.shell:Creating environment hook '/home/narayan/ros2_ws/install/my_interfaces/share/my_interfaces/hook/ld_library_path_lib.sh'
[3.942s] Level 1:colcon.colcon_core.environment:checking '/home/narayan/ros2_ws/install/my_interfaces/bin'
[3.943s] Level 1:colcon.colcon_core.environment:checking '/home/narayan/ros2_ws/install/my_interfaces/lib/pkgconfig/my_interfaces.pc'
[3.944s] Level 1:colcon.colcon_core.environment:checking '/home/narayan/ros2_ws/install/my_interfaces/lib/python3.12/site-packages'
[3.945s] Level 1:colcon.colcon_core.shell:create_environment_hook('my_interfaces', 'pythonpath')
[3.945s] INFO:colcon.colcon_core.shell:Creating environment hook '/home/narayan/ros2_ws/install/my_interfaces/share/my_interfaces/hook/pythonpath.ps1'
[3.947s] INFO:colcon.colcon_core.shell:Creating environment descriptor '/home/narayan/ros2_ws/install/my_interfaces/share/my_interfaces/hook/pythonpath.dsv'
[3.950s] INFO:colcon.colcon_core.shell:Creating environment hook '/home/narayan/ros2_ws/install/my_interfaces/share/my_interfaces/hook/pythonpath.sh'
[3.953s] Level 1:colcon.colcon_core.environment:checking '/home/narayan/ros2_ws/install/my_interfaces/bin'
[3.954s] INFO:colcon.colcon_core.shell:Creating package script '/home/narayan/ros2_ws/install/my_interfaces/share/my_interfaces/package.ps1'
[3.957s] INFO:colcon.colcon_core.shell:Creating package descriptor '/home/narayan/ros2_ws/install/my_interfaces/share/my_interfaces/package.dsv'
[3.960s] INFO:colcon.colcon_core.shell:Creating package script '/home/narayan/ros2_ws/install/my_interfaces/share/my_interfaces/package.sh'
[3.963s] INFO:colcon.colcon_core.shell:Creating package script '/home/narayan/ros2_ws/install/my_interfaces/share/my_interfaces/package.bash'
[3.966s] INFO:colcon.colcon_core.shell:Creating package script '/home/narayan/ros2_ws/install/my_interfaces/share/my_interfaces/package.zsh'
[3.968s] Level 1:colcon.colcon_core.environment:create_file_with_runtime_dependencies(/home/narayan/ros2_ws/install/my_interfaces/share/colcon-core/packages/my_interfaces)
[3.971s] INFO:colcon.colcon_ros.task.ament_python.build:Building ROS package in '/home/narayan/ros2_ws/src/led_activity' with build type 'ament_python'
[3.971s] Level 1:colcon.colcon_core.shell:create_environment_hook('led_activity', 'ament_prefix_path')
[3.972s] INFO:colcon.colcon_core.shell:Creating environment hook '/home/narayan/ros2_ws/install/led_activity/share/led_activity/hook/ament_prefix_path.ps1'
[3.975s] INFO:colcon.colcon_core.shell:Creating environment descriptor '/home/narayan/ros2_ws/install/led_activity/share/led_activity/hook/ament_prefix_path.dsv'
[3.978s] INFO:colcon.colcon_core.shell:Creating environment hook '/home/narayan/ros2_ws/install/led_activity/share/led_activity/hook/ament_prefix_path.sh'
[3.984s] INFO:colcon.colcon_core.shell:Skip shell extension 'powershell' for command environment: Not usable outside of PowerShell
[3.984s] DEBUG:colcon.colcon_core.shell:Skip shell extension 'dsv' for command environment
[4.010s] INFO:colcon.colcon_ros.task.ament_python.build:Building ROS package in '/home/narayan/ros2_ws/src/onepkg' with build type 'ament_python'
[4.011s] Level 1:colcon.colcon_core.shell:create_environment_hook('onepkg', 'ament_prefix_path')
[4.012s] INFO:colcon.colcon_core.shell:Creating environment hook '/home/narayan/ros2_ws/install/onepkg/share/onepkg/hook/ament_prefix_path.ps1'
[4.015s] INFO:colcon.colcon_core.shell:Creating environment descriptor '/home/narayan/ros2_ws/install/onepkg/share/onepkg/hook/ament_prefix_path.dsv'
[4.017s] INFO:colcon.colcon_core.shell:Creating environment hook '/home/narayan/ros2_ws/install/onepkg/share/onepkg/hook/ament_prefix_path.sh'
[4.020s] INFO:colcon.colcon_core.shell:Skip shell extension 'powershell' for command environment: Not usable outside of PowerShell
[4.020s] DEBUG:colcon.colcon_core.shell:Skip shell extension 'dsv' for command environment
[5.061s] INFO:colcon.colcon_core.task.python.build:Building Python package in '/home/narayan/ros2_ws/src/led_activity'
[5.062s] INFO:colcon.colcon_core.shell:Skip shell extension 'powershell' for command environment: Not usable outside of PowerShell
[5.062s] DEBUG:colcon.colcon_core.shell:Skip shell extension 'dsv' for command environment
[6.093s] INFO:colcon.colcon_core.task.python.build:Building Python package in '/home/narayan/ros2_ws/src/onepkg'
[6.094s] INFO:colcon.colcon_core.shell:Skip shell extension 'powershell' for command environment: Not usable outside of PowerShell
[6.094s] DEBUG:colcon.colcon_core.shell:Skip shell extension 'dsv' for command environment
[6.133s] DEBUG:colcon.colcon_core.event_handler.log_command:Invoking command in '/home/narayan/ros2_ws/src/TransNum': DEBUGINFOD_URLS=https://debuginfod.ubuntu.com PYTHONPATH=/home/narayan/ros2_ws/build/TransNum/prefix_override:/usr/lib/python3/dist-packages/colcon_core/task/python/colcon_distutils_commands:/home/narayan/ros2_ws/install/TransNum/lib/python3.12/site-packages:${PYTHONPATH} /usr/bin/python3 -W ignore:setup.py install is deprecated -W ignore:easy_install command is deprecated setup.py egg_info --egg-base ../../build/TransNum build --build-base /home/narayan/ros2_ws/build/TransNum/build install --record /home/narayan/ros2_ws/build/TransNum/install.log --single-version-externally-managed install_data
[9.361s] Level 1:colcon.colcon_core.environment:checking '/home/narayan/ros2_ws/install/TransNum' for CMake module files
[9.365s] DEBUG:colcon.colcon_core.event_handler.log_command:Invoked command in '/home/narayan/ros2_ws/src/TransNum' returned '0': DEBUGINFOD_URLS=https://debuginfod.ubuntu.com PYTHONPATH=/home/narayan/ros2_ws/build/TransNum/prefix_override:/usr/lib/python3/dist-packages/colcon_core/task/python/colcon_distutils_commands:/home/narayan/ros2_ws/install/TransNum/lib/python3.12/site-packages:${PYTHONPATH} /usr/bin/python3 -W ignore:setup.py install is deprecated -W ignore:easy_install command is deprecated setup.py egg_info --egg-base ../../build/TransNum build --build-base /home/narayan/ros2_ws/build/TransNum/build install --record /home/narayan/ros2_ws/build/TransNum/install.log --single-version-externally-managed install_data
[9.373s] Level 1:colcon.colcon_core.environment:checking '/home/narayan/ros2_ws/install/TransNum' for CMake config files
[9.383s] Level 1:colcon.colcon_core.environment:checking '/home/narayan/ros2_ws/install/TransNum/lib'
[9.385s] Level 1:colcon.colcon_core.environment:checking '/home/narayan/ros2_ws/install/TransNum/bin'
[9.386s] Level 1:colcon.colcon_core.environment:checking '/home/narayan/ros2_ws/install/TransNum/lib/pkgconfig/TransNum.pc'
[9.388s] Level 1:colcon.colcon_core.environment:checking '/home/narayan/ros2_ws/install/TransNum/lib/python3.12/site-packages'
[9.390s] Level 1:colcon.colcon_core.shell:create_environment_hook('TransNum', 'pythonpath')
[9.392s] INFO:colcon.colcon_core.shell:Creating environment hook '/home/narayan/ros2_ws/install/TransNum/share/TransNum/hook/pythonpath.ps1'
[9.398s] INFO:colcon.colcon_core.shell:Creating environment descriptor '/home/narayan/ros2_ws/install/TransNum/share/TransNum/hook/pythonpath.dsv'
[9.402s] INFO:colcon.colcon_core.shell:Creating environment hook '/home/narayan/ros2_ws/install/TransNum/share/TransNum/hook/pythonpath.sh'
[9.409s] Level 1:colcon.colcon_core.environment:checking '/home/narayan/ros2_ws/install/TransNum/bin'
[9.410s] Level 1:colcon.colcon_core.environment:create_environment_scripts_only(TransNum)
[9.412s] INFO:colcon.colcon_core.shell:Creating package script '/home/narayan/ros2_ws/install/TransNum/share/TransNum/package.ps1'
[9.419s] INFO:colcon.colcon_core.shell:Creating package descriptor '/home/narayan/ros2_ws/install/TransNum/share/TransNum/package.dsv'
[9.425s] INFO:colcon.colcon_core.shell:Creating package script '/home/narayan/ros2_ws/install/TransNum/share/TransNum/package.sh'
[9.431s] INFO:colcon.colcon_core.shell:Creating package script '/home/narayan/ros2_ws/install/TransNum/share/TransNum/package.bash'
[9.436s] INFO:colcon.colcon_core.shell:Creating package script '/home/narayan/ros2_ws/install/TransNum/share/TransNum/package.zsh'
[9.440s] Level 1:colcon.colcon_core.environment:create_file_with_runtime_dependencies(/home/narayan/ros2_ws/install/TransNum/share/colcon-core/packages/TransNum)
[9.449s] INFO:colcon.colcon_ros.task.ament_cmake.build:Building ROS package in '/home/narayan/ros2_ws/src/launch_file' with build type 'ament_cmake'
[9.451s] INFO:colcon.colcon_cmake.task.cmake.build:Building CMake package in '/home/narayan/ros2_ws/src/launch_file'
[9.455s] INFO:colcon.colcon_core.shell:Skip shell extension 'powershell' for command environment: Not usable outside of PowerShell
[9.459s] DEBUG:colcon.colcon_core.shell:Skip shell extension 'dsv' for command environment
[9.544s] DEBUG:colcon.colcon_core.event_handler.log_command:Invoking command in '/home/narayan/ros2_ws/src/led_activity': CMAKE_PREFIX_PATH=/home/narayan/ros2_ws/install/my_interfaces:/home/narayan/ros2_ws/install/launch_file:/home/narayan/ros2_ws/install/led_activity:/opt/ros/jazzy/opt/gz_math_vendor:/opt/ros/jazzy/opt/gz_utils_vendor:/opt/ros/jazzy/opt/gz_cmake_vendor DEBUGINFOD_URLS=https://debuginfod.ubuntu.com PYTHONPATH=/home/narayan/ros2_ws/build/led_activity/prefix_override:/usr/lib/python3/dist-packages/colcon_core/task/python/colcon_distutils_commands:/home/narayan/ros2_ws/install/led_activity/lib/python3.12/site-packages:/home/narayan/ros2_ws/install/my_interfaces/lib/python3.12/site-packages:/home/narayan/ros2_ws/install/onepkg/lib/python3.12/site-packages:/home/narayan/ros2_ws/install/led_activity/lib/python3.12/site-packages:/home/narayan/ros2_ws/install/TransNum/lib/python3.12/site-packages:/opt/ros/jazzy/lib/python3.12/site-packages /usr/bin/python3 -W ignore:setup.py install is deprecated -W ignore:easy_install command is deprecated setup.py egg_info --egg-base ../../build/led_activity build --build-base /home/narayan/ros2_ws/build/led_activity/build install --record /home/narayan/ros2_ws/build/led_activity/install.log --single-version-externally-managed install_data
[9.582s] DEBUG:colcon.colcon_core.event_handler.log_command:Invoking command in '/home/narayan/ros2_ws/build/launch_file': AMENT_PREFIX_PATH=/home/narayan/ros2_ws/install/TransNum:/home/narayan/ros2_ws/install/launch_file:/home/narayan/ros2_ws/install/onepkg:/home/narayan/ros2_ws/install/led_activity:/home/narayan/ros2_ws/install/my_interfaces:/opt/ros/jazzy CMAKE_PREFIX_PATH=${CMAKE_PREFIX_PATH}:/home/narayan/ros2_ws/install/onepkg:/home/narayan/ros2_ws/install/TransNum:/opt/ros/jazzy DEBUGINFOD_URLS=https://debuginfod.ubuntu.com PYTHONPATH=/home/narayan/ros2_ws/install/TransNum/lib/python3.12/site-packages:/home/narayan/ros2_ws/install/onepkg/lib/python3.12/site-packages:/home/narayan/ros2_ws/install/led_activity/lib/python3.12/site-packages:/home/narayan/ros2_ws/install/my_interfaces/lib/python3.12/site-packages:/opt/ros/jazzy/lib/python3.12/site-packages /usr/bin/cmake --build /home/narayan/ros2_ws/build/launch_file -- -j4 -l4
[9.612s] DEBUG:colcon.colcon_core.event_handler.log_command:Invoking command in '/home/narayan/ros2_ws/src/onepkg': CMAKE_PREFIX_PATH=/home/narayan/ros2_ws/install/my_interfaces:/home/narayan/ros2_ws/install/launch_file:/home/narayan/ros2_ws/install/led_activity:/opt/ros/jazzy/opt/gz_math_vendor:/opt/ros/jazzy/opt/gz_utils_vendor:/opt/ros/jazzy/opt/gz_cmake_vendor DEBUGINFOD_URLS=https://debuginfod.ubuntu.com PYTHONPATH=/home/narayan/ros2_ws/build/onepkg/prefix_override:/usr/lib/python3/dist-packages/colcon_core/task/python/colcon_distutils_commands:/home/narayan/ros2_ws/install/onepkg/lib/python3.12/site-packages:/home/narayan/ros2_ws/install/my_interfaces/lib/python3.12/site-packages:/home/narayan/ros2_ws/install/onepkg/lib/python3.12/site-packages:/home/narayan/ros2_ws/install/led_activity/lib/python3.12/site-packages:/home/narayan/ros2_ws/install/TransNum/lib/python3.12/site-packages:/opt/ros/jazzy/lib/python3.12/site-packages /usr/bin/python3 -W ignore:setup.py install is deprecated -W ignore:easy_install command is deprecated setup.py egg_info --egg-base ../../build/onepkg build --build-base /home/narayan/ros2_ws/build/onepkg/build install --record /home/narayan/ros2_ws/build/onepkg/install.log --single-version-externally-managed install_data
[9.832s] DEBUG:colcon.colcon_core.event_handler.log_command:Invoked command in '/home/narayan/ros2_ws/build/launch_file' returned '0': AMENT_PREFIX_PATH=/home/narayan/ros2_ws/install/TransNum:/home/narayan/ros2_ws/install/launch_file:/home/narayan/ros2_ws/install/onepkg:/home/narayan/ros2_ws/install/led_activity:/home/narayan/ros2_ws/install/my_interfaces:/opt/ros/jazzy CMAKE_PREFIX_PATH=${CMAKE_PREFIX_PATH}:/home/narayan/ros2_ws/install/onepkg:/home/narayan/ros2_ws/install/TransNum:/opt/ros/jazzy DEBUGINFOD_URLS=https://debuginfod.ubuntu.com PYTHONPATH=/home/narayan/ros2_ws/install/TransNum/lib/python3.12/site-packages:/home/narayan/ros2_ws/install/onepkg/lib/python3.12/site-packages:/home/narayan/ros2_ws/install/led_activity/lib/python3.12/site-packages:/home/narayan/ros2_ws/install/my_interfaces/lib/python3.12/site-packages:/opt/ros/jazzy/lib/python3.12/site-packages /usr/bin/cmake --build /home/narayan/ros2_ws/build/launch_file -- -j4 -l4
[9.838s] DEBUG:colcon.colcon_core.event_handler.log_command:Invoking command in '/home/narayan/ros2_ws/build/launch_file': AMENT_PREFIX_PATH=/home/narayan/ros2_ws/install/TransNum:/home/narayan/ros2_ws/install/launch_file:/home/narayan/ros2_ws/install/onepkg:/home/narayan/ros2_ws/install/led_activity:/home/narayan/ros2_ws/install/my_interfaces:/opt/ros/jazzy CMAKE_PREFIX_PATH=${CMAKE_PREFIX_PATH}:/home/narayan/ros2_ws/install/onepkg:/home/narayan/ros2_ws/install/TransNum:/opt/ros/jazzy DEBUGINFOD_URLS=https://debuginfod.ubuntu.com PYTHONPATH=/home/narayan/ros2_ws/install/TransNum/lib/python3.12/site-packages:/home/narayan/ros2_ws/install/onepkg/lib/python3.12/site-packages:/home/narayan/ros2_ws/install/led_activity/lib/python3.12/site-packages:/home/narayan/ros2_ws/install/my_interfaces/lib/python3.12/site-packages:/opt/ros/jazzy/lib/python3.12/site-packages /usr/bin/cmake --install /home/narayan/ros2_ws/build/launch_file
[9.918s] Level 1:colcon.colcon_core.environment:create_environment_scripts_only(launch_file)
[9.919s] Level 1:colcon.colcon_core.environment:checking '/home/narayan/ros2_ws/install/launch_file' for CMake module files
[9.921s] DEBUG:colcon.colcon_core.event_handler.log_command:Invoked command in '/home/narayan/ros2_ws/build/launch_file' returned '0': AMENT_PREFIX_PATH=/home/narayan/ros2_ws/install/TransNum:/home/narayan/ros2_ws/install/launch_file:/home/narayan/ros2_ws/install/onepkg:/home/narayan/ros2_ws/install/led_activity:/home/narayan/ros2_ws/install/my_interfaces:/opt/ros/jazzy CMAKE_PREFIX_PATH=${CMAKE_PREFIX_PATH}:/home/narayan/ros2_ws/install/onepkg:/home/narayan/ros2_ws/install/TransNum:/opt/ros/jazzy DEBUGINFOD_URLS=https://debuginfod.ubuntu.com PYTHONPATH=/home/narayan/ros2_ws/install/TransNum/lib/python3.12/site-packages:/home/narayan/ros2_ws/install/onepkg/lib/python3.12/site-packages:/home/narayan/ros2_ws/install/led_activity/lib/python3.12/site-packages:/home/narayan/ros2_ws/install/my_interfaces/lib/python3.12/site-packages:/opt/ros/jazzy/lib/python3.12/site-packages /usr/bin/cmake --install /home/narayan/ros2_ws/build/launch_file
[9.924s] Level 1:colcon.colcon_core.environment:checking '/home/narayan/ros2_ws/install/launch_file' for CMake config files
[9.927s] Level 1:colcon.colcon_core.shell:create_environment_hook('launch_file', 'cmake_prefix_path')
[9.927s] INFO:colcon.colcon_core.shell:Creating environment hook '/home/narayan/ros2_ws/install/launch_file/share/launch_file/hook/cmake_prefix_path.ps1'
[9.930s] INFO:colcon.colcon_core.shell:Creating environment descriptor '/home/narayan/ros2_ws/install/launch_file/share/launch_file/hook/cmake_prefix_path.dsv'
[9.932s] INFO:colcon.colcon_core.shell:Creating environment hook '/home/narayan/ros2_ws/install/launch_file/share/launch_file/hook/cmake_prefix_path.sh'
[9.935s] Level 1:colcon.colcon_core.environment:checking '/home/narayan/ros2_ws/install/launch_file/bin'
[9.935s] Level 1:colcon.colcon_core.environment:checking '/home/narayan/ros2_ws/install/launch_file/lib/pkgconfig/launch_file.pc'
[9.936s] Level 1:colcon.colcon_core.environment:checking '/home/narayan/ros2_ws/install/launch_file/lib/python3.12/site-packages'
[9.938s] Level 1:colcon.colcon_core.environment:checking '/home/narayan/ros2_ws/install/launch_file/bin'
[9.939s] INFO:colcon.colcon_core.shell:Creating package script '/home/narayan/ros2_ws/install/launch_file/share/launch_file/package.ps1'
[9.944s] INFO:colcon.colcon_core.shell:Creating package descriptor '/home/narayan/ros2_ws/install/launch_file/share/launch_file/package.dsv'
[9.948s] INFO:colcon.colcon_core.shell:Creating package script '/home/narayan/ros2_ws/install/launch_file/share/launch_file/package.sh'
[9.954s] INFO:colcon.colcon_core.shell:Creating package script '/home/narayan/ros2_ws/install/launch_file/share/launch_file/package.bash'
[9.957s] INFO:colcon.colcon_core.shell:Creating package script '/home/narayan/ros2_ws/install/launch_file/share/launch_file/package.zsh'
[9.962s] Level 1:colcon.colcon_core.environment:create_file_with_runtime_dependencies(/home/narayan/ros2_ws/install/launch_file/share/colcon-core/packages/launch_file)
[9.966s] Level 1:colcon.colcon_core.environment:create_environment_scripts_only(launch_file)
[9.967s] Level 1:colcon.colcon_core.environment:checking '/home/narayan/ros2_ws/install/launch_file' for CMake module files
[9.969s] Level 1:colcon.colcon_core.environment:checking '/home/narayan/ros2_ws/install/launch_file' for CMake config files
[9.972s] Level 1:colcon.colcon_core.shell:create_environment_hook('launch_file', 'cmake_prefix_path')
[9.972s] INFO:colcon.colcon_core.shell:Creating environment hook '/home/narayan/ros2_ws/install/launch_file/share/launch_file/hook/cmake_prefix_path.ps1'
[9.975s] INFO:colcon.colcon_core.shell:Creating environment descriptor '/home/narayan/ros2_ws/install/launch_file/share/launch_file/hook/cmake_prefix_path.dsv'
[9.977s] INFO:colcon.colcon_core.shell:Creating environment hook '/home/narayan/ros2_ws/install/launch_file/share/launch_file/hook/cmake_prefix_path.sh'
[9.980s] Level 1:colcon.colcon_core.environment:checking '/home/narayan/ros2_ws/install/launch_file/bin'
[9.980s] Level 1:colcon.colcon_core.environment:checking '/home/narayan/ros2_ws/install/launch_file/lib/pkgconfig/launch_file.pc'
[9.981s] Level 1:colcon.colcon_core.environment:checking '/home/narayan/ros2_ws/install/launch_file/lib/python3.12/site-packages'
[9.982s] Level 1:colcon.colcon_core.environment:checking '/home/narayan/ros2_ws/install/launch_file/bin'
[9.983s] INFO:colcon.colcon_core.shell:Creating package script '/home/narayan/ros2_ws/install/launch_file/share/launch_file/package.ps1'
[9.986s] INFO:colcon.colcon_core.shell:Creating package descriptor '/home/narayan/ros2_ws/install/launch_file/share/launch_file/package.dsv'
[9.989s] INFO:colcon.colcon_core.shell:Creating package script '/home/narayan/ros2_ws/install/launch_file/share/launch_file/package.sh'
[9.991s] INFO:colcon.colcon_core.shell:Creating package script '/home/narayan/ros2_ws/install/launch_file/share/launch_file/package.bash'
[9.994s] INFO:colcon.colcon_core.shell:Creating package script '/home/narayan/ros2_ws/install/launch_file/share/launch_file/package.zsh'
[9.997s] Level 1:colcon.colcon_core.environment:create_file_with_runtime_dependencies(/home/narayan/ros2_ws/install/launch_file/share/colcon-core/packages/launch_file)
[12.325s] Level 1:colcon.colcon_core.environment:checking '/home/narayan/ros2_ws/install/led_activity' for CMake module files
[12.328s] DEBUG:colcon.colcon_core.event_handler.log_command:Invoked command in '/home/narayan/ros2_ws/src/led_activity' returned '0': CMAKE_PREFIX_PATH=/home/narayan/ros2_ws/install/my_interfaces:/home/narayan/ros2_ws/install/launch_file:/home/narayan/ros2_ws/install/led_activity:/opt/ros/jazzy/opt/gz_math_vendor:/opt/ros/jazzy/opt/gz_utils_vendor:/opt/ros/jazzy/opt/gz_cmake_vendor DEBUGINFOD_URLS=https://debuginfod.ubuntu.com PYTHONPATH=/home/narayan/ros2_ws/build/led_activity/prefix_override:/usr/lib/python3/dist-packages/colcon_core/task/python/colcon_distutils_commands:/home/narayan/ros2_ws/install/led_activity/lib/python3.12/site-packages:/home/narayan/ros2_ws/install/my_interfaces/lib/python3.12/site-packages:/home/narayan/ros2_ws/install/onepkg/lib/python3.12/site-packages:/home/narayan/ros2_ws/install/led_activity/lib/python3.12/site-packages:/home/narayan/ros2_ws/install/TransNum/lib/python3.12/site-packages:/opt/ros/jazzy/lib/python3.12/site-packages /usr/bin/python3 -W ignore:setup.py install is deprecated -W ignore:easy_install command is deprecated setup.py egg_info --egg-base ../../build/led_activity build --build-base /home/narayan/ros2_ws/build/led_activity/build install --record /home/narayan/ros2_ws/build/led_activity/install.log --single-version-externally-managed install_data
[12.333s] Level 1:colcon.colcon_core.environment:checking '/home/narayan/ros2_ws/install/led_activity' for CMake config files
[12.334s] Level 1:colcon.colcon_core.shell:create_environment_hook('led_activity', 'cmake_prefix_path')
[12.336s] INFO:colcon.colcon_core.shell:Creating environment hook '/home/narayan/ros2_ws/install/led_activity/share/led_activity/hook/cmake_prefix_path.ps1'
[12.339s] INFO:colcon.colcon_core.shell:Creating environment descriptor '/home/narayan/ros2_ws/install/led_activity/share/led_activity/hook/cmake_prefix_path.dsv'
[12.342s] INFO:colcon.colcon_core.shell:Creating environment hook '/home/narayan/ros2_ws/install/led_activity/share/led_activity/hook/cmake_prefix_path.sh'
[12.347s] Level 1:colcon.colcon_core.environment:checking '/home/narayan/ros2_ws/install/led_activity/lib'
[12.348s] Level 1:colcon.colcon_core.environment:checking '/home/narayan/ros2_ws/install/led_activity/bin'
[12.349s] Level 1:colcon.colcon_core.environment:checking '/home/narayan/ros2_ws/install/led_activity/lib/pkgconfig/led_activity.pc'
[12.350s] Level 1:colcon.colcon_core.environment:checking '/home/narayan/ros2_ws/install/led_activity/lib/python3.12/site-packages'
[12.351s] Level 1:colcon.colcon_core.shell:create_environment_hook('led_activity', 'pythonpath')
[12.352s] INFO:colcon.colcon_core.shell:Creating environment hook '/home/narayan/ros2_ws/install/led_activity/share/led_activity/hook/pythonpath.ps1'
[12.355s] INFO:colcon.colcon_core.shell:Creating environment descriptor '/home/narayan/ros2_ws/install/led_activity/share/led_activity/hook/pythonpath.dsv'
[12.358s] INFO:colcon.colcon_core.shell:Creating environment hook '/home/narayan/ros2_ws/install/led_activity/share/led_activity/hook/pythonpath.sh'
[12.363s] Level 1:colcon.colcon_core.environment:checking '/home/narayan/ros2_ws/install/led_activity/bin'
[12.364s] Level 1:colcon.colcon_core.environment:create_environment_scripts_only(led_activity)
[12.367s] INFO:colcon.colcon_core.shell:Creating package script '/home/narayan/ros2_ws/install/led_activity/share/led_activity/package.ps1'
[12.371s] INFO:colcon.colcon_core.shell:Creating package descriptor '/home/narayan/ros2_ws/install/led_activity/share/led_activity/package.dsv'
[12.375s] INFO:colcon.colcon_core.shell:Creating package script '/home/narayan/ros2_ws/install/led_activity/share/led_activity/package.sh'
[12.378s] INFO:colcon.colcon_core.shell:Creating package script '/home/narayan/ros2_ws/install/led_activity/share/led_activity/package.bash'
[12.380s] INFO:colcon.colcon_core.shell:Creating package script '/home/narayan/ros2_ws/install/led_activity/share/led_activity/package.zsh'
[12.383s] Level 1:colcon.colcon_core.environment:create_file_with_runtime_dependencies(/home/narayan/ros2_ws/install/led_activity/share/colcon-core/packages/led_activity)
[12.401s] Level 1:colcon.colcon_core.environment:checking '/home/narayan/ros2_ws/install/onepkg' for CMake module files
[12.403s] DEBUG:colcon.colcon_core.event_handler.log_command:Invoked command in '/home/narayan/ros2_ws/src/onepkg' returned '0': CMAKE_PREFIX_PATH=/home/narayan/ros2_ws/install/my_interfaces:/home/narayan/ros2_ws/install/launch_file:/home/narayan/ros2_ws/install/led_activity:/opt/ros/jazzy/opt/gz_math_vendor:/opt/ros/jazzy/opt/gz_utils_vendor:/opt/ros/jazzy/opt/gz_cmake_vendor DEBUGINFOD_URLS=https://debuginfod.ubuntu.com PYTHONPATH=/home/narayan/ros2_ws/build/onepkg/prefix_override:/usr/lib/python3/dist-packages/colcon_core/task/python/colcon_distutils_commands:/home/narayan/ros2_ws/install/onepkg/lib/python3.12/site-packages:/home/narayan/ros2_ws/install/my_interfaces/lib/python3.12/site-packages:/home/narayan/ros2_ws/install/onepkg/lib/python3.12/site-packages:/home/narayan/ros2_ws/install/led_activity/lib/python3.12/site-packages:/home/narayan/ros2_ws/install/TransNum/lib/python3.12/site-packages:/opt/ros/jazzy/lib/python3.12/site-packages /usr/bin/python3 -W ignore:setup.py install is deprecated -W ignore:easy_install command is deprecated setup.py egg_info --egg-base ../../build/onepkg build --build-base /home/narayan/ros2_ws/build/onepkg/build install --record /home/narayan/ros2_ws/build/onepkg/install.log --single-version-externally-managed install_data
[12.405s] Level 1:colcon.colcon_core.environment:checking '/home/narayan/ros2_ws/install/onepkg' for CMake config files
[12.408s] Level 1:colcon.colcon_core.environment:checking '/home/narayan/ros2_ws/install/onepkg/lib'
[12.409s] Level 1:colcon.colcon_core.environment:checking '/home/narayan/ros2_ws/install/onepkg/bin'
[12.409s] Level 1:colcon.colcon_core.environment:checking '/home/narayan/ros2_ws/install/onepkg/lib/pkgconfig/onepkg.pc'
[12.410s] Level 1:colcon.colcon_core.environment:checking '/home/narayan/ros2_ws/install/onepkg/lib/python3.12/site-packages'
[12.411s] Level 1:colcon.colcon_core.shell:create_environment_hook('onepkg', 'pythonpath')
[12.411s] INFO:colcon.colcon_core.shell:Creating environment hook '/home/narayan/ros2_ws/install/onepkg/share/onepkg/hook/pythonpath.ps1'
[12.414s] INFO:colcon.colcon_core.shell:Creating environment descriptor '/home/narayan/ros2_ws/install/onepkg/share/onepkg/hook/pythonpath.dsv'
[12.416s] INFO:colcon.colcon_core.shell:Creating environment hook '/home/narayan/ros2_ws/install/onepkg/share/onepkg/hook/pythonpath.sh'
[12.419s] Level 1:colcon.colcon_core.environment:checking '/home/narayan/ros2_ws/install/onepkg/bin'
[12.420s] Level 1:colcon.colcon_core.environment:create_environment_scripts_only(onepkg)
[12.420s] INFO:colcon.colcon_core.shell:Creating package script '/home/narayan/ros2_ws/install/onepkg/share/onepkg/package.ps1'
[12.422s] INFO:colcon.colcon_core.shell:Creating package descriptor '/home/narayan/ros2_ws/install/onepkg/share/onepkg/package.dsv'
[12.424s] INFO:colcon.colcon_core.shell:Creating package script '/home/narayan/ros2_ws/install/onepkg/share/onepkg/package.sh'
[12.426s] INFO:colcon.colcon_core.shell:Creating package script '/home/narayan/ros2_ws/install/onepkg/share/onepkg/package.bash'
[12.428s] INFO:colcon.colcon_core.shell:Creating package script '/home/narayan/ros2_ws/install/onepkg/share/onepkg/package.zsh'
[12.429s] Level 1:colcon.colcon_core.environment:create_file_with_runtime_dependencies(/home/narayan/ros2_ws/install/onepkg/share/colcon-core/packages/onepkg)
[12.430s] DEBUG:colcon.colcon_parallel_executor.executor.parallel:closing loop
[12.432s] DEBUG:colcon.colcon_parallel_executor.executor.parallel:loop closed
[12.432s] DEBUG:colcon.colcon_parallel_executor.executor.parallel:run_until_complete finished with '0'
[12.432s] DEBUG:colcon.colcon_core.event_reactor:joining thread
[12.470s] INFO:colcon.colcon_core.plugin_system:Skipping extension 'colcon_notification.desktop_notification.terminal_notifier': Not used on non-Darwin systems
[12.470s] INFO:colcon.colcon_core.plugin_system:Skipping extension 'colcon_notification.desktop_notification.win32': Not used on non-Windows systems
[12.471s] INFO:colcon.colcon_notification.desktop_notification:Sending desktop notification using 'notify2'
[12.548s] DEBUG:colcon.colcon_core.event_reactor:joined thread
[12.549s] INFO:colcon.colcon_core.shell:Creating prefix script '/home/narayan/ros2_ws/install/local_setup.ps1'
[12.552s] INFO:colcon.colcon_core.shell:Creating prefix util module '/home/narayan/ros2_ws/install/_local_setup_util_ps1.py'
[12.557s] INFO:colcon.colcon_core.shell:Creating prefix chain script '/home/narayan/ros2_ws/install/setup.ps1'
[12.562s] INFO:colcon.colcon_core.shell:Creating prefix script '/home/narayan/ros2_ws/install/local_setup.sh'
[12.565s] INFO:colcon.colcon_core.shell:Creating prefix util module '/home/narayan/ros2_ws/install/_local_setup_util_sh.py'
[12.568s] INFO:colcon.colcon_core.shell:Creating prefix chain script '/home/narayan/ros2_ws/install/setup.sh'
[12.573s] INFO:colcon.colcon_core.shell:Creating prefix script '/home/narayan/ros2_ws/install/local_setup.bash'
[12.576s] INFO:colcon.colcon_core.shell:Creating prefix chain script '/home/narayan/ros2_ws/install/setup.bash'
[12.581s] INFO:colcon.colcon_core.shell:Creating prefix script '/home/narayan/ros2_ws/install/local_setup.zsh'
[12.584s] INFO:colcon.colcon_core.shell:Creating prefix chain script '/home/narayan/ros2_ws/install/setup.zsh'
