[3.707s] Invoking command in '/home/narayan/ros2_ws/src/TransNum': DEBUGINFOD_URLS=https://debuginfod.ubuntu.com PYTHONPATH=/home/narayan/ros2_ws/build/TransNum/prefix_override:/usr/lib/python3/dist-packages/colcon_core/task/python/colcon_distutils_commands:/home/narayan/ros2_ws/install/TransNum/lib/python3.12/site-packages:${PYTHONPATH} /usr/bin/python3 -W ignore:setup.py install is deprecated -W ignore:easy_install command is deprecated setup.py egg_info --egg-base ../../build/TransNum build --build-base /home/narayan/ros2_ws/build/TransNum/build install --record /home/narayan/ros2_ws/build/TransNum/install.log --single-version-externally-managed install_data
[4.837s] running egg_info
[4.917s] writing ../../build/TransNum/TransNum.egg-info/PKG-INFO
[4.918s] writing dependency_links to ../../build/TransNum/TransNum.egg-info/dependency_links.txt
[4.919s] writing entry points to ../../build/TransNum/TransNum.egg-info/entry_points.txt
[4.920s] writing requirements to ../../build/TransNum/TransNum.egg-info/requires.txt
[4.921s] writing top-level names to ../../build/TransNum/TransNum.egg-info/top_level.txt
[5.093s] reading manifest file '../../build/TransNum/TransNum.egg-info/SOURCES.txt'
[5.096s] writing manifest file '../../build/TransNum/TransNum.egg-info/SOURCES.txt'
[5.096s] running build
[5.097s] running build_py
[5.098s] running install
[5.120s] running install_lib
[5.206s] running install_data
[5.206s] running install_egg_info
[5.297s] removing '/home/narayan/ros2_ws/install/TransNum/lib/python3.12/site-packages/TransNum-0.0.0-py3.12.egg-info' (and everything under it)
[5.298s] Copying ../../build/TransNum/TransNum.egg-info to /home/narayan/ros2_ws/install/TransNum/lib/python3.12/site-packages/TransNum-0.0.0-py3.12.egg-info
[5.304s] running install_scripts
[5.930s] Installing number_publisher script to /home/narayan/ros2_ws/install/TransNum/lib/TransNum
[5.931s] Installing two_way script to /home/narayan/ros2_ws/install/TransNum/lib/TransNum
[5.933s] writing list of installed files to '/home/narayan/ros2_ws/build/TransNum/install.log'
[6.082s] Invoked command in '/home/narayan/ros2_ws/src/TransNum' returned '0': DEBUGINFOD_URLS=https://debuginfod.ubuntu.com PYTHONPATH=/home/narayan/ros2_ws/build/TransNum/prefix_override:/usr/lib/python3/dist-packages/colcon_core/task/python/colcon_distutils_commands:/home/narayan/ros2_ws/install/TransNum/lib/python3.12/site-packages:${PYTHONPATH} /usr/bin/python3 -W ignore:setup.py install is deprecated -W ignore:easy_install command is deprecated setup.py egg_info --egg-base ../../build/TransNum build --build-base /home/narayan/ros2_ws/build/TransNum/build install --record /home/narayan/ros2_ws/build/TransNum/install.log --single-version-externally-managed install_data
