[4.997s] Invoking command in '/home/narayan/ros2_ws/src/onepkg': CMAKE_PREFIX_PATH=/home/narayan/ros2_ws/install/my_interfaces:/home/narayan/ros2_ws/install/led_activity:/opt/ros/jazzy/opt/gz_math_vendor:/opt/ros/jazzy/opt/gz_utils_vendor:/opt/ros/jazzy/opt/gz_cmake_vendor DEBUGINFOD_URLS=https://debuginfod.ubuntu.com PYTHONPATH=/home/narayan/ros2_ws/build/onepkg/prefix_override:/usr/lib/python3/dist-packages/colcon_core/task/python/colcon_distutils_commands:/home/narayan/ros2_ws/install/onepkg/lib/python3.12/site-packages:/home/narayan/ros2_ws/install/my_interfaces/lib/python3.12/site-packages:/home/narayan/ros2_ws/install/onepkg/lib/python3.12/site-packages:/home/narayan/ros2_ws/install/led_activity/lib/python3.12/site-packages:/home/narayan/ros2_ws/install/TransNum/lib/python3.12/site-packages:/opt/ros/jazzy/lib/python3.12/site-packages /usr/bin/python3 -W ignore:setup.py install is deprecated -W ignore:easy_install command is deprecated setup.py egg_info --egg-base ../../build/onepkg build --build-base /home/narayan/ros2_ws/build/onepkg/build install --record /home/narayan/ros2_ws/build/onepkg/install.log --single-version-externally-managed install_data
[6.214s] running egg_info
[6.291s] writing ../../build/onepkg/onepkg.egg-info/PKG-INFO
[6.293s] writing dependency_links to ../../build/onepkg/onepkg.egg-info/dependency_links.txt
[6.294s] writing entry points to ../../build/onepkg/onepkg.egg-info/entry_points.txt
[6.295s] writing requirements to ../../build/onepkg/onepkg.egg-info/requires.txt
[6.295s] writing top-level names to ../../build/onepkg/onepkg.egg-info/top_level.txt
[6.462s] reading manifest file '../../build/onepkg/onepkg.egg-info/SOURCES.txt'
[6.466s] writing manifest file '../../build/onepkg/onepkg.egg-info/SOURCES.txt'
[6.467s] running build
[6.467s] running build_py
[6.473s] copying onepkg/topic_test.py -> /home/narayan/ros2_ws/build/onepkg/build/lib/onepkg
[6.481s] running install
[6.506s] running install_lib
[6.590s] copying /home/narayan/ros2_ws/build/onepkg/build/lib/onepkg/topic_test.py -> /home/narayan/ros2_ws/install/onepkg/lib/python3.12/site-packages/onepkg
[6.597s] byte-compiling /home/narayan/ros2_ws/install/onepkg/lib/python3.12/site-packages/onepkg/topic_test.py to topic_test.cpython-312.pyc
[6.600s] running install_data
[6.602s] running install_egg_info
[6.690s] removing '/home/narayan/ros2_ws/install/onepkg/lib/python3.12/site-packages/onepkg-0.0.0-py3.12.egg-info' (and everything under it)
[6.692s] Copying ../../build/onepkg/onepkg.egg-info to /home/narayan/ros2_ws/install/onepkg/lib/python3.12/site-packages/onepkg-0.0.0-py3.12.egg-info
[6.698s] running install_scripts
[7.309s] Installing client script to /home/narayan/ros2_ws/install/onepkg/lib/onepkg
[7.311s] Installing firstnode script to /home/narayan/ros2_ws/install/onepkg/lib/onepkg
[7.312s] Installing interface_test script to /home/narayan/ros2_ws/install/onepkg/lib/onepkg
[7.314s] Installing server script to /home/narayan/ros2_ws/install/onepkg/lib/onepkg
[7.316s] Installing smphnode script to /home/narayan/ros2_ws/install/onepkg/lib/onepkg
[7.317s] Installing transnode script to /home/narayan/ros2_ws/install/onepkg/lib/onepkg
[7.319s] writing list of installed files to '/home/narayan/ros2_ws/build/onepkg/install.log'
[7.458s] Invoked command in '/home/narayan/ros2_ws/src/onepkg' returned '0': CMAKE_PREFIX_PATH=/home/narayan/ros2_ws/install/my_interfaces:/home/narayan/ros2_ws/install/led_activity:/opt/ros/jazzy/opt/gz_math_vendor:/opt/ros/jazzy/opt/gz_utils_vendor:/opt/ros/jazzy/opt/gz_cmake_vendor DEBUGINFOD_URLS=https://debuginfod.ubuntu.com PYTHONPATH=/home/narayan/ros2_ws/build/onepkg/prefix_override:/usr/lib/python3/dist-packages/colcon_core/task/python/colcon_distutils_commands:/home/narayan/ros2_ws/install/onepkg/lib/python3.12/site-packages:/home/narayan/ros2_ws/install/my_interfaces/lib/python3.12/site-packages:/home/narayan/ros2_ws/install/onepkg/lib/python3.12/site-packages:/home/narayan/ros2_ws/install/led_activity/lib/python3.12/site-packages:/home/narayan/ros2_ws/install/TransNum/lib/python3.12/site-packages:/opt/ros/jazzy/lib/python3.12/site-packages /usr/bin/python3 -W ignore:setup.py install is deprecated -W ignore:easy_install command is deprecated setup.py egg_info --egg-base ../../build/onepkg build --build-base /home/narayan/ros2_ws/build/onepkg/build install --record /home/narayan/ros2_ws/build/onepkg/install.log --single-version-externally-managed install_data
