[8.984s] Invoking command in '/home/narayan/ros2_ws/src/onepkg': CMAKE_PREFIX_PATH=/home/narayan/ros2_ws/install/my_interfaces:/home/narayan/ros2_ws/install/launch_file:/home/narayan/ros2_ws/install/led_activity:/opt/ros/jazzy/opt/gz_math_vendor:/opt/ros/jazzy/opt/gz_utils_vendor:/opt/ros/jazzy/opt/gz_cmake_vendor DEBUGINFOD_URLS=https://debuginfod.ubuntu.com PYTHONPATH=/home/narayan/ros2_ws/build/onepkg/prefix_override:/usr/lib/python3/dist-packages/colcon_core/task/python/colcon_distutils_commands:/home/narayan/ros2_ws/install/onepkg/lib/python3.12/site-packages:/home/narayan/ros2_ws/install/my_interfaces/lib/python3.12/site-packages:/home/narayan/ros2_ws/install/turtle_sim/lib/python3.12/site-packages:/home/narayan/ros2_ws/install/onepkg/lib/python3.12/site-packages:/home/narayan/ros2_ws/install/led_activity/lib/python3.12/site-packages:/home/narayan/ros2_ws/install/TransNum/lib/python3.12/site-packages:/opt/ros/jazzy/lib/python3.12/site-packages /usr/bin/python3 -W ignore:setup.py install is deprecated -W ignore:easy_install command is deprecated setup.py egg_info --egg-base ../../build/onepkg build --build-base /home/narayan/ros2_ws/build/onepkg/build install --record /home/narayan/ros2_ws/build/onepkg/install.log --single-version-externally-managed install_data
[11.959s] running egg_info
[12.175s] writing ../../build/onepkg/onepkg.egg-info/PKG-INFO
[12.186s] writing dependency_links to ../../build/onepkg/onepkg.egg-info/dependency_links.txt
[12.187s] writing entry points to ../../build/onepkg/onepkg.egg-info/entry_points.txt
[12.191s] writing requirements to ../../build/onepkg/onepkg.egg-info/requires.txt
[12.192s] writing top-level names to ../../build/onepkg/onepkg.egg-info/top_level.txt
[12.732s] reading manifest file '../../build/onepkg/onepkg.egg-info/SOURCES.txt'
[12.740s] writing manifest file '../../build/onepkg/onepkg.egg-info/SOURCES.txt'
[12.745s] running build
[12.746s] running build_py
[12.749s] running install
[12.780s] running install_lib
[12.975s] running install_data
[12.978s] running install_egg_info
[13.203s] removing '/home/narayan/ros2_ws/install/onepkg/lib/python3.12/site-packages/onepkg-0.0.0-py3.12.egg-info' (and everything under it)
[13.218s] Copying ../../build/onepkg/onepkg.egg-info to /home/narayan/ros2_ws/install/onepkg/lib/python3.12/site-packages/onepkg-0.0.0-py3.12.egg-info
[13.254s] running install_scripts
[14.639s] Installing client script to /home/narayan/ros2_ws/install/onepkg/lib/onepkg
[14.641s] Installing firstnode script to /home/narayan/ros2_ws/install/onepkg/lib/onepkg
[14.652s] Installing interface_test script to /home/narayan/ros2_ws/install/onepkg/lib/onepkg
[14.653s] Installing server script to /home/narayan/ros2_ws/install/onepkg/lib/onepkg
[14.658s] Installing smphnode script to /home/narayan/ros2_ws/install/onepkg/lib/onepkg
[14.659s] Installing transnode script to /home/narayan/ros2_ws/install/onepkg/lib/onepkg
[14.666s] writing list of installed files to '/home/narayan/ros2_ws/build/onepkg/install.log'
[14.884s] Invoked command in '/home/narayan/ros2_ws/src/onepkg' returned '0': CMAKE_PREFIX_PATH=/home/narayan/ros2_ws/install/my_interfaces:/home/narayan/ros2_ws/install/launch_file:/home/narayan/ros2_ws/install/led_activity:/opt/ros/jazzy/opt/gz_math_vendor:/opt/ros/jazzy/opt/gz_utils_vendor:/opt/ros/jazzy/opt/gz_cmake_vendor DEBUGINFOD_URLS=https://debuginfod.ubuntu.com PYTHONPATH=/home/narayan/ros2_ws/build/onepkg/prefix_override:/usr/lib/python3/dist-packages/colcon_core/task/python/colcon_distutils_commands:/home/narayan/ros2_ws/install/onepkg/lib/python3.12/site-packages:/home/narayan/ros2_ws/install/my_interfaces/lib/python3.12/site-packages:/home/narayan/ros2_ws/install/turtle_sim/lib/python3.12/site-packages:/home/narayan/ros2_ws/install/onepkg/lib/python3.12/site-packages:/home/narayan/ros2_ws/install/led_activity/lib/python3.12/site-packages:/home/narayan/ros2_ws/install/TransNum/lib/python3.12/site-packages:/opt/ros/jazzy/lib/python3.12/site-packages /usr/bin/python3 -W ignore:setup.py install is deprecated -W ignore:easy_install command is deprecated setup.py egg_info --egg-base ../../build/onepkg build --build-base /home/narayan/ros2_ws/build/onepkg/build install --record /home/narayan/ros2_ws/build/onepkg/install.log --single-version-externally-managed install_data
