[1.064s] Invoking command in '/home/narayan_/Documents/ros2_ws/src/turtle_sim': CMAKE_PREFIX_PATH=/home/narayan_/Documents/ros2_ws/install/my_interfaces:/home/narayan_/Documents/ros2_ws/install/urdf_test:/home/narayan_/Documents/ros2_ws/install/launch_file:/home/narayan_/Documents/ros2_ws/install/gazebo_launch:/opt/ros/jazzy/opt/gz_sim_vendor:/opt/ros/jazzy/opt/gz_sensors_vendor:/opt/ros/jazzy/opt/gz_physics_vendor:/opt/ros/jazzy/opt/sdformat_vendor:/opt/ros/jazzy/opt/gz_gui_vendor:/opt/ros/jazzy/opt/gz_transport_vendor:/opt/ros/jazzy/opt/gz_rendering_vendor:/opt/ros/jazzy/opt/gz_plugin_vendor:/opt/ros/jazzy/opt/gz_fuel_tools_vendor:/opt/ros/jazzy/opt/gz_msgs_vendor:/opt/ros/jazzy/opt/gz_common_vendor:/opt/ros/jazzy/opt/gz_math_vendor:/opt/ros/jazzy/opt/gz_utils_vendor:/opt/ros/jazzy/opt/gz_tools_vendor:/opt/ros/jazzy/opt/gz_ogre_next_vendor:/opt/ros/jazzy/opt/gz_dartsim_vendor:/opt/ros/jazzy/opt/gz_cmake_vendor DEBUGINFOD_URLS=https://debuginfod.ubuntu.com PYTHONPATH=/home/narayan_/Documents/ros2_ws/build/turtle_sim/prefix_override:/usr/lib/python3/dist-packages/colcon_core/task/python/colcon_distutils_commands:/home/narayan_/Documents/ros2_ws/install/turtle_sim/lib/python3.12/site-packages:/home/narayan_/Documents/ros2_ws/install/my_interfaces/lib/python3.12/site-packages:/home/narayan_/Documents/ros2_ws/install/turtle_sim/lib/python3.12/site-packages:/home/narayan_/Documents/ros2_ws/install/onepkg/lib/python3.12/site-packages:/home/narayan_/Documents/ros2_ws/install/led_activity/lib/python3.12/site-packages:/home/narayan_/Documents/ros2_ws/install/TransNum/lib/python3.12/site-packages:/opt/ros/jazzy/lib/python3.12/site-packages /usr/bin/python3 -W ignore:setup.py install is deprecated -W ignore:easy_install command is deprecated setup.py egg_info --egg-base ../../build/turtle_sim build --build-base /home/narayan_/Documents/ros2_ws/build/turtle_sim/build install --record /home/narayan_/Documents/ros2_ws/build/turtle_sim/install.log --single-version-externally-managed install_data
[1.277s] running egg_info
[1.293s] writing ../../build/turtle_sim/turtle_sim.egg-info/PKG-INFO
[1.293s] writing dependency_links to ../../build/turtle_sim/turtle_sim.egg-info/dependency_links.txt
[1.294s] writing entry points to ../../build/turtle_sim/turtle_sim.egg-info/entry_points.txt
[1.294s] writing requirements to ../../build/turtle_sim/turtle_sim.egg-info/requires.txt
[1.294s] writing top-level names to ../../build/turtle_sim/turtle_sim.egg-info/top_level.txt
[1.326s] reading manifest file '../../build/turtle_sim/turtle_sim.egg-info/SOURCES.txt'
[1.327s] writing manifest file '../../build/turtle_sim/turtle_sim.egg-info/SOURCES.txt'
[1.327s] running build
[1.327s] running build_py
[1.327s] running install
[1.332s] running install_lib
[1.348s] running install_data
[1.348s] running install_egg_info
[1.365s] removing '/home/narayan_/Documents/ros2_ws/install/turtle_sim/lib/python3.12/site-packages/turtle_sim-0.0.0-py3.12.egg-info' (and everything under it)
[1.365s] Copying ../../build/turtle_sim/turtle_sim.egg-info to /home/narayan_/Documents/ros2_ws/install/turtle_sim/lib/python3.12/site-packages/turtle_sim-0.0.0-py3.12.egg-info
[1.365s] running install_scripts
[1.469s] Installing server script to /home/narayan_/Documents/ros2_ws/install/turtle_sim/lib/turtle_sim
[1.469s] Installing spawner script to /home/narayan_/Documents/ros2_ws/install/turtle_sim/lib/turtle_sim
[1.469s] Installing turtle script to /home/narayan_/Documents/ros2_ws/install/turtle_sim/lib/turtle_sim
[1.469s] writing list of installed files to '/home/narayan_/Documents/ros2_ws/build/turtle_sim/install.log'
[1.499s] Invoked command in '/home/narayan_/Documents/ros2_ws/src/turtle_sim' returned '0': CMAKE_PREFIX_PATH=/home/narayan_/Documents/ros2_ws/install/my_interfaces:/home/narayan_/Documents/ros2_ws/install/urdf_test:/home/narayan_/Documents/ros2_ws/install/launch_file:/home/narayan_/Documents/ros2_ws/install/gazebo_launch:/opt/ros/jazzy/opt/gz_sim_vendor:/opt/ros/jazzy/opt/gz_sensors_vendor:/opt/ros/jazzy/opt/gz_physics_vendor:/opt/ros/jazzy/opt/sdformat_vendor:/opt/ros/jazzy/opt/gz_gui_vendor:/opt/ros/jazzy/opt/gz_transport_vendor:/opt/ros/jazzy/opt/gz_rendering_vendor:/opt/ros/jazzy/opt/gz_plugin_vendor:/opt/ros/jazzy/opt/gz_fuel_tools_vendor:/opt/ros/jazzy/opt/gz_msgs_vendor:/opt/ros/jazzy/opt/gz_common_vendor:/opt/ros/jazzy/opt/gz_math_vendor:/opt/ros/jazzy/opt/gz_utils_vendor:/opt/ros/jazzy/opt/gz_tools_vendor:/opt/ros/jazzy/opt/gz_ogre_next_vendor:/opt/ros/jazzy/opt/gz_dartsim_vendor:/opt/ros/jazzy/opt/gz_cmake_vendor DEBUGINFOD_URLS=https://debuginfod.ubuntu.com PYTHONPATH=/home/narayan_/Documents/ros2_ws/build/turtle_sim/prefix_override:/usr/lib/python3/dist-packages/colcon_core/task/python/colcon_distutils_commands:/home/narayan_/Documents/ros2_ws/install/turtle_sim/lib/python3.12/site-packages:/home/narayan_/Documents/ros2_ws/install/my_interfaces/lib/python3.12/site-packages:/home/narayan_/Documents/ros2_ws/install/turtle_sim/lib/python3.12/site-packages:/home/narayan_/Documents/ros2_ws/install/onepkg/lib/python3.12/site-packages:/home/narayan_/Documents/ros2_ws/install/led_activity/lib/python3.12/site-packages:/home/narayan_/Documents/ros2_ws/install/TransNum/lib/python3.12/site-packages:/opt/ros/jazzy/lib/python3.12/site-packages /usr/bin/python3 -W ignore:setup.py install is deprecated -W ignore:easy_install command is deprecated setup.py egg_info --egg-base ../../build/turtle_sim build --build-base /home/narayan_/Documents/ros2_ws/build/turtle_sim/build install --record /home/narayan_/Documents/ros2_ws/build/turtle_sim/install.log --single-version-externally-managed install_data
