[0.478s] DEBUG:colcon:Command line arguments: ['/usr/bin/colcon', 'build']
[0.478s] DEBUG:colcon:Parsed command line arguments: Namespace(log_base=None, log_level=None, verb_name='build', build_base='build', install_base='install', merge_install=False, symlink_install=False, test_result_base=None, continue_on_error=False, executor='parallel', parallel_workers=4, event_handlers=None, ignore_user_meta=False, metas=['./colcon.meta'], base_paths=['.'], packages_ignore=None, packages_ignore_regex=None, paths=None, packages_up_to=None, packages_up_to_regex=None, packages_above=None, packages_above_and_dependencies=None, packages_above_depth=None, packages_select_by_dep=None, packages_skip_by_dep=None, packages_skip_up_to=None, packages_select_build_failed=False, packages_skip_build_finished=False, packages_select_test_failures=False, packages_skip_test_passed=False, packages_select=None, packages_skip=None, packages_select_regex=None, packages_skip_regex=None, packages_start=None, packages_end=None, allow_overriding=[], cmake_args=None, cmake_target=None, cmake_target_skip_unavailable=False, cmake_clean_cache=False, cmake_clean_first=False, cmake_force_configure=False, ament_cmake_args=None, catkin_cmake_args=None, catkin_skip_building_tests=False, mixin_files=None, mixin=None, verb_parser=<colcon_mixin.mixin.mixin_argument.MixinArgumentDecorator object at 0xffff8a4bc770>, verb_extension=<colcon_core.verb.build.BuildVerb object at 0xffff8a678410>, main=<bound method BuildVerb.main of <colcon_core.verb.build.BuildVerb object at 0xffff8a678410>>, mixin_verb=('build',))
[0.665s] Level 1:colcon.colcon_core.package_discovery:discover_packages(colcon_meta) check parameters
[0.666s] Level 1:colcon.colcon_core.package_discovery:discover_packages(recursive) check parameters
[0.666s] Level 1:colcon.colcon_core.package_discovery:discover_packages(ignore) check parameters
[0.666s] Level 1:colcon.colcon_core.package_discovery:discover_packages(path) check parameters
[0.666s] Level 1:colcon.colcon_core.package_discovery:discover_packages(colcon_meta) discover
[0.666s] Level 1:colcon.colcon_core.package_discovery:discover_packages(recursive) discover
[0.667s] INFO:colcon.colcon_core.package_discovery:Crawling recursively for packages in '/home/narayan/ros2_ws'
[0.667s] Level 1:colcon.colcon_core.package_identification:_identify(.) by extensions ['ignore', 'ignore_ament_install']
[0.668s] Level 1:colcon.colcon_core.package_identification:_identify(.) by extension 'ignore'
[0.668s] Level 1:colcon.colcon_core.package_identification:_identify(.) by extension 'ignore_ament_install'
[0.668s] Level 1:colcon.colcon_core.package_identification:_identify(.) by extensions ['colcon_pkg']
[0.668s] Level 1:colcon.colcon_core.package_identification:_identify(.) by extension 'colcon_pkg'
[0.668s] Level 1:colcon.colcon_core.package_identification:_identify(.) by extensions ['colcon_meta']
[0.668s] Level 1:colcon.colcon_core.package_identification:_identify(.) by extension 'colcon_meta'
[0.669s] Level 1:colcon.colcon_core.package_identification:_identify(.) by extensions ['ros']
[0.669s] Level 1:colcon.colcon_core.package_identification:_identify(.) by extension 'ros'
[0.777s] Level 1:colcon.colcon_core.package_identification:_identify(.) by extensions ['cmake', 'python']
[0.778s] Level 1:colcon.colcon_core.package_identification:_identify(.) by extension 'cmake'
[0.778s] Level 1:colcon.colcon_core.package_identification:_identify(.) by extension 'python'
[0.778s] Level 1:colcon.colcon_core.package_identification:_identify(.) by extensions ['python_setup_py']
[0.778s] Level 1:colcon.colcon_core.package_identification:_identify(.) by extension 'python_setup_py'
[0.779s] Level 1:colcon.colcon_core.package_identification:_identify(build) by extensions ['ignore', 'ignore_ament_install']
[0.779s] Level 1:colcon.colcon_core.package_identification:_identify(build) by extension 'ignore'
[0.780s] Level 1:colcon.colcon_core.package_identification:_identify(build) ignored
[0.780s] Level 1:colcon.colcon_core.package_identification:_identify(install) by extensions ['ignore', 'ignore_ament_install']
[0.781s] Level 1:colcon.colcon_core.package_identification:_identify(install) by extension 'ignore'
[0.781s] Level 1:colcon.colcon_core.package_identification:_identify(install) ignored
[0.783s] Level 1:colcon.colcon_core.package_identification:_identify(log) by extensions ['ignore', 'ignore_ament_install']
[0.783s] Level 1:colcon.colcon_core.package_identification:_identify(log) by extension 'ignore'
[0.783s] Level 1:colcon.colcon_core.package_identification:_identify(log) ignored
[0.784s] Level 1:colcon.colcon_core.package_identification:_identify(src) by extensions ['ignore', 'ignore_ament_install']
[0.784s] Level 1:colcon.colcon_core.package_identification:_identify(src) by extension 'ignore'
[0.785s] Level 1:colcon.colcon_core.package_identification:_identify(src) by extension 'ignore_ament_install'
[0.785s] Level 1:colcon.colcon_core.package_identification:_identify(src) by extensions ['colcon_pkg']
[0.785s] Level 1:colcon.colcon_core.package_identification:_identify(src) by extension 'colcon_pkg'
[0.785s] Level 1:colcon.colcon_core.package_identification:_identify(src) by extensions ['colcon_meta']
[0.786s] Level 1:colcon.colcon_core.package_identification:_identify(src) by extension 'colcon_meta'
[0.786s] Level 1:colcon.colcon_core.package_identification:_identify(src) by extensions ['ros']
[0.786s] Level 1:colcon.colcon_core.package_identification:_identify(src) by extension 'ros'
[0.786s] Level 1:colcon.colcon_core.package_identification:_identify(src) by extensions ['cmake', 'python']
[0.786s] Level 1:colcon.colcon_core.package_identification:_identify(src) by extension 'cmake'
[0.787s] Level 1:colcon.colcon_core.package_identification:_identify(src) by extension 'python'
[0.787s] Level 1:colcon.colcon_core.package_identification:_identify(src) by extensions ['python_setup_py']
[0.787s] Level 1:colcon.colcon_core.package_identification:_identify(src) by extension 'python_setup_py'
[0.787s] Level 1:colcon.colcon_core.package_identification:_identify(src/TransNum) by extensions ['ignore', 'ignore_ament_install']
[0.788s] Level 1:colcon.colcon_core.package_identification:_identify(src/TransNum) by extension 'ignore'
[0.788s] Level 1:colcon.colcon_core.package_identification:_identify(src/TransNum) by extension 'ignore_ament_install'
[0.788s] Level 1:colcon.colcon_core.package_identification:_identify(src/TransNum) by extensions ['colcon_pkg']
[0.789s] Level 1:colcon.colcon_core.package_identification:_identify(src/TransNum) by extension 'colcon_pkg'
[0.789s] Level 1:colcon.colcon_core.package_identification:_identify(src/TransNum) by extensions ['colcon_meta']
[0.789s] Level 1:colcon.colcon_core.package_identification:_identify(src/TransNum) by extension 'colcon_meta'
[0.789s] Level 1:colcon.colcon_core.package_identification:_identify(src/TransNum) by extensions ['ros']
[0.790s] Level 1:colcon.colcon_core.package_identification:_identify(src/TransNum) by extension 'ros'
[0.799s] DEBUG:colcon.colcon_core.package_identification:Package 'src/TransNum' with type 'ros.ament_python' and name 'TransNum'
[0.800s] Level 1:colcon.colcon_core.package_identification:_identify(src/launch_file) by extensions ['ignore', 'ignore_ament_install']
[0.801s] Level 1:colcon.colcon_core.package_identification:_identify(src/launch_file) by extension 'ignore'
[0.801s] Level 1:colcon.colcon_core.package_identification:_identify(src/launch_file) by extension 'ignore_ament_install'
[0.802s] Level 1:colcon.colcon_core.package_identification:_identify(src/launch_file) by extensions ['colcon_pkg']
[0.802s] Level 1:colcon.colcon_core.package_identification:_identify(src/launch_file) by extension 'colcon_pkg'
[0.802s] Level 1:colcon.colcon_core.package_identification:_identify(src/launch_file) by extensions ['colcon_meta']
[0.802s] Level 1:colcon.colcon_core.package_identification:_identify(src/launch_file) by extension 'colcon_meta'
[0.802s] Level 1:colcon.colcon_core.package_identification:_identify(src/launch_file) by extensions ['ros']
[0.803s] Level 1:colcon.colcon_core.package_identification:_identify(src/launch_file) by extension 'ros'
[0.806s] DEBUG:colcon.colcon_core.package_identification:Package 'src/launch_file' with type 'ros.ament_cmake' and name 'launch_file'
[0.807s] Level 1:colcon.colcon_core.package_identification:_identify(src/led_activity) by extensions ['ignore', 'ignore_ament_install']
[0.807s] Level 1:colcon.colcon_core.package_identification:_identify(src/led_activity) by extension 'ignore'
[0.808s] Level 1:colcon.colcon_core.package_identification:_identify(src/led_activity) by extension 'ignore_ament_install'
[0.809s] Level 1:colcon.colcon_core.package_identification:_identify(src/led_activity) by extensions ['colcon_pkg']
[0.809s] Level 1:colcon.colcon_core.package_identification:_identify(src/led_activity) by extension 'colcon_pkg'
[0.810s] Level 1:colcon.colcon_core.package_identification:_identify(src/led_activity) by extensions ['colcon_meta']
[0.810s] Level 1:colcon.colcon_core.package_identification:_identify(src/led_activity) by extension 'colcon_meta'
[0.810s] Level 1:colcon.colcon_core.package_identification:_identify(src/led_activity) by extensions ['ros']
[0.810s] Level 1:colcon.colcon_core.package_identification:_identify(src/led_activity) by extension 'ros'
[0.813s] DEBUG:colcon.colcon_core.package_identification:Package 'src/led_activity' with type 'ros.ament_python' and name 'led_activity'
[0.814s] Level 1:colcon.colcon_core.package_identification:_identify(src/my_interfaces) by extensions ['ignore', 'ignore_ament_install']
[0.814s] Level 1:colcon.colcon_core.package_identification:_identify(src/my_interfaces) by extension 'ignore'
[0.815s] Level 1:colcon.colcon_core.package_identification:_identify(src/my_interfaces) by extension 'ignore_ament_install'
[0.815s] Level 1:colcon.colcon_core.package_identification:_identify(src/my_interfaces) by extensions ['colcon_pkg']
[0.815s] Level 1:colcon.colcon_core.package_identification:_identify(src/my_interfaces) by extension 'colcon_pkg'
[0.815s] Level 1:colcon.colcon_core.package_identification:_identify(src/my_interfaces) by extensions ['colcon_meta']
[0.815s] Level 1:colcon.colcon_core.package_identification:_identify(src/my_interfaces) by extension 'colcon_meta'
[0.815s] Level 1:colcon.colcon_core.package_identification:_identify(src/my_interfaces) by extensions ['ros']
[0.815s] Level 1:colcon.colcon_core.package_identification:_identify(src/my_interfaces) by extension 'ros'
[0.817s] DEBUG:colcon.colcon_core.package_identification:Package 'src/my_interfaces' with type 'ros.ament_cmake' and name 'my_interfaces'
[0.818s] Level 1:colcon.colcon_core.package_identification:_identify(src/onepkg) by extensions ['ignore', 'ignore_ament_install']
[0.819s] Level 1:colcon.colcon_core.package_identification:_identify(src/onepkg) by extension 'ignore'
[0.819s] Level 1:colcon.colcon_core.package_identification:_identify(src/onepkg) by extension 'ignore_ament_install'
[0.819s] Level 1:colcon.colcon_core.package_identification:_identify(src/onepkg) by extensions ['colcon_pkg']
[0.819s] Level 1:colcon.colcon_core.package_identification:_identify(src/onepkg) by extension 'colcon_pkg'
[0.819s] Level 1:colcon.colcon_core.package_identification:_identify(src/onepkg) by extensions ['colcon_meta']
[0.820s] Level 1:colcon.colcon_core.package_identification:_identify(src/onepkg) by extension 'colcon_meta'
[0.820s] Level 1:colcon.colcon_core.package_identification:_identify(src/onepkg) by extensions ['ros']
[0.820s] Level 1:colcon.colcon_core.package_identification:_identify(src/onepkg) by extension 'ros'
[0.822s] DEBUG:colcon.colcon_core.package_identification:Package 'src/onepkg' with type 'ros.ament_python' and name 'onepkg'
[0.823s] Level 1:colcon.colcon_core.package_identification:_identify(src/turtle_sim) by extensions ['ignore', 'ignore_ament_install']
[0.823s] Level 1:colcon.colcon_core.package_identification:_identify(src/turtle_sim) by extension 'ignore'
[0.824s] Level 1:colcon.colcon_core.package_identification:_identify(src/turtle_sim) by extension 'ignore_ament_install'
[0.824s] Level 1:colcon.colcon_core.package_identification:_identify(src/turtle_sim) by extensions ['colcon_pkg']
[0.824s] Level 1:colcon.colcon_core.package_identification:_identify(src/turtle_sim) by extension 'colcon_pkg'
[0.825s] Level 1:colcon.colcon_core.package_identification:_identify(src/turtle_sim) by extensions ['colcon_meta']
[0.825s] Level 1:colcon.colcon_core.package_identification:_identify(src/turtle_sim) by extension 'colcon_meta'
[0.825s] Level 1:colcon.colcon_core.package_identification:_identify(src/turtle_sim) by extensions ['ros']
[0.825s] Level 1:colcon.colcon_core.package_identification:_identify(src/turtle_sim) by extension 'ros'
[0.828s] DEBUG:colcon.colcon_core.package_identification:Package 'src/turtle_sim' with type 'ros.ament_python' and name 'turtle_sim'
[0.828s] Level 1:colcon.colcon_core.package_discovery:discover_packages(recursive) using defaults
[0.829s] Level 1:colcon.colcon_core.package_discovery:discover_packages(ignore) discover
[0.829s] Level 1:colcon.colcon_core.package_discovery:discover_packages(ignore) using defaults
[0.829s] Level 1:colcon.colcon_core.package_discovery:discover_packages(path) discover
[0.829s] Level 1:colcon.colcon_core.package_discovery:discover_packages(path) using defaults
[0.921s] Level 1:colcon.colcon_core.package_discovery:discover_packages(prefix_path) check parameters
[0.921s] Level 1:colcon.colcon_core.package_discovery:discover_packages(prefix_path) discover
[0.936s] DEBUG:colcon.colcon_installed_package_information.package_discovery:Found 6 installed packages in /home/narayan/ros2_ws/install
[0.946s] DEBUG:colcon.colcon_installed_package_information.package_discovery:Found 285 installed packages in /opt/ros/jazzy
[0.953s] Level 1:colcon.colcon_core.package_discovery:discover_packages(prefix_path) using defaults
[1.151s] Level 5:colcon.colcon_core.verb:set package 'TransNum' build argument 'cmake_args' from command line to 'None'
[1.151s] Level 5:colcon.colcon_core.verb:set package 'TransNum' build argument 'cmake_target' from command line to 'None'
[1.152s] Level 5:colcon.colcon_core.verb:set package 'TransNum' build argument 'cmake_target_skip_unavailable' from command line to 'False'
[1.152s] Level 5:colcon.colcon_core.verb:set package 'TransNum' build argument 'cmake_clean_cache' from command line to 'False'
[1.152s] Level 5:colcon.colcon_core.verb:set package 'TransNum' build argument 'cmake_clean_first' from command line to 'False'
[1.152s] Level 5:colcon.colcon_core.verb:set package 'TransNum' build argument 'cmake_force_configure' from command line to 'False'
[1.152s] Level 5:colcon.colcon_core.verb:set package 'TransNum' build argument 'ament_cmake_args' from command line to 'None'
[1.152s] Level 5:colcon.colcon_core.verb:set package 'TransNum' build argument 'catkin_cmake_args' from command line to 'None'
[1.152s] Level 5:colcon.colcon_core.verb:set package 'TransNum' build argument 'catkin_skip_building_tests' from command line to 'False'
[1.152s] DEBUG:colcon.colcon_core.verb:Building package 'TransNum' with the following arguments: {'ament_cmake_args': None, 'build_base': '/home/narayan/ros2_ws/build/TransNum', 'catkin_cmake_args': None, 'catkin_skip_building_tests': False, 'cmake_args': None, 'cmake_clean_cache': False, 'cmake_clean_first': False, 'cmake_force_configure': False, 'cmake_target': None, 'cmake_target_skip_unavailable': False, 'install_base': '/home/narayan/ros2_ws/install/TransNum', 'merge_install': False, 'path': '/home/narayan/ros2_ws/src/TransNum', 'symlink_install': False, 'test_result_base': None}
[1.153s] Level 5:colcon.colcon_core.verb:set package 'my_interfaces' build argument 'cmake_args' from command line to 'None'
[1.154s] Level 5:colcon.colcon_core.verb:set package 'my_interfaces' build argument 'cmake_target' from command line to 'None'
[1.154s] Level 5:colcon.colcon_core.verb:set package 'my_interfaces' build argument 'cmake_target_skip_unavailable' from command line to 'False'
[1.154s] Level 5:colcon.colcon_core.verb:set package 'my_interfaces' build argument 'cmake_clean_cache' from command line to 'False'
[1.154s] Level 5:colcon.colcon_core.verb:set package 'my_interfaces' build argument 'cmake_clean_first' from command line to 'False'
[1.154s] Level 5:colcon.colcon_core.verb:set package 'my_interfaces' build argument 'cmake_force_configure' from command line to 'False'
[1.154s] Level 5:colcon.colcon_core.verb:set package 'my_interfaces' build argument 'ament_cmake_args' from command line to 'None'
[1.154s] Level 5:colcon.colcon_core.verb:set package 'my_interfaces' build argument 'catkin_cmake_args' from command line to 'None'
[1.154s] Level 5:colcon.colcon_core.verb:set package 'my_interfaces' build argument 'catkin_skip_building_tests' from command line to 'False'
[1.154s] DEBUG:colcon.colcon_core.verb:Building package 'my_interfaces' with the following arguments: {'ament_cmake_args': None, 'build_base': '/home/narayan/ros2_ws/build/my_interfaces', 'catkin_cmake_args': None, 'catkin_skip_building_tests': False, 'cmake_args': None, 'cmake_clean_cache': False, 'cmake_clean_first': False, 'cmake_force_configure': False, 'cmake_target': None, 'cmake_target_skip_unavailable': False, 'install_base': '/home/narayan/ros2_ws/install/my_interfaces', 'merge_install': False, 'path': '/home/narayan/ros2_ws/src/my_interfaces', 'symlink_install': False, 'test_result_base': None}
[1.156s] Level 5:colcon.colcon_core.verb:set package 'led_activity' build argument 'cmake_args' from command line to 'None'
[1.156s] Level 5:colcon.colcon_core.verb:set package 'led_activity' build argument 'cmake_target' from command line to 'None'
[1.156s] Level 5:colcon.colcon_core.verb:set package 'led_activity' build argument 'cmake_target_skip_unavailable' from command line to 'False'
[1.156s] Level 5:colcon.colcon_core.verb:set package 'led_activity' build argument 'cmake_clean_cache' from command line to 'False'
[1.156s] Level 5:colcon.colcon_core.verb:set package 'led_activity' build argument 'cmake_clean_first' from command line to 'False'
[1.156s] Level 5:colcon.colcon_core.verb:set package 'led_activity' build argument 'cmake_force_configure' from command line to 'False'
[1.156s] Level 5:colcon.colcon_core.verb:set package 'led_activity' build argument 'ament_cmake_args' from command line to 'None'
[1.156s] Level 5:colcon.colcon_core.verb:set package 'led_activity' build argument 'catkin_cmake_args' from command line to 'None'
[1.157s] Level 5:colcon.colcon_core.verb:set package 'led_activity' build argument 'catkin_skip_building_tests' from command line to 'False'
[1.157s] DEBUG:colcon.colcon_core.verb:Building package 'led_activity' with the following arguments: {'ament_cmake_args': None, 'build_base': '/home/narayan/ros2_ws/build/led_activity', 'catkin_cmake_args': None, 'catkin_skip_building_tests': False, 'cmake_args': None, 'cmake_clean_cache': False, 'cmake_clean_first': False, 'cmake_force_configure': False, 'cmake_target': None, 'cmake_target_skip_unavailable': False, 'install_base': '/home/narayan/ros2_ws/install/led_activity', 'merge_install': False, 'path': '/home/narayan/ros2_ws/src/led_activity', 'symlink_install': False, 'test_result_base': None}
[1.158s] Level 5:colcon.colcon_core.verb:set package 'onepkg' build argument 'cmake_args' from command line to 'None'
[1.158s] Level 5:colcon.colcon_core.verb:set package 'onepkg' build argument 'cmake_target' from command line to 'None'
[1.158s] Level 5:colcon.colcon_core.verb:set package 'onepkg' build argument 'cmake_target_skip_unavailable' from command line to 'False'
[1.158s] Level 5:colcon.colcon_core.verb:set package 'onepkg' build argument 'cmake_clean_cache' from command line to 'False'
[1.159s] Level 5:colcon.colcon_core.verb:set package 'onepkg' build argument 'cmake_clean_first' from command line to 'False'
[1.159s] Level 5:colcon.colcon_core.verb:set package 'onepkg' build argument 'cmake_force_configure' from command line to 'False'
[1.159s] Level 5:colcon.colcon_core.verb:set package 'onepkg' build argument 'ament_cmake_args' from command line to 'None'
[1.159s] Level 5:colcon.colcon_core.verb:set package 'onepkg' build argument 'catkin_cmake_args' from command line to 'None'
[1.159s] Level 5:colcon.colcon_core.verb:set package 'onepkg' build argument 'catkin_skip_building_tests' from command line to 'False'
[1.159s] DEBUG:colcon.colcon_core.verb:Building package 'onepkg' with the following arguments: {'ament_cmake_args': None, 'build_base': '/home/narayan/ros2_ws/build/onepkg', 'catkin_cmake_args': None, 'catkin_skip_building_tests': False, 'cmake_args': None, 'cmake_clean_cache': False, 'cmake_clean_first': False, 'cmake_force_configure': False, 'cmake_target': None, 'cmake_target_skip_unavailable': False, 'install_base': '/home/narayan/ros2_ws/install/onepkg', 'merge_install': False, 'path': '/home/narayan/ros2_ws/src/onepkg', 'symlink_install': False, 'test_result_base': None}
[1.161s] Level 5:colcon.colcon_core.verb:set package 'turtle_sim' build argument 'cmake_args' from command line to 'None'
[1.161s] Level 5:colcon.colcon_core.verb:set package 'turtle_sim' build argument 'cmake_target' from command line to 'None'
[1.161s] Level 5:colcon.colcon_core.verb:set package 'turtle_sim' build argument 'cmake_target_skip_unavailable' from command line to 'False'
[1.161s] Level 5:colcon.colcon_core.verb:set package 'turtle_sim' build argument 'cmake_clean_cache' from command line to 'False'
[1.161s] Level 5:colcon.colcon_core.verb:set package 'turtle_sim' build argument 'cmake_clean_first' from command line to 'False'
[1.161s] Level 5:colcon.colcon_core.verb:set package 'turtle_sim' build argument 'cmake_force_configure' from command line to 'False'
[1.161s] Level 5:colcon.colcon_core.verb:set package 'turtle_sim' build argument 'ament_cmake_args' from command line to 'None'
[1.161s] Level 5:colcon.colcon_core.verb:set package 'turtle_sim' build argument 'catkin_cmake_args' from command line to 'None'
[1.162s] Level 5:colcon.colcon_core.verb:set package 'turtle_sim' build argument 'catkin_skip_building_tests' from command line to 'False'
[1.162s] DEBUG:colcon.colcon_core.verb:Building package 'turtle_sim' with the following arguments: {'ament_cmake_args': None, 'build_base': '/home/narayan/ros2_ws/build/turtle_sim', 'catkin_cmake_args': None, 'catkin_skip_building_tests': False, 'cmake_args': None, 'cmake_clean_cache': False, 'cmake_clean_first': False, 'cmake_force_configure': False, 'cmake_target': None, 'cmake_target_skip_unavailable': False, 'install_base': '/home/narayan/ros2_ws/install/turtle_sim', 'merge_install': False, 'path': '/home/narayan/ros2_ws/src/turtle_sim', 'symlink_install': False, 'test_result_base': None}
[1.163s] Level 5:colcon.colcon_core.verb:set package 'launch_file' build argument 'cmake_args' from command line to 'None'
[1.163s] Level 5:colcon.colcon_core.verb:set package 'launch_file' build argument 'cmake_target' from command line to 'None'
[1.164s] Level 5:colcon.colcon_core.verb:set package 'launch_file' build argument 'cmake_target_skip_unavailable' from command line to 'False'
[1.164s] Level 5:colcon.colcon_core.verb:set package 'launch_file' build argument 'cmake_clean_cache' from command line to 'False'
[1.164s] Level 5:colcon.colcon_core.verb:set package 'launch_file' build argument 'cmake_clean_first' from command line to 'False'
[1.164s] Level 5:colcon.colcon_core.verb:set package 'launch_file' build argument 'cmake_force_configure' from command line to 'False'
[1.164s] Level 5:colcon.colcon_core.verb:set package 'launch_file' build argument 'ament_cmake_args' from command line to 'None'
[1.164s] Level 5:colcon.colcon_core.verb:set package 'launch_file' build argument 'catkin_cmake_args' from command line to 'None'
[1.164s] Level 5:colcon.colcon_core.verb:set package 'launch_file' build argument 'catkin_skip_building_tests' from command line to 'False'
[1.165s] DEBUG:colcon.colcon_core.verb:Building package 'launch_file' with the following arguments: {'ament_cmake_args': None, 'build_base': '/home/narayan/ros2_ws/build/launch_file', 'catkin_cmake_args': None, 'catkin_skip_building_tests': False, 'cmake_args': None, 'cmake_clean_cache': False, 'cmake_clean_first': False, 'cmake_force_configure': False, 'cmake_target': None, 'cmake_target_skip_unavailable': False, 'install_base': '/home/narayan/ros2_ws/install/launch_file', 'merge_install': False, 'path': '/home/narayan/ros2_ws/src/launch_file', 'symlink_install': False, 'test_result_base': None}
[1.165s] INFO:colcon.colcon_core.executor:Executing jobs using 'parallel' executor
[1.169s] DEBUG:colcon.colcon_parallel_executor.executor.parallel:run_until_complete
[1.170s] INFO:colcon.colcon_ros.task.ament_cmake.build:Building ROS package in '/home/narayan/ros2_ws/src/my_interfaces' with build type 'ament_cmake'
[1.170s] INFO:colcon.colcon_cmake.task.cmake.build:Building CMake package in '/home/narayan/ros2_ws/src/my_interfaces'
[1.188s] INFO:colcon.colcon_core.plugin_system:Skipping extension 'colcon_core.shell.bat': Not used on non-Windows systems
[1.189s] INFO:colcon.colcon_core.shell:Skip shell extension 'powershell' for command environment: Not usable outside of PowerShell
[1.190s] DEBUG:colcon.colcon_core.shell:Skip shell extension 'dsv' for command environment
[1.213s] INFO:colcon.colcon_ros.task.ament_python.build:Building ROS package in '/home/narayan/ros2_ws/src/TransNum' with build type 'ament_python'
[1.213s] Level 1:colcon.colcon_core.shell:create_environment_hook('TransNum', 'ament_prefix_path')
[1.214s] INFO:colcon.colcon_core.shell:Creating environment hook '/home/narayan/ros2_ws/install/TransNum/share/TransNum/hook/ament_prefix_path.ps1'
[1.217s] INFO:colcon.colcon_core.shell:Creating environment descriptor '/home/narayan/ros2_ws/install/TransNum/share/TransNum/hook/ament_prefix_path.dsv'
[1.221s] INFO:colcon.colcon_core.shell:Creating environment hook '/home/narayan/ros2_ws/install/TransNum/share/TransNum/hook/ament_prefix_path.sh'
[1.226s] INFO:colcon.colcon_core.shell:Skip shell extension 'powershell' for command environment: Not usable outside of PowerShell
[1.226s] DEBUG:colcon.colcon_core.shell:Skip shell extension 'dsv' for command environment
[1.271s] DEBUG:colcon.colcon_core.event_handler.log_command:Invoking command in '/home/narayan/ros2_ws/build/my_interfaces': CMAKE_PREFIX_PATH=${CMAKE_PREFIX_PATH}:/home/narayan/ros2_ws/install/turtle_sim:/home/narayan/ros2_ws/install/onepkg:/home/narayan/ros2_ws/install/TransNum:/opt/ros/jazzy DEBUGINFOD_URLS=https://debuginfod.ubuntu.com /usr/bin/cmake --build /home/narayan/ros2_ws/build/my_interfaces -- -j4 -l4
[3.740s] INFO:colcon.colcon_core.task.python.build:Building Python package in '/home/narayan/ros2_ws/src/TransNum'
[3.742s] INFO:colcon.colcon_core.shell:Skip shell extension 'powershell' for command environment: Not usable outside of PowerShell
[3.742s] DEBUG:colcon.colcon_core.shell:Skip shell extension 'dsv' for command environment
[4.904s] DEBUG:colcon.colcon_core.event_handler.log_command:Invoked command in '/home/narayan/ros2_ws/build/my_interfaces' returned '0': CMAKE_PREFIX_PATH=${CMAKE_PREFIX_PATH}:/home/narayan/ros2_ws/install/turtle_sim:/home/narayan/ros2_ws/install/onepkg:/home/narayan/ros2_ws/install/TransNum:/opt/ros/jazzy DEBUGINFOD_URLS=https://debuginfod.ubuntu.com /usr/bin/cmake --build /home/narayan/ros2_ws/build/my_interfaces -- -j4 -l4
[4.954s] DEBUG:colcon.colcon_core.event_handler.log_command:Invoking command in '/home/narayan/ros2_ws/build/my_interfaces': CMAKE_PREFIX_PATH=${CMAKE_PREFIX_PATH}:/home/narayan/ros2_ws/install/turtle_sim:/home/narayan/ros2_ws/install/onepkg:/home/narayan/ros2_ws/install/TransNum:/opt/ros/jazzy DEBUGINFOD_URLS=https://debuginfod.ubuntu.com /usr/bin/cmake --install /home/narayan/ros2_ws/build/my_interfaces
[5.343s] Level 1:colcon.colcon_core.environment:create_environment_scripts_only(my_interfaces)
[5.372s] Level 1:colcon.colcon_core.environment:checking '/home/narayan/ros2_ws/install/my_interfaces' for CMake module files
[5.374s] DEBUG:colcon.colcon_core.event_handler.log_command:Invoked command in '/home/narayan/ros2_ws/build/my_interfaces' returned '0': CMAKE_PREFIX_PATH=${CMAKE_PREFIX_PATH}:/home/narayan/ros2_ws/install/turtle_sim:/home/narayan/ros2_ws/install/onepkg:/home/narayan/ros2_ws/install/TransNum:/opt/ros/jazzy DEBUGINFOD_URLS=https://debuginfod.ubuntu.com /usr/bin/cmake --install /home/narayan/ros2_ws/build/my_interfaces
[5.377s] Level 1:colcon.colcon_core.environment:checking '/home/narayan/ros2_ws/install/my_interfaces' for CMake config files
[5.380s] Level 1:colcon.colcon_core.shell:create_environment_hook('my_interfaces', 'cmake_prefix_path')
[5.380s] INFO:colcon.colcon_core.shell:Creating environment hook '/home/narayan/ros2_ws/install/my_interfaces/share/my_interfaces/hook/cmake_prefix_path.ps1'
[5.385s] INFO:colcon.colcon_core.shell:Creating environment descriptor '/home/narayan/ros2_ws/install/my_interfaces/share/my_interfaces/hook/cmake_prefix_path.dsv'
[5.387s] INFO:colcon.colcon_core.shell:Creating environment hook '/home/narayan/ros2_ws/install/my_interfaces/share/my_interfaces/hook/cmake_prefix_path.sh'
[5.391s] Level 1:colcon.colcon_core.environment:checking '/home/narayan/ros2_ws/install/my_interfaces/lib'
[5.392s] Level 1:colcon.colcon_core.shell:create_environment_hook('my_interfaces', 'ld_library_path_lib')
[5.392s] INFO:colcon.colcon_core.shell:Creating environment hook '/home/narayan/ros2_ws/install/my_interfaces/share/my_interfaces/hook/ld_library_path_lib.ps1'
[5.394s] INFO:colcon.colcon_core.shell:Creating environment descriptor '/home/narayan/ros2_ws/install/my_interfaces/share/my_interfaces/hook/ld_library_path_lib.dsv'
[5.396s] INFO:colcon.colcon_core.shell:Creating environment hook '/home/narayan/ros2_ws/install/my_interfaces/share/my_interfaces/hook/ld_library_path_lib.sh'
[5.398s] Level 1:colcon.colcon_core.environment:checking '/home/narayan/ros2_ws/install/my_interfaces/bin'
[5.399s] Level 1:colcon.colcon_core.environment:checking '/home/narayan/ros2_ws/install/my_interfaces/lib/pkgconfig/my_interfaces.pc'
[5.400s] Level 1:colcon.colcon_core.environment:checking '/home/narayan/ros2_ws/install/my_interfaces/lib/python3.12/site-packages'
[5.400s] Level 1:colcon.colcon_core.shell:create_environment_hook('my_interfaces', 'pythonpath')
[5.401s] INFO:colcon.colcon_core.shell:Creating environment hook '/home/narayan/ros2_ws/install/my_interfaces/share/my_interfaces/hook/pythonpath.ps1'
[5.403s] INFO:colcon.colcon_core.shell:Creating environment descriptor '/home/narayan/ros2_ws/install/my_interfaces/share/my_interfaces/hook/pythonpath.dsv'
[5.406s] INFO:colcon.colcon_core.shell:Creating environment hook '/home/narayan/ros2_ws/install/my_interfaces/share/my_interfaces/hook/pythonpath.sh'
[5.409s] Level 1:colcon.colcon_core.environment:checking '/home/narayan/ros2_ws/install/my_interfaces/bin'
[5.410s] INFO:colcon.colcon_core.shell:Creating package script '/home/narayan/ros2_ws/install/my_interfaces/share/my_interfaces/package.ps1'
[5.413s] INFO:colcon.colcon_core.shell:Creating package descriptor '/home/narayan/ros2_ws/install/my_interfaces/share/my_interfaces/package.dsv'
[5.415s] INFO:colcon.colcon_core.shell:Creating package script '/home/narayan/ros2_ws/install/my_interfaces/share/my_interfaces/package.sh'
[5.418s] INFO:colcon.colcon_core.shell:Creating package script '/home/narayan/ros2_ws/install/my_interfaces/share/my_interfaces/package.bash'
[5.421s] INFO:colcon.colcon_core.shell:Creating package script '/home/narayan/ros2_ws/install/my_interfaces/share/my_interfaces/package.zsh'
[5.424s] Level 1:colcon.colcon_core.environment:create_file_with_runtime_dependencies(/home/narayan/ros2_ws/install/my_interfaces/share/colcon-core/packages/my_interfaces)
[5.427s] Level 1:colcon.colcon_core.environment:create_environment_scripts_only(my_interfaces)
[5.428s] Level 1:colcon.colcon_core.environment:checking '/home/narayan/ros2_ws/install/my_interfaces' for CMake module files
[5.432s] Level 1:colcon.colcon_core.environment:checking '/home/narayan/ros2_ws/install/my_interfaces' for CMake config files
[5.434s] Level 1:colcon.colcon_core.shell:create_environment_hook('my_interfaces', 'cmake_prefix_path')
[5.435s] INFO:colcon.colcon_core.shell:Creating environment hook '/home/narayan/ros2_ws/install/my_interfaces/share/my_interfaces/hook/cmake_prefix_path.ps1'
[5.437s] INFO:colcon.colcon_core.shell:Creating environment descriptor '/home/narayan/ros2_ws/install/my_interfaces/share/my_interfaces/hook/cmake_prefix_path.dsv'
[5.440s] INFO:colcon.colcon_core.shell:Creating environment hook '/home/narayan/ros2_ws/install/my_interfaces/share/my_interfaces/hook/cmake_prefix_path.sh'
[5.443s] Level 1:colcon.colcon_core.environment:checking '/home/narayan/ros2_ws/install/my_interfaces/lib'
[5.444s] Level 1:colcon.colcon_core.shell:create_environment_hook('my_interfaces', 'ld_library_path_lib')
[5.445s] INFO:colcon.colcon_core.shell:Creating environment hook '/home/narayan/ros2_ws/install/my_interfaces/share/my_interfaces/hook/ld_library_path_lib.ps1'
[5.448s] INFO:colcon.colcon_core.shell:Creating environment descriptor '/home/narayan/ros2_ws/install/my_interfaces/share/my_interfaces/hook/ld_library_path_lib.dsv'
[5.451s] INFO:colcon.colcon_core.shell:Creating environment hook '/home/narayan/ros2_ws/install/my_interfaces/share/my_interfaces/hook/ld_library_path_lib.sh'
[5.455s] Level 1:colcon.colcon_core.environment:checking '/home/narayan/ros2_ws/install/my_interfaces/bin'
[5.455s] Level 1:colcon.colcon_core.environment:checking '/home/narayan/ros2_ws/install/my_interfaces/lib/pkgconfig/my_interfaces.pc'
[5.457s] Level 1:colcon.colcon_core.environment:checking '/home/narayan/ros2_ws/install/my_interfaces/lib/python3.12/site-packages'
[5.458s] Level 1:colcon.colcon_core.shell:create_environment_hook('my_interfaces', 'pythonpath')
[5.459s] INFO:colcon.colcon_core.shell:Creating environment hook '/home/narayan/ros2_ws/install/my_interfaces/share/my_interfaces/hook/pythonpath.ps1'
[5.461s] INFO:colcon.colcon_core.shell:Creating environment descriptor '/home/narayan/ros2_ws/install/my_interfaces/share/my_interfaces/hook/pythonpath.dsv'
[5.462s] INFO:colcon.colcon_core.shell:Creating environment hook '/home/narayan/ros2_ws/install/my_interfaces/share/my_interfaces/hook/pythonpath.sh'
[5.465s] Level 1:colcon.colcon_core.environment:checking '/home/narayan/ros2_ws/install/my_interfaces/bin'
[5.466s] INFO:colcon.colcon_core.shell:Creating package script '/home/narayan/ros2_ws/install/my_interfaces/share/my_interfaces/package.ps1'
[5.469s] INFO:colcon.colcon_core.shell:Creating package descriptor '/home/narayan/ros2_ws/install/my_interfaces/share/my_interfaces/package.dsv'
[5.472s] INFO:colcon.colcon_core.shell:Creating package script '/home/narayan/ros2_ws/install/my_interfaces/share/my_interfaces/package.sh'
[5.474s] INFO:colcon.colcon_core.shell:Creating package script '/home/narayan/ros2_ws/install/my_interfaces/share/my_interfaces/package.bash'
[5.476s] INFO:colcon.colcon_core.shell:Creating package script '/home/narayan/ros2_ws/install/my_interfaces/share/my_interfaces/package.zsh'
[5.478s] Level 1:colcon.colcon_core.environment:create_file_with_runtime_dependencies(/home/narayan/ros2_ws/install/my_interfaces/share/colcon-core/packages/my_interfaces)
[5.481s] INFO:colcon.colcon_ros.task.ament_python.build:Building ROS package in '/home/narayan/ros2_ws/src/onepkg' with build type 'ament_python'
[5.482s] Level 1:colcon.colcon_core.shell:create_environment_hook('onepkg', 'ament_prefix_path')
[5.483s] INFO:colcon.colcon_core.shell:Creating environment hook '/home/narayan/ros2_ws/install/onepkg/share/onepkg/hook/ament_prefix_path.ps1'
[5.489s] INFO:colcon.colcon_core.shell:Creating environment descriptor '/home/narayan/ros2_ws/install/onepkg/share/onepkg/hook/ament_prefix_path.dsv'
[5.492s] INFO:colcon.colcon_core.shell:Creating environment hook '/home/narayan/ros2_ws/install/onepkg/share/onepkg/hook/ament_prefix_path.sh'
[5.495s] INFO:colcon.colcon_core.shell:Skip shell extension 'powershell' for command environment: Not usable outside of PowerShell
[5.496s] DEBUG:colcon.colcon_core.shell:Skip shell extension 'dsv' for command environment
[5.519s] INFO:colcon.colcon_ros.task.ament_python.build:Building ROS package in '/home/narayan/ros2_ws/src/turtle_sim' with build type 'ament_python'
[5.520s] Level 1:colcon.colcon_core.shell:create_environment_hook('turtle_sim', 'ament_prefix_path')
[5.520s] INFO:colcon.colcon_core.shell:Creating environment hook '/home/narayan/ros2_ws/install/turtle_sim/share/turtle_sim/hook/ament_prefix_path.ps1'
[5.523s] INFO:colcon.colcon_core.shell:Creating environment descriptor '/home/narayan/ros2_ws/install/turtle_sim/share/turtle_sim/hook/ament_prefix_path.dsv'
[5.525s] INFO:colcon.colcon_core.shell:Creating environment hook '/home/narayan/ros2_ws/install/turtle_sim/share/turtle_sim/hook/ament_prefix_path.sh'
[5.528s] INFO:colcon.colcon_core.shell:Skip shell extension 'powershell' for command environment: Not usable outside of PowerShell
[5.528s] DEBUG:colcon.colcon_core.shell:Skip shell extension 'dsv' for command environment
[5.554s] INFO:colcon.colcon_ros.task.ament_python.build:Building ROS package in '/home/narayan/ros2_ws/src/led_activity' with build type 'ament_python'
[5.556s] Level 1:colcon.colcon_core.shell:create_environment_hook('led_activity', 'ament_prefix_path')
[5.557s] INFO:colcon.colcon_core.shell:Creating environment hook '/home/narayan/ros2_ws/install/led_activity/share/led_activity/hook/ament_prefix_path.ps1'
[5.562s] INFO:colcon.colcon_core.shell:Creating environment descriptor '/home/narayan/ros2_ws/install/led_activity/share/led_activity/hook/ament_prefix_path.dsv'
[5.564s] INFO:colcon.colcon_core.shell:Creating environment hook '/home/narayan/ros2_ws/install/led_activity/share/led_activity/hook/ament_prefix_path.sh'
[5.570s] INFO:colcon.colcon_core.shell:Skip shell extension 'powershell' for command environment: Not usable outside of PowerShell
[5.571s] DEBUG:colcon.colcon_core.shell:Skip shell extension 'dsv' for command environment
[6.667s] INFO:colcon.colcon_core.task.python.build:Building Python package in '/home/narayan/ros2_ws/src/onepkg'
[6.668s] INFO:colcon.colcon_core.shell:Skip shell extension 'powershell' for command environment: Not usable outside of PowerShell
[6.668s] DEBUG:colcon.colcon_core.shell:Skip shell extension 'dsv' for command environment
[7.754s] INFO:colcon.colcon_core.task.python.build:Building Python package in '/home/narayan/ros2_ws/src/turtle_sim'
[7.754s] INFO:colcon.colcon_core.shell:Skip shell extension 'powershell' for command environment: Not usable outside of PowerShell
[7.755s] DEBUG:colcon.colcon_core.shell:Skip shell extension 'dsv' for command environment
[8.700s] INFO:colcon.colcon_core.task.python.build:Building Python package in '/home/narayan/ros2_ws/src/led_activity'
[8.701s] INFO:colcon.colcon_core.shell:Skip shell extension 'powershell' for command environment: Not usable outside of PowerShell
[8.701s] DEBUG:colcon.colcon_core.shell:Skip shell extension 'dsv' for command environment
[8.732s] DEBUG:colcon.colcon_core.event_handler.log_command:Invoking command in '/home/narayan/ros2_ws/src/TransNum': DEBUGINFOD_URLS=https://debuginfod.ubuntu.com PYTHONPATH=/home/narayan/ros2_ws/build/TransNum/prefix_override:/usr/lib/python3/dist-packages/colcon_core/task/python/colcon_distutils_commands:/home/narayan/ros2_ws/install/TransNum/lib/python3.12/site-packages:${PYTHONPATH} /usr/bin/python3 -W ignore:setup.py install is deprecated -W ignore:easy_install command is deprecated setup.py egg_info --egg-base ../../build/TransNum build --build-base /home/narayan/ros2_ws/build/TransNum/build install --record /home/narayan/ros2_ws/build/TransNum/install.log --single-version-externally-managed install_data
[13.959s] Level 1:colcon.colcon_core.environment:checking '/home/narayan/ros2_ws/install/TransNum' for CMake module files
[13.962s] DEBUG:colcon.colcon_core.event_handler.log_command:Invoked command in '/home/narayan/ros2_ws/src/TransNum' returned '0': DEBUGINFOD_URLS=https://debuginfod.ubuntu.com PYTHONPATH=/home/narayan/ros2_ws/build/TransNum/prefix_override:/usr/lib/python3/dist-packages/colcon_core/task/python/colcon_distutils_commands:/home/narayan/ros2_ws/install/TransNum/lib/python3.12/site-packages:${PYTHONPATH} /usr/bin/python3 -W ignore:setup.py install is deprecated -W ignore:easy_install command is deprecated setup.py egg_info --egg-base ../../build/TransNum build --build-base /home/narayan/ros2_ws/build/TransNum/build install --record /home/narayan/ros2_ws/build/TransNum/install.log --single-version-externally-managed install_data
[13.964s] Level 1:colcon.colcon_core.environment:checking '/home/narayan/ros2_ws/install/TransNum' for CMake config files
[13.969s] Level 1:colcon.colcon_core.environment:checking '/home/narayan/ros2_ws/install/TransNum/lib'
[13.970s] Level 1:colcon.colcon_core.environment:checking '/home/narayan/ros2_ws/install/TransNum/bin'
[13.971s] Level 1:colcon.colcon_core.environment:checking '/home/narayan/ros2_ws/install/TransNum/lib/pkgconfig/TransNum.pc'
[13.973s] Level 1:colcon.colcon_core.environment:checking '/home/narayan/ros2_ws/install/TransNum/lib/python3.12/site-packages'
[13.974s] Level 1:colcon.colcon_core.shell:create_environment_hook('TransNum', 'pythonpath')
[13.975s] INFO:colcon.colcon_core.shell:Creating environment hook '/home/narayan/ros2_ws/install/TransNum/share/TransNum/hook/pythonpath.ps1'
[13.978s] INFO:colcon.colcon_core.shell:Creating environment descriptor '/home/narayan/ros2_ws/install/TransNum/share/TransNum/hook/pythonpath.dsv'
[13.982s] INFO:colcon.colcon_core.shell:Creating environment hook '/home/narayan/ros2_ws/install/TransNum/share/TransNum/hook/pythonpath.sh'
[13.986s] Level 1:colcon.colcon_core.environment:checking '/home/narayan/ros2_ws/install/TransNum/bin'
[13.986s] Level 1:colcon.colcon_core.environment:create_environment_scripts_only(TransNum)
[13.989s] INFO:colcon.colcon_core.shell:Creating package script '/home/narayan/ros2_ws/install/TransNum/share/TransNum/package.ps1'
[13.992s] INFO:colcon.colcon_core.shell:Creating package descriptor '/home/narayan/ros2_ws/install/TransNum/share/TransNum/package.dsv'
[13.997s] INFO:colcon.colcon_core.shell:Creating package script '/home/narayan/ros2_ws/install/TransNum/share/TransNum/package.sh'
[14.001s] INFO:colcon.colcon_core.shell:Creating package script '/home/narayan/ros2_ws/install/TransNum/share/TransNum/package.bash'
[14.005s] INFO:colcon.colcon_core.shell:Creating package script '/home/narayan/ros2_ws/install/TransNum/share/TransNum/package.zsh'
[14.008s] Level 1:colcon.colcon_core.environment:create_file_with_runtime_dependencies(/home/narayan/ros2_ws/install/TransNum/share/colcon-core/packages/TransNum)
[14.603s] DEBUG:colcon.colcon_core.event_handler.log_command:Invoking command in '/home/narayan/ros2_ws/src/onepkg': CMAKE_PREFIX_PATH=/home/narayan/ros2_ws/install/my_interfaces:/home/narayan/ros2_ws/install/launch_file:/home/narayan/ros2_ws/install/led_activity:/opt/ros/jazzy/opt/gz_math_vendor:/opt/ros/jazzy/opt/gz_utils_vendor:/opt/ros/jazzy/opt/gz_cmake_vendor DEBUGINFOD_URLS=https://debuginfod.ubuntu.com PYTHONPATH=/home/narayan/ros2_ws/build/onepkg/prefix_override:/usr/lib/python3/dist-packages/colcon_core/task/python/colcon_distutils_commands:/home/narayan/ros2_ws/install/onepkg/lib/python3.12/site-packages:/home/narayan/ros2_ws/install/my_interfaces/lib/python3.12/site-packages:/home/narayan/ros2_ws/install/turtle_sim/lib/python3.12/site-packages:/home/narayan/ros2_ws/install/onepkg/lib/python3.12/site-packages:/home/narayan/ros2_ws/install/led_activity/lib/python3.12/site-packages:/home/narayan/ros2_ws/install/TransNum/lib/python3.12/site-packages:/opt/ros/jazzy/lib/python3.12/site-packages /usr/bin/python3 -W ignore:setup.py install is deprecated -W ignore:easy_install command is deprecated setup.py egg_info --egg-base ../../build/onepkg build --build-base /home/narayan/ros2_ws/build/onepkg/build install --record /home/narayan/ros2_ws/build/onepkg/install.log --single-version-externally-managed install_data
[15.761s] DEBUG:colcon.colcon_core.event_handler.log_command:Invoking command in '/home/narayan/ros2_ws/src/turtle_sim': CMAKE_PREFIX_PATH=/home/narayan/ros2_ws/install/my_interfaces:/home/narayan/ros2_ws/install/launch_file:/home/narayan/ros2_ws/install/led_activity:/opt/ros/jazzy/opt/gz_math_vendor:/opt/ros/jazzy/opt/gz_utils_vendor:/opt/ros/jazzy/opt/gz_cmake_vendor DEBUGINFOD_URLS=https://debuginfod.ubuntu.com PYTHONPATH=/home/narayan/ros2_ws/build/turtle_sim/prefix_override:/usr/lib/python3/dist-packages/colcon_core/task/python/colcon_distutils_commands:/home/narayan/ros2_ws/install/turtle_sim/lib/python3.12/site-packages:/home/narayan/ros2_ws/install/my_interfaces/lib/python3.12/site-packages:/home/narayan/ros2_ws/install/turtle_sim/lib/python3.12/site-packages:/home/narayan/ros2_ws/install/onepkg/lib/python3.12/site-packages:/home/narayan/ros2_ws/install/led_activity/lib/python3.12/site-packages:/home/narayan/ros2_ws/install/TransNum/lib/python3.12/site-packages:/opt/ros/jazzy/lib/python3.12/site-packages /usr/bin/python3 -W ignore:setup.py install is deprecated -W ignore:easy_install command is deprecated setup.py egg_info --egg-base ../../build/turtle_sim build --build-base /home/narayan/ros2_ws/build/turtle_sim/build install --record /home/narayan/ros2_ws/build/turtle_sim/install.log --single-version-externally-managed install_data
[15.795s] DEBUG:colcon.colcon_core.event_handler.log_command:Invoking command in '/home/narayan/ros2_ws/src/led_activity': CMAKE_PREFIX_PATH=/home/narayan/ros2_ws/install/my_interfaces:/home/narayan/ros2_ws/install/launch_file:/home/narayan/ros2_ws/install/led_activity:/opt/ros/jazzy/opt/gz_math_vendor:/opt/ros/jazzy/opt/gz_utils_vendor:/opt/ros/jazzy/opt/gz_cmake_vendor DEBUGINFOD_URLS=https://debuginfod.ubuntu.com PYTHONPATH=/home/narayan/ros2_ws/build/led_activity/prefix_override:/usr/lib/python3/dist-packages/colcon_core/task/python/colcon_distutils_commands:/home/narayan/ros2_ws/install/led_activity/lib/python3.12/site-packages:/home/narayan/ros2_ws/install/my_interfaces/lib/python3.12/site-packages:/home/narayan/ros2_ws/install/turtle_sim/lib/python3.12/site-packages:/home/narayan/ros2_ws/install/onepkg/lib/python3.12/site-packages:/home/narayan/ros2_ws/install/led_activity/lib/python3.12/site-packages:/home/narayan/ros2_ws/install/TransNum/lib/python3.12/site-packages:/opt/ros/jazzy/lib/python3.12/site-packages /usr/bin/python3 -W ignore:setup.py install is deprecated -W ignore:easy_install command is deprecated setup.py egg_info --egg-base ../../build/led_activity build --build-base /home/narayan/ros2_ws/build/led_activity/build install --record /home/narayan/ros2_ws/build/led_activity/install.log --single-version-externally-managed install_data
[20.943s] Level 1:colcon.colcon_core.environment:checking '/home/narayan/ros2_ws/install/onepkg' for CMake module files
[20.949s] DEBUG:colcon.colcon_core.event_handler.log_command:Invoked command in '/home/narayan/ros2_ws/src/onepkg' returned '0': CMAKE_PREFIX_PATH=/home/narayan/ros2_ws/install/my_interfaces:/home/narayan/ros2_ws/install/launch_file:/home/narayan/ros2_ws/install/led_activity:/opt/ros/jazzy/opt/gz_math_vendor:/opt/ros/jazzy/opt/gz_utils_vendor:/opt/ros/jazzy/opt/gz_cmake_vendor DEBUGINFOD_URLS=https://debuginfod.ubuntu.com PYTHONPATH=/home/narayan/ros2_ws/build/onepkg/prefix_override:/usr/lib/python3/dist-packages/colcon_core/task/python/colcon_distutils_commands:/home/narayan/ros2_ws/install/onepkg/lib/python3.12/site-packages:/home/narayan/ros2_ws/install/my_interfaces/lib/python3.12/site-packages:/home/narayan/ros2_ws/install/turtle_sim/lib/python3.12/site-packages:/home/narayan/ros2_ws/install/onepkg/lib/python3.12/site-packages:/home/narayan/ros2_ws/install/led_activity/lib/python3.12/site-packages:/home/narayan/ros2_ws/install/TransNum/lib/python3.12/site-packages:/opt/ros/jazzy/lib/python3.12/site-packages /usr/bin/python3 -W ignore:setup.py install is deprecated -W ignore:easy_install command is deprecated setup.py egg_info --egg-base ../../build/onepkg build --build-base /home/narayan/ros2_ws/build/onepkg/build install --record /home/narayan/ros2_ws/build/onepkg/install.log --single-version-externally-managed install_data
[20.952s] Level 1:colcon.colcon_core.environment:checking '/home/narayan/ros2_ws/install/onepkg' for CMake config files
[20.960s] Level 1:colcon.colcon_core.environment:checking '/home/narayan/ros2_ws/install/onepkg/lib'
[20.963s] Level 1:colcon.colcon_core.environment:checking '/home/narayan/ros2_ws/install/onepkg/bin'
[20.964s] Level 1:colcon.colcon_core.environment:checking '/home/narayan/ros2_ws/install/onepkg/lib/pkgconfig/onepkg.pc'
[20.971s] Level 1:colcon.colcon_core.environment:checking '/home/narayan/ros2_ws/install/onepkg/lib/python3.12/site-packages'
[20.971s] Level 1:colcon.colcon_core.shell:create_environment_hook('onepkg', 'pythonpath')
[20.972s] INFO:colcon.colcon_core.shell:Creating environment hook '/home/narayan/ros2_ws/install/onepkg/share/onepkg/hook/pythonpath.ps1'
[20.981s] INFO:colcon.colcon_core.shell:Creating environment descriptor '/home/narayan/ros2_ws/install/onepkg/share/onepkg/hook/pythonpath.dsv'
[20.987s] INFO:colcon.colcon_core.shell:Creating environment hook '/home/narayan/ros2_ws/install/onepkg/share/onepkg/hook/pythonpath.sh'
[20.991s] Level 1:colcon.colcon_core.environment:checking '/home/narayan/ros2_ws/install/onepkg/bin'
[20.992s] Level 1:colcon.colcon_core.environment:create_environment_scripts_only(onepkg)
[20.993s] INFO:colcon.colcon_core.shell:Creating package script '/home/narayan/ros2_ws/install/onepkg/share/onepkg/package.ps1'
[20.997s] INFO:colcon.colcon_core.shell:Creating package descriptor '/home/narayan/ros2_ws/install/onepkg/share/onepkg/package.dsv'
[21.003s] INFO:colcon.colcon_core.shell:Creating package script '/home/narayan/ros2_ws/install/onepkg/share/onepkg/package.sh'
[21.006s] INFO:colcon.colcon_core.shell:Creating package script '/home/narayan/ros2_ws/install/onepkg/share/onepkg/package.bash'
[21.013s] INFO:colcon.colcon_core.shell:Creating package script '/home/narayan/ros2_ws/install/onepkg/share/onepkg/package.zsh'
[21.017s] Level 1:colcon.colcon_core.environment:create_file_with_runtime_dependencies(/home/narayan/ros2_ws/install/onepkg/share/colcon-core/packages/onepkg)
[21.317s] Level 1:colcon.colcon_core.environment:checking '/home/narayan/ros2_ws/install/led_activity' for CMake module files
[21.320s] DEBUG:colcon.colcon_core.event_handler.log_command:Invoked command in '/home/narayan/ros2_ws/src/led_activity' returned '0': CMAKE_PREFIX_PATH=/home/narayan/ros2_ws/install/my_interfaces:/home/narayan/ros2_ws/install/launch_file:/home/narayan/ros2_ws/install/led_activity:/opt/ros/jazzy/opt/gz_math_vendor:/opt/ros/jazzy/opt/gz_utils_vendor:/opt/ros/jazzy/opt/gz_cmake_vendor DEBUGINFOD_URLS=https://debuginfod.ubuntu.com PYTHONPATH=/home/narayan/ros2_ws/build/led_activity/prefix_override:/usr/lib/python3/dist-packages/colcon_core/task/python/colcon_distutils_commands:/home/narayan/ros2_ws/install/led_activity/lib/python3.12/site-packages:/home/narayan/ros2_ws/install/my_interfaces/lib/python3.12/site-packages:/home/narayan/ros2_ws/install/turtle_sim/lib/python3.12/site-packages:/home/narayan/ros2_ws/install/onepkg/lib/python3.12/site-packages:/home/narayan/ros2_ws/install/led_activity/lib/python3.12/site-packages:/home/narayan/ros2_ws/install/TransNum/lib/python3.12/site-packages:/opt/ros/jazzy/lib/python3.12/site-packages /usr/bin/python3 -W ignore:setup.py install is deprecated -W ignore:easy_install command is deprecated setup.py egg_info --egg-base ../../build/led_activity build --build-base /home/narayan/ros2_ws/build/led_activity/build install --record /home/narayan/ros2_ws/build/led_activity/install.log --single-version-externally-managed install_data
[21.323s] Level 1:colcon.colcon_core.environment:checking '/home/narayan/ros2_ws/install/led_activity' for CMake config files
[21.326s] Level 1:colcon.colcon_core.shell:create_environment_hook('led_activity', 'cmake_prefix_path')
[21.327s] INFO:colcon.colcon_core.shell:Creating environment hook '/home/narayan/ros2_ws/install/led_activity/share/led_activity/hook/cmake_prefix_path.ps1'
[21.330s] INFO:colcon.colcon_core.shell:Creating environment descriptor '/home/narayan/ros2_ws/install/led_activity/share/led_activity/hook/cmake_prefix_path.dsv'
[21.332s] INFO:colcon.colcon_core.shell:Creating environment hook '/home/narayan/ros2_ws/install/led_activity/share/led_activity/hook/cmake_prefix_path.sh'
[21.335s] Level 1:colcon.colcon_core.environment:checking '/home/narayan/ros2_ws/install/led_activity/lib'
[21.335s] Level 1:colcon.colcon_core.environment:checking '/home/narayan/ros2_ws/install/led_activity/bin'
[21.335s] Level 1:colcon.colcon_core.environment:checking '/home/narayan/ros2_ws/install/led_activity/lib/pkgconfig/led_activity.pc'
[21.336s] Level 1:colcon.colcon_core.environment:checking '/home/narayan/ros2_ws/install/led_activity/lib/python3.12/site-packages'
[21.337s] Level 1:colcon.colcon_core.shell:create_environment_hook('led_activity', 'pythonpath')
[21.337s] INFO:colcon.colcon_core.shell:Creating environment hook '/home/narayan/ros2_ws/install/led_activity/share/led_activity/hook/pythonpath.ps1'
[21.339s] INFO:colcon.colcon_core.shell:Creating environment descriptor '/home/narayan/ros2_ws/install/led_activity/share/led_activity/hook/pythonpath.dsv'
[21.341s] INFO:colcon.colcon_core.shell:Creating environment hook '/home/narayan/ros2_ws/install/led_activity/share/led_activity/hook/pythonpath.sh'
[21.343s] Level 1:colcon.colcon_core.environment:checking '/home/narayan/ros2_ws/install/led_activity/bin'
[21.343s] Level 1:colcon.colcon_core.environment:create_environment_scripts_only(led_activity)
[21.344s] INFO:colcon.colcon_core.shell:Creating package script '/home/narayan/ros2_ws/install/led_activity/share/led_activity/package.ps1'
[21.346s] INFO:colcon.colcon_core.shell:Creating package descriptor '/home/narayan/ros2_ws/install/led_activity/share/led_activity/package.dsv'
[21.349s] INFO:colcon.colcon_core.shell:Creating package script '/home/narayan/ros2_ws/install/led_activity/share/led_activity/package.sh'
[21.354s] INFO:colcon.colcon_core.shell:Creating package script '/home/narayan/ros2_ws/install/led_activity/share/led_activity/package.bash'
[21.357s] INFO:colcon.colcon_core.shell:Creating package script '/home/narayan/ros2_ws/install/led_activity/share/led_activity/package.zsh'
[21.360s] Level 1:colcon.colcon_core.environment:create_file_with_runtime_dependencies(/home/narayan/ros2_ws/install/led_activity/share/colcon-core/packages/led_activity)
[21.369s] Level 1:colcon.colcon_core.environment:checking '/home/narayan/ros2_ws/install/turtle_sim' for CMake module files
[21.372s] DEBUG:colcon.colcon_core.event_handler.log_command:Invoked command in '/home/narayan/ros2_ws/src/turtle_sim' returned '0': CMAKE_PREFIX_PATH=/home/narayan/ros2_ws/install/my_interfaces:/home/narayan/ros2_ws/install/launch_file:/home/narayan/ros2_ws/install/led_activity:/opt/ros/jazzy/opt/gz_math_vendor:/opt/ros/jazzy/opt/gz_utils_vendor:/opt/ros/jazzy/opt/gz_cmake_vendor DEBUGINFOD_URLS=https://debuginfod.ubuntu.com PYTHONPATH=/home/narayan/ros2_ws/build/turtle_sim/prefix_override:/usr/lib/python3/dist-packages/colcon_core/task/python/colcon_distutils_commands:/home/narayan/ros2_ws/install/turtle_sim/lib/python3.12/site-packages:/home/narayan/ros2_ws/install/my_interfaces/lib/python3.12/site-packages:/home/narayan/ros2_ws/install/turtle_sim/lib/python3.12/site-packages:/home/narayan/ros2_ws/install/onepkg/lib/python3.12/site-packages:/home/narayan/ros2_ws/install/led_activity/lib/python3.12/site-packages:/home/narayan/ros2_ws/install/TransNum/lib/python3.12/site-packages:/opt/ros/jazzy/lib/python3.12/site-packages /usr/bin/python3 -W ignore:setup.py install is deprecated -W ignore:easy_install command is deprecated setup.py egg_info --egg-base ../../build/turtle_sim build --build-base /home/narayan/ros2_ws/build/turtle_sim/build install --record /home/narayan/ros2_ws/build/turtle_sim/install.log --single-version-externally-managed install_data
[21.376s] Level 1:colcon.colcon_core.environment:checking '/home/narayan/ros2_ws/install/turtle_sim' for CMake config files
[21.380s] Level 1:colcon.colcon_core.environment:checking '/home/narayan/ros2_ws/install/turtle_sim/lib'
[21.381s] Level 1:colcon.colcon_core.environment:checking '/home/narayan/ros2_ws/install/turtle_sim/bin'
[21.381s] Level 1:colcon.colcon_core.environment:checking '/home/narayan/ros2_ws/install/turtle_sim/lib/pkgconfig/turtle_sim.pc'
[21.382s] Level 1:colcon.colcon_core.environment:checking '/home/narayan/ros2_ws/install/turtle_sim/lib/python3.12/site-packages'
[21.382s] Level 1:colcon.colcon_core.shell:create_environment_hook('turtle_sim', 'pythonpath')
[21.383s] INFO:colcon.colcon_core.shell:Creating environment hook '/home/narayan/ros2_ws/install/turtle_sim/share/turtle_sim/hook/pythonpath.ps1'
[21.385s] INFO:colcon.colcon_core.shell:Creating environment descriptor '/home/narayan/ros2_ws/install/turtle_sim/share/turtle_sim/hook/pythonpath.dsv'
[21.387s] INFO:colcon.colcon_core.shell:Creating environment hook '/home/narayan/ros2_ws/install/turtle_sim/share/turtle_sim/hook/pythonpath.sh'
[21.389s] Level 1:colcon.colcon_core.environment:checking '/home/narayan/ros2_ws/install/turtle_sim/bin'
[21.390s] Level 1:colcon.colcon_core.environment:create_environment_scripts_only(turtle_sim)
[21.391s] INFO:colcon.colcon_core.shell:Creating package script '/home/narayan/ros2_ws/install/turtle_sim/share/turtle_sim/package.ps1'
[21.393s] INFO:colcon.colcon_core.shell:Creating package descriptor '/home/narayan/ros2_ws/install/turtle_sim/share/turtle_sim/package.dsv'
[21.395s] INFO:colcon.colcon_core.shell:Creating package script '/home/narayan/ros2_ws/install/turtle_sim/share/turtle_sim/package.sh'
[21.397s] INFO:colcon.colcon_core.shell:Creating package script '/home/narayan/ros2_ws/install/turtle_sim/share/turtle_sim/package.bash'
[21.400s] INFO:colcon.colcon_core.shell:Creating package script '/home/narayan/ros2_ws/install/turtle_sim/share/turtle_sim/package.zsh'
[21.402s] Level 1:colcon.colcon_core.environment:create_file_with_runtime_dependencies(/home/narayan/ros2_ws/install/turtle_sim/share/colcon-core/packages/turtle_sim)
[21.404s] INFO:colcon.colcon_ros.task.ament_cmake.build:Building ROS package in '/home/narayan/ros2_ws/src/launch_file' with build type 'ament_cmake'
[21.404s] INFO:colcon.colcon_cmake.task.cmake.build:Building CMake package in '/home/narayan/ros2_ws/src/launch_file'
[21.406s] INFO:colcon.colcon_core.shell:Skip shell extension 'powershell' for command environment: Not usable outside of PowerShell
[21.406s] DEBUG:colcon.colcon_core.shell:Skip shell extension 'dsv' for command environment
[21.485s] DEBUG:colcon.colcon_core.event_handler.log_command:Invoking command in '/home/narayan/ros2_ws/build/launch_file': AMENT_PREFIX_PATH=/home/narayan/ros2_ws/install/turtle_sim:/home/narayan/ros2_ws/install/onepkg:/home/narayan/ros2_ws/install/TransNum:/home/narayan/ros2_ws/install/launch_file:/home/narayan/ros2_ws/install/led_activity:/home/narayan/ros2_ws/install/my_interfaces:/opt/ros/jazzy CMAKE_PREFIX_PATH=/home/narayan/ros2_ws/install/my_interfaces:/home/narayan/ros2_ws/install/launch_file:/home/narayan/ros2_ws/install/led_activity:/opt/ros/jazzy/opt/gz_math_vendor:/opt/ros/jazzy/opt/gz_utils_vendor:/opt/ros/jazzy/opt/gz_cmake_vendor:/home/narayan/ros2_ws/install/turtle_sim:/home/narayan/ros2_ws/install/onepkg:/home/narayan/ros2_ws/install/TransNum:/opt/ros/jazzy DEBUGINFOD_URLS=https://debuginfod.ubuntu.com PYTHONPATH=/home/narayan/ros2_ws/install/turtle_sim/lib/python3.12/site-packages:/home/narayan/ros2_ws/install/onepkg/lib/python3.12/site-packages:/home/narayan/ros2_ws/install/my_interfaces/lib/python3.12/site-packages:/home/narayan/ros2_ws/install/TransNum/lib/python3.12/site-packages:/home/narayan/ros2_ws/install/led_activity/lib/python3.12/site-packages:/opt/ros/jazzy/lib/python3.12/site-packages /usr/bin/cmake --build /home/narayan/ros2_ws/build/launch_file -- -j4 -l4
[21.674s] DEBUG:colcon.colcon_core.event_handler.log_command:Invoked command in '/home/narayan/ros2_ws/build/launch_file' returned '0': AMENT_PREFIX_PATH=/home/narayan/ros2_ws/install/turtle_sim:/home/narayan/ros2_ws/install/onepkg:/home/narayan/ros2_ws/install/TransNum:/home/narayan/ros2_ws/install/launch_file:/home/narayan/ros2_ws/install/led_activity:/home/narayan/ros2_ws/install/my_interfaces:/opt/ros/jazzy CMAKE_PREFIX_PATH=/home/narayan/ros2_ws/install/my_interfaces:/home/narayan/ros2_ws/install/launch_file:/home/narayan/ros2_ws/install/led_activity:/opt/ros/jazzy/opt/gz_math_vendor:/opt/ros/jazzy/opt/gz_utils_vendor:/opt/ros/jazzy/opt/gz_cmake_vendor:/home/narayan/ros2_ws/install/turtle_sim:/home/narayan/ros2_ws/install/onepkg:/home/narayan/ros2_ws/install/TransNum:/opt/ros/jazzy DEBUGINFOD_URLS=https://debuginfod.ubuntu.com PYTHONPATH=/home/narayan/ros2_ws/install/turtle_sim/lib/python3.12/site-packages:/home/narayan/ros2_ws/install/onepkg/lib/python3.12/site-packages:/home/narayan/ros2_ws/install/my_interfaces/lib/python3.12/site-packages:/home/narayan/ros2_ws/install/TransNum/lib/python3.12/site-packages:/home/narayan/ros2_ws/install/led_activity/lib/python3.12/site-packages:/opt/ros/jazzy/lib/python3.12/site-packages /usr/bin/cmake --build /home/narayan/ros2_ws/build/launch_file -- -j4 -l4
[21.680s] DEBUG:colcon.colcon_core.event_handler.log_command:Invoking command in '/home/narayan/ros2_ws/build/launch_file': AMENT_PREFIX_PATH=/home/narayan/ros2_ws/install/turtle_sim:/home/narayan/ros2_ws/install/onepkg:/home/narayan/ros2_ws/install/TransNum:/home/narayan/ros2_ws/install/launch_file:/home/narayan/ros2_ws/install/led_activity:/home/narayan/ros2_ws/install/my_interfaces:/opt/ros/jazzy CMAKE_PREFIX_PATH=/home/narayan/ros2_ws/install/my_interfaces:/home/narayan/ros2_ws/install/launch_file:/home/narayan/ros2_ws/install/led_activity:/opt/ros/jazzy/opt/gz_math_vendor:/opt/ros/jazzy/opt/gz_utils_vendor:/opt/ros/jazzy/opt/gz_cmake_vendor:/home/narayan/ros2_ws/install/turtle_sim:/home/narayan/ros2_ws/install/onepkg:/home/narayan/ros2_ws/install/TransNum:/opt/ros/jazzy DEBUGINFOD_URLS=https://debuginfod.ubuntu.com PYTHONPATH=/home/narayan/ros2_ws/install/turtle_sim/lib/python3.12/site-packages:/home/narayan/ros2_ws/install/onepkg/lib/python3.12/site-packages:/home/narayan/ros2_ws/install/my_interfaces/lib/python3.12/site-packages:/home/narayan/ros2_ws/install/TransNum/lib/python3.12/site-packages:/home/narayan/ros2_ws/install/led_activity/lib/python3.12/site-packages:/opt/ros/jazzy/lib/python3.12/site-packages /usr/bin/cmake --install /home/narayan/ros2_ws/build/launch_file
[21.731s] Level 1:colcon.colcon_core.environment:create_environment_scripts_only(launch_file)
[21.740s] Level 1:colcon.colcon_core.environment:checking '/home/narayan/ros2_ws/install/launch_file' for CMake module files
[21.745s] DEBUG:colcon.colcon_core.event_handler.log_command:Invoked command in '/home/narayan/ros2_ws/build/launch_file' returned '0': AMENT_PREFIX_PATH=/home/narayan/ros2_ws/install/turtle_sim:/home/narayan/ros2_ws/install/onepkg:/home/narayan/ros2_ws/install/TransNum:/home/narayan/ros2_ws/install/launch_file:/home/narayan/ros2_ws/install/led_activity:/home/narayan/ros2_ws/install/my_interfaces:/opt/ros/jazzy CMAKE_PREFIX_PATH=/home/narayan/ros2_ws/install/my_interfaces:/home/narayan/ros2_ws/install/launch_file:/home/narayan/ros2_ws/install/led_activity:/opt/ros/jazzy/opt/gz_math_vendor:/opt/ros/jazzy/opt/gz_utils_vendor:/opt/ros/jazzy/opt/gz_cmake_vendor:/home/narayan/ros2_ws/install/turtle_sim:/home/narayan/ros2_ws/install/onepkg:/home/narayan/ros2_ws/install/TransNum:/opt/ros/jazzy DEBUGINFOD_URLS=https://debuginfod.ubuntu.com PYTHONPATH=/home/narayan/ros2_ws/install/turtle_sim/lib/python3.12/site-packages:/home/narayan/ros2_ws/install/onepkg/lib/python3.12/site-packages:/home/narayan/ros2_ws/install/my_interfaces/lib/python3.12/site-packages:/home/narayan/ros2_ws/install/TransNum/lib/python3.12/site-packages:/home/narayan/ros2_ws/install/led_activity/lib/python3.12/site-packages:/opt/ros/jazzy/lib/python3.12/site-packages /usr/bin/cmake --install /home/narayan/ros2_ws/build/launch_file
[21.747s] Level 1:colcon.colcon_core.environment:checking '/home/narayan/ros2_ws/install/launch_file' for CMake config files
[21.750s] Level 1:colcon.colcon_core.shell:create_environment_hook('launch_file', 'cmake_prefix_path')
[21.752s] INFO:colcon.colcon_core.shell:Creating environment hook '/home/narayan/ros2_ws/install/launch_file/share/launch_file/hook/cmake_prefix_path.ps1'
[21.756s] INFO:colcon.colcon_core.shell:Creating environment descriptor '/home/narayan/ros2_ws/install/launch_file/share/launch_file/hook/cmake_prefix_path.dsv'
[21.760s] INFO:colcon.colcon_core.shell:Creating environment hook '/home/narayan/ros2_ws/install/launch_file/share/launch_file/hook/cmake_prefix_path.sh'
[21.764s] Level 1:colcon.colcon_core.environment:checking '/home/narayan/ros2_ws/install/launch_file/bin'
[21.764s] Level 1:colcon.colcon_core.environment:checking '/home/narayan/ros2_ws/install/launch_file/lib/pkgconfig/launch_file.pc'
[21.765s] Level 1:colcon.colcon_core.environment:checking '/home/narayan/ros2_ws/install/launch_file/lib/python3.12/site-packages'
[21.766s] Level 1:colcon.colcon_core.environment:checking '/home/narayan/ros2_ws/install/launch_file/bin'
[21.767s] INFO:colcon.colcon_core.shell:Creating package script '/home/narayan/ros2_ws/install/launch_file/share/launch_file/package.ps1'
[21.769s] INFO:colcon.colcon_core.shell:Creating package descriptor '/home/narayan/ros2_ws/install/launch_file/share/launch_file/package.dsv'
[21.771s] INFO:colcon.colcon_core.shell:Creating package script '/home/narayan/ros2_ws/install/launch_file/share/launch_file/package.sh'
[21.772s] INFO:colcon.colcon_core.shell:Creating package script '/home/narayan/ros2_ws/install/launch_file/share/launch_file/package.bash'
[21.774s] INFO:colcon.colcon_core.shell:Creating package script '/home/narayan/ros2_ws/install/launch_file/share/launch_file/package.zsh'
[21.775s] Level 1:colcon.colcon_core.environment:create_file_with_runtime_dependencies(/home/narayan/ros2_ws/install/launch_file/share/colcon-core/packages/launch_file)
[21.777s] Level 1:colcon.colcon_core.environment:create_environment_scripts_only(launch_file)
[21.778s] Level 1:colcon.colcon_core.environment:checking '/home/narayan/ros2_ws/install/launch_file' for CMake module files
[21.781s] Level 1:colcon.colcon_core.environment:checking '/home/narayan/ros2_ws/install/launch_file' for CMake config files
[21.783s] Level 1:colcon.colcon_core.shell:create_environment_hook('launch_file', 'cmake_prefix_path')
[21.784s] INFO:colcon.colcon_core.shell:Creating environment hook '/home/narayan/ros2_ws/install/launch_file/share/launch_file/hook/cmake_prefix_path.ps1'
[21.786s] INFO:colcon.colcon_core.shell:Creating environment descriptor '/home/narayan/ros2_ws/install/launch_file/share/launch_file/hook/cmake_prefix_path.dsv'
[21.787s] INFO:colcon.colcon_core.shell:Creating environment hook '/home/narayan/ros2_ws/install/launch_file/share/launch_file/hook/cmake_prefix_path.sh'
[21.789s] Level 1:colcon.colcon_core.environment:checking '/home/narayan/ros2_ws/install/launch_file/bin'
[21.790s] Level 1:colcon.colcon_core.environment:checking '/home/narayan/ros2_ws/install/launch_file/lib/pkgconfig/launch_file.pc'
[21.791s] Level 1:colcon.colcon_core.environment:checking '/home/narayan/ros2_ws/install/launch_file/lib/python3.12/site-packages'
[21.791s] Level 1:colcon.colcon_core.environment:checking '/home/narayan/ros2_ws/install/launch_file/bin'
[21.792s] INFO:colcon.colcon_core.shell:Creating package script '/home/narayan/ros2_ws/install/launch_file/share/launch_file/package.ps1'
[21.794s] INFO:colcon.colcon_core.shell:Creating package descriptor '/home/narayan/ros2_ws/install/launch_file/share/launch_file/package.dsv'
[21.796s] INFO:colcon.colcon_core.shell:Creating package script '/home/narayan/ros2_ws/install/launch_file/share/launch_file/package.sh'
[21.798s] INFO:colcon.colcon_core.shell:Creating package script '/home/narayan/ros2_ws/install/launch_file/share/launch_file/package.bash'
[21.800s] INFO:colcon.colcon_core.shell:Creating package script '/home/narayan/ros2_ws/install/launch_file/share/launch_file/package.zsh'
[21.801s] Level 1:colcon.colcon_core.environment:create_file_with_runtime_dependencies(/home/narayan/ros2_ws/install/launch_file/share/colcon-core/packages/launch_file)
[21.802s] DEBUG:colcon.colcon_parallel_executor.executor.parallel:closing loop
[21.804s] DEBUG:colcon.colcon_parallel_executor.executor.parallel:loop closed
[21.804s] DEBUG:colcon.colcon_parallel_executor.executor.parallel:run_until_complete finished with '0'
[21.805s] DEBUG:colcon.colcon_core.event_reactor:joining thread
[21.843s] INFO:colcon.colcon_core.plugin_system:Skipping extension 'colcon_notification.desktop_notification.terminal_notifier': Not used on non-Darwin systems
[21.844s] INFO:colcon.colcon_core.plugin_system:Skipping extension 'colcon_notification.desktop_notification.win32': Not used on non-Windows systems
[21.844s] INFO:colcon.colcon_notification.desktop_notification:Sending desktop notification using 'notify2'
[21.898s] DEBUG:colcon.colcon_core.event_reactor:joined thread
[21.899s] INFO:colcon.colcon_core.shell:Creating prefix script '/home/narayan/ros2_ws/install/local_setup.ps1'
[21.903s] INFO:colcon.colcon_core.shell:Creating prefix util module '/home/narayan/ros2_ws/install/_local_setup_util_ps1.py'
[21.909s] INFO:colcon.colcon_core.shell:Creating prefix chain script '/home/narayan/ros2_ws/install/setup.ps1'
[21.916s] INFO:colcon.colcon_core.shell:Creating prefix script '/home/narayan/ros2_ws/install/local_setup.sh'
[21.918s] INFO:colcon.colcon_core.shell:Creating prefix util module '/home/narayan/ros2_ws/install/_local_setup_util_sh.py'
[21.921s] INFO:colcon.colcon_core.shell:Creating prefix chain script '/home/narayan/ros2_ws/install/setup.sh'
[21.928s] INFO:colcon.colcon_core.shell:Creating prefix script '/home/narayan/ros2_ws/install/local_setup.bash'
[21.931s] INFO:colcon.colcon_core.shell:Creating prefix chain script '/home/narayan/ros2_ws/install/setup.bash'
[21.936s] INFO:colcon.colcon_core.shell:Creating prefix script '/home/narayan/ros2_ws/install/local_setup.zsh'
[21.938s] INFO:colcon.colcon_core.shell:Creating prefix chain script '/home/narayan/ros2_ws/install/setup.zsh'
