[0.009s] Invoking command in '/home/narayan_/Documents/ros2_ws/build/launch_file': AMENT_PREFIX_PATH=/home/narayan_/Documents/ros2_ws/install/turtle_sim:/home/narayan_/Documents/ros2_ws/install/onepkg:/home/narayan_/Documents/ros2_ws/install/my_interfaces:/home/narayan_/Documents/ros2_ws/install/TransNum:${AMENT_PREFIX_PATH} CMAKE_PREFIX_PATH=/home/narayan_/Documents/ros2_ws/install/my_interfaces:/opt/ros/jazzy/opt/gz_math_vendor:/opt/ros/jazzy/opt/gz_utils_vendor:/opt/ros/jazzy/opt/gz_cmake_vendor:/opt/ros/jazzy DEBUGINFOD_URLS=https://debuginfod.ubuntu.com LD_LIBRARY_PATH=/home/narayan_/Documents/ros2_ws/install/my_interfaces/lib:${LD_LIBRARY_PATH} PYTHONPATH=/home/narayan_/Documents/ros2_ws/install/turtle_sim/lib/python3.12/site-packages:/home/narayan_/Documents/ros2_ws/install/onepkg/lib/python3.12/site-packages:/home/narayan_/Documents/ros2_ws/install/my_interfaces/lib/python3.12/site-packages:/home/narayan_/Documents/ros2_ws/install/TransNum/lib/python3.12/site-packages:${PYTHONPATH} /usr/bin/cmake /home/narayan_/Documents/ros2_ws/src/launch_file -DCMAKE_INSTALL_PREFIX=/home/narayan_/Documents/ros2_ws/install/launch_file
[0.051s] -- The C compiler identification is GNU 13.3.0
[0.093s] -- The CXX compiler identification is GNU 13.3.0
[0.106s] -- Detecting C compiler ABI info
[0.174s] -- Detecting C compiler ABI info - done
[0.182s] -- Check for working C compiler: /usr/bin/cc - skipped
[0.182s] -- Detecting C compile features
[0.182s] -- Detecting C compile features - done
[0.189s] -- Detecting CXX compiler ABI info
[0.264s] -- Detecting CXX compiler ABI info - done
[0.271s] -- Check for working CXX compiler: /usr/bin/c++ - skipped
[0.271s] -- Detecting CXX compile features
[0.271s] -- Detecting CXX compile features - done
[0.274s] -- Found ament_cmake: 2.5.4 (/opt/ros/jazzy/share/ament_cmake/cmake)
[0.391s] -- Found Python3: /usr/bin/python3 (found version "3.12.3") found components: Interpreter 
[0.530s] -- Configuring done (0.5s)
[0.533s] -- Generating done (0.0s)
[0.535s] -- Build files have been written to: /home/narayan_/Documents/ros2_ws/build/launch_file
[0.539s] Invoked command in '/home/narayan_/Documents/ros2_ws/build/launch_file' returned '0': AMENT_PREFIX_PATH=/home/narayan_/Documents/ros2_ws/install/turtle_sim:/home/narayan_/Documents/ros2_ws/install/onepkg:/home/narayan_/Documents/ros2_ws/install/my_interfaces:/home/narayan_/Documents/ros2_ws/install/TransNum:${AMENT_PREFIX_PATH} CMAKE_PREFIX_PATH=/home/narayan_/Documents/ros2_ws/install/my_interfaces:/opt/ros/jazzy/opt/gz_math_vendor:/opt/ros/jazzy/opt/gz_utils_vendor:/opt/ros/jazzy/opt/gz_cmake_vendor:/opt/ros/jazzy DEBUGINFOD_URLS=https://debuginfod.ubuntu.com LD_LIBRARY_PATH=/home/narayan_/Documents/ros2_ws/install/my_interfaces/lib:${LD_LIBRARY_PATH} PYTHONPATH=/home/narayan_/Documents/ros2_ws/install/turtle_sim/lib/python3.12/site-packages:/home/narayan_/Documents/ros2_ws/install/onepkg/lib/python3.12/site-packages:/home/narayan_/Documents/ros2_ws/install/my_interfaces/lib/python3.12/site-packages:/home/narayan_/Documents/ros2_ws/install/TransNum/lib/python3.12/site-packages:${PYTHONPATH} /usr/bin/cmake /home/narayan_/Documents/ros2_ws/src/launch_file -DCMAKE_INSTALL_PREFIX=/home/narayan_/Documents/ros2_ws/install/launch_file
[0.540s] Invoking command in '/home/narayan_/Documents/ros2_ws/build/launch_file': AMENT_PREFIX_PATH=/home/narayan_/Documents/ros2_ws/install/turtle_sim:/home/narayan_/Documents/ros2_ws/install/onepkg:/home/narayan_/Documents/ros2_ws/install/my_interfaces:/home/narayan_/Documents/ros2_ws/install/TransNum:${AMENT_PREFIX_PATH} CMAKE_PREFIX_PATH=/home/narayan_/Documents/ros2_ws/install/my_interfaces:/opt/ros/jazzy/opt/gz_math_vendor:/opt/ros/jazzy/opt/gz_utils_vendor:/opt/ros/jazzy/opt/gz_cmake_vendor:/opt/ros/jazzy DEBUGINFOD_URLS=https://debuginfod.ubuntu.com LD_LIBRARY_PATH=/home/narayan_/Documents/ros2_ws/install/my_interfaces/lib:${LD_LIBRARY_PATH} PYTHONPATH=/home/narayan_/Documents/ros2_ws/install/turtle_sim/lib/python3.12/site-packages:/home/narayan_/Documents/ros2_ws/install/onepkg/lib/python3.12/site-packages:/home/narayan_/Documents/ros2_ws/install/my_interfaces/lib/python3.12/site-packages:/home/narayan_/Documents/ros2_ws/install/TransNum/lib/python3.12/site-packages:${PYTHONPATH} /usr/bin/cmake --build /home/narayan_/Documents/ros2_ws/build/launch_file -- -j12 -l12
[0.570s] Invoked command in '/home/narayan_/Documents/ros2_ws/build/launch_file' returned '0': AMENT_PREFIX_PATH=/home/narayan_/Documents/ros2_ws/install/turtle_sim:/home/narayan_/Documents/ros2_ws/install/onepkg:/home/narayan_/Documents/ros2_ws/install/my_interfaces:/home/narayan_/Documents/ros2_ws/install/TransNum:${AMENT_PREFIX_PATH} CMAKE_PREFIX_PATH=/home/narayan_/Documents/ros2_ws/install/my_interfaces:/opt/ros/jazzy/opt/gz_math_vendor:/opt/ros/jazzy/opt/gz_utils_vendor:/opt/ros/jazzy/opt/gz_cmake_vendor:/opt/ros/jazzy DEBUGINFOD_URLS=https://debuginfod.ubuntu.com LD_LIBRARY_PATH=/home/narayan_/Documents/ros2_ws/install/my_interfaces/lib:${LD_LIBRARY_PATH} PYTHONPATH=/home/narayan_/Documents/ros2_ws/install/turtle_sim/lib/python3.12/site-packages:/home/narayan_/Documents/ros2_ws/install/onepkg/lib/python3.12/site-packages:/home/narayan_/Documents/ros2_ws/install/my_interfaces/lib/python3.12/site-packages:/home/narayan_/Documents/ros2_ws/install/TransNum/lib/python3.12/site-packages:${PYTHONPATH} /usr/bin/cmake --build /home/narayan_/Documents/ros2_ws/build/launch_file -- -j12 -l12
[0.570s] Invoking command in '/home/narayan_/Documents/ros2_ws/build/launch_file': AMENT_PREFIX_PATH=/home/narayan_/Documents/ros2_ws/install/turtle_sim:/home/narayan_/Documents/ros2_ws/install/onepkg:/home/narayan_/Documents/ros2_ws/install/my_interfaces:/home/narayan_/Documents/ros2_ws/install/TransNum:${AMENT_PREFIX_PATH} CMAKE_PREFIX_PATH=/home/narayan_/Documents/ros2_ws/install/my_interfaces:/opt/ros/jazzy/opt/gz_math_vendor:/opt/ros/jazzy/opt/gz_utils_vendor:/opt/ros/jazzy/opt/gz_cmake_vendor:/opt/ros/jazzy DEBUGINFOD_URLS=https://debuginfod.ubuntu.com LD_LIBRARY_PATH=/home/narayan_/Documents/ros2_ws/install/my_interfaces/lib:${LD_LIBRARY_PATH} PYTHONPATH=/home/narayan_/Documents/ros2_ws/install/turtle_sim/lib/python3.12/site-packages:/home/narayan_/Documents/ros2_ws/install/onepkg/lib/python3.12/site-packages:/home/narayan_/Documents/ros2_ws/install/my_interfaces/lib/python3.12/site-packages:/home/narayan_/Documents/ros2_ws/install/TransNum/lib/python3.12/site-packages:${PYTHONPATH} /usr/bin/cmake --install /home/narayan_/Documents/ros2_ws/build/launch_file
[0.576s] -- Install configuration: ""
[0.576s] -- Installing: /home/narayan_/Documents/ros2_ws/install/launch_file/share/launch_file/launch
[0.576s] -- Installing: /home/narayan_/Documents/ros2_ws/install/launch_file/share/launch_file/launch/turtle_launcher.xml
[0.576s] -- Installing: /home/narayan_/Documents/ros2_ws/install/launch_file/share/launch_file/launch/number_counter_launch.py
[0.576s] -- Installing: /home/narayan_/Documents/ros2_ws/install/launch_file/share/launch_file/launch/number_counter_launch.xml
[0.577s] -- Installing: /home/narayan_/Documents/ros2_ws/install/launch_file/share/launch_file/launch/python_launcher.xml
[0.577s] -- Installing: /home/narayan_/Documents/ros2_ws/install/launch_file/share/launch_file/launch/radio_station.xml
[0.577s] -- Installing: /home/narayan_/Documents/ros2_ws/install/launch_file/share/launch_file/config
[0.577s] -- Installing: /home/narayan_/Documents/ros2_ws/install/launch_file/share/launch_file/config/number_params.yaml
[0.577s] -- Installing: /home/narayan_/Documents/ros2_ws/install/launch_file/share/ament_index/resource_index/package_run_dependencies/launch_file
[0.577s] -- Installing: /home/narayan_/Documents/ros2_ws/install/launch_file/share/ament_index/resource_index/parent_prefix_path/launch_file
[0.577s] -- Installing: /home/narayan_/Documents/ros2_ws/install/launch_file/share/launch_file/environment/ament_prefix_path.sh
[0.577s] -- Installing: /home/narayan_/Documents/ros2_ws/install/launch_file/share/launch_file/environment/ament_prefix_path.dsv
[0.577s] -- Installing: /home/narayan_/Documents/ros2_ws/install/launch_file/share/launch_file/environment/path.sh
[0.578s] -- Installing: /home/narayan_/Documents/ros2_ws/install/launch_file/share/launch_file/environment/path.dsv
[0.578s] -- Installing: /home/narayan_/Documents/ros2_ws/install/launch_file/share/launch_file/local_setup.bash
[0.578s] -- Installing: /home/narayan_/Documents/ros2_ws/install/launch_file/share/launch_file/local_setup.sh
[0.578s] -- Installing: /home/narayan_/Documents/ros2_ws/install/launch_file/share/launch_file/local_setup.zsh
[0.578s] -- Installing: /home/narayan_/Documents/ros2_ws/install/launch_file/share/launch_file/local_setup.dsv
[0.578s] -- Installing: /home/narayan_/Documents/ros2_ws/install/launch_file/share/launch_file/package.dsv
[0.578s] -- Installing: /home/narayan_/Documents/ros2_ws/install/launch_file/share/ament_index/resource_index/packages/launch_file
[0.578s] -- Installing: /home/narayan_/Documents/ros2_ws/install/launch_file/share/launch_file/cmake/launch_fileConfig.cmake
[0.579s] -- Installing: /home/narayan_/Documents/ros2_ws/install/launch_file/share/launch_file/cmake/launch_fileConfig-version.cmake
[0.579s] -- Installing: /home/narayan_/Documents/ros2_ws/install/launch_file/share/launch_file/package.xml
[0.580s] Invoked command in '/home/narayan_/Documents/ros2_ws/build/launch_file' returned '0': AMENT_PREFIX_PATH=/home/narayan_/Documents/ros2_ws/install/turtle_sim:/home/narayan_/Documents/ros2_ws/install/onepkg:/home/narayan_/Documents/ros2_ws/install/my_interfaces:/home/narayan_/Documents/ros2_ws/install/TransNum:${AMENT_PREFIX_PATH} CMAKE_PREFIX_PATH=/home/narayan_/Documents/ros2_ws/install/my_interfaces:/opt/ros/jazzy/opt/gz_math_vendor:/opt/ros/jazzy/opt/gz_utils_vendor:/opt/ros/jazzy/opt/gz_cmake_vendor:/opt/ros/jazzy DEBUGINFOD_URLS=https://debuginfod.ubuntu.com LD_LIBRARY_PATH=/home/narayan_/Documents/ros2_ws/install/my_interfaces/lib:${LD_LIBRARY_PATH} PYTHONPATH=/home/narayan_/Documents/ros2_ws/install/turtle_sim/lib/python3.12/site-packages:/home/narayan_/Documents/ros2_ws/install/onepkg/lib/python3.12/site-packages:/home/narayan_/Documents/ros2_ws/install/my_interfaces/lib/python3.12/site-packages:/home/narayan_/Documents/ros2_ws/install/TransNum/lib/python3.12/site-packages:${PYTHONPATH} /usr/bin/cmake --install /home/narayan_/Documents/ros2_ws/build/launch_file
