[5.504s] Invoking command in '/home/narayan/ros2_ws/src/onepkg': CMAKE_PREFIX_PATH=/home/narayan/ros2_ws/install/my_interfaces:/home/narayan/ros2_ws/install/led_activity:/opt/ros/jazzy/opt/gz_math_vendor:/opt/ros/jazzy/opt/gz_utils_vendor:/opt/ros/jazzy/opt/gz_cmake_vendor DEBUGINFOD_URLS=https://debuginfod.ubuntu.com PYTHONPATH=/home/narayan/ros2_ws/build/onepkg/prefix_override:/usr/lib/python3/dist-packages/colcon_core/task/python/colcon_distutils_commands:/home/narayan/ros2_ws/install/onepkg/lib/python3.12/site-packages:/home/narayan/ros2_ws/install/my_interfaces/lib/python3.12/site-packages:/home/narayan/ros2_ws/install/onepkg/lib/python3.12/site-packages:/home/narayan/ros2_ws/install/led_activity/lib/python3.12/site-packages:/home/narayan/ros2_ws/install/TransNum/lib/python3.12/site-packages:/opt/ros/jazzy/lib/python3.12/site-packages /usr/bin/python3 -W ignore:setup.py install is deprecated -W ignore:easy_install command is deprecated setup.py egg_info --egg-base ../../build/onepkg build --build-base /home/narayan/ros2_ws/build/onepkg/build install --record /home/narayan/ros2_ws/build/onepkg/install.log --single-version-externally-managed install_data
[6.757s] running egg_info
[6.852s] writing ../../build/onepkg/onepkg.egg-info/PKG-INFO
[6.853s] writing dependency_links to ../../build/onepkg/onepkg.egg-info/dependency_links.txt
[6.854s] writing entry points to ../../build/onepkg/onepkg.egg-info/entry_points.txt
[6.855s] writing requirements to ../../build/onepkg/onepkg.egg-info/requires.txt
[6.856s] writing top-level names to ../../build/onepkg/onepkg.egg-info/top_level.txt
[7.045s] reading manifest file '../../build/onepkg/onepkg.egg-info/SOURCES.txt'
[7.049s] writing manifest file '../../build/onepkg/onepkg.egg-info/SOURCES.txt'
[7.049s] running build
[7.050s] running build_py
[7.052s] running install
[7.075s] running install_lib
[7.171s] running install_data
[7.171s] running install_egg_info
[7.273s] removing '/home/narayan/ros2_ws/install/onepkg/lib/python3.12/site-packages/onepkg-0.0.0-py3.12.egg-info' (and everything under it)
[7.277s] Copying ../../build/onepkg/onepkg.egg-info to /home/narayan/ros2_ws/install/onepkg/lib/python3.12/site-packages/onepkg-0.0.0-py3.12.egg-info
[7.281s] running install_scripts
[8.240s] Installing client script to /home/narayan/ros2_ws/install/onepkg/lib/onepkg
[8.242s] Installing firstnode script to /home/narayan/ros2_ws/install/onepkg/lib/onepkg
[8.243s] Installing interface_test script to /home/narayan/ros2_ws/install/onepkg/lib/onepkg
[8.244s] Installing server script to /home/narayan/ros2_ws/install/onepkg/lib/onepkg
[8.245s] Installing smphnode script to /home/narayan/ros2_ws/install/onepkg/lib/onepkg
[8.251s] Installing transnode script to /home/narayan/ros2_ws/install/onepkg/lib/onepkg
[8.254s] writing list of installed files to '/home/narayan/ros2_ws/build/onepkg/install.log'
[8.409s] Invoked command in '/home/narayan/ros2_ws/src/onepkg' returned '0': CMAKE_PREFIX_PATH=/home/narayan/ros2_ws/install/my_interfaces:/home/narayan/ros2_ws/install/led_activity:/opt/ros/jazzy/opt/gz_math_vendor:/opt/ros/jazzy/opt/gz_utils_vendor:/opt/ros/jazzy/opt/gz_cmake_vendor DEBUGINFOD_URLS=https://debuginfod.ubuntu.com PYTHONPATH=/home/narayan/ros2_ws/build/onepkg/prefix_override:/usr/lib/python3/dist-packages/colcon_core/task/python/colcon_distutils_commands:/home/narayan/ros2_ws/install/onepkg/lib/python3.12/site-packages:/home/narayan/ros2_ws/install/my_interfaces/lib/python3.12/site-packages:/home/narayan/ros2_ws/install/onepkg/lib/python3.12/site-packages:/home/narayan/ros2_ws/install/led_activity/lib/python3.12/site-packages:/home/narayan/ros2_ws/install/TransNum/lib/python3.12/site-packages:/opt/ros/jazzy/lib/python3.12/site-packages /usr/bin/python3 -W ignore:setup.py install is deprecated -W ignore:easy_install command is deprecated setup.py egg_info --egg-base ../../build/onepkg build --build-base /home/narayan/ros2_ws/build/onepkg/build install --record /home/narayan/ros2_ws/build/onepkg/install.log --single-version-externally-managed install_data
