[6.233s] Invoking command in '/home/narayan/ros2_ws/src/TransNum': DEBUGINFOD_URLS=https://debuginfod.ubuntu.com PYTHONPATH=/home/narayan/ros2_ws/build/TransNum/prefix_override:/usr/lib/python3/dist-packages/colcon_core/task/python/colcon_distutils_commands:/home/narayan/ros2_ws/install/TransNum/lib/python3.12/site-packages:${PYTHONPATH} /usr/bin/python3 -W ignore:setup.py install is deprecated -W ignore:easy_install command is deprecated setup.py egg_info --egg-base ../../build/TransNum build --build-base /home/narayan/ros2_ws/build/TransNum/build install --record /home/narayan/ros2_ws/build/TransNum/install.log --single-version-externally-managed install_data
[7.740s] running egg_info
[7.855s] writing ../../build/TransNum/TransNum.egg-info/PKG-INFO
[7.858s] writing dependency_links to ../../build/TransNum/TransNum.egg-info/dependency_links.txt
[7.860s] writing entry points to ../../build/TransNum/TransNum.egg-info/entry_points.txt
[7.865s] writing requirements to ../../build/TransNum/TransNum.egg-info/requires.txt
[7.866s] writing top-level names to ../../build/TransNum/TransNum.egg-info/top_level.txt
[8.120s] reading manifest file '../../build/TransNum/TransNum.egg-info/SOURCES.txt'
[8.127s] writing manifest file '../../build/TransNum/TransNum.egg-info/SOURCES.txt'
[8.127s] running build
[8.128s] running build_py
[8.135s] running install
[8.160s] running install_lib
[8.283s] running install_data
[8.285s] running install_egg_info
[8.402s] removing '/home/narayan/ros2_ws/install/TransNum/lib/python3.12/site-packages/TransNum-0.0.0-py3.12.egg-info' (and everything under it)
[8.407s] Copying ../../build/TransNum/TransNum.egg-info to /home/narayan/ros2_ws/install/TransNum/lib/python3.12/site-packages/TransNum-0.0.0-py3.12.egg-info
[8.413s] running install_scripts
[9.322s] Installing number_publisher script to /home/narayan/ros2_ws/install/TransNum/lib/TransNum
[9.329s] Installing two_way script to /home/narayan/ros2_ws/install/TransNum/lib/TransNum
[9.332s] writing list of installed files to '/home/narayan/ros2_ws/build/TransNum/install.log'
[9.667s] Invoked command in '/home/narayan/ros2_ws/src/TransNum' returned '0': DEBUGINFOD_URLS=https://debuginfod.ubuntu.com PYTHONPATH=/home/narayan/ros2_ws/build/TransNum/prefix_override:/usr/lib/python3/dist-packages/colcon_core/task/python/colcon_distutils_commands:/home/narayan/ros2_ws/install/TransNum/lib/python3.12/site-packages:${PYTHONPATH} /usr/bin/python3 -W ignore:setup.py install is deprecated -W ignore:easy_install command is deprecated setup.py egg_info --egg-base ../../build/TransNum build --build-base /home/narayan/ros2_ws/build/TransNum/build install --record /home/narayan/ros2_ws/build/TransNum/install.log --single-version-externally-managed install_data
