[5.452s] Invoking command in '/home/narayan/ros2_ws/src/TransNum': DEBUGINFOD_URLS=https://debuginfod.ubuntu.com PYTHONPATH=/home/narayan/ros2_ws/build/TransNum/prefix_override:/usr/lib/python3/dist-packages/colcon_core/task/python/colcon_distutils_commands:/home/narayan/ros2_ws/install/TransNum/lib/python3.12/site-packages:${PYTHONPATH} /usr/bin/python3 -W ignore:setup.py install is deprecated -W ignore:easy_install command is deprecated setup.py egg_info --egg-base ../../build/TransNum build --build-base /home/narayan/ros2_ws/build/TransNum/build install --record /home/narayan/ros2_ws/build/TransNum/install.log --single-version-externally-managed install_data
[6.976s] running egg_info
[7.090s] writing ../../build/TransNum/TransNum.egg-info/PKG-INFO
[7.091s] writing dependency_links to ../../build/TransNum/TransNum.egg-info/dependency_links.txt
[7.113s] writing entry points to ../../build/TransNum/TransNum.egg-info/entry_points.txt
[7.114s] writing requirements to ../../build/TransNum/TransNum.egg-info/requires.txt
[7.115s] writing top-level names to ../../build/TransNum/TransNum.egg-info/top_level.txt
[7.386s] reading manifest file '../../build/TransNum/TransNum.egg-info/SOURCES.txt'
[7.389s] writing manifest file '../../build/TransNum/TransNum.egg-info/SOURCES.txt'
[7.390s] running build
[7.391s] running build_py
[7.392s] running install
[7.417s] running install_lib
[7.533s] running install_data
[7.537s] running install_egg_info
[7.657s] removing '/home/narayan/ros2_ws/install/TransNum/lib/python3.12/site-packages/TransNum-0.0.0-py3.12.egg-info' (and everything under it)
[7.664s] Copying ../../build/TransNum/TransNum.egg-info to /home/narayan/ros2_ws/install/TransNum/lib/python3.12/site-packages/TransNum-0.0.0-py3.12.egg-info
[7.671s] running install_scripts
[8.582s] Installing number_publisher script to /home/narayan/ros2_ws/install/TransNum/lib/TransNum
[8.585s] Installing two_way script to /home/narayan/ros2_ws/install/TransNum/lib/TransNum
[8.588s] writing list of installed files to '/home/narayan/ros2_ws/build/TransNum/install.log'
[8.865s] Invoked command in '/home/narayan/ros2_ws/src/TransNum' returned '0': DEBUGINFOD_URLS=https://debuginfod.ubuntu.com PYTHONPATH=/home/narayan/ros2_ws/build/TransNum/prefix_override:/usr/lib/python3/dist-packages/colcon_core/task/python/colcon_distutils_commands:/home/narayan/ros2_ws/install/TransNum/lib/python3.12/site-packages:${PYTHONPATH} /usr/bin/python3 -W ignore:setup.py install is deprecated -W ignore:easy_install command is deprecated setup.py egg_info --egg-base ../../build/TransNum build --build-base /home/narayan/ros2_ws/build/TransNum/build install --record /home/narayan/ros2_ws/build/TransNum/install.log --single-version-externally-managed install_data
