[3.996s] Invoking command in '/home/narayan/ros2_ws/src/onepkg': DEBUGINFOD_URLS=https://debuginfod.ubuntu.com PYTHONPATH=/home/narayan/ros2_ws/build/onepkg/prefix_override:/usr/lib/python3/dist-packages/colcon_core/task/python/colcon_distutils_commands:/home/narayan/ros2_ws/install/onepkg/lib/python3.12/site-packages:${PYTHONPATH} /usr/bin/python3 -W ignore:setup.py install is deprecated -W ignore:easy_install command is deprecated setup.py egg_info --egg-base ../../build/onepkg build --build-base /home/narayan/ros2_ws/build/onepkg/build install --record /home/narayan/ros2_ws/build/onepkg/install.log --single-version-externally-managed install_data
[5.069s] running egg_info
[5.147s] writing ../../build/onepkg/onepkg.egg-info/PKG-INFO
[5.148s] writing dependency_links to ../../build/onepkg/onepkg.egg-info/dependency_links.txt
[5.150s] writing entry points to ../../build/onepkg/onepkg.egg-info/entry_points.txt
[5.151s] writing requirements to ../../build/onepkg/onepkg.egg-info/requires.txt
[5.152s] writing top-level names to ../../build/onepkg/onepkg.egg-info/top_level.txt
[5.308s] reading manifest file '../../build/onepkg/onepkg.egg-info/SOURCES.txt'
[5.311s] writing manifest file '../../build/onepkg/onepkg.egg-info/SOURCES.txt'
[5.312s] running build
[5.312s] running build_py
[5.313s] copying onepkg/server_client.py -> /home/narayan/ros2_ws/build/onepkg/build/lib/onepkg
[5.315s] running install
[5.339s] running install_lib
[5.421s] copying /home/narayan/ros2_ws/build/onepkg/build/lib/onepkg/server_client.py -> /home/narayan/ros2_ws/install/onepkg/lib/python3.12/site-packages/onepkg
[5.424s] byte-compiling /home/narayan/ros2_ws/install/onepkg/lib/python3.12/site-packages/onepkg/server_client.py to server_client.cpython-312.pyc
[5.427s] running install_data
[5.428s] running install_egg_info
[5.514s] removing '/home/narayan/ros2_ws/install/onepkg/lib/python3.12/site-packages/onepkg-0.0.0-py3.12.egg-info' (and everything under it)
[5.516s] Copying ../../build/onepkg/onepkg.egg-info to /home/narayan/ros2_ws/install/onepkg/lib/python3.12/site-packages/onepkg-0.0.0-py3.12.egg-info
[5.521s] running install_scripts
[6.115s] Installing client script to /home/narayan/ros2_ws/install/onepkg/lib/onepkg
[6.116s] Installing firstnode script to /home/narayan/ros2_ws/install/onepkg/lib/onepkg
[6.117s] Installing server script to /home/narayan/ros2_ws/install/onepkg/lib/onepkg
[6.118s] Installing smphnode script to /home/narayan/ros2_ws/install/onepkg/lib/onepkg
[6.121s] Installing transnode script to /home/narayan/ros2_ws/install/onepkg/lib/onepkg
[6.123s] writing list of installed files to '/home/narayan/ros2_ws/build/onepkg/install.log'
[6.266s] Invoked command in '/home/narayan/ros2_ws/src/onepkg' returned '0': DEBUGINFOD_URLS=https://debuginfod.ubuntu.com PYTHONPATH=/home/narayan/ros2_ws/build/onepkg/prefix_override:/usr/lib/python3/dist-packages/colcon_core/task/python/colcon_distutils_commands:/home/narayan/ros2_ws/install/onepkg/lib/python3.12/site-packages:${PYTHONPATH} /usr/bin/python3 -W ignore:setup.py install is deprecated -W ignore:easy_install command is deprecated setup.py egg_info --egg-base ../../build/onepkg build --build-base /home/narayan/ros2_ws/build/onepkg/build install --record /home/narayan/ros2_ws/build/onepkg/install.log --single-version-externally-managed install_data
