[4.559s] Invoking command in '/home/narayan/ros2_ws/src/onepkg': DEBUGINFOD_URLS=https://debuginfod.ubuntu.com PYTHONPATH=/home/narayan/ros2_ws/build/onepkg/prefix_override:/usr/lib/python3/dist-packages/colcon_core/task/python/colcon_distutils_commands:/home/narayan/ros2_ws/install/onepkg/lib/python3.12/site-packages:${PYTHONPATH} /usr/bin/python3 -W ignore:setup.py install is deprecated -W ignore:easy_install command is deprecated setup.py egg_info --egg-base ../../build/onepkg build --build-base /home/narayan/ros2_ws/build/onepkg/build install --record /home/narayan/ros2_ws/build/onepkg/install.log --single-version-externally-managed install_data
[5.679s] running egg_info
[5.760s] writing ../../build/onepkg/onepkg.egg-info/PKG-INFO
[5.762s] writing dependency_links to ../../build/onepkg/onepkg.egg-info/dependency_links.txt
[5.763s] writing entry points to ../../build/onepkg/onepkg.egg-info/entry_points.txt
[5.764s] writing requirements to ../../build/onepkg/onepkg.egg-info/requires.txt
[5.764s] writing top-level names to ../../build/onepkg/onepkg.egg-info/top_level.txt
[5.923s] reading manifest file '../../build/onepkg/onepkg.egg-info/SOURCES.txt'
[5.927s] writing manifest file '../../build/onepkg/onepkg.egg-info/SOURCES.txt'
[5.928s] running build
[5.928s] running build_py
[5.930s] copying onepkg/smartphone.py -> /home/narayan/ros2_ws/build/onepkg/build/lib/onepkg
[5.932s] running install
[5.960s] running install_lib
[6.035s] copying /home/narayan/ros2_ws/build/onepkg/build/lib/onepkg/smartphone.py -> /home/narayan/ros2_ws/install/onepkg/lib/python3.12/site-packages/onepkg
[6.042s] byte-compiling /home/narayan/ros2_ws/install/onepkg/lib/python3.12/site-packages/onepkg/smartphone.py to smartphone.cpython-312.pyc
[6.045s] running install_data
[6.047s] running install_egg_info
[6.133s] removing '/home/narayan/ros2_ws/install/onepkg/lib/python3.12/site-packages/onepkg-0.0.0-py3.12.egg-info' (and everything under it)
[6.135s] Copying ../../build/onepkg/onepkg.egg-info to /home/narayan/ros2_ws/install/onepkg/lib/python3.12/site-packages/onepkg-0.0.0-py3.12.egg-info
[6.147s] running install_scripts
[6.754s] Installing firstnode script to /home/narayan/ros2_ws/install/onepkg/lib/onepkg
[6.756s] Installing smphnode script to /home/narayan/ros2_ws/install/onepkg/lib/onepkg
[6.756s] Installing transnode script to /home/narayan/ros2_ws/install/onepkg/lib/onepkg
[6.758s] writing list of installed files to '/home/narayan/ros2_ws/build/onepkg/install.log'
[6.901s] Invoked command in '/home/narayan/ros2_ws/src/onepkg' returned '0': DEBUGINFOD_URLS=https://debuginfod.ubuntu.com PYTHONPATH=/home/narayan/ros2_ws/build/onepkg/prefix_override:/usr/lib/python3/dist-packages/colcon_core/task/python/colcon_distutils_commands:/home/narayan/ros2_ws/install/onepkg/lib/python3.12/site-packages:${PYTHONPATH} /usr/bin/python3 -W ignore:setup.py install is deprecated -W ignore:easy_install command is deprecated setup.py egg_info --egg-base ../../build/onepkg build --build-base /home/narayan/ros2_ws/build/onepkg/build install --record /home/narayan/ros2_ws/build/onepkg/install.log --single-version-externally-managed install_data
