[0.907s] Invoking command in '/home/narayan_/Documents/ros2_ws/src/led_activity': CMAKE_PREFIX_PATH=/home/narayan_/Documents/ros2_ws/install/my_interfaces:/home/narayan_/Documents/ros2_ws/install/urdf_test:/home/narayan_/Documents/ros2_ws/install/launch_file:/opt/ros/jazzy/opt/gz_sim_vendor:/opt/ros/jazzy/opt/gz_sensors_vendor:/opt/ros/jazzy/opt/gz_physics_vendor:/opt/ros/jazzy/opt/sdformat_vendor:/opt/ros/jazzy/opt/gz_gui_vendor:/opt/ros/jazzy/opt/gz_transport_vendor:/opt/ros/jazzy/opt/gz_rendering_vendor:/opt/ros/jazzy/opt/gz_plugin_vendor:/opt/ros/jazzy/opt/gz_fuel_tools_vendor:/opt/ros/jazzy/opt/gz_msgs_vendor:/opt/ros/jazzy/opt/gz_common_vendor:/opt/ros/jazzy/opt/gz_math_vendor:/opt/ros/jazzy/opt/gz_utils_vendor:/opt/ros/jazzy/opt/gz_tools_vendor:/opt/ros/jazzy/opt/gz_ogre_next_vendor:/opt/ros/jazzy/opt/gz_dartsim_vendor:/opt/ros/jazzy/opt/gz_cmake_vendor DEBUGINFOD_URLS=https://debuginfod.ubuntu.com PYTHONPATH=/home/narayan_/Documents/ros2_ws/build/led_activity/prefix_override:/usr/lib/python3/dist-packages/colcon_core/task/python/colcon_distutils_commands:/home/narayan_/Documents/ros2_ws/install/led_activity/lib/python3.12/site-packages:/home/narayan_/Documents/ros2_ws/install/my_interfaces/lib/python3.12/site-packages:/home/narayan_/Documents/ros2_ws/install/turtle_sim/lib/python3.12/site-packages:/home/narayan_/Documents/ros2_ws/install/onepkg/lib/python3.12/site-packages:/home/narayan_/Documents/ros2_ws/install/led_activity/lib/python3.12/site-packages:/home/narayan_/Documents/ros2_ws/install/TransNum/lib/python3.12/site-packages:/opt/ros/jazzy/lib/python3.12/site-packages /usr/bin/python3 -W ignore:setup.py install is deprecated -W ignore:easy_install command is deprecated setup.py egg_info --egg-base ../../build/led_activity build --build-base /home/narayan_/Documents/ros2_ws/build/led_activity/build install --record /home/narayan_/Documents/ros2_ws/build/led_activity/install.log --single-version-externally-managed install_data
[1.103s] running egg_info
[1.117s] writing ../../build/led_activity/led_activity.egg-info/PKG-INFO
[1.117s] writing dependency_links to ../../build/led_activity/led_activity.egg-info/dependency_links.txt
[1.117s] writing entry points to ../../build/led_activity/led_activity.egg-info/entry_points.txt
[1.117s] writing requirements to ../../build/led_activity/led_activity.egg-info/requires.txt
[1.117s] writing top-level names to ../../build/led_activity/led_activity.egg-info/top_level.txt
[1.147s] reading manifest file '../../build/led_activity/led_activity.egg-info/SOURCES.txt'
[1.148s] writing manifest file '../../build/led_activity/led_activity.egg-info/SOURCES.txt'
[1.148s] running build
[1.148s] running build_py
[1.148s] running install
[1.153s] running install_lib
[1.168s] running install_data
[1.169s] running install_egg_info
[1.184s] removing '/home/narayan_/Documents/ros2_ws/install/led_activity/lib/python3.12/site-packages/led_activity-0.0.0-py3.12.egg-info' (and everything under it)
[1.185s] Copying ../../build/led_activity/led_activity.egg-info to /home/narayan_/Documents/ros2_ws/install/led_activity/lib/python3.12/site-packages/led_activity-0.0.0-py3.12.egg-info
[1.186s] running install_scripts
[1.289s] Installing battery script to /home/narayan_/Documents/ros2_ws/install/led_activity/lib/led_activity
[1.289s] Installing led_server script to /home/narayan_/Documents/ros2_ws/install/led_activity/lib/led_activity
[1.290s] writing list of installed files to '/home/narayan_/Documents/ros2_ws/build/led_activity/install.log'
[1.316s] Invoked command in '/home/narayan_/Documents/ros2_ws/src/led_activity' returned '0': CMAKE_PREFIX_PATH=/home/narayan_/Documents/ros2_ws/install/my_interfaces:/home/narayan_/Documents/ros2_ws/install/urdf_test:/home/narayan_/Documents/ros2_ws/install/launch_file:/opt/ros/jazzy/opt/gz_sim_vendor:/opt/ros/jazzy/opt/gz_sensors_vendor:/opt/ros/jazzy/opt/gz_physics_vendor:/opt/ros/jazzy/opt/sdformat_vendor:/opt/ros/jazzy/opt/gz_gui_vendor:/opt/ros/jazzy/opt/gz_transport_vendor:/opt/ros/jazzy/opt/gz_rendering_vendor:/opt/ros/jazzy/opt/gz_plugin_vendor:/opt/ros/jazzy/opt/gz_fuel_tools_vendor:/opt/ros/jazzy/opt/gz_msgs_vendor:/opt/ros/jazzy/opt/gz_common_vendor:/opt/ros/jazzy/opt/gz_math_vendor:/opt/ros/jazzy/opt/gz_utils_vendor:/opt/ros/jazzy/opt/gz_tools_vendor:/opt/ros/jazzy/opt/gz_ogre_next_vendor:/opt/ros/jazzy/opt/gz_dartsim_vendor:/opt/ros/jazzy/opt/gz_cmake_vendor DEBUGINFOD_URLS=https://debuginfod.ubuntu.com PYTHONPATH=/home/narayan_/Documents/ros2_ws/build/led_activity/prefix_override:/usr/lib/python3/dist-packages/colcon_core/task/python/colcon_distutils_commands:/home/narayan_/Documents/ros2_ws/install/led_activity/lib/python3.12/site-packages:/home/narayan_/Documents/ros2_ws/install/my_interfaces/lib/python3.12/site-packages:/home/narayan_/Documents/ros2_ws/install/turtle_sim/lib/python3.12/site-packages:/home/narayan_/Documents/ros2_ws/install/onepkg/lib/python3.12/site-packages:/home/narayan_/Documents/ros2_ws/install/led_activity/lib/python3.12/site-packages:/home/narayan_/Documents/ros2_ws/install/TransNum/lib/python3.12/site-packages:/opt/ros/jazzy/lib/python3.12/site-packages /usr/bin/python3 -W ignore:setup.py install is deprecated -W ignore:easy_install command is deprecated setup.py egg_info --egg-base ../../build/led_activity build --build-base /home/narayan_/Documents/ros2_ws/build/led_activity/build install --record /home/narayan_/Documents/ros2_ws/build/led_activity/install.log --single-version-externally-managed install_data
