[7.085s] Invoking command in '/home/narayan/ros2_ws/src/onepkg': CMAKE_PREFIX_PATH=/home/narayan/ros2_ws/install/my_interfaces:/home/narayan/ros2_ws/install/led_activity:/home/narayan/ros2_ws/install/launch_file:/opt/ros/jazzy/opt/gz_math_vendor:/opt/ros/jazzy/opt/gz_utils_vendor:/opt/ros/jazzy/opt/gz_cmake_vendor DEBUGINFOD_URLS=https://debuginfod.ubuntu.com PYTHONPATH=/home/narayan/ros2_ws/build/onepkg/prefix_override:/usr/lib/python3/dist-packages/colcon_core/task/python/colcon_distutils_commands:/home/narayan/ros2_ws/install/onepkg/lib/python3.12/site-packages:/home/narayan/ros2_ws/install/my_interfaces/lib/python3.12/site-packages:/home/narayan/ros2_ws/install/onepkg/lib/python3.12/site-packages:/home/narayan/ros2_ws/install/led_activity/lib/python3.12/site-packages:/home/narayan/ros2_ws/install/TransNum/lib/python3.12/site-packages:/opt/ros/jazzy/lib/python3.12/site-packages /usr/bin/python3 -W ignore:setup.py install is deprecated -W ignore:easy_install command is deprecated setup.py egg_info --egg-base ../../build/onepkg build --build-base /home/narayan/ros2_ws/build/onepkg/build install --record /home/narayan/ros2_ws/build/onepkg/install.log --single-version-externally-managed install_data
[9.968s] running egg_info
[10.216s] writing ../../build/onepkg/onepkg.egg-info/PKG-INFO
[10.218s] writing dependency_links to ../../build/onepkg/onepkg.egg-info/dependency_links.txt
[10.222s] writing entry points to ../../build/onepkg/onepkg.egg-info/entry_points.txt
[10.223s] writing requirements to ../../build/onepkg/onepkg.egg-info/requires.txt
[10.224s] writing top-level names to ../../build/onepkg/onepkg.egg-info/top_level.txt
[10.692s] reading manifest file '../../build/onepkg/onepkg.egg-info/SOURCES.txt'
[10.699s] writing manifest file '../../build/onepkg/onepkg.egg-info/SOURCES.txt'
[10.704s] running build
[10.705s] running build_py
[10.712s] running install
[10.741s] running install_lib
[10.946s] running install_data
[10.950s] running install_egg_info
[11.174s] removing '/home/narayan/ros2_ws/install/onepkg/lib/python3.12/site-packages/onepkg-0.0.0-py3.12.egg-info' (and everything under it)
[11.181s] Copying ../../build/onepkg/onepkg.egg-info to /home/narayan/ros2_ws/install/onepkg/lib/python3.12/site-packages/onepkg-0.0.0-py3.12.egg-info
[11.193s] running install_scripts
[12.337s] Installing client script to /home/narayan/ros2_ws/install/onepkg/lib/onepkg
[12.337s] Installing firstnode script to /home/narayan/ros2_ws/install/onepkg/lib/onepkg
[12.338s] Installing interface_test script to /home/narayan/ros2_ws/install/onepkg/lib/onepkg
[12.339s] Installing server script to /home/narayan/ros2_ws/install/onepkg/lib/onepkg
[12.340s] Installing smphnode script to /home/narayan/ros2_ws/install/onepkg/lib/onepkg
[12.341s] Installing transnode script to /home/narayan/ros2_ws/install/onepkg/lib/onepkg
[12.343s] writing list of installed files to '/home/narayan/ros2_ws/build/onepkg/install.log'
[12.495s] Invoked command in '/home/narayan/ros2_ws/src/onepkg' returned '0': CMAKE_PREFIX_PATH=/home/narayan/ros2_ws/install/my_interfaces:/home/narayan/ros2_ws/install/led_activity:/home/narayan/ros2_ws/install/launch_file:/opt/ros/jazzy/opt/gz_math_vendor:/opt/ros/jazzy/opt/gz_utils_vendor:/opt/ros/jazzy/opt/gz_cmake_vendor DEBUGINFOD_URLS=https://debuginfod.ubuntu.com PYTHONPATH=/home/narayan/ros2_ws/build/onepkg/prefix_override:/usr/lib/python3/dist-packages/colcon_core/task/python/colcon_distutils_commands:/home/narayan/ros2_ws/install/onepkg/lib/python3.12/site-packages:/home/narayan/ros2_ws/install/my_interfaces/lib/python3.12/site-packages:/home/narayan/ros2_ws/install/onepkg/lib/python3.12/site-packages:/home/narayan/ros2_ws/install/led_activity/lib/python3.12/site-packages:/home/narayan/ros2_ws/install/TransNum/lib/python3.12/site-packages:/opt/ros/jazzy/lib/python3.12/site-packages /usr/bin/python3 -W ignore:setup.py install is deprecated -W ignore:easy_install command is deprecated setup.py egg_info --egg-base ../../build/onepkg build --build-base /home/narayan/ros2_ws/build/onepkg/build install --record /home/narayan/ros2_ws/build/onepkg/install.log --single-version-externally-managed install_data
