-- Install configuration: ""
-- Up-to-date: /home/narayan_/Documents/ros2_ws/install/gazebo_launch/share/gazebo_launch//launch
-- Installing: /home/narayan_/Documents/ros2_ws/install/gazebo_launch/share/gazebo_launch//launch/robot_launch.xml
-- Up-to-date: /home/narayan_/Documents/ros2_ws/install/gazebo_launch/share/gazebo_launch//config
-- Up-to-date: /home/narayan_/Documents/ros2_ws/install/gazebo_launch/share/gazebo_launch//config/gazebo_bridge.yaml
-- Up-to-date: /home/narayan_/Documents/ros2_ws/install/gazebo_launch/share/ament_index/resource_index/package_run_dependencies/gazebo_launch
-- Up-to-date: /home/narayan_/Documents/ros2_ws/install/gazebo_launch/share/ament_index/resource_index/parent_prefix_path/gazebo_launch
-- Up-to-date: /home/narayan_/Documents/ros2_ws/install/gazebo_launch/share/gazebo_launch/environment/ament_prefix_path.sh
-- Up-to-date: /home/narayan_/Documents/ros2_ws/install/gazebo_launch/share/gazebo_launch/environment/ament_prefix_path.dsv
-- Up-to-date: /home/narayan_/Documents/ros2_ws/install/gazebo_launch/share/gazebo_launch/environment/path.sh
-- Up-to-date: /home/narayan_/Documents/ros2_ws/install/gazebo_launch/share/gazebo_launch/environment/path.dsv
-- Up-to-date: /home/narayan_/Documents/ros2_ws/install/gazebo_launch/share/gazebo_launch/local_setup.bash
-- Up-to-date: /home/narayan_/Documents/ros2_ws/install/gazebo_launch/share/gazebo_launch/local_setup.sh
-- Up-to-date: /home/narayan_/Documents/ros2_ws/install/gazebo_launch/share/gazebo_launch/local_setup.zsh
-- Up-to-date: /home/narayan_/Documents/ros2_ws/install/gazebo_launch/share/gazebo_launch/local_setup.dsv
-- Installing: /home/narayan_/Documents/ros2_ws/install/gazebo_launch/share/gazebo_launch/package.dsv
-- Up-to-date: /home/narayan_/Documents/ros2_ws/install/gazebo_launch/share/ament_index/resource_index/packages/gazebo_launch
-- Up-to-date: /home/narayan_/Documents/ros2_ws/install/gazebo_launch/share/gazebo_launch/cmake/gazebo_launchConfig.cmake
-- Up-to-date: /home/narayan_/Documents/ros2_ws/install/gazebo_launch/share/gazebo_launch/cmake/gazebo_launchConfig-version.cmake
-- Up-to-date: /home/narayan_/Documents/ros2_ws/install/gazebo_launch/share/gazebo_launch/package.xml
