[15.055s] Invoking command in '/home/narayan/ros2_ws/src/onepkg': CMAKE_PREFIX_PATH=/home/narayan/ros2_ws/install/my_interfaces:/home/narayan/ros2_ws/install/launch_file:/home/narayan/ros2_ws/install/led_activity:/opt/ros/jazzy/opt/gz_math_vendor:/opt/ros/jazzy/opt/gz_utils_vendor:/opt/ros/jazzy/opt/gz_cmake_vendor DEBUGINFOD_URLS=https://debuginfod.ubuntu.com PYTHONPATH=/home/narayan/ros2_ws/build/onepkg/prefix_override:/usr/lib/python3/dist-packages/colcon_core/task/python/colcon_distutils_commands:/home/narayan/ros2_ws/install/onepkg/lib/python3.12/site-packages:/home/narayan/ros2_ws/install/my_interfaces/lib/python3.12/site-packages:/home/narayan/ros2_ws/install/turtle_sim/lib/python3.12/site-packages:/home/narayan/ros2_ws/install/onepkg/lib/python3.12/site-packages:/home/narayan/ros2_ws/install/led_activity/lib/python3.12/site-packages:/home/narayan/ros2_ws/install/TransNum/lib/python3.12/site-packages:/opt/ros/jazzy/lib/python3.12/site-packages /usr/bin/python3 -W ignore:setup.py install is deprecated -W ignore:easy_install command is deprecated setup.py egg_info --egg-base ../../build/onepkg build --build-base /home/narayan/ros2_ws/build/onepkg/build install --record /home/narayan/ros2_ws/build/onepkg/install.log --single-version-externally-managed install_data
[19.249s] running egg_info
[19.595s] writing ../../build/onepkg/onepkg.egg-info/PKG-INFO
[19.596s] writing dependency_links to ../../build/onepkg/onepkg.egg-info/dependency_links.txt
[19.601s] writing entry points to ../../build/onepkg/onepkg.egg-info/entry_points.txt
[19.601s] writing requirements to ../../build/onepkg/onepkg.egg-info/requires.txt
[19.602s] writing top-level names to ../../build/onepkg/onepkg.egg-info/top_level.txt
[20.097s] reading manifest file '../../build/onepkg/onepkg.egg-info/SOURCES.txt'
[20.106s] writing manifest file '../../build/onepkg/onepkg.egg-info/SOURCES.txt'
[20.108s] running build
[20.108s] running build_py
[20.118s] running install
[20.161s] running install_lib
[20.634s] running install_data
[20.638s] running install_egg_info
[20.855s] removing '/home/narayan/ros2_ws/install/onepkg/lib/python3.12/site-packages/onepkg-0.0.0-py3.12.egg-info' (and everything under it)
[20.857s] Copying ../../build/onepkg/onepkg.egg-info to /home/narayan/ros2_ws/install/onepkg/lib/python3.12/site-packages/onepkg-0.0.0-py3.12.egg-info
[20.868s] running install_scripts
[21.995s] Installing client script to /home/narayan/ros2_ws/install/onepkg/lib/onepkg
[21.996s] Installing firstnode script to /home/narayan/ros2_ws/install/onepkg/lib/onepkg
[21.998s] Installing interface_test script to /home/narayan/ros2_ws/install/onepkg/lib/onepkg
[21.999s] Installing server script to /home/narayan/ros2_ws/install/onepkg/lib/onepkg
[22.000s] Installing smphnode script to /home/narayan/ros2_ws/install/onepkg/lib/onepkg
[22.002s] Installing transnode script to /home/narayan/ros2_ws/install/onepkg/lib/onepkg
[22.005s] writing list of installed files to '/home/narayan/ros2_ws/build/onepkg/install.log'
[22.161s] Invoked command in '/home/narayan/ros2_ws/src/onepkg' returned '0': CMAKE_PREFIX_PATH=/home/narayan/ros2_ws/install/my_interfaces:/home/narayan/ros2_ws/install/launch_file:/home/narayan/ros2_ws/install/led_activity:/opt/ros/jazzy/opt/gz_math_vendor:/opt/ros/jazzy/opt/gz_utils_vendor:/opt/ros/jazzy/opt/gz_cmake_vendor DEBUGINFOD_URLS=https://debuginfod.ubuntu.com PYTHONPATH=/home/narayan/ros2_ws/build/onepkg/prefix_override:/usr/lib/python3/dist-packages/colcon_core/task/python/colcon_distutils_commands:/home/narayan/ros2_ws/install/onepkg/lib/python3.12/site-packages:/home/narayan/ros2_ws/install/my_interfaces/lib/python3.12/site-packages:/home/narayan/ros2_ws/install/turtle_sim/lib/python3.12/site-packages:/home/narayan/ros2_ws/install/onepkg/lib/python3.12/site-packages:/home/narayan/ros2_ws/install/led_activity/lib/python3.12/site-packages:/home/narayan/ros2_ws/install/TransNum/lib/python3.12/site-packages:/opt/ros/jazzy/lib/python3.12/site-packages /usr/bin/python3 -W ignore:setup.py install is deprecated -W ignore:easy_install command is deprecated setup.py egg_info --egg-base ../../build/onepkg build --build-base /home/narayan/ros2_ws/build/onepkg/build install --record /home/narayan/ros2_ws/build/onepkg/install.log --single-version-externally-managed install_data
