[5.852s] Invoking command in '/home/narayan/ros2_ws/src/onepkg': CMAKE_PREFIX_PATH=/home/narayan/ros2_ws/install/my_interfaces:/home/narayan/ros2_ws/install/led_activity:/home/narayan/ros2_ws/install/launch_file:/opt/ros/jazzy/opt/gz_math_vendor:/opt/ros/jazzy/opt/gz_utils_vendor:/opt/ros/jazzy/opt/gz_cmake_vendor DEBUGINFOD_URLS=https://debuginfod.ubuntu.com PYTHONPATH=/home/narayan/ros2_ws/build/onepkg/prefix_override:/usr/lib/python3/dist-packages/colcon_core/task/python/colcon_distutils_commands:/home/narayan/ros2_ws/install/onepkg/lib/python3.12/site-packages:/home/narayan/ros2_ws/install/my_interfaces/lib/python3.12/site-packages:/home/narayan/ros2_ws/install/onepkg/lib/python3.12/site-packages:/home/narayan/ros2_ws/install/led_activity/lib/python3.12/site-packages:/home/narayan/ros2_ws/install/TransNum/lib/python3.12/site-packages:/opt/ros/jazzy/lib/python3.12/site-packages /usr/bin/python3 -W ignore:setup.py install is deprecated -W ignore:easy_install command is deprecated setup.py egg_info --egg-base ../../build/onepkg build --build-base /home/narayan/ros2_ws/build/onepkg/build install --record /home/narayan/ros2_ws/build/onepkg/install.log --single-version-externally-managed install_data
[7.157s] running egg_info
[7.351s] writing ../../build/onepkg/onepkg.egg-info/PKG-INFO
[7.354s] writing dependency_links to ../../build/onepkg/onepkg.egg-info/dependency_links.txt
[7.356s] writing entry points to ../../build/onepkg/onepkg.egg-info/entry_points.txt
[7.356s] writing requirements to ../../build/onepkg/onepkg.egg-info/requires.txt
[7.359s] writing top-level names to ../../build/onepkg/onepkg.egg-info/top_level.txt
[7.741s] reading manifest file '../../build/onepkg/onepkg.egg-info/SOURCES.txt'
[7.750s] writing manifest file '../../build/onepkg/onepkg.egg-info/SOURCES.txt'
[7.751s] running build
[7.752s] running build_py
[7.777s] running install
[7.820s] running install_lib
[8.048s] running install_data
[8.057s] running install_egg_info
[8.272s] removing '/home/narayan/ros2_ws/install/onepkg/lib/python3.12/site-packages/onepkg-0.0.0-py3.12.egg-info' (and everything under it)
[8.278s] Copying ../../build/onepkg/onepkg.egg-info to /home/narayan/ros2_ws/install/onepkg/lib/python3.12/site-packages/onepkg-0.0.0-py3.12.egg-info
[8.298s] running install_scripts
[9.891s] Installing client script to /home/narayan/ros2_ws/install/onepkg/lib/onepkg
[9.893s] Installing firstnode script to /home/narayan/ros2_ws/install/onepkg/lib/onepkg
[9.907s] Installing interface_test script to /home/narayan/ros2_ws/install/onepkg/lib/onepkg
[9.909s] Installing server script to /home/narayan/ros2_ws/install/onepkg/lib/onepkg
[9.918s] Installing smphnode script to /home/narayan/ros2_ws/install/onepkg/lib/onepkg
[9.919s] Installing transnode script to /home/narayan/ros2_ws/install/onepkg/lib/onepkg
[9.926s] writing list of installed files to '/home/narayan/ros2_ws/build/onepkg/install.log'
[10.136s] Invoked command in '/home/narayan/ros2_ws/src/onepkg' returned '0': CMAKE_PREFIX_PATH=/home/narayan/ros2_ws/install/my_interfaces:/home/narayan/ros2_ws/install/led_activity:/home/narayan/ros2_ws/install/launch_file:/opt/ros/jazzy/opt/gz_math_vendor:/opt/ros/jazzy/opt/gz_utils_vendor:/opt/ros/jazzy/opt/gz_cmake_vendor DEBUGINFOD_URLS=https://debuginfod.ubuntu.com PYTHONPATH=/home/narayan/ros2_ws/build/onepkg/prefix_override:/usr/lib/python3/dist-packages/colcon_core/task/python/colcon_distutils_commands:/home/narayan/ros2_ws/install/onepkg/lib/python3.12/site-packages:/home/narayan/ros2_ws/install/my_interfaces/lib/python3.12/site-packages:/home/narayan/ros2_ws/install/onepkg/lib/python3.12/site-packages:/home/narayan/ros2_ws/install/led_activity/lib/python3.12/site-packages:/home/narayan/ros2_ws/install/TransNum/lib/python3.12/site-packages:/opt/ros/jazzy/lib/python3.12/site-packages /usr/bin/python3 -W ignore:setup.py install is deprecated -W ignore:easy_install command is deprecated setup.py egg_info --egg-base ../../build/onepkg build --build-base /home/narayan/ros2_ws/build/onepkg/build install --record /home/narayan/ros2_ws/build/onepkg/install.log --single-version-externally-managed install_data
