[6.224s] Invoking command in '/home/narayan/ros2_ws/src/TransNum': DEBUGINFOD_URLS=https://debuginfod.ubuntu.com PYTHONPATH=/home/narayan/ros2_ws/build/TransNum/prefix_override:/usr/lib/python3/dist-packages/colcon_core/task/python/colcon_distutils_commands:/home/narayan/ros2_ws/install/TransNum/lib/python3.12/site-packages:${PYTHONPATH} /usr/bin/python3 -W ignore:setup.py install is deprecated -W ignore:easy_install command is deprecated setup.py egg_info --egg-base ../../build/TransNum build --build-base /home/narayan/ros2_ws/build/TransNum/build install --record /home/narayan/ros2_ws/build/TransNum/install.log --single-version-externally-managed install_data
[7.840s] running egg_info
[7.961s] writing ../../build/TransNum/TransNum.egg-info/PKG-INFO
[7.963s] writing dependency_links to ../../build/TransNum/TransNum.egg-info/dependency_links.txt
[7.964s] writing entry points to ../../build/TransNum/TransNum.egg-info/entry_points.txt
[7.966s] writing requirements to ../../build/TransNum/TransNum.egg-info/requires.txt
[7.967s] writing top-level names to ../../build/TransNum/TransNum.egg-info/top_level.txt
[8.253s] reading manifest file '../../build/TransNum/TransNum.egg-info/SOURCES.txt'
[8.257s] writing manifest file '../../build/TransNum/TransNum.egg-info/SOURCES.txt'
[8.258s] running build
[8.258s] running build_py
[8.260s] running install
[8.286s] running install_lib
[8.405s] running install_data
[8.406s] running install_egg_info
[8.531s] removing '/home/narayan/ros2_ws/install/TransNum/lib/python3.12/site-packages/TransNum-0.0.0-py3.12.egg-info' (and everything under it)
[8.539s] Copying ../../build/TransNum/TransNum.egg-info to /home/narayan/ros2_ws/install/TransNum/lib/python3.12/site-packages/TransNum-0.0.0-py3.12.egg-info
[8.545s] running install_scripts
[9.540s] Installing number_publisher script to /home/narayan/ros2_ws/install/TransNum/lib/TransNum
[9.542s] Installing two_way script to /home/narayan/ros2_ws/install/TransNum/lib/TransNum
[9.544s] writing list of installed files to '/home/narayan/ros2_ws/build/TransNum/install.log'
[9.848s] Invoked command in '/home/narayan/ros2_ws/src/TransNum' returned '0': DEBUGINFOD_URLS=https://debuginfod.ubuntu.com PYTHONPATH=/home/narayan/ros2_ws/build/TransNum/prefix_override:/usr/lib/python3/dist-packages/colcon_core/task/python/colcon_distutils_commands:/home/narayan/ros2_ws/install/TransNum/lib/python3.12/site-packages:${PYTHONPATH} /usr/bin/python3 -W ignore:setup.py install is deprecated -W ignore:easy_install command is deprecated setup.py egg_info --egg-base ../../build/TransNum build --build-base /home/narayan/ros2_ws/build/TransNum/build install --record /home/narayan/ros2_ws/build/TransNum/install.log --single-version-externally-managed install_data
