[7.628s] Invoking command in '/home/narayan/ros2_ws/src/onepkg': CMAKE_PREFIX_PATH=/home/narayan/ros2_ws/install/my_interfaces:/home/narayan/ros2_ws/install/led_activity:/opt/ros/jazzy/opt/gz_math_vendor:/opt/ros/jazzy/opt/gz_utils_vendor:/opt/ros/jazzy/opt/gz_cmake_vendor DEBUGINFOD_URLS=https://debuginfod.ubuntu.com PYTHONPATH=/home/narayan/ros2_ws/build/onepkg/prefix_override:/usr/lib/python3/dist-packages/colcon_core/task/python/colcon_distutils_commands:/home/narayan/ros2_ws/install/onepkg/lib/python3.12/site-packages:/home/narayan/ros2_ws/install/my_interfaces/lib/python3.12/site-packages:/home/narayan/ros2_ws/install/onepkg/lib/python3.12/site-packages:/home/narayan/ros2_ws/install/led_activity/lib/python3.12/site-packages:/home/narayan/ros2_ws/install/TransNum/lib/python3.12/site-packages:/opt/ros/jazzy/lib/python3.12/site-packages /usr/bin/python3 -W ignore:setup.py install is deprecated -W ignore:easy_install command is deprecated setup.py egg_info --egg-base ../../build/onepkg build --build-base /home/narayan/ros2_ws/build/onepkg/build install --record /home/narayan/ros2_ws/build/onepkg/install.log --single-version-externally-managed install_data
[10.497s] running egg_info
[10.711s] writing ../../build/onepkg/onepkg.egg-info/PKG-INFO
[10.718s] writing dependency_links to ../../build/onepkg/onepkg.egg-info/dependency_links.txt
[10.720s] writing entry points to ../../build/onepkg/onepkg.egg-info/entry_points.txt
[10.723s] writing requirements to ../../build/onepkg/onepkg.egg-info/requires.txt
[10.729s] writing top-level names to ../../build/onepkg/onepkg.egg-info/top_level.txt
[11.138s] reading manifest file '../../build/onepkg/onepkg.egg-info/SOURCES.txt'
[11.149s] writing manifest file '../../build/onepkg/onepkg.egg-info/SOURCES.txt'
[11.150s] running build
[11.151s] running build_py
[11.172s] running install
[11.204s] running install_lib
[11.420s] running install_data
[11.422s] running install_egg_info
[11.684s] removing '/home/narayan/ros2_ws/install/onepkg/lib/python3.12/site-packages/onepkg-0.0.0-py3.12.egg-info' (and everything under it)
[11.692s] Copying ../../build/onepkg/onepkg.egg-info to /home/narayan/ros2_ws/install/onepkg/lib/python3.12/site-packages/onepkg-0.0.0-py3.12.egg-info
[11.720s] running install_scripts
[13.159s] Installing client script to /home/narayan/ros2_ws/install/onepkg/lib/onepkg
[13.160s] Installing firstnode script to /home/narayan/ros2_ws/install/onepkg/lib/onepkg
[13.161s] Installing interface_test script to /home/narayan/ros2_ws/install/onepkg/lib/onepkg
[13.164s] Installing server script to /home/narayan/ros2_ws/install/onepkg/lib/onepkg
[13.165s] Installing smphnode script to /home/narayan/ros2_ws/install/onepkg/lib/onepkg
[13.168s] Installing transnode script to /home/narayan/ros2_ws/install/onepkg/lib/onepkg
[13.172s] writing list of installed files to '/home/narayan/ros2_ws/build/onepkg/install.log'
[13.387s] Invoked command in '/home/narayan/ros2_ws/src/onepkg' returned '0': CMAKE_PREFIX_PATH=/home/narayan/ros2_ws/install/my_interfaces:/home/narayan/ros2_ws/install/led_activity:/opt/ros/jazzy/opt/gz_math_vendor:/opt/ros/jazzy/opt/gz_utils_vendor:/opt/ros/jazzy/opt/gz_cmake_vendor DEBUGINFOD_URLS=https://debuginfod.ubuntu.com PYTHONPATH=/home/narayan/ros2_ws/build/onepkg/prefix_override:/usr/lib/python3/dist-packages/colcon_core/task/python/colcon_distutils_commands:/home/narayan/ros2_ws/install/onepkg/lib/python3.12/site-packages:/home/narayan/ros2_ws/install/my_interfaces/lib/python3.12/site-packages:/home/narayan/ros2_ws/install/onepkg/lib/python3.12/site-packages:/home/narayan/ros2_ws/install/led_activity/lib/python3.12/site-packages:/home/narayan/ros2_ws/install/TransNum/lib/python3.12/site-packages:/opt/ros/jazzy/lib/python3.12/site-packages /usr/bin/python3 -W ignore:setup.py install is deprecated -W ignore:easy_install command is deprecated setup.py egg_info --egg-base ../../build/onepkg build --build-base /home/narayan/ros2_ws/build/onepkg/build install --record /home/narayan/ros2_ws/build/onepkg/install.log --single-version-externally-managed install_data
