[4.577s] Invoking command in '/home/narayan/ros2_ws/src/TransNum': DEBUGINFOD_URLS=https://debuginfod.ubuntu.com PYTHONPATH=/home/narayan/ros2_ws/build/TransNum/prefix_override:/usr/lib/python3/dist-packages/colcon_core/task/python/colcon_distutils_commands:/home/narayan/ros2_ws/install/TransNum/lib/python3.12/site-packages:${PYTHONPATH} /usr/bin/python3 -W ignore:setup.py install is deprecated -W ignore:easy_install command is deprecated setup.py egg_info --egg-base ../../build/TransNum build --build-base /home/narayan/ros2_ws/build/TransNum/build install --record /home/narayan/ros2_ws/build/TransNum/install.log --single-version-externally-managed install_data
[5.702s] running egg_info
[5.788s] writing ../../build/TransNum/TransNum.egg-info/PKG-INFO
[5.790s] writing dependency_links to ../../build/TransNum/TransNum.egg-info/dependency_links.txt
[5.798s] writing requirements to ../../build/TransNum/TransNum.egg-info/requires.txt
[5.803s] writing top-level names to ../../build/TransNum/TransNum.egg-info/top_level.txt
[5.995s] reading manifest file '../../build/TransNum/TransNum.egg-info/SOURCES.txt'
[5.999s] writing manifest file '../../build/TransNum/TransNum.egg-info/SOURCES.txt'
[6.000s] running build
[6.000s] running build_py
[6.015s] copying TransNum/NumPublisher.py -> /home/narayan/ros2_ws/build/TransNum/build/lib/TransNum
[6.017s] running install
[6.049s] running install_lib
[6.126s] copying /home/narayan/ros2_ws/build/TransNum/build/lib/TransNum/NumPublisher.py -> /home/narayan/ros2_ws/install/TransNum/lib/python3.12/site-packages/TransNum
[6.130s] byte-compiling /home/narayan/ros2_ws/install/TransNum/lib/python3.12/site-packages/TransNum/NumPublisher.py to NumPublisher.cpython-312.pyc
[6.132s] running install_data
[6.134s] copying package.xml -> /home/narayan/ros2_ws/install/TransNum/share/TransNum
[6.135s] running install_egg_info
[6.222s] removing '/home/narayan/ros2_ws/install/TransNum/lib/python3.12/site-packages/TransNum-0.0.0-py3.12.egg-info' (and everything under it)
[6.224s] Copying ../../build/TransNum/TransNum.egg-info to /home/narayan/ros2_ws/install/TransNum/lib/python3.12/site-packages/TransNum-0.0.0-py3.12.egg-info
[6.229s] running install_scripts
[6.828s] writing list of installed files to '/home/narayan/ros2_ws/build/TransNum/install.log'
[6.974s] Invoked command in '/home/narayan/ros2_ws/src/TransNum' returned '0': DEBUGINFOD_URLS=https://debuginfod.ubuntu.com PYTHONPATH=/home/narayan/ros2_ws/build/TransNum/prefix_override:/usr/lib/python3/dist-packages/colcon_core/task/python/colcon_distutils_commands:/home/narayan/ros2_ws/install/TransNum/lib/python3.12/site-packages:${PYTHONPATH} /usr/bin/python3 -W ignore:setup.py install is deprecated -W ignore:easy_install command is deprecated setup.py egg_info --egg-base ../../build/TransNum build --build-base /home/narayan/ros2_ws/build/TransNum/build install --record /home/narayan/ros2_ws/build/TransNum/install.log --single-version-externally-managed install_data
