running egg_info
creating ../../build/TransNum/TransNum.egg-info
writing ../../build/TransNum/TransNum.egg-info/PKG-INFO
writing dependency_links to ../../build/TransNum/TransNum.egg-info/dependency_links.txt
writing requirements to ../../build/TransNum/TransNum.egg-info/requires.txt
writing top-level names to ../../build/TransNum/TransNum.egg-info/top_level.txt
writing manifest file '../../build/TransNum/TransNum.egg-info/SOURCES.txt'
reading manifest file '../../build/TransNum/TransNum.egg-info/SOURCES.txt'
writing manifest file '../../build/TransNum/TransNum.egg-info/SOURCES.txt'
running build
running build_py
creating /home/narayan/ros2_ws/build/TransNum/build
creating /home/narayan/ros2_ws/build/TransNum/build/lib
creating /home/narayan/ros2_ws/build/TransNum/build/lib/TransNum
copying TransNum/__init__.py -> /home/narayan/ros2_ws/build/TransNum/build/lib/TransNum
running install
running install_lib
creating /home/narayan/ros2_ws/install/TransNum/lib/python3.12/site-packages/TransNum
copying /home/narayan/ros2_ws/build/TransNum/build/lib/TransNum/__init__.py -> /home/narayan/ros2_ws/install/TransNum/lib/python3.12/site-packages/TransNum
byte-compiling /home/narayan/ros2_ws/install/TransNum/lib/python3.12/site-packages/TransNum/__init__.py to __init__.cpython-312.pyc
running install_data
creating /home/narayan/ros2_ws/install/TransNum/share/ament_index
creating /home/narayan/ros2_ws/install/TransNum/share/ament_index/resource_index
creating /home/narayan/ros2_ws/install/TransNum/share/ament_index/resource_index/packages
copying resource/TransNum -> /home/narayan/ros2_ws/install/TransNum/share/ament_index/resource_index/packages
copying package.xml -> /home/narayan/ros2_ws/install/TransNum/share/TransNum
running install_egg_info
Copying ../../build/TransNum/TransNum.egg-info to /home/narayan/ros2_ws/install/TransNum/lib/python3.12/site-packages/TransNum-0.0.0-py3.12.egg-info
running install_scripts
writing list of installed files to '/home/narayan/ros2_ws/build/TransNum/install.log'
