[4.469s] Invoking command in '/home/narayan/ros2_ws/src/TransNum': DEBUGINFOD_URLS=https://debuginfod.ubuntu.com PYTHONPATH=/home/narayan/ros2_ws/build/TransNum/prefix_override:/usr/lib/python3/dist-packages/colcon_core/task/python/colcon_distutils_commands:/home/narayan/ros2_ws/install/TransNum/lib/python3.12/site-packages:${PYTHONPATH} /usr/bin/python3 -W ignore:setup.py install is deprecated -W ignore:easy_install command is deprecated setup.py egg_info --egg-base ../../build/TransNum build --build-base /home/narayan/ros2_ws/build/TransNum/build install --record /home/narayan/ros2_ws/build/TransNum/install.log --single-version-externally-managed install_data
[5.553s] running egg_info
[5.554s] creating ../../build/TransNum/TransNum.egg-info
[5.625s] writing ../../build/TransNum/TransNum.egg-info/PKG-INFO
[5.626s] writing dependency_links to ../../build/TransNum/TransNum.egg-info/dependency_links.txt
[5.627s] writing requirements to ../../build/TransNum/TransNum.egg-info/requires.txt
[5.627s] writing top-level names to ../../build/TransNum/TransNum.egg-info/top_level.txt
[5.628s] writing manifest file '../../build/TransNum/TransNum.egg-info/SOURCES.txt'
[5.791s] reading manifest file '../../build/TransNum/TransNum.egg-info/SOURCES.txt'
[5.795s] writing manifest file '../../build/TransNum/TransNum.egg-info/SOURCES.txt'
[5.795s] running build
[5.796s] running build_py
[5.796s] creating /home/narayan/ros2_ws/build/TransNum/build
[5.797s] creating /home/narayan/ros2_ws/build/TransNum/build/lib
[5.797s] creating /home/narayan/ros2_ws/build/TransNum/build/lib/TransNum
[5.798s] copying TransNum/__init__.py -> /home/narayan/ros2_ws/build/TransNum/build/lib/TransNum
[5.798s] running install
[5.820s] running install_lib
[5.901s] creating /home/narayan/ros2_ws/install/TransNum/lib/python3.12/site-packages/TransNum
[5.901s] copying /home/narayan/ros2_ws/build/TransNum/build/lib/TransNum/__init__.py -> /home/narayan/ros2_ws/install/TransNum/lib/python3.12/site-packages/TransNum
[5.904s] byte-compiling /home/narayan/ros2_ws/install/TransNum/lib/python3.12/site-packages/TransNum/__init__.py to __init__.cpython-312.pyc
[5.905s] running install_data
[5.905s] creating /home/narayan/ros2_ws/install/TransNum/share/ament_index
[5.906s] creating /home/narayan/ros2_ws/install/TransNum/share/ament_index/resource_index
[5.906s] creating /home/narayan/ros2_ws/install/TransNum/share/ament_index/resource_index/packages
[5.907s] copying resource/TransNum -> /home/narayan/ros2_ws/install/TransNum/share/ament_index/resource_index/packages
[5.907s] copying package.xml -> /home/narayan/ros2_ws/install/TransNum/share/TransNum
[5.907s] running install_egg_info
[5.992s] Copying ../../build/TransNum/TransNum.egg-info to /home/narayan/ros2_ws/install/TransNum/lib/python3.12/site-packages/TransNum-0.0.0-py3.12.egg-info
[5.996s] running install_scripts
[6.584s] writing list of installed files to '/home/narayan/ros2_ws/build/TransNum/install.log'
[6.724s] Invoked command in '/home/narayan/ros2_ws/src/TransNum' returned '0': DEBUGINFOD_URLS=https://debuginfod.ubuntu.com PYTHONPATH=/home/narayan/ros2_ws/build/TransNum/prefix_override:/usr/lib/python3/dist-packages/colcon_core/task/python/colcon_distutils_commands:/home/narayan/ros2_ws/install/TransNum/lib/python3.12/site-packages:${PYTHONPATH} /usr/bin/python3 -W ignore:setup.py install is deprecated -W ignore:easy_install command is deprecated setup.py egg_info --egg-base ../../build/TransNum build --build-base /home/narayan/ros2_ws/build/TransNum/build install --record /home/narayan/ros2_ws/build/TransNum/install.log --single-version-externally-managed install_data
