[0.415s] DEBUG:colcon:Command line arguments: ['/usr/bin/colcon', 'build', '--packages-select', 'turtle_sim']
[0.415s] DEBUG:colcon:Parsed command line arguments: Namespace(log_base=None, log_level=None, verb_name='build', build_base='build', install_base='install', merge_install=False, symlink_install=False, test_result_base=None, continue_on_error=False, executor='parallel', parallel_workers=4, event_handlers=None, ignore_user_meta=False, metas=['./colcon.meta'], base_paths=['.'], packages_ignore=None, packages_ignore_regex=None, paths=None, packages_up_to=None, packages_up_to_regex=None, packages_above=None, packages_above_and_dependencies=None, packages_above_depth=None, packages_select_by_dep=None, packages_skip_by_dep=None, packages_skip_up_to=None, packages_select_build_failed=False, packages_skip_build_finished=False, packages_select_test_failures=False, packages_skip_test_passed=False, packages_select=['turtle_sim'], packages_skip=None, packages_select_regex=None, packages_skip_regex=None, packages_start=None, packages_end=None, allow_overriding=[], cmake_args=None, cmake_target=None, cmake_target_skip_unavailable=False, cmake_clean_cache=False, cmake_clean_first=False, cmake_force_configure=False, ament_cmake_args=None, catkin_cmake_args=None, catkin_skip_building_tests=False, mixin_files=None, mixin=None, verb_parser=<colcon_mixin.mixin.mixin_argument.MixinArgumentDecorator object at 0xffffbcedc740>, verb_extension=<colcon_core.verb.build.BuildVerb object at 0xffffbd098d70>, main=<bound method BuildVerb.main of <colcon_core.verb.build.BuildVerb object at 0xffffbd098d70>>, mixin_verb=('build',))
[0.567s] Level 1:colcon.colcon_core.package_discovery:discover_packages(colcon_meta) check parameters
[0.568s] Level 1:colcon.colcon_core.package_discovery:discover_packages(recursive) check parameters
[0.568s] Level 1:colcon.colcon_core.package_discovery:discover_packages(ignore) check parameters
[0.568s] Level 1:colcon.colcon_core.package_discovery:discover_packages(path) check parameters
[0.568s] Level 1:colcon.colcon_core.package_discovery:discover_packages(colcon_meta) discover
[0.568s] Level 1:colcon.colcon_core.package_discovery:discover_packages(recursive) discover
[0.568s] INFO:colcon.colcon_core.package_discovery:Crawling recursively for packages in '/home/narayan/ros2_ws'
[0.569s] Level 1:colcon.colcon_core.package_identification:_identify(.) by extensions ['ignore', 'ignore_ament_install']
[0.569s] Level 1:colcon.colcon_core.package_identification:_identify(.) by extension 'ignore'
[0.569s] Level 1:colcon.colcon_core.package_identification:_identify(.) by extension 'ignore_ament_install'
[0.569s] Level 1:colcon.colcon_core.package_identification:_identify(.) by extensions ['colcon_pkg']
[0.569s] Level 1:colcon.colcon_core.package_identification:_identify(.) by extension 'colcon_pkg'
[0.570s] Level 1:colcon.colcon_core.package_identification:_identify(.) by extensions ['colcon_meta']
[0.570s] Level 1:colcon.colcon_core.package_identification:_identify(.) by extension 'colcon_meta'
[0.570s] Level 1:colcon.colcon_core.package_identification:_identify(.) by extensions ['ros']
[0.570s] Level 1:colcon.colcon_core.package_identification:_identify(.) by extension 'ros'
[0.665s] Level 1:colcon.colcon_core.package_identification:_identify(.) by extensions ['cmake', 'python']
[0.665s] Level 1:colcon.colcon_core.package_identification:_identify(.) by extension 'cmake'
[0.665s] Level 1:colcon.colcon_core.package_identification:_identify(.) by extension 'python'
[0.665s] Level 1:colcon.colcon_core.package_identification:_identify(.) by extensions ['python_setup_py']
[0.665s] Level 1:colcon.colcon_core.package_identification:_identify(.) by extension 'python_setup_py'
[0.666s] Level 1:colcon.colcon_core.package_identification:_identify(build) by extensions ['ignore', 'ignore_ament_install']
[0.666s] Level 1:colcon.colcon_core.package_identification:_identify(build) by extension 'ignore'
[0.666s] Level 1:colcon.colcon_core.package_identification:_identify(build) ignored
[0.667s] Level 1:colcon.colcon_core.package_identification:_identify(install) by extensions ['ignore', 'ignore_ament_install']
[0.667s] Level 1:colcon.colcon_core.package_identification:_identify(install) by extension 'ignore'
[0.667s] Level 1:colcon.colcon_core.package_identification:_identify(install) ignored
[0.668s] Level 1:colcon.colcon_core.package_identification:_identify(log) by extensions ['ignore', 'ignore_ament_install']
[0.669s] Level 1:colcon.colcon_core.package_identification:_identify(log) by extension 'ignore'
[0.669s] Level 1:colcon.colcon_core.package_identification:_identify(log) ignored
[0.669s] Level 1:colcon.colcon_core.package_identification:_identify(src) by extensions ['ignore', 'ignore_ament_install']
[0.669s] Level 1:colcon.colcon_core.package_identification:_identify(src) by extension 'ignore'
[0.670s] Level 1:colcon.colcon_core.package_identification:_identify(src) by extension 'ignore_ament_install'
[0.670s] Level 1:colcon.colcon_core.package_identification:_identify(src) by extensions ['colcon_pkg']
[0.670s] Level 1:colcon.colcon_core.package_identification:_identify(src) by extension 'colcon_pkg'
[0.670s] Level 1:colcon.colcon_core.package_identification:_identify(src) by extensions ['colcon_meta']
[0.670s] Level 1:colcon.colcon_core.package_identification:_identify(src) by extension 'colcon_meta'
[0.670s] Level 1:colcon.colcon_core.package_identification:_identify(src) by extensions ['ros']
[0.670s] Level 1:colcon.colcon_core.package_identification:_identify(src) by extension 'ros'
[0.671s] Level 1:colcon.colcon_core.package_identification:_identify(src) by extensions ['cmake', 'python']
[0.671s] Level 1:colcon.colcon_core.package_identification:_identify(src) by extension 'cmake'
[0.671s] Level 1:colcon.colcon_core.package_identification:_identify(src) by extension 'python'
[0.671s] Level 1:colcon.colcon_core.package_identification:_identify(src) by extensions ['python_setup_py']
[0.671s] Level 1:colcon.colcon_core.package_identification:_identify(src) by extension 'python_setup_py'
[0.671s] Level 1:colcon.colcon_core.package_identification:_identify(src/TransNum) by extensions ['ignore', 'ignore_ament_install']
[0.672s] Level 1:colcon.colcon_core.package_identification:_identify(src/TransNum) by extension 'ignore'
[0.672s] Level 1:colcon.colcon_core.package_identification:_identify(src/TransNum) by extension 'ignore_ament_install'
[0.672s] Level 1:colcon.colcon_core.package_identification:_identify(src/TransNum) by extensions ['colcon_pkg']
[0.672s] Level 1:colcon.colcon_core.package_identification:_identify(src/TransNum) by extension 'colcon_pkg'
[0.672s] Level 1:colcon.colcon_core.package_identification:_identify(src/TransNum) by extensions ['colcon_meta']
[0.672s] Level 1:colcon.colcon_core.package_identification:_identify(src/TransNum) by extension 'colcon_meta'
[0.672s] Level 1:colcon.colcon_core.package_identification:_identify(src/TransNum) by extensions ['ros']
[0.673s] Level 1:colcon.colcon_core.package_identification:_identify(src/TransNum) by extension 'ros'
[0.681s] DEBUG:colcon.colcon_core.package_identification:Package 'src/TransNum' with type 'ros.ament_python' and name 'TransNum'
[0.681s] Level 1:colcon.colcon_core.package_identification:_identify(src/launch_file) by extensions ['ignore', 'ignore_ament_install']
[0.682s] Level 1:colcon.colcon_core.package_identification:_identify(src/launch_file) by extension 'ignore'
[0.682s] Level 1:colcon.colcon_core.package_identification:_identify(src/launch_file) by extension 'ignore_ament_install'
[0.682s] Level 1:colcon.colcon_core.package_identification:_identify(src/launch_file) by extensions ['colcon_pkg']
[0.682s] Level 1:colcon.colcon_core.package_identification:_identify(src/launch_file) by extension 'colcon_pkg'
[0.683s] Level 1:colcon.colcon_core.package_identification:_identify(src/launch_file) by extensions ['colcon_meta']
[0.683s] Level 1:colcon.colcon_core.package_identification:_identify(src/launch_file) by extension 'colcon_meta'
[0.683s] Level 1:colcon.colcon_core.package_identification:_identify(src/launch_file) by extensions ['ros']
[0.683s] Level 1:colcon.colcon_core.package_identification:_identify(src/launch_file) by extension 'ros'
[0.685s] DEBUG:colcon.colcon_core.package_identification:Package 'src/launch_file' with type 'ros.ament_cmake' and name 'launch_file'
[0.687s] Level 1:colcon.colcon_core.package_identification:_identify(src/led_activity) by extensions ['ignore', 'ignore_ament_install']
[0.688s] Level 1:colcon.colcon_core.package_identification:_identify(src/led_activity) by extension 'ignore'
[0.688s] Level 1:colcon.colcon_core.package_identification:_identify(src/led_activity) by extension 'ignore_ament_install'
[0.689s] Level 1:colcon.colcon_core.package_identification:_identify(src/led_activity) by extensions ['colcon_pkg']
[0.689s] Level 1:colcon.colcon_core.package_identification:_identify(src/led_activity) by extension 'colcon_pkg'
[0.689s] Level 1:colcon.colcon_core.package_identification:_identify(src/led_activity) by extensions ['colcon_meta']
[0.689s] Level 1:colcon.colcon_core.package_identification:_identify(src/led_activity) by extension 'colcon_meta'
[0.690s] Level 1:colcon.colcon_core.package_identification:_identify(src/led_activity) by extensions ['ros']
[0.690s] Level 1:colcon.colcon_core.package_identification:_identify(src/led_activity) by extension 'ros'
[0.692s] DEBUG:colcon.colcon_core.package_identification:Package 'src/led_activity' with type 'ros.ament_python' and name 'led_activity'
[0.693s] Level 1:colcon.colcon_core.package_identification:_identify(src/my_interfaces) by extensions ['ignore', 'ignore_ament_install']
[0.693s] Level 1:colcon.colcon_core.package_identification:_identify(src/my_interfaces) by extension 'ignore'
[0.693s] Level 1:colcon.colcon_core.package_identification:_identify(src/my_interfaces) by extension 'ignore_ament_install'
[0.693s] Level 1:colcon.colcon_core.package_identification:_identify(src/my_interfaces) by extensions ['colcon_pkg']
[0.693s] Level 1:colcon.colcon_core.package_identification:_identify(src/my_interfaces) by extension 'colcon_pkg'
[0.694s] Level 1:colcon.colcon_core.package_identification:_identify(src/my_interfaces) by extensions ['colcon_meta']
[0.694s] Level 1:colcon.colcon_core.package_identification:_identify(src/my_interfaces) by extension 'colcon_meta'
[0.694s] Level 1:colcon.colcon_core.package_identification:_identify(src/my_interfaces) by extensions ['ros']
[0.694s] Level 1:colcon.colcon_core.package_identification:_identify(src/my_interfaces) by extension 'ros'
[0.695s] DEBUG:colcon.colcon_core.package_identification:Package 'src/my_interfaces' with type 'ros.ament_cmake' and name 'my_interfaces'
[0.696s] Level 1:colcon.colcon_core.package_identification:_identify(src/onepkg) by extensions ['ignore', 'ignore_ament_install']
[0.696s] Level 1:colcon.colcon_core.package_identification:_identify(src/onepkg) by extension 'ignore'
[0.696s] Level 1:colcon.colcon_core.package_identification:_identify(src/onepkg) by extension 'ignore_ament_install'
[0.697s] Level 1:colcon.colcon_core.package_identification:_identify(src/onepkg) by extensions ['colcon_pkg']
[0.697s] Level 1:colcon.colcon_core.package_identification:_identify(src/onepkg) by extension 'colcon_pkg'
[0.697s] Level 1:colcon.colcon_core.package_identification:_identify(src/onepkg) by extensions ['colcon_meta']
[0.697s] Level 1:colcon.colcon_core.package_identification:_identify(src/onepkg) by extension 'colcon_meta'
[0.697s] Level 1:colcon.colcon_core.package_identification:_identify(src/onepkg) by extensions ['ros']
[0.697s] Level 1:colcon.colcon_core.package_identification:_identify(src/onepkg) by extension 'ros'
[0.700s] DEBUG:colcon.colcon_core.package_identification:Package 'src/onepkg' with type 'ros.ament_python' and name 'onepkg'
[0.700s] Level 1:colcon.colcon_core.package_identification:_identify(src/turtle_sim) by extensions ['ignore', 'ignore_ament_install']
[0.700s] Level 1:colcon.colcon_core.package_identification:_identify(src/turtle_sim) by extension 'ignore'
[0.701s] Level 1:colcon.colcon_core.package_identification:_identify(src/turtle_sim) by extension 'ignore_ament_install'
[0.701s] Level 1:colcon.colcon_core.package_identification:_identify(src/turtle_sim) by extensions ['colcon_pkg']
[0.701s] Level 1:colcon.colcon_core.package_identification:_identify(src/turtle_sim) by extension 'colcon_pkg'
[0.701s] Level 1:colcon.colcon_core.package_identification:_identify(src/turtle_sim) by extensions ['colcon_meta']
[0.701s] Level 1:colcon.colcon_core.package_identification:_identify(src/turtle_sim) by extension 'colcon_meta'
[0.701s] Level 1:colcon.colcon_core.package_identification:_identify(src/turtle_sim) by extensions ['ros']
[0.701s] Level 1:colcon.colcon_core.package_identification:_identify(src/turtle_sim) by extension 'ros'
[0.703s] DEBUG:colcon.colcon_core.package_identification:Package 'src/turtle_sim' with type 'ros.ament_python' and name 'turtle_sim'
[0.703s] Level 1:colcon.colcon_core.package_discovery:discover_packages(recursive) using defaults
[0.704s] Level 1:colcon.colcon_core.package_discovery:discover_packages(ignore) discover
[0.704s] Level 1:colcon.colcon_core.package_discovery:discover_packages(ignore) using defaults
[0.704s] Level 1:colcon.colcon_core.package_discovery:discover_packages(path) discover
[0.704s] Level 1:colcon.colcon_core.package_discovery:discover_packages(path) using defaults
[0.770s] INFO:colcon.colcon_core.package_selection:Skipping not selected package 'TransNum' in 'src/TransNum'
[0.770s] INFO:colcon.colcon_core.package_selection:Skipping not selected package 'my_interfaces' in 'src/my_interfaces'
[0.770s] INFO:colcon.colcon_core.package_selection:Skipping not selected package 'led_activity' in 'src/led_activity'
[0.770s] INFO:colcon.colcon_core.package_selection:Skipping not selected package 'onepkg' in 'src/onepkg'
[0.770s] INFO:colcon.colcon_core.package_selection:Skipping not selected package 'launch_file' in 'src/launch_file'
[0.772s] Level 1:colcon.colcon_core.package_discovery:discover_packages(prefix_path) check parameters
[0.772s] Level 1:colcon.colcon_core.package_discovery:discover_packages(prefix_path) discover
[0.780s] DEBUG:colcon.colcon_installed_package_information.package_discovery:Found 6 installed packages in /home/narayan/ros2_ws/install
[0.789s] DEBUG:colcon.colcon_installed_package_information.package_discovery:Found 285 installed packages in /opt/ros/jazzy
[0.795s] Level 1:colcon.colcon_core.package_discovery:discover_packages(prefix_path) using defaults
[0.972s] Level 5:colcon.colcon_core.verb:set package 'turtle_sim' build argument 'cmake_args' from command line to 'None'
[0.972s] Level 5:colcon.colcon_core.verb:set package 'turtle_sim' build argument 'cmake_target' from command line to 'None'
[0.973s] Level 5:colcon.colcon_core.verb:set package 'turtle_sim' build argument 'cmake_target_skip_unavailable' from command line to 'False'
[0.973s] Level 5:colcon.colcon_core.verb:set package 'turtle_sim' build argument 'cmake_clean_cache' from command line to 'False'
[0.973s] Level 5:colcon.colcon_core.verb:set package 'turtle_sim' build argument 'cmake_clean_first' from command line to 'False'
[0.973s] Level 5:colcon.colcon_core.verb:set package 'turtle_sim' build argument 'cmake_force_configure' from command line to 'False'
[0.973s] Level 5:colcon.colcon_core.verb:set package 'turtle_sim' build argument 'ament_cmake_args' from command line to 'None'
[0.973s] Level 5:colcon.colcon_core.verb:set package 'turtle_sim' build argument 'catkin_cmake_args' from command line to 'None'
[0.973s] Level 5:colcon.colcon_core.verb:set package 'turtle_sim' build argument 'catkin_skip_building_tests' from command line to 'False'
[0.973s] DEBUG:colcon.colcon_core.verb:Building package 'turtle_sim' with the following arguments: {'ament_cmake_args': None, 'build_base': '/home/narayan/ros2_ws/build/turtle_sim', 'catkin_cmake_args': None, 'catkin_skip_building_tests': False, 'cmake_args': None, 'cmake_clean_cache': False, 'cmake_clean_first': False, 'cmake_force_configure': False, 'cmake_target': None, 'cmake_target_skip_unavailable': False, 'install_base': '/home/narayan/ros2_ws/install/turtle_sim', 'merge_install': False, 'path': '/home/narayan/ros2_ws/src/turtle_sim', 'symlink_install': False, 'test_result_base': None}
[0.974s] INFO:colcon.colcon_core.executor:Executing jobs using 'parallel' executor
[0.976s] DEBUG:colcon.colcon_parallel_executor.executor.parallel:run_until_complete
[0.978s] INFO:colcon.colcon_ros.task.ament_python.build:Building ROS package in '/home/narayan/ros2_ws/src/turtle_sim' with build type 'ament_python'
[0.978s] Level 1:colcon.colcon_core.shell:create_environment_hook('turtle_sim', 'ament_prefix_path')
[0.992s] INFO:colcon.colcon_core.plugin_system:Skipping extension 'colcon_core.shell.bat': Not used on non-Windows systems
[0.994s] INFO:colcon.colcon_core.shell:Creating environment hook '/home/narayan/ros2_ws/install/turtle_sim/share/turtle_sim/hook/ament_prefix_path.ps1'
[0.997s] INFO:colcon.colcon_core.shell:Creating environment descriptor '/home/narayan/ros2_ws/install/turtle_sim/share/turtle_sim/hook/ament_prefix_path.dsv'
[0.999s] INFO:colcon.colcon_core.shell:Creating environment hook '/home/narayan/ros2_ws/install/turtle_sim/share/turtle_sim/hook/ament_prefix_path.sh'
[1.002s] INFO:colcon.colcon_core.shell:Skip shell extension 'powershell' for command environment: Not usable outside of PowerShell
[1.002s] DEBUG:colcon.colcon_core.shell:Skip shell extension 'dsv' for command environment
[1.951s] INFO:colcon.colcon_core.task.python.build:Building Python package in '/home/narayan/ros2_ws/src/turtle_sim'
[1.952s] INFO:colcon.colcon_core.shell:Skip shell extension 'powershell' for command environment: Not usable outside of PowerShell
[1.952s] DEBUG:colcon.colcon_core.shell:Skip shell extension 'dsv' for command environment
[4.715s] DEBUG:colcon.colcon_core.event_handler.log_command:Invoking command in '/home/narayan/ros2_ws/src/turtle_sim': DEBUGINFOD_URLS=https://debuginfod.ubuntu.com PYTHONPATH=/home/narayan/ros2_ws/build/turtle_sim/prefix_override:/usr/lib/python3/dist-packages/colcon_core/task/python/colcon_distutils_commands:/home/narayan/ros2_ws/install/turtle_sim/lib/python3.12/site-packages:${PYTHONPATH} /usr/bin/python3 -W ignore:setup.py install is deprecated -W ignore:easy_install command is deprecated setup.py egg_info --egg-base ../../build/turtle_sim build --build-base /home/narayan/ros2_ws/build/turtle_sim/build install --record /home/narayan/ros2_ws/build/turtle_sim/install.log --single-version-externally-managed install_data
[7.250s] DEBUG:colcon.colcon_core.event_handler.log_command:Invoked command in '/home/narayan/ros2_ws/src/turtle_sim' returned '0': DEBUGINFOD_URLS=https://debuginfod.ubuntu.com PYTHONPATH=/home/narayan/ros2_ws/build/turtle_sim/prefix_override:/usr/lib/python3/dist-packages/colcon_core/task/python/colcon_distutils_commands:/home/narayan/ros2_ws/install/turtle_sim/lib/python3.12/site-packages:${PYTHONPATH} /usr/bin/python3 -W ignore:setup.py install is deprecated -W ignore:easy_install command is deprecated setup.py egg_info --egg-base ../../build/turtle_sim build --build-base /home/narayan/ros2_ws/build/turtle_sim/build install --record /home/narayan/ros2_ws/build/turtle_sim/install.log --single-version-externally-managed install_data
[7.261s] Level 1:colcon.colcon_core.environment:checking '/home/narayan/ros2_ws/install/turtle_sim' for CMake module files
[7.264s] Level 1:colcon.colcon_core.environment:checking '/home/narayan/ros2_ws/install/turtle_sim' for CMake config files
[7.268s] Level 1:colcon.colcon_core.environment:checking '/home/narayan/ros2_ws/install/turtle_sim/lib'
[7.268s] Level 1:colcon.colcon_core.environment:checking '/home/narayan/ros2_ws/install/turtle_sim/bin'
[7.269s] Level 1:colcon.colcon_core.environment:checking '/home/narayan/ros2_ws/install/turtle_sim/lib/pkgconfig/turtle_sim.pc'
[7.269s] Level 1:colcon.colcon_core.environment:checking '/home/narayan/ros2_ws/install/turtle_sim/lib/python3.12/site-packages'
[7.270s] Level 1:colcon.colcon_core.shell:create_environment_hook('turtle_sim', 'pythonpath')
[7.271s] INFO:colcon.colcon_core.shell:Creating environment hook '/home/narayan/ros2_ws/install/turtle_sim/share/turtle_sim/hook/pythonpath.ps1'
[7.272s] INFO:colcon.colcon_core.shell:Creating environment descriptor '/home/narayan/ros2_ws/install/turtle_sim/share/turtle_sim/hook/pythonpath.dsv'
[7.274s] INFO:colcon.colcon_core.shell:Creating environment hook '/home/narayan/ros2_ws/install/turtle_sim/share/turtle_sim/hook/pythonpath.sh'
[7.276s] Level 1:colcon.colcon_core.environment:checking '/home/narayan/ros2_ws/install/turtle_sim/bin'
[7.277s] Level 1:colcon.colcon_core.environment:create_environment_scripts_only(turtle_sim)
[7.278s] INFO:colcon.colcon_core.shell:Creating package script '/home/narayan/ros2_ws/install/turtle_sim/share/turtle_sim/package.ps1'
[7.280s] INFO:colcon.colcon_core.shell:Creating package descriptor '/home/narayan/ros2_ws/install/turtle_sim/share/turtle_sim/package.dsv'
[7.282s] INFO:colcon.colcon_core.shell:Creating package script '/home/narayan/ros2_ws/install/turtle_sim/share/turtle_sim/package.sh'
[7.285s] INFO:colcon.colcon_core.shell:Creating package script '/home/narayan/ros2_ws/install/turtle_sim/share/turtle_sim/package.bash'
[7.289s] INFO:colcon.colcon_core.shell:Creating package script '/home/narayan/ros2_ws/install/turtle_sim/share/turtle_sim/package.zsh'
[7.291s] Level 1:colcon.colcon_core.environment:create_file_with_runtime_dependencies(/home/narayan/ros2_ws/install/turtle_sim/share/colcon-core/packages/turtle_sim)
[7.292s] DEBUG:colcon.colcon_parallel_executor.executor.parallel:closing loop
[7.294s] DEBUG:colcon.colcon_parallel_executor.executor.parallel:loop closed
[7.294s] DEBUG:colcon.colcon_parallel_executor.executor.parallel:run_until_complete finished with '0'
[7.295s] DEBUG:colcon.colcon_core.event_reactor:joining thread
[7.329s] INFO:colcon.colcon_core.plugin_system:Skipping extension 'colcon_notification.desktop_notification.terminal_notifier': Not used on non-Darwin systems
[7.329s] INFO:colcon.colcon_core.plugin_system:Skipping extension 'colcon_notification.desktop_notification.win32': Not used on non-Windows systems
[7.329s] INFO:colcon.colcon_notification.desktop_notification:Sending desktop notification using 'notify2'
[7.387s] DEBUG:colcon.colcon_core.event_reactor:joined thread
[7.388s] INFO:colcon.colcon_core.shell:Creating prefix script '/home/narayan/ros2_ws/install/local_setup.ps1'
[7.391s] INFO:colcon.colcon_core.shell:Creating prefix util module '/home/narayan/ros2_ws/install/_local_setup_util_ps1.py'
[7.396s] INFO:colcon.colcon_core.shell:Creating prefix chain script '/home/narayan/ros2_ws/install/setup.ps1'
[7.402s] INFO:colcon.colcon_core.shell:Creating prefix script '/home/narayan/ros2_ws/install/local_setup.sh'
[7.405s] INFO:colcon.colcon_core.shell:Creating prefix util module '/home/narayan/ros2_ws/install/_local_setup_util_sh.py'
[7.408s] INFO:colcon.colcon_core.shell:Creating prefix chain script '/home/narayan/ros2_ws/install/setup.sh'
[7.414s] INFO:colcon.colcon_core.shell:Creating prefix script '/home/narayan/ros2_ws/install/local_setup.bash'
[7.417s] INFO:colcon.colcon_core.shell:Creating prefix chain script '/home/narayan/ros2_ws/install/setup.bash'
[7.423s] INFO:colcon.colcon_core.shell:Creating prefix script '/home/narayan/ros2_ws/install/local_setup.zsh'
[7.425s] INFO:colcon.colcon_core.shell:Creating prefix chain script '/home/narayan/ros2_ws/install/setup.zsh'
