[7.044s] Invoking command in '/home/narayan/ros2_ws/src/TransNum': DEBUGINFOD_URLS=https://debuginfod.ubuntu.com PYTHONPATH=/home/narayan/ros2_ws/build/TransNum/prefix_override:/usr/lib/python3/dist-packages/colcon_core/task/python/colcon_distutils_commands:/home/narayan/ros2_ws/install/TransNum/lib/python3.12/site-packages:${PYTHONPATH} /usr/bin/python3 -W ignore:setup.py install is deprecated -W ignore:easy_install command is deprecated setup.py egg_info --egg-base ../../build/TransNum build --build-base /home/narayan/ros2_ws/build/TransNum/build install --record /home/narayan/ros2_ws/build/TransNum/install.log --single-version-externally-managed install_data
[9.055s] running egg_info
[9.229s] writing ../../build/TransNum/TransNum.egg-info/PKG-INFO
[9.236s] writing dependency_links to ../../build/TransNum/TransNum.egg-info/dependency_links.txt
[9.239s] writing entry points to ../../build/TransNum/TransNum.egg-info/entry_points.txt
[9.244s] writing requirements to ../../build/TransNum/TransNum.egg-info/requires.txt
[9.247s] writing top-level names to ../../build/TransNum/TransNum.egg-info/top_level.txt
[9.614s] reading manifest file '../../build/TransNum/TransNum.egg-info/SOURCES.txt'
[9.626s] writing manifest file '../../build/TransNum/TransNum.egg-info/SOURCES.txt'
[9.628s] running build
[9.634s] running build_py
[9.637s] running install
[9.671s] running install_lib
[9.850s] running install_data
[9.852s] running install_egg_info
[10.039s] removing '/home/narayan/ros2_ws/install/TransNum/lib/python3.12/site-packages/TransNum-0.0.0-py3.12.egg-info' (and everything under it)
[10.054s] Copying ../../build/TransNum/TransNum.egg-info to /home/narayan/ros2_ws/install/TransNum/lib/python3.12/site-packages/TransNum-0.0.0-py3.12.egg-info
[10.069s] running install_scripts
[11.747s] Installing number_publisher script to /home/narayan/ros2_ws/install/TransNum/lib/TransNum
[11.749s] Installing two_way script to /home/narayan/ros2_ws/install/TransNum/lib/TransNum
[11.758s] writing list of installed files to '/home/narayan/ros2_ws/build/TransNum/install.log'
[12.038s] Invoked command in '/home/narayan/ros2_ws/src/TransNum' returned '0': DEBUGINFOD_URLS=https://debuginfod.ubuntu.com PYTHONPATH=/home/narayan/ros2_ws/build/TransNum/prefix_override:/usr/lib/python3/dist-packages/colcon_core/task/python/colcon_distutils_commands:/home/narayan/ros2_ws/install/TransNum/lib/python3.12/site-packages:${PYTHONPATH} /usr/bin/python3 -W ignore:setup.py install is deprecated -W ignore:easy_install command is deprecated setup.py egg_info --egg-base ../../build/TransNum build --build-base /home/narayan/ros2_ws/build/TransNum/build install --record /home/narayan/ros2_ws/build/TransNum/install.log --single-version-externally-managed install_data
