[6.889s] Invoking command in '/home/narayan/ros2_ws/src/led_activity': CMAKE_PREFIX_PATH=/home/narayan/ros2_ws/install/my_interfaces:/home/narayan/ros2_ws/install/led_activity:/opt/ros/jazzy/opt/gz_math_vendor:/opt/ros/jazzy/opt/gz_utils_vendor:/opt/ros/jazzy/opt/gz_cmake_vendor DEBUGINFOD_URLS=https://debuginfod.ubuntu.com PYTHONPATH=/home/narayan/ros2_ws/build/led_activity/prefix_override:/usr/lib/python3/dist-packages/colcon_core/task/python/colcon_distutils_commands:/home/narayan/ros2_ws/install/led_activity/lib/python3.12/site-packages:/home/narayan/ros2_ws/install/my_interfaces/lib/python3.12/site-packages:/home/narayan/ros2_ws/install/onepkg/lib/python3.12/site-packages:/home/narayan/ros2_ws/install/led_activity/lib/python3.12/site-packages:/home/narayan/ros2_ws/install/TransNum/lib/python3.12/site-packages:/opt/ros/jazzy/lib/python3.12/site-packages /usr/bin/python3 -W ignore:setup.py install is deprecated -W ignore:easy_install command is deprecated setup.py egg_info --egg-base ../../build/led_activity build --build-base /home/narayan/ros2_ws/build/led_activity/build install --record /home/narayan/ros2_ws/build/led_activity/install.log --single-version-externally-managed install_data
[9.431s] running egg_info
[9.631s] writing ../../build/led_activity/led_activity.egg-info/PKG-INFO
[9.633s] writing dependency_links to ../../build/led_activity/led_activity.egg-info/dependency_links.txt
[9.636s] writing entry points to ../../build/led_activity/led_activity.egg-info/entry_points.txt
[9.637s] writing requirements to ../../build/led_activity/led_activity.egg-info/requires.txt
[9.638s] writing top-level names to ../../build/led_activity/led_activity.egg-info/top_level.txt
[10.078s] reading manifest file '../../build/led_activity/led_activity.egg-info/SOURCES.txt'
[10.082s] writing manifest file '../../build/led_activity/led_activity.egg-info/SOURCES.txt'
[10.083s] running build
[10.084s] running build_py
[10.093s] copying led_activity/led_panel.py -> /home/narayan/ros2_ws/build/led_activity/build/lib/led_activity
[10.094s] running install
[10.136s] running install_lib
[10.327s] copying /home/narayan/ros2_ws/build/led_activity/build/lib/led_activity/led_panel.py -> /home/narayan/ros2_ws/install/led_activity/lib/python3.12/site-packages/led_activity
[10.332s] byte-compiling /home/narayan/ros2_ws/install/led_activity/lib/python3.12/site-packages/led_activity/led_panel.py to led_panel.cpython-312.pyc
[10.340s] running install_data
[10.347s] running install_egg_info
[10.558s] removing '/home/narayan/ros2_ws/install/led_activity/lib/python3.12/site-packages/led_activity-0.0.0-py3.12.egg-info' (and everything under it)
[10.563s] Copying ../../build/led_activity/led_activity.egg-info to /home/narayan/ros2_ws/install/led_activity/lib/python3.12/site-packages/led_activity-0.0.0-py3.12.egg-info
[10.574s] running install_scripts
[11.870s] Installing battery script to /home/narayan/ros2_ws/install/led_activity/lib/led_activity
[11.871s] Installing led_server script to /home/narayan/ros2_ws/install/led_activity/lib/led_activity
[11.874s] writing list of installed files to '/home/narayan/ros2_ws/build/led_activity/install.log'
[12.086s] Invoked command in '/home/narayan/ros2_ws/src/led_activity' returned '0': CMAKE_PREFIX_PATH=/home/narayan/ros2_ws/install/my_interfaces:/home/narayan/ros2_ws/install/led_activity:/opt/ros/jazzy/opt/gz_math_vendor:/opt/ros/jazzy/opt/gz_utils_vendor:/opt/ros/jazzy/opt/gz_cmake_vendor DEBUGINFOD_URLS=https://debuginfod.ubuntu.com PYTHONPATH=/home/narayan/ros2_ws/build/led_activity/prefix_override:/usr/lib/python3/dist-packages/colcon_core/task/python/colcon_distutils_commands:/home/narayan/ros2_ws/install/led_activity/lib/python3.12/site-packages:/home/narayan/ros2_ws/install/my_interfaces/lib/python3.12/site-packages:/home/narayan/ros2_ws/install/onepkg/lib/python3.12/site-packages:/home/narayan/ros2_ws/install/led_activity/lib/python3.12/site-packages:/home/narayan/ros2_ws/install/TransNum/lib/python3.12/site-packages:/opt/ros/jazzy/lib/python3.12/site-packages /usr/bin/python3 -W ignore:setup.py install is deprecated -W ignore:easy_install command is deprecated setup.py egg_info --egg-base ../../build/led_activity build --build-base /home/narayan/ros2_ws/build/led_activity/build install --record /home/narayan/ros2_ws/build/led_activity/install.log --single-version-externally-managed install_data
