[5.817s] Invoking command in '/home/narayan/ros2_ws/src/TransNum': DEBUGINFOD_URLS=https://debuginfod.ubuntu.com PYTHONPATH=/home/narayan/ros2_ws/build/TransNum/prefix_override:/usr/lib/python3/dist-packages/colcon_core/task/python/colcon_distutils_commands:/home/narayan/ros2_ws/install/TransNum/lib/python3.12/site-packages:${PYTHONPATH} /usr/bin/python3 -W ignore:setup.py install is deprecated -W ignore:easy_install command is deprecated setup.py egg_info --egg-base ../../build/TransNum build --build-base /home/narayan/ros2_ws/build/TransNum/build install --record /home/narayan/ros2_ws/build/TransNum/install.log --single-version-externally-managed install_data
[7.387s] running egg_info
[7.500s] writing ../../build/TransNum/TransNum.egg-info/PKG-INFO
[7.501s] writing dependency_links to ../../build/TransNum/TransNum.egg-info/dependency_links.txt
[7.504s] writing entry points to ../../build/TransNum/TransNum.egg-info/entry_points.txt
[7.505s] writing requirements to ../../build/TransNum/TransNum.egg-info/requires.txt
[7.506s] writing top-level names to ../../build/TransNum/TransNum.egg-info/top_level.txt
[7.765s] reading manifest file '../../build/TransNum/TransNum.egg-info/SOURCES.txt'
[7.769s] writing manifest file '../../build/TransNum/TransNum.egg-info/SOURCES.txt'
[7.771s] running build
[7.776s] running build_py
[7.776s] running install
[7.802s] running install_lib
[7.928s] running install_data
[7.929s] running install_egg_info
[8.044s] removing '/home/narayan/ros2_ws/install/TransNum/lib/python3.12/site-packages/TransNum-0.0.0-py3.12.egg-info' (and everything under it)
[8.049s] Copying ../../build/TransNum/TransNum.egg-info to /home/narayan/ros2_ws/install/TransNum/lib/python3.12/site-packages/TransNum-0.0.0-py3.12.egg-info
[8.060s] running install_scripts
[8.959s] Installing number_publisher script to /home/narayan/ros2_ws/install/TransNum/lib/TransNum
[8.961s] Installing two_way script to /home/narayan/ros2_ws/install/TransNum/lib/TransNum
[8.964s] writing list of installed files to '/home/narayan/ros2_ws/build/TransNum/install.log'
[9.334s] Invoked command in '/home/narayan/ros2_ws/src/TransNum' returned '0': DEBUGINFOD_URLS=https://debuginfod.ubuntu.com PYTHONPATH=/home/narayan/ros2_ws/build/TransNum/prefix_override:/usr/lib/python3/dist-packages/colcon_core/task/python/colcon_distutils_commands:/home/narayan/ros2_ws/install/TransNum/lib/python3.12/site-packages:${PYTHONPATH} /usr/bin/python3 -W ignore:setup.py install is deprecated -W ignore:easy_install command is deprecated setup.py egg_info --egg-base ../../build/TransNum build --build-base /home/narayan/ros2_ws/build/TransNum/build install --record /home/narayan/ros2_ws/build/TransNum/install.log --single-version-externally-managed install_data
