[4.505s] Invoking command in '/home/narayan/ros2_ws/src/turtle_sim': CMAKE_PREFIX_PATH=/home/narayan/ros2_ws/install/my_interfaces:/home/narayan/ros2_ws/install/launch_file:/home/narayan/ros2_ws/install/led_activity:/opt/ros/jazzy/opt/gz_math_vendor:/opt/ros/jazzy/opt/gz_utils_vendor:/opt/ros/jazzy/opt/gz_cmake_vendor DEBUGINFOD_URLS=https://debuginfod.ubuntu.com PYTHONPATH=/home/narayan/ros2_ws/build/turtle_sim/prefix_override:/usr/lib/python3/dist-packages/colcon_core/task/python/colcon_distutils_commands:/home/narayan/ros2_ws/install/turtle_sim/lib/python3.12/site-packages:/home/narayan/ros2_ws/install/my_interfaces/lib/python3.12/site-packages:/home/narayan/ros2_ws/install/turtle_sim/lib/python3.12/site-packages:/home/narayan/ros2_ws/install/onepkg/lib/python3.12/site-packages:/home/narayan/ros2_ws/install/led_activity/lib/python3.12/site-packages:/home/narayan/ros2_ws/install/TransNum/lib/python3.12/site-packages:/opt/ros/jazzy/lib/python3.12/site-packages /usr/bin/python3 -W ignore:setup.py install is deprecated -W ignore:easy_install command is deprecated setup.py egg_info --egg-base ../../build/turtle_sim build --build-base /home/narayan/ros2_ws/build/turtle_sim/build install --record /home/narayan/ros2_ws/build/turtle_sim/install.log --single-version-externally-managed install_data
[5.636s] running egg_info
[5.717s] writing ../../build/turtle_sim/turtle_sim.egg-info/PKG-INFO
[5.718s] writing dependency_links to ../../build/turtle_sim/turtle_sim.egg-info/dependency_links.txt
[5.734s] writing entry points to ../../build/turtle_sim/turtle_sim.egg-info/entry_points.txt
[5.747s] writing requirements to ../../build/turtle_sim/turtle_sim.egg-info/requires.txt
[5.751s] writing top-level names to ../../build/turtle_sim/turtle_sim.egg-info/top_level.txt
[5.930s] reading manifest file '../../build/turtle_sim/turtle_sim.egg-info/SOURCES.txt'
[5.935s] writing manifest file '../../build/turtle_sim/turtle_sim.egg-info/SOURCES.txt'
[5.936s] running build
[5.936s] running build_py
[5.937s] copying turtle_sim/turtle1.py -> /home/narayan/ros2_ws/build/turtle_sim/build/lib/turtle_sim
[5.945s] running install
[5.969s] running install_lib
[6.049s] copying /home/narayan/ros2_ws/build/turtle_sim/build/lib/turtle_sim/turtle1.py -> /home/narayan/ros2_ws/install/turtle_sim/lib/python3.12/site-packages/turtle_sim
[6.052s] byte-compiling /home/narayan/ros2_ws/install/turtle_sim/lib/python3.12/site-packages/turtle_sim/turtle1.py to turtle1.cpython-312.pyc
[6.057s] running install_data
[6.057s] running install_egg_info
[6.142s] removing '/home/narayan/ros2_ws/install/turtle_sim/lib/python3.12/site-packages/turtle_sim-0.0.0-py3.12.egg-info' (and everything under it)
[6.144s] Copying ../../build/turtle_sim/turtle_sim.egg-info to /home/narayan/ros2_ws/install/turtle_sim/lib/python3.12/site-packages/turtle_sim-0.0.0-py3.12.egg-info
[6.151s] running install_scripts
[6.755s] Installing server script to /home/narayan/ros2_ws/install/turtle_sim/lib/turtle_sim
[6.756s] Installing spawner script to /home/narayan/ros2_ws/install/turtle_sim/lib/turtle_sim
[6.770s] Installing turtle script to /home/narayan/ros2_ws/install/turtle_sim/lib/turtle_sim
[6.783s] writing list of installed files to '/home/narayan/ros2_ws/build/turtle_sim/install.log'
[6.930s] Invoked command in '/home/narayan/ros2_ws/src/turtle_sim' returned '0': CMAKE_PREFIX_PATH=/home/narayan/ros2_ws/install/my_interfaces:/home/narayan/ros2_ws/install/launch_file:/home/narayan/ros2_ws/install/led_activity:/opt/ros/jazzy/opt/gz_math_vendor:/opt/ros/jazzy/opt/gz_utils_vendor:/opt/ros/jazzy/opt/gz_cmake_vendor DEBUGINFOD_URLS=https://debuginfod.ubuntu.com PYTHONPATH=/home/narayan/ros2_ws/build/turtle_sim/prefix_override:/usr/lib/python3/dist-packages/colcon_core/task/python/colcon_distutils_commands:/home/narayan/ros2_ws/install/turtle_sim/lib/python3.12/site-packages:/home/narayan/ros2_ws/install/my_interfaces/lib/python3.12/site-packages:/home/narayan/ros2_ws/install/turtle_sim/lib/python3.12/site-packages:/home/narayan/ros2_ws/install/onepkg/lib/python3.12/site-packages:/home/narayan/ros2_ws/install/led_activity/lib/python3.12/site-packages:/home/narayan/ros2_ws/install/TransNum/lib/python3.12/site-packages:/opt/ros/jazzy/lib/python3.12/site-packages /usr/bin/python3 -W ignore:setup.py install is deprecated -W ignore:easy_install command is deprecated setup.py egg_info --egg-base ../../build/turtle_sim build --build-base /home/narayan/ros2_ws/build/turtle_sim/build install --record /home/narayan/ros2_ws/build/turtle_sim/install.log --single-version-externally-managed install_data
