[3.664s] Invoking command in '/home/narayan/ros2_ws/src/TransNum': DEBUGINFOD_URLS=https://debuginfod.ubuntu.com PYTHONPATH=/home/narayan/ros2_ws/build/TransNum/prefix_override:/usr/lib/python3/dist-packages/colcon_core/task/python/colcon_distutils_commands:/home/narayan/ros2_ws/install/TransNum/lib/python3.12/site-packages:${PYTHONPATH} /usr/bin/python3 -W ignore:setup.py install is deprecated -W ignore:easy_install command is deprecated setup.py egg_info --egg-base ../../build/TransNum build --build-base /home/narayan/ros2_ws/build/TransNum/build install --record /home/narayan/ros2_ws/build/TransNum/install.log --single-version-externally-managed install_data
[4.745s] running egg_info
[4.818s] writing ../../build/TransNum/TransNum.egg-info/PKG-INFO
[4.820s] writing dependency_links to ../../build/TransNum/TransNum.egg-info/dependency_links.txt
[4.822s] writing entry points to ../../build/TransNum/TransNum.egg-info/entry_points.txt
[4.825s] writing requirements to ../../build/TransNum/TransNum.egg-info/requires.txt
[4.826s] writing top-level names to ../../build/TransNum/TransNum.egg-info/top_level.txt
[4.994s] reading manifest file '../../build/TransNum/TransNum.egg-info/SOURCES.txt'
[4.998s] writing manifest file '../../build/TransNum/TransNum.egg-info/SOURCES.txt'
[4.999s] running build
[4.999s] running build_py
[5.000s] running install
[5.023s] running install_lib
[5.106s] running install_data
[5.107s] running install_egg_info
[5.194s] removing '/home/narayan/ros2_ws/install/TransNum/lib/python3.12/site-packages/TransNum-0.0.0-py3.12.egg-info' (and everything under it)
[5.197s] Copying ../../build/TransNum/TransNum.egg-info to /home/narayan/ros2_ws/install/TransNum/lib/python3.12/site-packages/TransNum-0.0.0-py3.12.egg-info
[5.201s] running install_scripts
[5.801s] Installing number_publisher script to /home/narayan/ros2_ws/install/TransNum/lib/TransNum
[5.803s] Installing two_way script to /home/narayan/ros2_ws/install/TransNum/lib/TransNum
[5.804s] writing list of installed files to '/home/narayan/ros2_ws/build/TransNum/install.log'
[5.944s] Invoked command in '/home/narayan/ros2_ws/src/TransNum' returned '0': DEBUGINFOD_URLS=https://debuginfod.ubuntu.com PYTHONPATH=/home/narayan/ros2_ws/build/TransNum/prefix_override:/usr/lib/python3/dist-packages/colcon_core/task/python/colcon_distutils_commands:/home/narayan/ros2_ws/install/TransNum/lib/python3.12/site-packages:${PYTHONPATH} /usr/bin/python3 -W ignore:setup.py install is deprecated -W ignore:easy_install command is deprecated setup.py egg_info --egg-base ../../build/TransNum build --build-base /home/narayan/ros2_ws/build/TransNum/build install --record /home/narayan/ros2_ws/build/TransNum/install.log --single-version-externally-managed install_data
