[0.411s] DEBUG:colcon:Command line arguments: ['/usr/bin/colcon', 'build', '--packages-select', 'launch_file']
[0.411s] DEBUG:colcon:Parsed command line arguments: Namespace(log_base=None, log_level=None, verb_name='build', build_base='build', install_base='install', merge_install=False, symlink_install=False, test_result_base=None, continue_on_error=False, executor='parallel', parallel_workers=4, event_handlers=None, ignore_user_meta=False, metas=['./colcon.meta'], base_paths=['.'], packages_ignore=None, packages_ignore_regex=None, paths=None, packages_up_to=None, packages_up_to_regex=None, packages_above=None, packages_above_and_dependencies=None, packages_above_depth=None, packages_select_by_dep=None, packages_skip_by_dep=None, packages_skip_up_to=None, packages_select_build_failed=False, packages_skip_build_finished=False, packages_select_test_failures=False, packages_skip_test_passed=False, packages_select=['launch_file'], packages_skip=None, packages_select_regex=None, packages_skip_regex=None, packages_start=None, packages_end=None, allow_overriding=[], cmake_args=None, cmake_target=None, cmake_target_skip_unavailable=False, cmake_clean_cache=False, cmake_clean_first=False, cmake_force_configure=False, ament_cmake_args=None, catkin_cmake_args=None, catkin_skip_building_tests=False, mixin_files=None, mixin=None, verb_parser=<colcon_mixin.mixin.mixin_argument.MixinArgumentDecorator object at 0xffff9de704a0>, verb_extension=<colcon_core.verb.build.BuildVerb object at 0xffff9e02c1a0>, main=<bound method BuildVerb.main of <colcon_core.verb.build.BuildVerb object at 0xffff9e02c1a0>>, mixin_verb=('build',))
[0.565s] Level 1:colcon.colcon_core.package_discovery:discover_packages(colcon_meta) check parameters
[0.566s] Level 1:colcon.colcon_core.package_discovery:discover_packages(recursive) check parameters
[0.566s] Level 1:colcon.colcon_core.package_discovery:discover_packages(ignore) check parameters
[0.566s] Level 1:colcon.colcon_core.package_discovery:discover_packages(path) check parameters
[0.566s] Level 1:colcon.colcon_core.package_discovery:discover_packages(colcon_meta) discover
[0.567s] Level 1:colcon.colcon_core.package_discovery:discover_packages(recursive) discover
[0.567s] INFO:colcon.colcon_core.package_discovery:Crawling recursively for packages in '/home/narayan/ros2_ws'
[0.567s] Level 1:colcon.colcon_core.package_identification:_identify(.) by extensions ['ignore', 'ignore_ament_install']
[0.567s] Level 1:colcon.colcon_core.package_identification:_identify(.) by extension 'ignore'
[0.568s] Level 1:colcon.colcon_core.package_identification:_identify(.) by extension 'ignore_ament_install'
[0.568s] Level 1:colcon.colcon_core.package_identification:_identify(.) by extensions ['colcon_pkg']
[0.568s] Level 1:colcon.colcon_core.package_identification:_identify(.) by extension 'colcon_pkg'
[0.568s] Level 1:colcon.colcon_core.package_identification:_identify(.) by extensions ['colcon_meta']
[0.568s] Level 1:colcon.colcon_core.package_identification:_identify(.) by extension 'colcon_meta'
[0.568s] Level 1:colcon.colcon_core.package_identification:_identify(.) by extensions ['ros']
[0.569s] Level 1:colcon.colcon_core.package_identification:_identify(.) by extension 'ros'
[0.663s] Level 1:colcon.colcon_core.package_identification:_identify(.) by extensions ['cmake', 'python']
[0.663s] Level 1:colcon.colcon_core.package_identification:_identify(.) by extension 'cmake'
[0.663s] Level 1:colcon.colcon_core.package_identification:_identify(.) by extension 'python'
[0.663s] Level 1:colcon.colcon_core.package_identification:_identify(.) by extensions ['python_setup_py']
[0.663s] Level 1:colcon.colcon_core.package_identification:_identify(.) by extension 'python_setup_py'
[0.664s] Level 1:colcon.colcon_core.package_identification:_identify(build) by extensions ['ignore', 'ignore_ament_install']
[0.664s] Level 1:colcon.colcon_core.package_identification:_identify(build) by extension 'ignore'
[0.665s] Level 1:colcon.colcon_core.package_identification:_identify(build) ignored
[0.665s] Level 1:colcon.colcon_core.package_identification:_identify(install) by extensions ['ignore', 'ignore_ament_install']
[0.665s] Level 1:colcon.colcon_core.package_identification:_identify(install) by extension 'ignore'
[0.666s] Level 1:colcon.colcon_core.package_identification:_identify(install) ignored
[0.667s] Level 1:colcon.colcon_core.package_identification:_identify(log) by extensions ['ignore', 'ignore_ament_install']
[0.668s] Level 1:colcon.colcon_core.package_identification:_identify(log) by extension 'ignore'
[0.668s] Level 1:colcon.colcon_core.package_identification:_identify(log) ignored
[0.668s] Level 1:colcon.colcon_core.package_identification:_identify(src) by extensions ['ignore', 'ignore_ament_install']
[0.669s] Level 1:colcon.colcon_core.package_identification:_identify(src) by extension 'ignore'
[0.669s] Level 1:colcon.colcon_core.package_identification:_identify(src) by extension 'ignore_ament_install'
[0.669s] Level 1:colcon.colcon_core.package_identification:_identify(src) by extensions ['colcon_pkg']
[0.669s] Level 1:colcon.colcon_core.package_identification:_identify(src) by extension 'colcon_pkg'
[0.669s] Level 1:colcon.colcon_core.package_identification:_identify(src) by extensions ['colcon_meta']
[0.669s] Level 1:colcon.colcon_core.package_identification:_identify(src) by extension 'colcon_meta'
[0.670s] Level 1:colcon.colcon_core.package_identification:_identify(src) by extensions ['ros']
[0.670s] Level 1:colcon.colcon_core.package_identification:_identify(src) by extension 'ros'
[0.670s] Level 1:colcon.colcon_core.package_identification:_identify(src) by extensions ['cmake', 'python']
[0.670s] Level 1:colcon.colcon_core.package_identification:_identify(src) by extension 'cmake'
[0.670s] Level 1:colcon.colcon_core.package_identification:_identify(src) by extension 'python'
[0.670s] Level 1:colcon.colcon_core.package_identification:_identify(src) by extensions ['python_setup_py']
[0.670s] Level 1:colcon.colcon_core.package_identification:_identify(src) by extension 'python_setup_py'
[0.671s] Level 1:colcon.colcon_core.package_identification:_identify(src/TransNum) by extensions ['ignore', 'ignore_ament_install']
[0.671s] Level 1:colcon.colcon_core.package_identification:_identify(src/TransNum) by extension 'ignore'
[0.671s] Level 1:colcon.colcon_core.package_identification:_identify(src/TransNum) by extension 'ignore_ament_install'
[0.672s] Level 1:colcon.colcon_core.package_identification:_identify(src/TransNum) by extensions ['colcon_pkg']
[0.672s] Level 1:colcon.colcon_core.package_identification:_identify(src/TransNum) by extension 'colcon_pkg'
[0.672s] Level 1:colcon.colcon_core.package_identification:_identify(src/TransNum) by extensions ['colcon_meta']
[0.672s] Level 1:colcon.colcon_core.package_identification:_identify(src/TransNum) by extension 'colcon_meta'
[0.672s] Level 1:colcon.colcon_core.package_identification:_identify(src/TransNum) by extensions ['ros']
[0.672s] Level 1:colcon.colcon_core.package_identification:_identify(src/TransNum) by extension 'ros'
[0.680s] DEBUG:colcon.colcon_core.package_identification:Package 'src/TransNum' with type 'ros.ament_python' and name 'TransNum'
[0.681s] Level 1:colcon.colcon_core.package_identification:_identify(src/launch_file) by extensions ['ignore', 'ignore_ament_install']
[0.681s] Level 1:colcon.colcon_core.package_identification:_identify(src/launch_file) by extension 'ignore'
[0.682s] Level 1:colcon.colcon_core.package_identification:_identify(src/launch_file) by extension 'ignore_ament_install'
[0.682s] Level 1:colcon.colcon_core.package_identification:_identify(src/launch_file) by extensions ['colcon_pkg']
[0.682s] Level 1:colcon.colcon_core.package_identification:_identify(src/launch_file) by extension 'colcon_pkg'
[0.682s] Level 1:colcon.colcon_core.package_identification:_identify(src/launch_file) by extensions ['colcon_meta']
[0.683s] Level 1:colcon.colcon_core.package_identification:_identify(src/launch_file) by extension 'colcon_meta'
[0.683s] Level 1:colcon.colcon_core.package_identification:_identify(src/launch_file) by extensions ['ros']
[0.683s] Level 1:colcon.colcon_core.package_identification:_identify(src/launch_file) by extension 'ros'
[0.686s] DEBUG:colcon.colcon_core.package_identification:Package 'src/launch_file' with type 'ros.ament_cmake' and name 'launch_file'
[0.687s] Level 1:colcon.colcon_core.package_identification:_identify(src/led_activity) by extensions ['ignore', 'ignore_ament_install']
[0.688s] Level 1:colcon.colcon_core.package_identification:_identify(src/led_activity) by extension 'ignore'
[0.688s] Level 1:colcon.colcon_core.package_identification:_identify(src/led_activity) by extension 'ignore_ament_install'
[0.689s] Level 1:colcon.colcon_core.package_identification:_identify(src/led_activity) by extensions ['colcon_pkg']
[0.689s] Level 1:colcon.colcon_core.package_identification:_identify(src/led_activity) by extension 'colcon_pkg'
[0.689s] Level 1:colcon.colcon_core.package_identification:_identify(src/led_activity) by extensions ['colcon_meta']
[0.689s] Level 1:colcon.colcon_core.package_identification:_identify(src/led_activity) by extension 'colcon_meta'
[0.690s] Level 1:colcon.colcon_core.package_identification:_identify(src/led_activity) by extensions ['ros']
[0.690s] Level 1:colcon.colcon_core.package_identification:_identify(src/led_activity) by extension 'ros'
[0.692s] DEBUG:colcon.colcon_core.package_identification:Package 'src/led_activity' with type 'ros.ament_python' and name 'led_activity'
[0.693s] Level 1:colcon.colcon_core.package_identification:_identify(src/my_interfaces) by extensions ['ignore', 'ignore_ament_install']
[0.693s] Level 1:colcon.colcon_core.package_identification:_identify(src/my_interfaces) by extension 'ignore'
[0.693s] Level 1:colcon.colcon_core.package_identification:_identify(src/my_interfaces) by extension 'ignore_ament_install'
[0.693s] Level 1:colcon.colcon_core.package_identification:_identify(src/my_interfaces) by extensions ['colcon_pkg']
[0.693s] Level 1:colcon.colcon_core.package_identification:_identify(src/my_interfaces) by extension 'colcon_pkg'
[0.694s] Level 1:colcon.colcon_core.package_identification:_identify(src/my_interfaces) by extensions ['colcon_meta']
[0.694s] Level 1:colcon.colcon_core.package_identification:_identify(src/my_interfaces) by extension 'colcon_meta'
[0.694s] Level 1:colcon.colcon_core.package_identification:_identify(src/my_interfaces) by extensions ['ros']
[0.694s] Level 1:colcon.colcon_core.package_identification:_identify(src/my_interfaces) by extension 'ros'
[0.696s] DEBUG:colcon.colcon_core.package_identification:Package 'src/my_interfaces' with type 'ros.ament_cmake' and name 'my_interfaces'
[0.696s] Level 1:colcon.colcon_core.package_identification:_identify(src/onepkg) by extensions ['ignore', 'ignore_ament_install']
[0.697s] Level 1:colcon.colcon_core.package_identification:_identify(src/onepkg) by extension 'ignore'
[0.697s] Level 1:colcon.colcon_core.package_identification:_identify(src/onepkg) by extension 'ignore_ament_install'
[0.698s] Level 1:colcon.colcon_core.package_identification:_identify(src/onepkg) by extensions ['colcon_pkg']
[0.698s] Level 1:colcon.colcon_core.package_identification:_identify(src/onepkg) by extension 'colcon_pkg'
[0.699s] Level 1:colcon.colcon_core.package_identification:_identify(src/onepkg) by extensions ['colcon_meta']
[0.699s] Level 1:colcon.colcon_core.package_identification:_identify(src/onepkg) by extension 'colcon_meta'
[0.699s] Level 1:colcon.colcon_core.package_identification:_identify(src/onepkg) by extensions ['ros']
[0.699s] Level 1:colcon.colcon_core.package_identification:_identify(src/onepkg) by extension 'ros'
[0.702s] DEBUG:colcon.colcon_core.package_identification:Package 'src/onepkg' with type 'ros.ament_python' and name 'onepkg'
[0.702s] Level 1:colcon.colcon_core.package_identification:_identify(src/turtle_sim) by extensions ['ignore', 'ignore_ament_install']
[0.703s] Level 1:colcon.colcon_core.package_identification:_identify(src/turtle_sim) by extension 'ignore'
[0.703s] Level 1:colcon.colcon_core.package_identification:_identify(src/turtle_sim) by extension 'ignore_ament_install'
[0.704s] Level 1:colcon.colcon_core.package_identification:_identify(src/turtle_sim) by extensions ['colcon_pkg']
[0.704s] Level 1:colcon.colcon_core.package_identification:_identify(src/turtle_sim) by extension 'colcon_pkg'
[0.704s] Level 1:colcon.colcon_core.package_identification:_identify(src/turtle_sim) by extensions ['colcon_meta']
[0.704s] Level 1:colcon.colcon_core.package_identification:_identify(src/turtle_sim) by extension 'colcon_meta'
[0.705s] Level 1:colcon.colcon_core.package_identification:_identify(src/turtle_sim) by extensions ['ros']
[0.705s] Level 1:colcon.colcon_core.package_identification:_identify(src/turtle_sim) by extension 'ros'
[0.707s] DEBUG:colcon.colcon_core.package_identification:Package 'src/turtle_sim' with type 'ros.ament_python' and name 'turtle_sim'
[0.708s] Level 1:colcon.colcon_core.package_discovery:discover_packages(recursive) using defaults
[0.708s] Level 1:colcon.colcon_core.package_discovery:discover_packages(ignore) discover
[0.708s] Level 1:colcon.colcon_core.package_discovery:discover_packages(ignore) using defaults
[0.708s] Level 1:colcon.colcon_core.package_discovery:discover_packages(path) discover
[0.708s] Level 1:colcon.colcon_core.package_discovery:discover_packages(path) using defaults
[0.773s] INFO:colcon.colcon_core.package_selection:Skipping not selected package 'TransNum' in 'src/TransNum'
[0.773s] INFO:colcon.colcon_core.package_selection:Skipping not selected package 'my_interfaces' in 'src/my_interfaces'
[0.773s] INFO:colcon.colcon_core.package_selection:Skipping not selected package 'led_activity' in 'src/led_activity'
[0.773s] INFO:colcon.colcon_core.package_selection:Skipping not selected package 'onepkg' in 'src/onepkg'
[0.773s] INFO:colcon.colcon_core.package_selection:Skipping not selected package 'turtle_sim' in 'src/turtle_sim'
[0.775s] Level 1:colcon.colcon_core.package_discovery:discover_packages(prefix_path) check parameters
[0.775s] Level 1:colcon.colcon_core.package_discovery:discover_packages(prefix_path) discover
[0.784s] DEBUG:colcon.colcon_installed_package_information.package_discovery:Found 6 installed packages in /home/narayan/ros2_ws/install
[0.792s] DEBUG:colcon.colcon_installed_package_information.package_discovery:Found 285 installed packages in /opt/ros/jazzy
[0.799s] Level 1:colcon.colcon_core.package_discovery:discover_packages(prefix_path) using defaults
[0.975s] Level 5:colcon.colcon_core.verb:set package 'launch_file' build argument 'cmake_args' from command line to 'None'
[0.975s] Level 5:colcon.colcon_core.verb:set package 'launch_file' build argument 'cmake_target' from command line to 'None'
[0.975s] Level 5:colcon.colcon_core.verb:set package 'launch_file' build argument 'cmake_target_skip_unavailable' from command line to 'False'
[0.975s] Level 5:colcon.colcon_core.verb:set package 'launch_file' build argument 'cmake_clean_cache' from command line to 'False'
[0.975s] Level 5:colcon.colcon_core.verb:set package 'launch_file' build argument 'cmake_clean_first' from command line to 'False'
[0.975s] Level 5:colcon.colcon_core.verb:set package 'launch_file' build argument 'cmake_force_configure' from command line to 'False'
[0.975s] Level 5:colcon.colcon_core.verb:set package 'launch_file' build argument 'ament_cmake_args' from command line to 'None'
[0.976s] Level 5:colcon.colcon_core.verb:set package 'launch_file' build argument 'catkin_cmake_args' from command line to 'None'
[0.976s] Level 5:colcon.colcon_core.verb:set package 'launch_file' build argument 'catkin_skip_building_tests' from command line to 'False'
[0.976s] DEBUG:colcon.colcon_core.verb:Building package 'launch_file' with the following arguments: {'ament_cmake_args': None, 'build_base': '/home/narayan/ros2_ws/build/launch_file', 'catkin_cmake_args': None, 'catkin_skip_building_tests': False, 'cmake_args': None, 'cmake_clean_cache': False, 'cmake_clean_first': False, 'cmake_force_configure': False, 'cmake_target': None, 'cmake_target_skip_unavailable': False, 'install_base': '/home/narayan/ros2_ws/install/launch_file', 'merge_install': False, 'path': '/home/narayan/ros2_ws/src/launch_file', 'symlink_install': False, 'test_result_base': None}
[0.976s] INFO:colcon.colcon_core.executor:Executing jobs using 'parallel' executor
[0.979s] DEBUG:colcon.colcon_parallel_executor.executor.parallel:run_until_complete
[0.980s] INFO:colcon.colcon_ros.task.ament_cmake.build:Building ROS package in '/home/narayan/ros2_ws/src/launch_file' with build type 'ament_cmake'
[0.981s] INFO:colcon.colcon_cmake.task.cmake.build:Building CMake package in '/home/narayan/ros2_ws/src/launch_file'
[0.995s] INFO:colcon.colcon_core.plugin_system:Skipping extension 'colcon_core.shell.bat': Not used on non-Windows systems
[0.997s] INFO:colcon.colcon_core.shell:Skip shell extension 'powershell' for command environment: Not usable outside of PowerShell
[0.997s] DEBUG:colcon.colcon_core.shell:Skip shell extension 'dsv' for command environment
[1.059s] DEBUG:colcon.colcon_core.event_handler.log_command:Invoking command in '/home/narayan/ros2_ws/build/launch_file': AMENT_PREFIX_PATH=/home/narayan/ros2_ws/install/onepkg:/home/narayan/ros2_ws/install/TransNum:/home/narayan/ros2_ws/install/turtle_sim:/home/narayan/ros2_ws/install/launch_file:/home/narayan/ros2_ws/install/led_activity:/home/narayan/ros2_ws/install/my_interfaces:/opt/ros/jazzy CMAKE_PREFIX_PATH=/home/narayan/ros2_ws/install/my_interfaces:/home/narayan/ros2_ws/install/launch_file:/home/narayan/ros2_ws/install/led_activity:/opt/ros/jazzy/opt/gz_math_vendor:/opt/ros/jazzy/opt/gz_utils_vendor:/opt/ros/jazzy/opt/gz_cmake_vendor:/home/narayan/ros2_ws/install/turtle_sim:/home/narayan/ros2_ws/install/onepkg:/home/narayan/ros2_ws/install/TransNum:/opt/ros/jazzy DEBUGINFOD_URLS=https://debuginfod.ubuntu.com PYTHONPATH=/home/narayan/ros2_ws/install/onepkg/lib/python3.12/site-packages:/home/narayan/ros2_ws/install/my_interfaces/lib/python3.12/site-packages:/home/narayan/ros2_ws/install/TransNum/lib/python3.12/site-packages:/home/narayan/ros2_ws/install/turtle_sim/lib/python3.12/site-packages:/home/narayan/ros2_ws/install/led_activity/lib/python3.12/site-packages:/opt/ros/jazzy/lib/python3.12/site-packages /usr/bin/cmake --build /home/narayan/ros2_ws/build/launch_file -- -j4 -l4
[1.264s] DEBUG:colcon.colcon_core.event_handler.log_command:Invoked command in '/home/narayan/ros2_ws/build/launch_file' returned '0': AMENT_PREFIX_PATH=/home/narayan/ros2_ws/install/onepkg:/home/narayan/ros2_ws/install/TransNum:/home/narayan/ros2_ws/install/turtle_sim:/home/narayan/ros2_ws/install/launch_file:/home/narayan/ros2_ws/install/led_activity:/home/narayan/ros2_ws/install/my_interfaces:/opt/ros/jazzy CMAKE_PREFIX_PATH=/home/narayan/ros2_ws/install/my_interfaces:/home/narayan/ros2_ws/install/launch_file:/home/narayan/ros2_ws/install/led_activity:/opt/ros/jazzy/opt/gz_math_vendor:/opt/ros/jazzy/opt/gz_utils_vendor:/opt/ros/jazzy/opt/gz_cmake_vendor:/home/narayan/ros2_ws/install/turtle_sim:/home/narayan/ros2_ws/install/onepkg:/home/narayan/ros2_ws/install/TransNum:/opt/ros/jazzy DEBUGINFOD_URLS=https://debuginfod.ubuntu.com PYTHONPATH=/home/narayan/ros2_ws/install/onepkg/lib/python3.12/site-packages:/home/narayan/ros2_ws/install/my_interfaces/lib/python3.12/site-packages:/home/narayan/ros2_ws/install/TransNum/lib/python3.12/site-packages:/home/narayan/ros2_ws/install/turtle_sim/lib/python3.12/site-packages:/home/narayan/ros2_ws/install/led_activity/lib/python3.12/site-packages:/opt/ros/jazzy/lib/python3.12/site-packages /usr/bin/cmake --build /home/narayan/ros2_ws/build/launch_file -- -j4 -l4
[1.317s] DEBUG:colcon.colcon_core.event_handler.log_command:Invoking command in '/home/narayan/ros2_ws/build/launch_file': AMENT_PREFIX_PATH=/home/narayan/ros2_ws/install/onepkg:/home/narayan/ros2_ws/install/TransNum:/home/narayan/ros2_ws/install/turtle_sim:/home/narayan/ros2_ws/install/launch_file:/home/narayan/ros2_ws/install/led_activity:/home/narayan/ros2_ws/install/my_interfaces:/opt/ros/jazzy CMAKE_PREFIX_PATH=/home/narayan/ros2_ws/install/my_interfaces:/home/narayan/ros2_ws/install/launch_file:/home/narayan/ros2_ws/install/led_activity:/opt/ros/jazzy/opt/gz_math_vendor:/opt/ros/jazzy/opt/gz_utils_vendor:/opt/ros/jazzy/opt/gz_cmake_vendor:/home/narayan/ros2_ws/install/turtle_sim:/home/narayan/ros2_ws/install/onepkg:/home/narayan/ros2_ws/install/TransNum:/opt/ros/jazzy DEBUGINFOD_URLS=https://debuginfod.ubuntu.com PYTHONPATH=/home/narayan/ros2_ws/install/onepkg/lib/python3.12/site-packages:/home/narayan/ros2_ws/install/my_interfaces/lib/python3.12/site-packages:/home/narayan/ros2_ws/install/TransNum/lib/python3.12/site-packages:/home/narayan/ros2_ws/install/turtle_sim/lib/python3.12/site-packages:/home/narayan/ros2_ws/install/led_activity/lib/python3.12/site-packages:/opt/ros/jazzy/lib/python3.12/site-packages /usr/bin/cmake --install /home/narayan/ros2_ws/build/launch_file
[1.368s] Level 1:colcon.colcon_core.environment:create_environment_scripts_only(launch_file)
[1.370s] DEBUG:colcon.colcon_core.event_handler.log_command:Invoked command in '/home/narayan/ros2_ws/build/launch_file' returned '0': AMENT_PREFIX_PATH=/home/narayan/ros2_ws/install/onepkg:/home/narayan/ros2_ws/install/TransNum:/home/narayan/ros2_ws/install/turtle_sim:/home/narayan/ros2_ws/install/launch_file:/home/narayan/ros2_ws/install/led_activity:/home/narayan/ros2_ws/install/my_interfaces:/opt/ros/jazzy CMAKE_PREFIX_PATH=/home/narayan/ros2_ws/install/my_interfaces:/home/narayan/ros2_ws/install/launch_file:/home/narayan/ros2_ws/install/led_activity:/opt/ros/jazzy/opt/gz_math_vendor:/opt/ros/jazzy/opt/gz_utils_vendor:/opt/ros/jazzy/opt/gz_cmake_vendor:/home/narayan/ros2_ws/install/turtle_sim:/home/narayan/ros2_ws/install/onepkg:/home/narayan/ros2_ws/install/TransNum:/opt/ros/jazzy DEBUGINFOD_URLS=https://debuginfod.ubuntu.com PYTHONPATH=/home/narayan/ros2_ws/install/onepkg/lib/python3.12/site-packages:/home/narayan/ros2_ws/install/my_interfaces/lib/python3.12/site-packages:/home/narayan/ros2_ws/install/TransNum/lib/python3.12/site-packages:/home/narayan/ros2_ws/install/turtle_sim/lib/python3.12/site-packages:/home/narayan/ros2_ws/install/led_activity/lib/python3.12/site-packages:/opt/ros/jazzy/lib/python3.12/site-packages /usr/bin/cmake --install /home/narayan/ros2_ws/build/launch_file
[1.378s] Level 1:colcon.colcon_core.environment:checking '/home/narayan/ros2_ws/install/launch_file' for CMake module files
[1.381s] Level 1:colcon.colcon_core.environment:checking '/home/narayan/ros2_ws/install/launch_file' for CMake config files
[1.384s] Level 1:colcon.colcon_core.shell:create_environment_hook('launch_file', 'cmake_prefix_path')
[1.386s] INFO:colcon.colcon_core.shell:Creating environment hook '/home/narayan/ros2_ws/install/launch_file/share/launch_file/hook/cmake_prefix_path.ps1'
[1.389s] INFO:colcon.colcon_core.shell:Creating environment descriptor '/home/narayan/ros2_ws/install/launch_file/share/launch_file/hook/cmake_prefix_path.dsv'
[1.392s] INFO:colcon.colcon_core.shell:Creating environment hook '/home/narayan/ros2_ws/install/launch_file/share/launch_file/hook/cmake_prefix_path.sh'
[1.396s] Level 1:colcon.colcon_core.environment:checking '/home/narayan/ros2_ws/install/launch_file/bin'
[1.396s] Level 1:colcon.colcon_core.environment:checking '/home/narayan/ros2_ws/install/launch_file/lib/pkgconfig/launch_file.pc'
[1.397s] Level 1:colcon.colcon_core.environment:checking '/home/narayan/ros2_ws/install/launch_file/lib/python3.12/site-packages'
[1.398s] Level 1:colcon.colcon_core.environment:checking '/home/narayan/ros2_ws/install/launch_file/bin'
[1.398s] INFO:colcon.colcon_core.shell:Creating package script '/home/narayan/ros2_ws/install/launch_file/share/launch_file/package.ps1'
[1.401s] INFO:colcon.colcon_core.shell:Creating package descriptor '/home/narayan/ros2_ws/install/launch_file/share/launch_file/package.dsv'
[1.403s] INFO:colcon.colcon_core.shell:Creating package script '/home/narayan/ros2_ws/install/launch_file/share/launch_file/package.sh'
[1.406s] INFO:colcon.colcon_core.shell:Creating package script '/home/narayan/ros2_ws/install/launch_file/share/launch_file/package.bash'
[1.408s] INFO:colcon.colcon_core.shell:Creating package script '/home/narayan/ros2_ws/install/launch_file/share/launch_file/package.zsh'
[1.410s] Level 1:colcon.colcon_core.environment:create_file_with_runtime_dependencies(/home/narayan/ros2_ws/install/launch_file/share/colcon-core/packages/launch_file)
[1.413s] Level 1:colcon.colcon_core.environment:create_environment_scripts_only(launch_file)
[1.413s] Level 1:colcon.colcon_core.environment:checking '/home/narayan/ros2_ws/install/launch_file' for CMake module files
[1.416s] Level 1:colcon.colcon_core.environment:checking '/home/narayan/ros2_ws/install/launch_file' for CMake config files
[1.418s] Level 1:colcon.colcon_core.shell:create_environment_hook('launch_file', 'cmake_prefix_path')
[1.419s] INFO:colcon.colcon_core.shell:Creating environment hook '/home/narayan/ros2_ws/install/launch_file/share/launch_file/hook/cmake_prefix_path.ps1'
[1.420s] INFO:colcon.colcon_core.shell:Creating environment descriptor '/home/narayan/ros2_ws/install/launch_file/share/launch_file/hook/cmake_prefix_path.dsv'
[1.422s] INFO:colcon.colcon_core.shell:Creating environment hook '/home/narayan/ros2_ws/install/launch_file/share/launch_file/hook/cmake_prefix_path.sh'
[1.424s] Level 1:colcon.colcon_core.environment:checking '/home/narayan/ros2_ws/install/launch_file/bin'
[1.425s] Level 1:colcon.colcon_core.environment:checking '/home/narayan/ros2_ws/install/launch_file/lib/pkgconfig/launch_file.pc'
[1.425s] Level 1:colcon.colcon_core.environment:checking '/home/narayan/ros2_ws/install/launch_file/lib/python3.12/site-packages'
[1.426s] Level 1:colcon.colcon_core.environment:checking '/home/narayan/ros2_ws/install/launch_file/bin'
[1.427s] INFO:colcon.colcon_core.shell:Creating package script '/home/narayan/ros2_ws/install/launch_file/share/launch_file/package.ps1'
[1.429s] INFO:colcon.colcon_core.shell:Creating package descriptor '/home/narayan/ros2_ws/install/launch_file/share/launch_file/package.dsv'
[1.431s] INFO:colcon.colcon_core.shell:Creating package script '/home/narayan/ros2_ws/install/launch_file/share/launch_file/package.sh'
[1.433s] INFO:colcon.colcon_core.shell:Creating package script '/home/narayan/ros2_ws/install/launch_file/share/launch_file/package.bash'
[1.435s] INFO:colcon.colcon_core.shell:Creating package script '/home/narayan/ros2_ws/install/launch_file/share/launch_file/package.zsh'
[1.436s] Level 1:colcon.colcon_core.environment:create_file_with_runtime_dependencies(/home/narayan/ros2_ws/install/launch_file/share/colcon-core/packages/launch_file)
[1.438s] DEBUG:colcon.colcon_parallel_executor.executor.parallel:closing loop
[1.440s] DEBUG:colcon.colcon_parallel_executor.executor.parallel:loop closed
[1.440s] DEBUG:colcon.colcon_parallel_executor.executor.parallel:run_until_complete finished with '0'
[1.440s] DEBUG:colcon.colcon_core.event_reactor:joining thread
[1.478s] INFO:colcon.colcon_core.plugin_system:Skipping extension 'colcon_notification.desktop_notification.terminal_notifier': Not used on non-Darwin systems
[1.479s] INFO:colcon.colcon_core.plugin_system:Skipping extension 'colcon_notification.desktop_notification.win32': Not used on non-Windows systems
[1.479s] INFO:colcon.colcon_notification.desktop_notification:Sending desktop notification using 'notify2'
[1.540s] DEBUG:colcon.colcon_core.event_reactor:joined thread
[1.541s] INFO:colcon.colcon_core.shell:Creating prefix script '/home/narayan/ros2_ws/install/local_setup.ps1'
[1.544s] INFO:colcon.colcon_core.shell:Creating prefix util module '/home/narayan/ros2_ws/install/_local_setup_util_ps1.py'
[1.549s] INFO:colcon.colcon_core.shell:Creating prefix chain script '/home/narayan/ros2_ws/install/setup.ps1'
[1.556s] INFO:colcon.colcon_core.shell:Creating prefix script '/home/narayan/ros2_ws/install/local_setup.sh'
[1.559s] INFO:colcon.colcon_core.shell:Creating prefix util module '/home/narayan/ros2_ws/install/_local_setup_util_sh.py'
[1.562s] INFO:colcon.colcon_core.shell:Creating prefix chain script '/home/narayan/ros2_ws/install/setup.sh'
[1.569s] INFO:colcon.colcon_core.shell:Creating prefix script '/home/narayan/ros2_ws/install/local_setup.bash'
[1.571s] INFO:colcon.colcon_core.shell:Creating prefix chain script '/home/narayan/ros2_ws/install/setup.bash'
[1.576s] INFO:colcon.colcon_core.shell:Creating prefix script '/home/narayan/ros2_ws/install/local_setup.zsh'
[1.578s] INFO:colcon.colcon_core.shell:Creating prefix chain script '/home/narayan/ros2_ws/install/setup.zsh'
