[5.940s] Invoking command in '/home/narayan/ros2_ws/src/TransNum': DEBUGINFOD_URLS=https://debuginfod.ubuntu.com PYTHONPATH=/home/narayan/ros2_ws/build/TransNum/prefix_override:/usr/lib/python3/dist-packages/colcon_core/task/python/colcon_distutils_commands:/home/narayan/ros2_ws/install/TransNum/lib/python3.12/site-packages:${PYTHONPATH} /usr/bin/python3 -W ignore:setup.py install is deprecated -W ignore:easy_install command is deprecated setup.py egg_info --egg-base ../../build/TransNum build --build-base /home/narayan/ros2_ws/build/TransNum/build install --record /home/narayan/ros2_ws/build/TransNum/install.log --single-version-externally-managed install_data
[7.483s] running egg_info
[7.593s] writing ../../build/TransNum/TransNum.egg-info/PKG-INFO
[7.595s] writing dependency_links to ../../build/TransNum/TransNum.egg-info/dependency_links.txt
[7.596s] writing entry points to ../../build/TransNum/TransNum.egg-info/entry_points.txt
[7.597s] writing requirements to ../../build/TransNum/TransNum.egg-info/requires.txt
[7.598s] writing top-level names to ../../build/TransNum/TransNum.egg-info/top_level.txt
[7.866s] reading manifest file '../../build/TransNum/TransNum.egg-info/SOURCES.txt'
[7.870s] writing manifest file '../../build/TransNum/TransNum.egg-info/SOURCES.txt'
[7.871s] running build
[7.872s] running build_py
[7.875s] running install
[7.901s] running install_lib
[8.018s] running install_data
[8.020s] running install_egg_info
[8.146s] removing '/home/narayan/ros2_ws/install/TransNum/lib/python3.12/site-packages/TransNum-0.0.0-py3.12.egg-info' (and everything under it)
[8.147s] Copying ../../build/TransNum/TransNum.egg-info to /home/narayan/ros2_ws/install/TransNum/lib/python3.12/site-packages/TransNum-0.0.0-py3.12.egg-info
[8.153s] running install_scripts
[9.338s] Installing number_publisher script to /home/narayan/ros2_ws/install/TransNum/lib/TransNum
[9.350s] Installing two_way script to /home/narayan/ros2_ws/install/TransNum/lib/TransNum
[9.353s] writing list of installed files to '/home/narayan/ros2_ws/build/TransNum/install.log'
[9.639s] Invoked command in '/home/narayan/ros2_ws/src/TransNum' returned '0': DEBUGINFOD_URLS=https://debuginfod.ubuntu.com PYTHONPATH=/home/narayan/ros2_ws/build/TransNum/prefix_override:/usr/lib/python3/dist-packages/colcon_core/task/python/colcon_distutils_commands:/home/narayan/ros2_ws/install/TransNum/lib/python3.12/site-packages:${PYTHONPATH} /usr/bin/python3 -W ignore:setup.py install is deprecated -W ignore:easy_install command is deprecated setup.py egg_info --egg-base ../../build/TransNum build --build-base /home/narayan/ros2_ws/build/TransNum/build install --record /home/narayan/ros2_ws/build/TransNum/install.log --single-version-externally-managed install_data
