[0.069s] Invoking command in '/home/narayan/ros2_ws/build/led_activity': CMAKE_PREFIX_PATH=${CMAKE_PREFIX_PATH}:/home/narayan/ros2_ws/install/onepkg:/home/narayan/ros2_ws/install/TransNum:/opt/ros/jazzy DEBUGINFOD_URLS=https://debuginfod.ubuntu.com /usr/bin/cmake /home/narayan/ros2_ws/src/led_activity -DCMAKE_INSTALL_PREFIX=/home/narayan/ros2_ws/install/led_activity
[1.400s] -- The C compiler identification is GNU 13.3.0
[2.555s] -- The CXX compiler identification is GNU 13.3.0
[2.700s] -- Detecting C compiler ABI info
[3.243s] -- Detecting C compiler ABI info - done
[3.273s] -- Check for working C compiler: /usr/bin/cc - skipped
[3.275s] -- Detecting C compile features
[3.277s] -- Detecting C compile features - done
[3.335s] -- Detecting CXX compiler ABI info
[3.842s] -- Detecting CXX compiler ABI info - done
[3.873s] -- Check for working CXX compiler: /usr/bin/c++ - skipped
[3.874s] -- Detecting CXX compile features
[3.875s] -- Detecting CXX compile features - done
[3.911s] -- Found ament_cmake: 2.5.4 (/opt/ros/jazzy/share/ament_cmake/cmake)
[4.654s] -- Found Python3: /usr/bin/python3 (found version "3.12.3") found components: Interpreter 
[5.396s] -- Found ament_lint_auto: 0.17.2 (/opt/ros/jazzy/share/ament_lint_auto/cmake)
[5.982s] -- Added test 'lint_cmake' to check CMake code style
[5.991s] -- Added test 'xmllint' to check XML markup files
[6.005s] -- Configuring done (5.6s)
[6.024s] -- Generating done (0.0s)
[6.031s] -- Build files have been written to: /home/narayan/ros2_ws/build/led_activity
[6.055s] Invoked command in '/home/narayan/ros2_ws/build/led_activity' returned '0': CMAKE_PREFIX_PATH=${CMAKE_PREFIX_PATH}:/home/narayan/ros2_ws/install/onepkg:/home/narayan/ros2_ws/install/TransNum:/opt/ros/jazzy DEBUGINFOD_URLS=https://debuginfod.ubuntu.com /usr/bin/cmake /home/narayan/ros2_ws/src/led_activity -DCMAKE_INSTALL_PREFIX=/home/narayan/ros2_ws/install/led_activity
[6.061s] Invoking command in '/home/narayan/ros2_ws/build/led_activity': CMAKE_PREFIX_PATH=${CMAKE_PREFIX_PATH}:/home/narayan/ros2_ws/install/onepkg:/home/narayan/ros2_ws/install/TransNum:/opt/ros/jazzy DEBUGINFOD_URLS=https://debuginfod.ubuntu.com /usr/bin/cmake --build /home/narayan/ros2_ws/build/led_activity -- -j4 -l4
[6.250s] Invoked command in '/home/narayan/ros2_ws/build/led_activity' returned '0': CMAKE_PREFIX_PATH=${CMAKE_PREFIX_PATH}:/home/narayan/ros2_ws/install/onepkg:/home/narayan/ros2_ws/install/TransNum:/opt/ros/jazzy DEBUGINFOD_URLS=https://debuginfod.ubuntu.com /usr/bin/cmake --build /home/narayan/ros2_ws/build/led_activity -- -j4 -l4
[6.295s] Invoking command in '/home/narayan/ros2_ws/build/led_activity': CMAKE_PREFIX_PATH=${CMAKE_PREFIX_PATH}:/home/narayan/ros2_ws/install/onepkg:/home/narayan/ros2_ws/install/TransNum:/opt/ros/jazzy DEBUGINFOD_URLS=https://debuginfod.ubuntu.com /usr/bin/cmake --install /home/narayan/ros2_ws/build/led_activity
[6.331s] -- Install configuration: ""
[6.332s] -- Installing: /home/narayan/ros2_ws/install/led_activity/share/ament_index/resource_index/package_run_dependencies/led_activity
[6.333s] -- Installing: /home/narayan/ros2_ws/install/led_activity/share/ament_index/resource_index/parent_prefix_path/led_activity
[6.335s] -- Installing: /home/narayan/ros2_ws/install/led_activity/share/led_activity/environment/ament_prefix_path.sh
[6.336s] -- Installing: /home/narayan/ros2_ws/install/led_activity/share/led_activity/environment/ament_prefix_path.dsv
[6.337s] -- Installing: /home/narayan/ros2_ws/install/led_activity/share/led_activity/environment/path.sh
[6.338s] -- Installing: /home/narayan/ros2_ws/install/led_activity/share/led_activity/environment/path.dsv
[6.339s] -- Installing: /home/narayan/ros2_ws/install/led_activity/share/led_activity/local_setup.bash
[6.340s] -- Installing: /home/narayan/ros2_ws/install/led_activity/share/led_activity/local_setup.sh
[6.341s] -- Installing: /home/narayan/ros2_ws/install/led_activity/share/led_activity/local_setup.zsh
[6.342s] -- Installing: /home/narayan/ros2_ws/install/led_activity/share/led_activity/local_setup.dsv
[6.343s] -- Installing: /home/narayan/ros2_ws/install/led_activity/share/led_activity/package.dsv
[6.346s] -- Installing: /home/narayan/ros2_ws/install/led_activity/share/ament_index/resource_index/packages/led_activity
[6.349s] -- Installing: /home/narayan/ros2_ws/install/led_activity/share/led_activity/cmake/led_activityConfig.cmake
[6.350s] -- Installing: /home/narayan/ros2_ws/install/led_activity/share/led_activity/cmake/led_activityConfig-version.cmake
[6.352s] -- Installing: /home/narayan/ros2_ws/install/led_activity/share/led_activity/package.xml
[6.359s] Invoked command in '/home/narayan/ros2_ws/build/led_activity' returned '0': CMAKE_PREFIX_PATH=${CMAKE_PREFIX_PATH}:/home/narayan/ros2_ws/install/onepkg:/home/narayan/ros2_ws/install/TransNum:/opt/ros/jazzy DEBUGINFOD_URLS=https://debuginfod.ubuntu.com /usr/bin/cmake --install /home/narayan/ros2_ws/build/led_activity
