[1.396s] DEBUG:colcon:Command line arguments: ['/usr/bin/colcon', 'build', '--packages-select', 'turtle_sim']
[1.397s] DEBUG:colcon:Parsed command line arguments: Namespace(log_base=None, log_level=None, verb_name='build', build_base='build', install_base='install', merge_install=False, symlink_install=False, test_result_base=None, continue_on_error=False, executor='parallel', parallel_workers=4, event_handlers=None, ignore_user_meta=False, metas=['./colcon.meta'], base_paths=['.'], packages_ignore=None, packages_ignore_regex=None, paths=None, packages_up_to=None, packages_up_to_regex=None, packages_above=None, packages_above_and_dependencies=None, packages_above_depth=None, packages_select_by_dep=None, packages_skip_by_dep=None, packages_skip_up_to=None, packages_select_build_failed=False, packages_skip_build_finished=False, packages_select_test_failures=False, packages_skip_test_passed=False, packages_select=['turtle_sim'], packages_skip=None, packages_select_regex=None, packages_skip_regex=None, packages_start=None, packages_end=None, allow_overriding=[], cmake_args=None, cmake_target=None, cmake_target_skip_unavailable=False, cmake_clean_cache=False, cmake_clean_first=False, cmake_force_configure=False, ament_cmake_args=None, catkin_cmake_args=None, catkin_skip_building_tests=False, mixin_files=None, mixin=None, verb_parser=<colcon_mixin.mixin.mixin_argument.MixinArgumentDecorator object at 0xffffbcd04680>, verb_extension=<colcon_core.verb.build.BuildVerb object at 0xffffbcec0e90>, main=<bound method BuildVerb.main of <colcon_core.verb.build.BuildVerb object at 0xffffbcec0e90>>, mixin_verb=('build',))
[1.726s] Level 1:colcon.colcon_core.package_discovery:discover_packages(colcon_meta) check parameters
[1.727s] Level 1:colcon.colcon_core.package_discovery:discover_packages(recursive) check parameters
[1.727s] Level 1:colcon.colcon_core.package_discovery:discover_packages(ignore) check parameters
[1.727s] Level 1:colcon.colcon_core.package_discovery:discover_packages(path) check parameters
[1.727s] Level 1:colcon.colcon_core.package_discovery:discover_packages(colcon_meta) discover
[1.728s] Level 1:colcon.colcon_core.package_discovery:discover_packages(recursive) discover
[1.728s] INFO:colcon.colcon_core.package_discovery:Crawling recursively for packages in '/home/narayan/ros2_ws'
[1.728s] Level 1:colcon.colcon_core.package_identification:_identify(.) by extensions ['ignore', 'ignore_ament_install']
[1.729s] Level 1:colcon.colcon_core.package_identification:_identify(.) by extension 'ignore'
[1.729s] Level 1:colcon.colcon_core.package_identification:_identify(.) by extension 'ignore_ament_install'
[1.730s] Level 1:colcon.colcon_core.package_identification:_identify(.) by extensions ['colcon_pkg']
[1.730s] Level 1:colcon.colcon_core.package_identification:_identify(.) by extension 'colcon_pkg'
[1.730s] Level 1:colcon.colcon_core.package_identification:_identify(.) by extensions ['colcon_meta']
[1.730s] Level 1:colcon.colcon_core.package_identification:_identify(.) by extension 'colcon_meta'
[1.730s] Level 1:colcon.colcon_core.package_identification:_identify(.) by extensions ['ros']
[1.730s] Level 1:colcon.colcon_core.package_identification:_identify(.) by extension 'ros'
[1.921s] Level 1:colcon.colcon_core.package_identification:_identify(.) by extensions ['cmake', 'python']
[1.922s] Level 1:colcon.colcon_core.package_identification:_identify(.) by extension 'cmake'
[1.922s] Level 1:colcon.colcon_core.package_identification:_identify(.) by extension 'python'
[1.922s] Level 1:colcon.colcon_core.package_identification:_identify(.) by extensions ['python_setup_py']
[1.922s] Level 1:colcon.colcon_core.package_identification:_identify(.) by extension 'python_setup_py'
[1.923s] Level 1:colcon.colcon_core.package_identification:_identify(build) by extensions ['ignore', 'ignore_ament_install']
[1.923s] Level 1:colcon.colcon_core.package_identification:_identify(build) by extension 'ignore'
[1.923s] Level 1:colcon.colcon_core.package_identification:_identify(build) ignored
[1.924s] Level 1:colcon.colcon_core.package_identification:_identify(install) by extensions ['ignore', 'ignore_ament_install']
[1.924s] Level 1:colcon.colcon_core.package_identification:_identify(install) by extension 'ignore'
[1.925s] Level 1:colcon.colcon_core.package_identification:_identify(install) ignored
[1.926s] Level 1:colcon.colcon_core.package_identification:_identify(log) by extensions ['ignore', 'ignore_ament_install']
[1.926s] Level 1:colcon.colcon_core.package_identification:_identify(log) by extension 'ignore'
[1.927s] Level 1:colcon.colcon_core.package_identification:_identify(log) ignored
[1.927s] Level 1:colcon.colcon_core.package_identification:_identify(src) by extensions ['ignore', 'ignore_ament_install']
[1.927s] Level 1:colcon.colcon_core.package_identification:_identify(src) by extension 'ignore'
[1.928s] Level 1:colcon.colcon_core.package_identification:_identify(src) by extension 'ignore_ament_install'
[1.928s] Level 1:colcon.colcon_core.package_identification:_identify(src) by extensions ['colcon_pkg']
[1.928s] Level 1:colcon.colcon_core.package_identification:_identify(src) by extension 'colcon_pkg'
[1.928s] Level 1:colcon.colcon_core.package_identification:_identify(src) by extensions ['colcon_meta']
[1.928s] Level 1:colcon.colcon_core.package_identification:_identify(src) by extension 'colcon_meta'
[1.928s] Level 1:colcon.colcon_core.package_identification:_identify(src) by extensions ['ros']
[1.929s] Level 1:colcon.colcon_core.package_identification:_identify(src) by extension 'ros'
[1.929s] Level 1:colcon.colcon_core.package_identification:_identify(src) by extensions ['cmake', 'python']
[1.929s] Level 1:colcon.colcon_core.package_identification:_identify(src) by extension 'cmake'
[1.929s] Level 1:colcon.colcon_core.package_identification:_identify(src) by extension 'python'
[1.929s] Level 1:colcon.colcon_core.package_identification:_identify(src) by extensions ['python_setup_py']
[1.929s] Level 1:colcon.colcon_core.package_identification:_identify(src) by extension 'python_setup_py'
[1.930s] Level 1:colcon.colcon_core.package_identification:_identify(src/TransNum) by extensions ['ignore', 'ignore_ament_install']
[1.930s] Level 1:colcon.colcon_core.package_identification:_identify(src/TransNum) by extension 'ignore'
[1.930s] Level 1:colcon.colcon_core.package_identification:_identify(src/TransNum) by extension 'ignore_ament_install'
[1.931s] Level 1:colcon.colcon_core.package_identification:_identify(src/TransNum) by extensions ['colcon_pkg']
[1.931s] Level 1:colcon.colcon_core.package_identification:_identify(src/TransNum) by extension 'colcon_pkg'
[1.931s] Level 1:colcon.colcon_core.package_identification:_identify(src/TransNum) by extensions ['colcon_meta']
[1.931s] Level 1:colcon.colcon_core.package_identification:_identify(src/TransNum) by extension 'colcon_meta'
[1.931s] Level 1:colcon.colcon_core.package_identification:_identify(src/TransNum) by extensions ['ros']
[1.931s] Level 1:colcon.colcon_core.package_identification:_identify(src/TransNum) by extension 'ros'
[1.950s] DEBUG:colcon.colcon_core.package_identification:Package 'src/TransNum' with type 'ros.ament_python' and name 'TransNum'
[1.951s] Level 1:colcon.colcon_core.package_identification:_identify(src/launch_file) by extensions ['ignore', 'ignore_ament_install']
[1.952s] Level 1:colcon.colcon_core.package_identification:_identify(src/launch_file) by extension 'ignore'
[1.952s] Level 1:colcon.colcon_core.package_identification:_identify(src/launch_file) by extension 'ignore_ament_install'
[1.953s] Level 1:colcon.colcon_core.package_identification:_identify(src/launch_file) by extensions ['colcon_pkg']
[1.953s] Level 1:colcon.colcon_core.package_identification:_identify(src/launch_file) by extension 'colcon_pkg'
[1.953s] Level 1:colcon.colcon_core.package_identification:_identify(src/launch_file) by extensions ['colcon_meta']
[1.953s] Level 1:colcon.colcon_core.package_identification:_identify(src/launch_file) by extension 'colcon_meta'
[1.954s] Level 1:colcon.colcon_core.package_identification:_identify(src/launch_file) by extensions ['ros']
[1.954s] Level 1:colcon.colcon_core.package_identification:_identify(src/launch_file) by extension 'ros'
[1.959s] DEBUG:colcon.colcon_core.package_identification:Package 'src/launch_file' with type 'ros.ament_cmake' and name 'launch_file'
[1.960s] Level 1:colcon.colcon_core.package_identification:_identify(src/led_activity) by extensions ['ignore', 'ignore_ament_install']
[1.960s] Level 1:colcon.colcon_core.package_identification:_identify(src/led_activity) by extension 'ignore'
[1.961s] Level 1:colcon.colcon_core.package_identification:_identify(src/led_activity) by extension 'ignore_ament_install'
[1.962s] Level 1:colcon.colcon_core.package_identification:_identify(src/led_activity) by extensions ['colcon_pkg']
[1.962s] Level 1:colcon.colcon_core.package_identification:_identify(src/led_activity) by extension 'colcon_pkg'
[1.963s] Level 1:colcon.colcon_core.package_identification:_identify(src/led_activity) by extensions ['colcon_meta']
[1.963s] Level 1:colcon.colcon_core.package_identification:_identify(src/led_activity) by extension 'colcon_meta'
[1.964s] Level 1:colcon.colcon_core.package_identification:_identify(src/led_activity) by extensions ['ros']
[1.965s] Level 1:colcon.colcon_core.package_identification:_identify(src/led_activity) by extension 'ros'
[1.970s] DEBUG:colcon.colcon_core.package_identification:Package 'src/led_activity' with type 'ros.ament_python' and name 'led_activity'
[1.971s] Level 1:colcon.colcon_core.package_identification:_identify(src/my_interfaces) by extensions ['ignore', 'ignore_ament_install']
[1.971s] Level 1:colcon.colcon_core.package_identification:_identify(src/my_interfaces) by extension 'ignore'
[1.972s] Level 1:colcon.colcon_core.package_identification:_identify(src/my_interfaces) by extension 'ignore_ament_install'
[1.972s] Level 1:colcon.colcon_core.package_identification:_identify(src/my_interfaces) by extensions ['colcon_pkg']
[1.972s] Level 1:colcon.colcon_core.package_identification:_identify(src/my_interfaces) by extension 'colcon_pkg'
[1.973s] Level 1:colcon.colcon_core.package_identification:_identify(src/my_interfaces) by extensions ['colcon_meta']
[1.973s] Level 1:colcon.colcon_core.package_identification:_identify(src/my_interfaces) by extension 'colcon_meta'
[1.973s] Level 1:colcon.colcon_core.package_identification:_identify(src/my_interfaces) by extensions ['ros']
[1.973s] Level 1:colcon.colcon_core.package_identification:_identify(src/my_interfaces) by extension 'ros'
[1.976s] DEBUG:colcon.colcon_core.package_identification:Package 'src/my_interfaces' with type 'ros.ament_cmake' and name 'my_interfaces'
[1.976s] Level 1:colcon.colcon_core.package_identification:_identify(src/onepkg) by extensions ['ignore', 'ignore_ament_install']
[1.977s] Level 1:colcon.colcon_core.package_identification:_identify(src/onepkg) by extension 'ignore'
[1.977s] Level 1:colcon.colcon_core.package_identification:_identify(src/onepkg) by extension 'ignore_ament_install'
[1.977s] Level 1:colcon.colcon_core.package_identification:_identify(src/onepkg) by extensions ['colcon_pkg']
[1.977s] Level 1:colcon.colcon_core.package_identification:_identify(src/onepkg) by extension 'colcon_pkg'
[1.978s] Level 1:colcon.colcon_core.package_identification:_identify(src/onepkg) by extensions ['colcon_meta']
[1.978s] Level 1:colcon.colcon_core.package_identification:_identify(src/onepkg) by extension 'colcon_meta'
[1.978s] Level 1:colcon.colcon_core.package_identification:_identify(src/onepkg) by extensions ['ros']
[1.978s] Level 1:colcon.colcon_core.package_identification:_identify(src/onepkg) by extension 'ros'
[1.982s] DEBUG:colcon.colcon_core.package_identification:Package 'src/onepkg' with type 'ros.ament_python' and name 'onepkg'
[1.982s] Level 1:colcon.colcon_core.package_identification:_identify(src/turtle_sim) by extensions ['ignore', 'ignore_ament_install']
[1.983s] Level 1:colcon.colcon_core.package_identification:_identify(src/turtle_sim) by extension 'ignore'
[1.983s] Level 1:colcon.colcon_core.package_identification:_identify(src/turtle_sim) by extension 'ignore_ament_install'
[1.983s] Level 1:colcon.colcon_core.package_identification:_identify(src/turtle_sim) by extensions ['colcon_pkg']
[1.984s] Level 1:colcon.colcon_core.package_identification:_identify(src/turtle_sim) by extension 'colcon_pkg'
[1.984s] Level 1:colcon.colcon_core.package_identification:_identify(src/turtle_sim) by extensions ['colcon_meta']
[1.984s] Level 1:colcon.colcon_core.package_identification:_identify(src/turtle_sim) by extension 'colcon_meta'
[1.984s] Level 1:colcon.colcon_core.package_identification:_identify(src/turtle_sim) by extensions ['ros']
[1.984s] Level 1:colcon.colcon_core.package_identification:_identify(src/turtle_sim) by extension 'ros'
[1.988s] DEBUG:colcon.colcon_core.package_identification:Package 'src/turtle_sim' with type 'ros.ament_python' and name 'turtle_sim'
[1.988s] Level 1:colcon.colcon_core.package_discovery:discover_packages(recursive) using defaults
[1.989s] Level 1:colcon.colcon_core.package_discovery:discover_packages(ignore) discover
[1.989s] Level 1:colcon.colcon_core.package_discovery:discover_packages(ignore) using defaults
[1.989s] Level 1:colcon.colcon_core.package_discovery:discover_packages(path) discover
[1.989s] Level 1:colcon.colcon_core.package_discovery:discover_packages(path) using defaults
[2.135s] INFO:colcon.colcon_core.package_selection:Skipping not selected package 'TransNum' in 'src/TransNum'
[2.135s] INFO:colcon.colcon_core.package_selection:Skipping not selected package 'my_interfaces' in 'src/my_interfaces'
[2.135s] INFO:colcon.colcon_core.package_selection:Skipping not selected package 'led_activity' in 'src/led_activity'
[2.135s] INFO:colcon.colcon_core.package_selection:Skipping not selected package 'onepkg' in 'src/onepkg'
[2.135s] INFO:colcon.colcon_core.package_selection:Skipping not selected package 'launch_file' in 'src/launch_file'
[2.138s] Level 1:colcon.colcon_core.package_discovery:discover_packages(prefix_path) check parameters
[2.139s] Level 1:colcon.colcon_core.package_discovery:discover_packages(prefix_path) discover
[2.154s] DEBUG:colcon.colcon_installed_package_information.package_discovery:Found 6 installed packages in /home/narayan/ros2_ws/install
[2.174s] DEBUG:colcon.colcon_installed_package_information.package_discovery:Found 285 installed packages in /opt/ros/jazzy
[2.182s] Level 1:colcon.colcon_core.package_discovery:discover_packages(prefix_path) using defaults
[2.586s] Level 5:colcon.colcon_core.verb:set package 'turtle_sim' build argument 'cmake_args' from command line to 'None'
[2.587s] Level 5:colcon.colcon_core.verb:set package 'turtle_sim' build argument 'cmake_target' from command line to 'None'
[2.587s] Level 5:colcon.colcon_core.verb:set package 'turtle_sim' build argument 'cmake_target_skip_unavailable' from command line to 'False'
[2.587s] Level 5:colcon.colcon_core.verb:set package 'turtle_sim' build argument 'cmake_clean_cache' from command line to 'False'
[2.587s] Level 5:colcon.colcon_core.verb:set package 'turtle_sim' build argument 'cmake_clean_first' from command line to 'False'
[2.587s] Level 5:colcon.colcon_core.verb:set package 'turtle_sim' build argument 'cmake_force_configure' from command line to 'False'
[2.587s] Level 5:colcon.colcon_core.verb:set package 'turtle_sim' build argument 'ament_cmake_args' from command line to 'None'
[2.587s] Level 5:colcon.colcon_core.verb:set package 'turtle_sim' build argument 'catkin_cmake_args' from command line to 'None'
[2.587s] Level 5:colcon.colcon_core.verb:set package 'turtle_sim' build argument 'catkin_skip_building_tests' from command line to 'False'
[2.588s] DEBUG:colcon.colcon_core.verb:Building package 'turtle_sim' with the following arguments: {'ament_cmake_args': None, 'build_base': '/home/narayan/ros2_ws/build/turtle_sim', 'catkin_cmake_args': None, 'catkin_skip_building_tests': False, 'cmake_args': None, 'cmake_clean_cache': False, 'cmake_clean_first': False, 'cmake_force_configure': False, 'cmake_target': None, 'cmake_target_skip_unavailable': False, 'install_base': '/home/narayan/ros2_ws/install/turtle_sim', 'merge_install': False, 'path': '/home/narayan/ros2_ws/src/turtle_sim', 'symlink_install': False, 'test_result_base': None}
[2.588s] INFO:colcon.colcon_core.executor:Executing jobs using 'parallel' executor
[2.591s] DEBUG:colcon.colcon_parallel_executor.executor.parallel:run_until_complete
[2.592s] INFO:colcon.colcon_ros.task.ament_python.build:Building ROS package in '/home/narayan/ros2_ws/src/turtle_sim' with build type 'ament_python'
[2.593s] Level 1:colcon.colcon_core.shell:create_environment_hook('turtle_sim', 'ament_prefix_path')
[2.624s] INFO:colcon.colcon_core.plugin_system:Skipping extension 'colcon_core.shell.bat': Not used on non-Windows systems
[2.624s] INFO:colcon.colcon_core.shell:Creating environment hook '/home/narayan/ros2_ws/install/turtle_sim/share/turtle_sim/hook/ament_prefix_path.ps1'
[2.633s] INFO:colcon.colcon_core.shell:Creating environment descriptor '/home/narayan/ros2_ws/install/turtle_sim/share/turtle_sim/hook/ament_prefix_path.dsv'
[2.641s] INFO:colcon.colcon_core.shell:Creating environment hook '/home/narayan/ros2_ws/install/turtle_sim/share/turtle_sim/hook/ament_prefix_path.sh'
[2.647s] INFO:colcon.colcon_core.shell:Skip shell extension 'powershell' for command environment: Not usable outside of PowerShell
[2.647s] DEBUG:colcon.colcon_core.shell:Skip shell extension 'dsv' for command environment
[3.679s] INFO:colcon.colcon_core.task.python.build:Building Python package in '/home/narayan/ros2_ws/src/turtle_sim'
[3.679s] INFO:colcon.colcon_core.shell:Skip shell extension 'powershell' for command environment: Not usable outside of PowerShell
[3.680s] DEBUG:colcon.colcon_core.shell:Skip shell extension 'dsv' for command environment
[7.444s] DEBUG:colcon.colcon_core.event_handler.log_command:Invoking command in '/home/narayan/ros2_ws/src/turtle_sim': CMAKE_PREFIX_PATH=/home/narayan/ros2_ws/install/my_interfaces:/home/narayan/ros2_ws/install/launch_file:/home/narayan/ros2_ws/install/led_activity:/opt/ros/jazzy/opt/gz_math_vendor:/opt/ros/jazzy/opt/gz_utils_vendor:/opt/ros/jazzy/opt/gz_cmake_vendor DEBUGINFOD_URLS=https://debuginfod.ubuntu.com PYTHONPATH=/home/narayan/ros2_ws/build/turtle_sim/prefix_override:/usr/lib/python3/dist-packages/colcon_core/task/python/colcon_distutils_commands:/home/narayan/ros2_ws/install/turtle_sim/lib/python3.12/site-packages:/home/narayan/ros2_ws/install/my_interfaces/lib/python3.12/site-packages:/home/narayan/ros2_ws/install/turtle_sim/lib/python3.12/site-packages:/home/narayan/ros2_ws/install/onepkg/lib/python3.12/site-packages:/home/narayan/ros2_ws/install/led_activity/lib/python3.12/site-packages:/home/narayan/ros2_ws/install/TransNum/lib/python3.12/site-packages:/opt/ros/jazzy/lib/python3.12/site-packages /usr/bin/python3 -W ignore:setup.py install is deprecated -W ignore:easy_install command is deprecated setup.py egg_info --egg-base ../../build/turtle_sim build --build-base /home/narayan/ros2_ws/build/turtle_sim/build install --record /home/narayan/ros2_ws/build/turtle_sim/install.log --single-version-externally-managed install_data
[10.013s] DEBUG:colcon.colcon_core.event_handler.log_command:Invoked command in '/home/narayan/ros2_ws/src/turtle_sim' returned '0': CMAKE_PREFIX_PATH=/home/narayan/ros2_ws/install/my_interfaces:/home/narayan/ros2_ws/install/launch_file:/home/narayan/ros2_ws/install/led_activity:/opt/ros/jazzy/opt/gz_math_vendor:/opt/ros/jazzy/opt/gz_utils_vendor:/opt/ros/jazzy/opt/gz_cmake_vendor DEBUGINFOD_URLS=https://debuginfod.ubuntu.com PYTHONPATH=/home/narayan/ros2_ws/build/turtle_sim/prefix_override:/usr/lib/python3/dist-packages/colcon_core/task/python/colcon_distutils_commands:/home/narayan/ros2_ws/install/turtle_sim/lib/python3.12/site-packages:/home/narayan/ros2_ws/install/my_interfaces/lib/python3.12/site-packages:/home/narayan/ros2_ws/install/turtle_sim/lib/python3.12/site-packages:/home/narayan/ros2_ws/install/onepkg/lib/python3.12/site-packages:/home/narayan/ros2_ws/install/led_activity/lib/python3.12/site-packages:/home/narayan/ros2_ws/install/TransNum/lib/python3.12/site-packages:/opt/ros/jazzy/lib/python3.12/site-packages /usr/bin/python3 -W ignore:setup.py install is deprecated -W ignore:easy_install command is deprecated setup.py egg_info --egg-base ../../build/turtle_sim build --build-base /home/narayan/ros2_ws/build/turtle_sim/build install --record /home/narayan/ros2_ws/build/turtle_sim/install.log --single-version-externally-managed install_data
[10.035s] Level 1:colcon.colcon_core.environment:checking '/home/narayan/ros2_ws/install/turtle_sim' for CMake module files
[10.038s] Level 1:colcon.colcon_core.environment:checking '/home/narayan/ros2_ws/install/turtle_sim' for CMake config files
[10.041s] Level 1:colcon.colcon_core.environment:checking '/home/narayan/ros2_ws/install/turtle_sim/lib'
[10.042s] Level 1:colcon.colcon_core.environment:checking '/home/narayan/ros2_ws/install/turtle_sim/bin'
[10.042s] Level 1:colcon.colcon_core.environment:checking '/home/narayan/ros2_ws/install/turtle_sim/lib/pkgconfig/turtle_sim.pc'
[10.043s] Level 1:colcon.colcon_core.environment:checking '/home/narayan/ros2_ws/install/turtle_sim/lib/python3.12/site-packages'
[10.044s] Level 1:colcon.colcon_core.shell:create_environment_hook('turtle_sim', 'pythonpath')
[10.045s] INFO:colcon.colcon_core.shell:Creating environment hook '/home/narayan/ros2_ws/install/turtle_sim/share/turtle_sim/hook/pythonpath.ps1'
[10.047s] INFO:colcon.colcon_core.shell:Creating environment descriptor '/home/narayan/ros2_ws/install/turtle_sim/share/turtle_sim/hook/pythonpath.dsv'
[10.048s] INFO:colcon.colcon_core.shell:Creating environment hook '/home/narayan/ros2_ws/install/turtle_sim/share/turtle_sim/hook/pythonpath.sh'
[10.051s] Level 1:colcon.colcon_core.environment:checking '/home/narayan/ros2_ws/install/turtle_sim/bin'
[10.051s] Level 1:colcon.colcon_core.environment:create_environment_scripts_only(turtle_sim)
[10.052s] INFO:colcon.colcon_core.shell:Creating package script '/home/narayan/ros2_ws/install/turtle_sim/share/turtle_sim/package.ps1'
[10.055s] INFO:colcon.colcon_core.shell:Creating package descriptor '/home/narayan/ros2_ws/install/turtle_sim/share/turtle_sim/package.dsv'
[10.058s] INFO:colcon.colcon_core.shell:Creating package script '/home/narayan/ros2_ws/install/turtle_sim/share/turtle_sim/package.sh'
[10.062s] INFO:colcon.colcon_core.shell:Creating package script '/home/narayan/ros2_ws/install/turtle_sim/share/turtle_sim/package.bash'
[10.067s] INFO:colcon.colcon_core.shell:Creating package script '/home/narayan/ros2_ws/install/turtle_sim/share/turtle_sim/package.zsh'
[10.072s] Level 1:colcon.colcon_core.environment:create_file_with_runtime_dependencies(/home/narayan/ros2_ws/install/turtle_sim/share/colcon-core/packages/turtle_sim)
[10.074s] DEBUG:colcon.colcon_parallel_executor.executor.parallel:closing loop
[10.078s] DEBUG:colcon.colcon_parallel_executor.executor.parallel:loop closed
[10.080s] DEBUG:colcon.colcon_parallel_executor.executor.parallel:run_until_complete finished with '0'
[10.081s] DEBUG:colcon.colcon_core.event_reactor:joining thread
[10.154s] INFO:colcon.colcon_core.plugin_system:Skipping extension 'colcon_notification.desktop_notification.terminal_notifier': Not used on non-Darwin systems
[10.154s] INFO:colcon.colcon_core.plugin_system:Skipping extension 'colcon_notification.desktop_notification.win32': Not used on non-Windows systems
[10.155s] INFO:colcon.colcon_notification.desktop_notification:Sending desktop notification using 'notify2'
[10.290s] DEBUG:colcon.colcon_core.event_reactor:joined thread
[10.291s] INFO:colcon.colcon_core.shell:Creating prefix script '/home/narayan/ros2_ws/install/local_setup.ps1'
[10.301s] INFO:colcon.colcon_core.shell:Creating prefix util module '/home/narayan/ros2_ws/install/_local_setup_util_ps1.py'
[10.310s] INFO:colcon.colcon_core.shell:Creating prefix chain script '/home/narayan/ros2_ws/install/setup.ps1'
[10.316s] INFO:colcon.colcon_core.shell:Creating prefix script '/home/narayan/ros2_ws/install/local_setup.sh'
[10.320s] INFO:colcon.colcon_core.shell:Creating prefix util module '/home/narayan/ros2_ws/install/_local_setup_util_sh.py'
[10.324s] INFO:colcon.colcon_core.shell:Creating prefix chain script '/home/narayan/ros2_ws/install/setup.sh'
[10.331s] INFO:colcon.colcon_core.shell:Creating prefix script '/home/narayan/ros2_ws/install/local_setup.bash'
[10.334s] INFO:colcon.colcon_core.shell:Creating prefix chain script '/home/narayan/ros2_ws/install/setup.bash'
[10.339s] INFO:colcon.colcon_core.shell:Creating prefix script '/home/narayan/ros2_ws/install/local_setup.zsh'
[10.342s] INFO:colcon.colcon_core.shell:Creating prefix chain script '/home/narayan/ros2_ws/install/setup.zsh'
