[0.095s] Invoking command in '/home/narayan/ros2_ws/build/my_interfaces': CMAKE_PREFIX_PATH=${CMAKE_PREFIX_PATH}:/home/narayan/ros2_ws/install/onepkg:/home/narayan/ros2_ws/install/TransNum:/opt/ros/jazzy DEBUGINFOD_URLS=https://debuginfod.ubuntu.com /usr/bin/cmake --build /home/narayan/ros2_ws/build/my_interfaces -- -j4 -l4
[0.388s] [  1%] Built target my_interfaces__rosidl_generator_type_description
[0.469s] [  1%] Built target ament_cmake_python_copy_my_interfaces
[0.528s] [  3%] Built target my_interfaces__cpp
[0.568s] [ 24%] Built target my_interfaces__rosidl_generator_c
[0.769s] [ 33%] Built target my_interfaces__rosidl_typesupport_c
[0.776s] [ 42%] Built target my_interfaces__rosidl_typesupport_introspection_c
[0.835s] [ 51%] Built target my_interfaces__rosidl_typesupport_fastrtps_c
[0.981s] [ 61%] Built target my_interfaces__rosidl_typesupport_fastrtps_cpp
[1.011s] [ 70%] Built target my_interfaces__rosidl_typesupport_introspection_cpp
[1.050s] [ 79%] Built target my_interfaces__rosidl_typesupport_cpp
[1.174s] [ 79%] Built target my_interfaces
[1.298s] [ 81%] Built target my_interfaces__py
[1.472s] [ 88%] Built target my_interfaces__rosidl_generator_py
[1.673s] [ 92%] Built target my_interfaces_s__rosidl_typesupport_fastrtps_c
[1.692s] [ 96%] Built target my_interfaces_s__rosidl_typesupport_introspection_c
[1.722s] [100%] Built target my_interfaces_s__rosidl_typesupport_c
[1.890s] running egg_info
[1.999s] writing my_interfaces.egg-info/PKG-INFO
[2.000s] writing dependency_links to my_interfaces.egg-info/dependency_links.txt
[2.002s] writing top-level names to my_interfaces.egg-info/top_level.txt
[2.323s] reading manifest file 'my_interfaces.egg-info/SOURCES.txt'
[2.325s] writing manifest file 'my_interfaces.egg-info/SOURCES.txt'
[2.485s] [100%] Built target ament_cmake_python_build_my_interfaces_egg
[2.544s] Invoked command in '/home/narayan/ros2_ws/build/my_interfaces' returned '0': CMAKE_PREFIX_PATH=${CMAKE_PREFIX_PATH}:/home/narayan/ros2_ws/install/onepkg:/home/narayan/ros2_ws/install/TransNum:/opt/ros/jazzy DEBUGINFOD_URLS=https://debuginfod.ubuntu.com /usr/bin/cmake --build /home/narayan/ros2_ws/build/my_interfaces -- -j4 -l4
[2.598s] Invoking command in '/home/narayan/ros2_ws/build/my_interfaces': CMAKE_PREFIX_PATH=${CMAKE_PREFIX_PATH}:/home/narayan/ros2_ws/install/onepkg:/home/narayan/ros2_ws/install/TransNum:/opt/ros/jazzy DEBUGINFOD_URLS=https://debuginfod.ubuntu.com /usr/bin/cmake --install /home/narayan/ros2_ws/build/my_interfaces
[2.639s] -- Install configuration: ""
[2.642s] -- Up-to-date: /home/narayan/ros2_ws/install/my_interfaces/share/ament_index/resource_index/rosidl_interfaces/my_interfaces
[2.643s] -- Up-to-date: /home/narayan/ros2_ws/install/my_interfaces/share/my_interfaces/msg/HdStatus.json
[2.643s] -- Up-to-date: /home/narayan/ros2_ws/install/my_interfaces/share/my_interfaces/msg/LEDstatus.json
[2.644s] -- Up-to-date: /home/narayan/ros2_ws/install/my_interfaces/share/my_interfaces/srv/SetLED.json
[2.645s] -- Up-to-date: /home/narayan/ros2_ws/install/my_interfaces/include/my_interfaces/my_interfaces
[2.646s] -- Up-to-date: /home/narayan/ros2_ws/install/my_interfaces/include/my_interfaces/my_interfaces/srv
[2.647s] -- Up-to-date: /home/narayan/ros2_ws/install/my_interfaces/include/my_interfaces/my_interfaces/srv/set_led.h
[2.647s] -- Up-to-date: /home/narayan/ros2_ws/install/my_interfaces/include/my_interfaces/my_interfaces/srv/detail
[2.647s] -- Up-to-date: /home/narayan/ros2_ws/install/my_interfaces/include/my_interfaces/my_interfaces/srv/detail/set_led__functions.c
[2.648s] -- Up-to-date: /home/narayan/ros2_ws/install/my_interfaces/include/my_interfaces/my_interfaces/srv/detail/set_led__struct.h
[2.648s] -- Installing: /home/narayan/ros2_ws/install/my_interfaces/include/my_interfaces/my_interfaces/srv/detail/set_led__type_support.c
[2.649s] -- Up-to-date: /home/narayan/ros2_ws/install/my_interfaces/include/my_interfaces/my_interfaces/srv/detail/set_led__functions.h
[2.649s] -- Up-to-date: /home/narayan/ros2_ws/install/my_interfaces/include/my_interfaces/my_interfaces/srv/detail/set_led__description.c
[2.650s] -- Up-to-date: /home/narayan/ros2_ws/install/my_interfaces/include/my_interfaces/my_interfaces/srv/detail/set_led__type_support.h
[2.650s] -- Up-to-date: /home/narayan/ros2_ws/install/my_interfaces/include/my_interfaces/my_interfaces/msg
[2.651s] -- Up-to-date: /home/narayan/ros2_ws/install/my_interfaces/include/my_interfaces/my_interfaces/msg/le_dstatus.h
[2.651s] -- Up-to-date: /home/narayan/ros2_ws/install/my_interfaces/include/my_interfaces/my_interfaces/msg/hd_status.h
[2.652s] -- Up-to-date: /home/narayan/ros2_ws/install/my_interfaces/include/my_interfaces/my_interfaces/msg/rosidl_generator_c__visibility_control.h
[2.652s] -- Up-to-date: /home/narayan/ros2_ws/install/my_interfaces/include/my_interfaces/my_interfaces/msg/detail
[2.653s] -- Up-to-date: /home/narayan/ros2_ws/install/my_interfaces/include/my_interfaces/my_interfaces/msg/detail/hd_status__description.c
[2.653s] -- Up-to-date: /home/narayan/ros2_ws/install/my_interfaces/include/my_interfaces/my_interfaces/msg/detail/hd_status__type_support.h
[2.654s] -- Installing: /home/narayan/ros2_ws/install/my_interfaces/include/my_interfaces/my_interfaces/msg/detail/hd_status__type_support.c
[2.654s] -- Up-to-date: /home/narayan/ros2_ws/install/my_interfaces/include/my_interfaces/my_interfaces/msg/detail/le_dstatus__functions.c
[2.655s] -- Up-to-date: /home/narayan/ros2_ws/install/my_interfaces/include/my_interfaces/my_interfaces/msg/detail/le_dstatus__description.c
[2.655s] -- Up-to-date: /home/narayan/ros2_ws/install/my_interfaces/include/my_interfaces/my_interfaces/msg/detail/le_dstatus__struct.h
[2.655s] -- Up-to-date: /home/narayan/ros2_ws/install/my_interfaces/include/my_interfaces/my_interfaces/msg/detail/hd_status__functions.h
[2.656s] -- Up-to-date: /home/narayan/ros2_ws/install/my_interfaces/include/my_interfaces/my_interfaces/msg/detail/le_dstatus__type_support.h
[2.656s] -- Up-to-date: /home/narayan/ros2_ws/install/my_interfaces/include/my_interfaces/my_interfaces/msg/detail/hd_status__struct.h
[2.657s] -- Up-to-date: /home/narayan/ros2_ws/install/my_interfaces/include/my_interfaces/my_interfaces/msg/detail/hd_status__functions.c
[2.657s] -- Up-to-date: /home/narayan/ros2_ws/install/my_interfaces/include/my_interfaces/my_interfaces/msg/detail/le_dstatus__functions.h
[2.658s] -- Installing: /home/narayan/ros2_ws/install/my_interfaces/include/my_interfaces/my_interfaces/msg/detail/le_dstatus__type_support.c
[2.658s] -- Up-to-date: /home/narayan/ros2_ws/install/my_interfaces/share/my_interfaces/environment/library_path.sh
[2.659s] -- Up-to-date: /home/narayan/ros2_ws/install/my_interfaces/share/my_interfaces/environment/library_path.dsv
[2.659s] -- Up-to-date: /home/narayan/ros2_ws/install/my_interfaces/lib/libmy_interfaces__rosidl_generator_c.so
[2.660s] -- Up-to-date: /home/narayan/ros2_ws/install/my_interfaces/include/my_interfaces/my_interfaces
[2.660s] -- Up-to-date: /home/narayan/ros2_ws/install/my_interfaces/include/my_interfaces/my_interfaces/srv
[2.660s] -- Up-to-date: /home/narayan/ros2_ws/install/my_interfaces/include/my_interfaces/my_interfaces/srv/detail
[2.661s] -- Up-to-date: /home/narayan/ros2_ws/install/my_interfaces/include/my_interfaces/my_interfaces/srv/detail/set_led__rosidl_typesupport_fastrtps_c.h
[2.661s] -- Up-to-date: /home/narayan/ros2_ws/install/my_interfaces/include/my_interfaces/my_interfaces/msg
[2.662s] -- Up-to-date: /home/narayan/ros2_ws/install/my_interfaces/include/my_interfaces/my_interfaces/msg/rosidl_typesupport_fastrtps_c__visibility_control.h
[2.662s] -- Up-to-date: /home/narayan/ros2_ws/install/my_interfaces/include/my_interfaces/my_interfaces/msg/detail
[2.663s] -- Up-to-date: /home/narayan/ros2_ws/install/my_interfaces/include/my_interfaces/my_interfaces/msg/detail/le_dstatus__rosidl_typesupport_fastrtps_c.h
[2.663s] -- Up-to-date: /home/narayan/ros2_ws/install/my_interfaces/include/my_interfaces/my_interfaces/msg/detail/hd_status__rosidl_typesupport_fastrtps_c.h
[2.663s] -- Up-to-date: /home/narayan/ros2_ws/install/my_interfaces/lib/libmy_interfaces__rosidl_typesupport_fastrtps_c.so
[2.664s] -- Up-to-date: /home/narayan/ros2_ws/install/my_interfaces/include/my_interfaces/my_interfaces
[2.664s] -- Up-to-date: /home/narayan/ros2_ws/install/my_interfaces/include/my_interfaces/my_interfaces/srv
[2.665s] -- Up-to-date: /home/narayan/ros2_ws/install/my_interfaces/include/my_interfaces/my_interfaces/srv/detail
[2.665s] -- Installing: /home/narayan/ros2_ws/install/my_interfaces/include/my_interfaces/my_interfaces/srv/detail/set_led__type_support.c
[2.666s] -- Up-to-date: /home/narayan/ros2_ws/install/my_interfaces/include/my_interfaces/my_interfaces/srv/detail/set_led__rosidl_typesupport_introspection_c.h
[2.666s] -- Up-to-date: /home/narayan/ros2_ws/install/my_interfaces/include/my_interfaces/my_interfaces/msg
[2.667s] -- Up-to-date: /home/narayan/ros2_ws/install/my_interfaces/include/my_interfaces/my_interfaces/msg/rosidl_typesupport_introspection_c__visibility_control.h
[2.667s] -- Up-to-date: /home/narayan/ros2_ws/install/my_interfaces/include/my_interfaces/my_interfaces/msg/detail
[2.667s] -- Up-to-date: /home/narayan/ros2_ws/install/my_interfaces/include/my_interfaces/my_interfaces/msg/detail/le_dstatus__rosidl_typesupport_introspection_c.h
[2.668s] -- Installing: /home/narayan/ros2_ws/install/my_interfaces/include/my_interfaces/my_interfaces/msg/detail/hd_status__type_support.c
[2.668s] -- Up-to-date: /home/narayan/ros2_ws/install/my_interfaces/include/my_interfaces/my_interfaces/msg/detail/hd_status__rosidl_typesupport_introspection_c.h
[2.669s] -- Installing: /home/narayan/ros2_ws/install/my_interfaces/include/my_interfaces/my_interfaces/msg/detail/le_dstatus__type_support.c
[2.669s] -- Up-to-date: /home/narayan/ros2_ws/install/my_interfaces/lib/libmy_interfaces__rosidl_typesupport_introspection_c.so
[2.671s] -- Up-to-date: /home/narayan/ros2_ws/install/my_interfaces/lib/libmy_interfaces__rosidl_typesupport_c.so
[2.672s] -- Up-to-date: /home/narayan/ros2_ws/install/my_interfaces/include/my_interfaces/my_interfaces
[2.673s] -- Up-to-date: /home/narayan/ros2_ws/install/my_interfaces/include/my_interfaces/my_interfaces/srv
[2.673s] -- Up-to-date: /home/narayan/ros2_ws/install/my_interfaces/include/my_interfaces/my_interfaces/srv/set_led.hpp
[2.674s] -- Up-to-date: /home/narayan/ros2_ws/install/my_interfaces/include/my_interfaces/my_interfaces/srv/detail
[2.675s] -- Up-to-date: /home/narayan/ros2_ws/install/my_interfaces/include/my_interfaces/my_interfaces/srv/detail/set_led__builder.hpp
[2.676s] -- Up-to-date: /home/narayan/ros2_ws/install/my_interfaces/include/my_interfaces/my_interfaces/srv/detail/set_led__traits.hpp
[2.676s] -- Up-to-date: /home/narayan/ros2_ws/install/my_interfaces/include/my_interfaces/my_interfaces/srv/detail/set_led__type_support.hpp
[2.677s] -- Up-to-date: /home/narayan/ros2_ws/install/my_interfaces/include/my_interfaces/my_interfaces/srv/detail/set_led__struct.hpp
[2.677s] -- Up-to-date: /home/narayan/ros2_ws/install/my_interfaces/include/my_interfaces/my_interfaces/msg
[2.678s] -- Up-to-date: /home/narayan/ros2_ws/install/my_interfaces/include/my_interfaces/my_interfaces/msg/rosidl_generator_cpp__visibility_control.hpp
[2.679s] -- Up-to-date: /home/narayan/ros2_ws/install/my_interfaces/include/my_interfaces/my_interfaces/msg/le_dstatus.hpp
[2.680s] -- Up-to-date: /home/narayan/ros2_ws/install/my_interfaces/include/my_interfaces/my_interfaces/msg/hd_status.hpp
[2.681s] -- Up-to-date: /home/narayan/ros2_ws/install/my_interfaces/include/my_interfaces/my_interfaces/msg/detail
[2.681s] -- Up-to-date: /home/narayan/ros2_ws/install/my_interfaces/include/my_interfaces/my_interfaces/msg/detail/hd_status__type_support.hpp
[2.682s] -- Up-to-date: /home/narayan/ros2_ws/install/my_interfaces/include/my_interfaces/my_interfaces/msg/detail/le_dstatus__type_support.hpp
[2.682s] -- Up-to-date: /home/narayan/ros2_ws/install/my_interfaces/include/my_interfaces/my_interfaces/msg/detail/le_dstatus__struct.hpp
[2.683s] -- Up-to-date: /home/narayan/ros2_ws/install/my_interfaces/include/my_interfaces/my_interfaces/msg/detail/hd_status__traits.hpp
[2.683s] -- Up-to-date: /home/narayan/ros2_ws/install/my_interfaces/include/my_interfaces/my_interfaces/msg/detail/le_dstatus__builder.hpp
[2.683s] -- Up-to-date: /home/narayan/ros2_ws/install/my_interfaces/include/my_interfaces/my_interfaces/msg/detail/hd_status__builder.hpp
[2.684s] -- Up-to-date: /home/narayan/ros2_ws/install/my_interfaces/include/my_interfaces/my_interfaces/msg/detail/le_dstatus__traits.hpp
[2.684s] -- Up-to-date: /home/narayan/ros2_ws/install/my_interfaces/include/my_interfaces/my_interfaces/msg/detail/hd_status__struct.hpp
[2.685s] -- Up-to-date: /home/narayan/ros2_ws/install/my_interfaces/include/my_interfaces/my_interfaces
[2.685s] -- Up-to-date: /home/narayan/ros2_ws/install/my_interfaces/include/my_interfaces/my_interfaces/srv
[2.686s] -- Up-to-date: /home/narayan/ros2_ws/install/my_interfaces/include/my_interfaces/my_interfaces/srv/detail
[2.686s] -- Up-to-date: /home/narayan/ros2_ws/install/my_interfaces/include/my_interfaces/my_interfaces/srv/detail/dds_fastrtps
[2.687s] -- Up-to-date: /home/narayan/ros2_ws/install/my_interfaces/include/my_interfaces/my_interfaces/srv/detail/set_led__rosidl_typesupport_fastrtps_cpp.hpp
[2.687s] -- Up-to-date: /home/narayan/ros2_ws/install/my_interfaces/include/my_interfaces/my_interfaces/msg
[2.688s] -- Up-to-date: /home/narayan/ros2_ws/install/my_interfaces/include/my_interfaces/my_interfaces/msg/rosidl_typesupport_fastrtps_cpp__visibility_control.h
[2.688s] -- Up-to-date: /home/narayan/ros2_ws/install/my_interfaces/include/my_interfaces/my_interfaces/msg/detail
[2.688s] -- Up-to-date: /home/narayan/ros2_ws/install/my_interfaces/include/my_interfaces/my_interfaces/msg/detail/le_dstatus__rosidl_typesupport_fastrtps_cpp.hpp
[2.689s] -- Up-to-date: /home/narayan/ros2_ws/install/my_interfaces/include/my_interfaces/my_interfaces/msg/detail/hd_status__rosidl_typesupport_fastrtps_cpp.hpp
[2.689s] -- Up-to-date: /home/narayan/ros2_ws/install/my_interfaces/include/my_interfaces/my_interfaces/msg/detail/dds_fastrtps
[2.690s] -- Up-to-date: /home/narayan/ros2_ws/install/my_interfaces/lib/libmy_interfaces__rosidl_typesupport_fastrtps_cpp.so
[2.690s] -- Up-to-date: /home/narayan/ros2_ws/install/my_interfaces/include/my_interfaces/my_interfaces
[2.690s] -- Up-to-date: /home/narayan/ros2_ws/install/my_interfaces/include/my_interfaces/my_interfaces/srv
[2.691s] -- Up-to-date: /home/narayan/ros2_ws/install/my_interfaces/include/my_interfaces/my_interfaces/srv/detail
[2.691s] -- Up-to-date: /home/narayan/ros2_ws/install/my_interfaces/include/my_interfaces/my_interfaces/srv/detail/set_led__type_support.cpp
[2.692s] -- Up-to-date: /home/narayan/ros2_ws/install/my_interfaces/include/my_interfaces/my_interfaces/srv/detail/set_led__rosidl_typesupport_introspection_cpp.hpp
[2.692s] -- Up-to-date: /home/narayan/ros2_ws/install/my_interfaces/include/my_interfaces/my_interfaces/msg
[2.695s] -- Up-to-date: /home/narayan/ros2_ws/install/my_interfaces/include/my_interfaces/my_interfaces/msg/detail
[2.695s] -- Up-to-date: /home/narayan/ros2_ws/install/my_interfaces/include/my_interfaces/my_interfaces/msg/detail/hd_status__type_support.cpp
[2.695s] -- Up-to-date: /home/narayan/ros2_ws/install/my_interfaces/include/my_interfaces/my_interfaces/msg/detail/hd_status__rosidl_typesupport_introspection_cpp.hpp
[2.696s] -- Up-to-date: /home/narayan/ros2_ws/install/my_interfaces/include/my_interfaces/my_interfaces/msg/detail/le_dstatus__type_support.cpp
[2.700s] -- Up-to-date: /home/narayan/ros2_ws/install/my_interfaces/include/my_interfaces/my_interfaces/msg/detail/le_dstatus__rosidl_typesupport_introspection_cpp.hpp
[2.700s] -- Up-to-date: /home/narayan/ros2_ws/install/my_interfaces/lib/libmy_interfaces__rosidl_typesupport_introspection_cpp.so
[2.701s] -- Up-to-date: /home/narayan/ros2_ws/install/my_interfaces/lib/libmy_interfaces__rosidl_typesupport_cpp.so
[2.701s] -- Up-to-date: /home/narayan/ros2_ws/install/my_interfaces/share/my_interfaces/environment/pythonpath.sh
[2.702s] -- Up-to-date: /home/narayan/ros2_ws/install/my_interfaces/share/my_interfaces/environment/pythonpath.dsv
[2.705s] -- Up-to-date: /home/narayan/ros2_ws/install/my_interfaces/lib/python3.12/site-packages/my_interfaces-0.0.0-py3.12.egg-info
[2.705s] -- Installing: /home/narayan/ros2_ws/install/my_interfaces/lib/python3.12/site-packages/my_interfaces-0.0.0-py3.12.egg-info/dependency_links.txt
[2.706s] -- Installing: /home/narayan/ros2_ws/install/my_interfaces/lib/python3.12/site-packages/my_interfaces-0.0.0-py3.12.egg-info/top_level.txt
[2.706s] -- Installing: /home/narayan/ros2_ws/install/my_interfaces/lib/python3.12/site-packages/my_interfaces-0.0.0-py3.12.egg-info/SOURCES.txt
[2.707s] -- Installing: /home/narayan/ros2_ws/install/my_interfaces/lib/python3.12/site-packages/my_interfaces-0.0.0-py3.12.egg-info/PKG-INFO
[2.707s] -- Up-to-date: /home/narayan/ros2_ws/install/my_interfaces/lib/python3.12/site-packages/my_interfaces
[2.707s] -- Up-to-date: /home/narayan/ros2_ws/install/my_interfaces/lib/python3.12/site-packages/my_interfaces/_my_interfaces_s.ep.rosidl_typesupport_fastrtps_c.c
[2.708s] -- Up-to-date: /home/narayan/ros2_ws/install/my_interfaces/lib/python3.12/site-packages/my_interfaces/srv
[2.708s] -- Up-to-date: /home/narayan/ros2_ws/install/my_interfaces/lib/python3.12/site-packages/my_interfaces/srv/__init__.py
[2.709s] -- Up-to-date: /home/narayan/ros2_ws/install/my_interfaces/lib/python3.12/site-packages/my_interfaces/srv/_set_led_s.c
[2.709s] -- Up-to-date: /home/narayan/ros2_ws/install/my_interfaces/lib/python3.12/site-packages/my_interfaces/srv/_set_led.py
[2.709s] -- Up-to-date: /home/narayan/ros2_ws/install/my_interfaces/lib/python3.12/site-packages/my_interfaces/_my_interfaces_s.ep.rosidl_typesupport_c.c
[2.710s] -- Up-to-date: /home/narayan/ros2_ws/install/my_interfaces/lib/python3.12/site-packages/my_interfaces/my_interfaces_s__rosidl_typesupport_c.so
[2.710s] -- Up-to-date: /home/narayan/ros2_ws/install/my_interfaces/lib/python3.12/site-packages/my_interfaces/msg
[2.711s] -- Up-to-date: /home/narayan/ros2_ws/install/my_interfaces/lib/python3.12/site-packages/my_interfaces/msg/_hd_status_s.c
[2.712s] -- Up-to-date: /home/narayan/ros2_ws/install/my_interfaces/lib/python3.12/site-packages/my_interfaces/msg/_hd_status.py
[2.713s] -- Up-to-date: /home/narayan/ros2_ws/install/my_interfaces/lib/python3.12/site-packages/my_interfaces/msg/_le_dstatus_s.c
[2.713s] -- Up-to-date: /home/narayan/ros2_ws/install/my_interfaces/lib/python3.12/site-packages/my_interfaces/msg/_le_dstatus.py
[2.714s] -- Up-to-date: /home/narayan/ros2_ws/install/my_interfaces/lib/python3.12/site-packages/my_interfaces/msg/__init__.py
[2.714s] -- Up-to-date: /home/narayan/ros2_ws/install/my_interfaces/lib/python3.12/site-packages/my_interfaces/my_interfaces_s__rosidl_typesupport_fastrtps_c.so
[2.715s] -- Up-to-date: /home/narayan/ros2_ws/install/my_interfaces/lib/python3.12/site-packages/my_interfaces/__init__.py
[2.715s] -- Up-to-date: /home/narayan/ros2_ws/install/my_interfaces/lib/python3.12/site-packages/my_interfaces/_my_interfaces_s.ep.rosidl_typesupport_introspection_c.c
[2.716s] -- Up-to-date: /home/narayan/ros2_ws/install/my_interfaces/lib/python3.12/site-packages/my_interfaces/my_interfaces_s__rosidl_typesupport_introspection_c.so
[2.888s] Listing '/home/narayan/ros2_ws/install/my_interfaces/lib/python3.12/site-packages/my_interfaces'...
[2.889s] Listing '/home/narayan/ros2_ws/install/my_interfaces/lib/python3.12/site-packages/my_interfaces/msg'...
[2.890s] Listing '/home/narayan/ros2_ws/install/my_interfaces/lib/python3.12/site-packages/my_interfaces/srv'...
[2.918s] -- Up-to-date: /home/narayan/ros2_ws/install/my_interfaces/lib/python3.12/site-packages/my_interfaces/my_interfaces_s__rosidl_typesupport_fastrtps_c.so
[2.921s] -- Up-to-date: /home/narayan/ros2_ws/install/my_interfaces/lib/python3.12/site-packages/my_interfaces/my_interfaces_s__rosidl_typesupport_introspection_c.so
[2.923s] -- Up-to-date: /home/narayan/ros2_ws/install/my_interfaces/lib/python3.12/site-packages/my_interfaces/my_interfaces_s__rosidl_typesupport_c.so
[2.926s] -- Up-to-date: /home/narayan/ros2_ws/install/my_interfaces/lib/libmy_interfaces__rosidl_generator_py.so
[2.927s] -- Up-to-date: /home/narayan/ros2_ws/install/my_interfaces/share/my_interfaces/msg/HdStatus.idl
[2.927s] -- Up-to-date: /home/narayan/ros2_ws/install/my_interfaces/share/my_interfaces/msg/LEDstatus.idl
[2.929s] -- Up-to-date: /home/narayan/ros2_ws/install/my_interfaces/share/my_interfaces/srv/SetLED.idl
[2.929s] -- Up-to-date: /home/narayan/ros2_ws/install/my_interfaces/share/my_interfaces/msg/HdStatus.msg
[2.930s] -- Up-to-date: /home/narayan/ros2_ws/install/my_interfaces/share/my_interfaces/msg/LEDstatus.msg
[2.930s] -- Up-to-date: /home/narayan/ros2_ws/install/my_interfaces/share/my_interfaces/srv/SetLED.srv
[2.931s] -- Up-to-date: /home/narayan/ros2_ws/install/my_interfaces/share/ament_index/resource_index/package_run_dependencies/my_interfaces
[2.932s] -- Up-to-date: /home/narayan/ros2_ws/install/my_interfaces/share/ament_index/resource_index/parent_prefix_path/my_interfaces
[2.932s] -- Up-to-date: /home/narayan/ros2_ws/install/my_interfaces/share/my_interfaces/environment/ament_prefix_path.sh
[2.933s] -- Up-to-date: /home/narayan/ros2_ws/install/my_interfaces/share/my_interfaces/environment/ament_prefix_path.dsv
[2.933s] -- Up-to-date: /home/narayan/ros2_ws/install/my_interfaces/share/my_interfaces/environment/path.sh
[2.934s] -- Up-to-date: /home/narayan/ros2_ws/install/my_interfaces/share/my_interfaces/environment/path.dsv
[2.934s] -- Up-to-date: /home/narayan/ros2_ws/install/my_interfaces/share/my_interfaces/local_setup.bash
[2.936s] -- Up-to-date: /home/narayan/ros2_ws/install/my_interfaces/share/my_interfaces/local_setup.sh
[2.937s] -- Up-to-date: /home/narayan/ros2_ws/install/my_interfaces/share/my_interfaces/local_setup.zsh
[2.939s] -- Up-to-date: /home/narayan/ros2_ws/install/my_interfaces/share/my_interfaces/local_setup.dsv
[2.942s] -- Installing: /home/narayan/ros2_ws/install/my_interfaces/share/my_interfaces/package.dsv
[2.944s] -- Up-to-date: /home/narayan/ros2_ws/install/my_interfaces/share/ament_index/resource_index/packages/my_interfaces
[2.945s] -- Up-to-date: /home/narayan/ros2_ws/install/my_interfaces/share/my_interfaces/cmake/export_my_interfaces__rosidl_generator_cExport.cmake
[2.946s] -- Up-to-date: /home/narayan/ros2_ws/install/my_interfaces/share/my_interfaces/cmake/export_my_interfaces__rosidl_generator_cExport-noconfig.cmake
[2.949s] -- Up-to-date: /home/narayan/ros2_ws/install/my_interfaces/share/my_interfaces/cmake/export_my_interfaces__rosidl_typesupport_fastrtps_cExport.cmake
[2.949s] -- Up-to-date: /home/narayan/ros2_ws/install/my_interfaces/share/my_interfaces/cmake/export_my_interfaces__rosidl_typesupport_fastrtps_cExport-noconfig.cmake
[2.950s] -- Up-to-date: /home/narayan/ros2_ws/install/my_interfaces/share/my_interfaces/cmake/my_interfaces__rosidl_typesupport_introspection_cExport.cmake
[2.951s] -- Up-to-date: /home/narayan/ros2_ws/install/my_interfaces/share/my_interfaces/cmake/my_interfaces__rosidl_typesupport_introspection_cExport-noconfig.cmake
[2.952s] -- Up-to-date: /home/narayan/ros2_ws/install/my_interfaces/share/my_interfaces/cmake/my_interfaces__rosidl_typesupport_cExport.cmake
[2.953s] -- Up-to-date: /home/narayan/ros2_ws/install/my_interfaces/share/my_interfaces/cmake/my_interfaces__rosidl_typesupport_cExport-noconfig.cmake
[2.953s] -- Up-to-date: /home/narayan/ros2_ws/install/my_interfaces/share/my_interfaces/cmake/export_my_interfaces__rosidl_generator_cppExport.cmake
[2.954s] -- Up-to-date: /home/narayan/ros2_ws/install/my_interfaces/share/my_interfaces/cmake/export_my_interfaces__rosidl_typesupport_fastrtps_cppExport.cmake
[2.954s] -- Up-to-date: /home/narayan/ros2_ws/install/my_interfaces/share/my_interfaces/cmake/export_my_interfaces__rosidl_typesupport_fastrtps_cppExport-noconfig.cmake
[2.954s] -- Up-to-date: /home/narayan/ros2_ws/install/my_interfaces/share/my_interfaces/cmake/my_interfaces__rosidl_typesupport_introspection_cppExport.cmake
[2.955s] -- Up-to-date: /home/narayan/ros2_ws/install/my_interfaces/share/my_interfaces/cmake/my_interfaces__rosidl_typesupport_introspection_cppExport-noconfig.cmake
[2.955s] -- Up-to-date: /home/narayan/ros2_ws/install/my_interfaces/share/my_interfaces/cmake/my_interfaces__rosidl_typesupport_cppExport.cmake
[2.956s] -- Up-to-date: /home/narayan/ros2_ws/install/my_interfaces/share/my_interfaces/cmake/my_interfaces__rosidl_typesupport_cppExport-noconfig.cmake
[2.957s] -- Up-to-date: /home/narayan/ros2_ws/install/my_interfaces/share/my_interfaces/cmake/export_my_interfaces__rosidl_generator_pyExport.cmake
[2.957s] -- Up-to-date: /home/narayan/ros2_ws/install/my_interfaces/share/my_interfaces/cmake/export_my_interfaces__rosidl_generator_pyExport-noconfig.cmake
[2.958s] -- Up-to-date: /home/narayan/ros2_ws/install/my_interfaces/share/my_interfaces/cmake/rosidl_cmake-extras.cmake
[2.958s] -- Up-to-date: /home/narayan/ros2_ws/install/my_interfaces/share/my_interfaces/cmake/ament_cmake_export_dependencies-extras.cmake
[2.959s] -- Up-to-date: /home/narayan/ros2_ws/install/my_interfaces/share/my_interfaces/cmake/ament_cmake_export_include_directories-extras.cmake
[2.959s] -- Up-to-date: /home/narayan/ros2_ws/install/my_interfaces/share/my_interfaces/cmake/ament_cmake_export_libraries-extras.cmake
[2.960s] -- Up-to-date: /home/narayan/ros2_ws/install/my_interfaces/share/my_interfaces/cmake/ament_cmake_export_targets-extras.cmake
[2.960s] -- Up-to-date: /home/narayan/ros2_ws/install/my_interfaces/share/my_interfaces/cmake/rosidl_cmake_export_typesupport_targets-extras.cmake
[2.961s] -- Up-to-date: /home/narayan/ros2_ws/install/my_interfaces/share/my_interfaces/cmake/rosidl_cmake_export_typesupport_libraries-extras.cmake
[2.961s] -- Up-to-date: /home/narayan/ros2_ws/install/my_interfaces/share/my_interfaces/cmake/my_interfacesConfig.cmake
[2.962s] -- Up-to-date: /home/narayan/ros2_ws/install/my_interfaces/share/my_interfaces/cmake/my_interfacesConfig-version.cmake
[2.962s] -- Up-to-date: /home/narayan/ros2_ws/install/my_interfaces/share/my_interfaces/package.xml
[2.965s] Invoked command in '/home/narayan/ros2_ws/build/my_interfaces' returned '0': CMAKE_PREFIX_PATH=${CMAKE_PREFIX_PATH}:/home/narayan/ros2_ws/install/onepkg:/home/narayan/ros2_ws/install/TransNum:/opt/ros/jazzy DEBUGINFOD_URLS=https://debuginfod.ubuntu.com /usr/bin/cmake --install /home/narayan/ros2_ws/build/my_interfaces
