[5.883s] Invoking command in '/home/narayan/ros2_ws/src/TransNum': DEBUGINFOD_URLS=https://debuginfod.ubuntu.com PYTHONPATH=/home/narayan/ros2_ws/build/TransNum/prefix_override:/usr/lib/python3/dist-packages/colcon_core/task/python/colcon_distutils_commands:/home/narayan/ros2_ws/install/TransNum/lib/python3.12/site-packages:${PYTHONPATH} /usr/bin/python3 -W ignore:setup.py install is deprecated -W ignore:easy_install command is deprecated setup.py egg_info --egg-base ../../build/TransNum build --build-base /home/narayan/ros2_ws/build/TransNum/build install --record /home/narayan/ros2_ws/build/TransNum/install.log --single-version-externally-managed install_data
[7.597s] running egg_info
[7.716s] writing ../../build/TransNum/TransNum.egg-info/PKG-INFO
[7.717s] writing dependency_links to ../../build/TransNum/TransNum.egg-info/dependency_links.txt
[7.719s] writing entry points to ../../build/TransNum/TransNum.egg-info/entry_points.txt
[7.720s] writing requirements to ../../build/TransNum/TransNum.egg-info/requires.txt
[7.723s] writing top-level names to ../../build/TransNum/TransNum.egg-info/top_level.txt
[8.076s] reading manifest file '../../build/TransNum/TransNum.egg-info/SOURCES.txt'
[8.082s] writing manifest file '../../build/TransNum/TransNum.egg-info/SOURCES.txt'
[8.084s] running build
[8.085s] running build_py
[8.086s] running install
[8.112s] running install_lib
[8.287s] running install_data
[8.288s] running install_egg_info
[8.419s] removing '/home/narayan/ros2_ws/install/TransNum/lib/python3.12/site-packages/TransNum-0.0.0-py3.12.egg-info' (and everything under it)
[8.421s] Copying ../../build/TransNum/TransNum.egg-info to /home/narayan/ros2_ws/install/TransNum/lib/python3.12/site-packages/TransNum-0.0.0-py3.12.egg-info
[8.429s] running install_scripts
[9.800s] Installing number_publisher script to /home/narayan/ros2_ws/install/TransNum/lib/TransNum
[9.810s] Installing two_way script to /home/narayan/ros2_ws/install/TransNum/lib/TransNum
[9.816s] writing list of installed files to '/home/narayan/ros2_ws/build/TransNum/install.log'
[10.309s] Invoked command in '/home/narayan/ros2_ws/src/TransNum' returned '0': DEBUGINFOD_URLS=https://debuginfod.ubuntu.com PYTHONPATH=/home/narayan/ros2_ws/build/TransNum/prefix_override:/usr/lib/python3/dist-packages/colcon_core/task/python/colcon_distutils_commands:/home/narayan/ros2_ws/install/TransNum/lib/python3.12/site-packages:${PYTHONPATH} /usr/bin/python3 -W ignore:setup.py install is deprecated -W ignore:easy_install command is deprecated setup.py egg_info --egg-base ../../build/TransNum build --build-base /home/narayan/ros2_ws/build/TransNum/build install --record /home/narayan/ros2_ws/build/TransNum/install.log --single-version-externally-managed install_data
