[4.731s] Invoking command in '/home/narayan/ros2_ws/src/turtle_sim': CMAKE_PREFIX_PATH=/home/narayan/ros2_ws/install/my_interfaces:/home/narayan/ros2_ws/install/launch_file:/home/narayan/ros2_ws/install/led_activity:/opt/ros/jazzy/opt/gz_math_vendor:/opt/ros/jazzy/opt/gz_utils_vendor:/opt/ros/jazzy/opt/gz_cmake_vendor DEBUGINFOD_URLS=https://debuginfod.ubuntu.com PYTHONPATH=/home/narayan/ros2_ws/build/turtle_sim/prefix_override:/usr/lib/python3/dist-packages/colcon_core/task/python/colcon_distutils_commands:/home/narayan/ros2_ws/install/turtle_sim/lib/python3.12/site-packages:/home/narayan/ros2_ws/install/my_interfaces/lib/python3.12/site-packages:/home/narayan/ros2_ws/install/turtle_sim/lib/python3.12/site-packages:/home/narayan/ros2_ws/install/onepkg/lib/python3.12/site-packages:/home/narayan/ros2_ws/install/led_activity/lib/python3.12/site-packages:/home/narayan/ros2_ws/install/TransNum/lib/python3.12/site-packages:/opt/ros/jazzy/lib/python3.12/site-packages /usr/bin/python3 -W ignore:setup.py install is deprecated -W ignore:easy_install command is deprecated setup.py egg_info --egg-base ../../build/turtle_sim build --build-base /home/narayan/ros2_ws/build/turtle_sim/build install --record /home/narayan/ros2_ws/build/turtle_sim/install.log --single-version-externally-managed install_data
[5.890s] running egg_info
[5.968s] writing ../../build/turtle_sim/turtle_sim.egg-info/PKG-INFO
[5.970s] writing dependency_links to ../../build/turtle_sim/turtle_sim.egg-info/dependency_links.txt
[5.972s] writing entry points to ../../build/turtle_sim/turtle_sim.egg-info/entry_points.txt
[5.972s] writing requirements to ../../build/turtle_sim/turtle_sim.egg-info/requires.txt
[5.973s] writing top-level names to ../../build/turtle_sim/turtle_sim.egg-info/top_level.txt
[6.141s] reading manifest file '../../build/turtle_sim/turtle_sim.egg-info/SOURCES.txt'
[6.147s] writing manifest file '../../build/turtle_sim/turtle_sim.egg-info/SOURCES.txt'
[6.149s] running build
[6.150s] running build_py
[6.151s] copying turtle_sim/turtle1.py -> /home/narayan/ros2_ws/build/turtle_sim/build/lib/turtle_sim
[6.154s] running install
[6.177s] running install_lib
[6.261s] copying /home/narayan/ros2_ws/build/turtle_sim/build/lib/turtle_sim/turtle1.py -> /home/narayan/ros2_ws/install/turtle_sim/lib/python3.12/site-packages/turtle_sim
[6.264s] byte-compiling /home/narayan/ros2_ws/install/turtle_sim/lib/python3.12/site-packages/turtle_sim/turtle1.py to turtle1.cpython-312.pyc
[6.268s] running install_data
[6.268s] running install_egg_info
[6.354s] removing '/home/narayan/ros2_ws/install/turtle_sim/lib/python3.12/site-packages/turtle_sim-0.0.0-py3.12.egg-info' (and everything under it)
[6.356s] Copying ../../build/turtle_sim/turtle_sim.egg-info to /home/narayan/ros2_ws/install/turtle_sim/lib/python3.12/site-packages/turtle_sim-0.0.0-py3.12.egg-info
[6.363s] running install_scripts
[6.993s] Installing server script to /home/narayan/ros2_ws/install/turtle_sim/lib/turtle_sim
[6.993s] Installing spawner script to /home/narayan/ros2_ws/install/turtle_sim/lib/turtle_sim
[7.015s] Installing turtle script to /home/narayan/ros2_ws/install/turtle_sim/lib/turtle_sim
[7.018s] writing list of installed files to '/home/narayan/ros2_ws/build/turtle_sim/install.log'
[7.162s] Invoked command in '/home/narayan/ros2_ws/src/turtle_sim' returned '0': CMAKE_PREFIX_PATH=/home/narayan/ros2_ws/install/my_interfaces:/home/narayan/ros2_ws/install/launch_file:/home/narayan/ros2_ws/install/led_activity:/opt/ros/jazzy/opt/gz_math_vendor:/opt/ros/jazzy/opt/gz_utils_vendor:/opt/ros/jazzy/opt/gz_cmake_vendor DEBUGINFOD_URLS=https://debuginfod.ubuntu.com PYTHONPATH=/home/narayan/ros2_ws/build/turtle_sim/prefix_override:/usr/lib/python3/dist-packages/colcon_core/task/python/colcon_distutils_commands:/home/narayan/ros2_ws/install/turtle_sim/lib/python3.12/site-packages:/home/narayan/ros2_ws/install/my_interfaces/lib/python3.12/site-packages:/home/narayan/ros2_ws/install/turtle_sim/lib/python3.12/site-packages:/home/narayan/ros2_ws/install/onepkg/lib/python3.12/site-packages:/home/narayan/ros2_ws/install/led_activity/lib/python3.12/site-packages:/home/narayan/ros2_ws/install/TransNum/lib/python3.12/site-packages:/opt/ros/jazzy/lib/python3.12/site-packages /usr/bin/python3 -W ignore:setup.py install is deprecated -W ignore:easy_install command is deprecated setup.py egg_info --egg-base ../../build/turtle_sim build --build-base /home/narayan/ros2_ws/build/turtle_sim/build install --record /home/narayan/ros2_ws/build/turtle_sim/install.log --single-version-externally-managed install_data
