[0.066s] Invoking command in '/home/narayan/ros2_ws/build/launch_file': AMENT_PREFIX_PATH=/home/narayan/ros2_ws/install/TransNum:/home/narayan/ros2_ws/install/onepkg:/home/narayan/ros2_ws/install/led_activity:/home/narayan/ros2_ws/install/my_interfaces:/home/narayan/ros2_ws/install/launch_file:/opt/ros/jazzy CMAKE_PREFIX_PATH=${CMAKE_PREFIX_PATH}:/home/narayan/ros2_ws/install/onepkg:/home/narayan/ros2_ws/install/TransNum:/opt/ros/jazzy DEBUGINFOD_URLS=https://debuginfod.ubuntu.com PYTHONPATH=/home/narayan/ros2_ws/install/TransNum/lib/python3.12/site-packages:/home/narayan/ros2_ws/install/onepkg/lib/python3.12/site-packages:/home/narayan/ros2_ws/install/led_activity/lib/python3.12/site-packages:/home/narayan/ros2_ws/install/my_interfaces/lib/python3.12/site-packages:/opt/ros/jazzy/lib/python3.12/site-packages /usr/bin/cmake --build /home/narayan/ros2_ws/build/launch_file -- -j4 -l4
[0.227s] -- Found ament_cmake: 2.5.4 (/opt/ros/jazzy/share/ament_cmake/cmake)
[2.076s] -- Configuring done (1.9s)
[2.128s] -- Generating done (0.0s)
[2.144s] -- Build files have been written to: /home/narayan/ros2_ws/build/launch_file
[2.279s] Invoked command in '/home/narayan/ros2_ws/build/launch_file' returned '0': AMENT_PREFIX_PATH=/home/narayan/ros2_ws/install/TransNum:/home/narayan/ros2_ws/install/onepkg:/home/narayan/ros2_ws/install/led_activity:/home/narayan/ros2_ws/install/my_interfaces:/home/narayan/ros2_ws/install/launch_file:/opt/ros/jazzy CMAKE_PREFIX_PATH=${CMAKE_PREFIX_PATH}:/home/narayan/ros2_ws/install/onepkg:/home/narayan/ros2_ws/install/TransNum:/opt/ros/jazzy DEBUGINFOD_URLS=https://debuginfod.ubuntu.com PYTHONPATH=/home/narayan/ros2_ws/install/TransNum/lib/python3.12/site-packages:/home/narayan/ros2_ws/install/onepkg/lib/python3.12/site-packages:/home/narayan/ros2_ws/install/led_activity/lib/python3.12/site-packages:/home/narayan/ros2_ws/install/my_interfaces/lib/python3.12/site-packages:/opt/ros/jazzy/lib/python3.12/site-packages /usr/bin/cmake --build /home/narayan/ros2_ws/build/launch_file -- -j4 -l4
[2.285s] Invoking command in '/home/narayan/ros2_ws/build/launch_file': AMENT_PREFIX_PATH=/home/narayan/ros2_ws/install/TransNum:/home/narayan/ros2_ws/install/onepkg:/home/narayan/ros2_ws/install/led_activity:/home/narayan/ros2_ws/install/my_interfaces:/home/narayan/ros2_ws/install/launch_file:/opt/ros/jazzy CMAKE_PREFIX_PATH=${CMAKE_PREFIX_PATH}:/home/narayan/ros2_ws/install/onepkg:/home/narayan/ros2_ws/install/TransNum:/opt/ros/jazzy DEBUGINFOD_URLS=https://debuginfod.ubuntu.com PYTHONPATH=/home/narayan/ros2_ws/install/TransNum/lib/python3.12/site-packages:/home/narayan/ros2_ws/install/onepkg/lib/python3.12/site-packages:/home/narayan/ros2_ws/install/led_activity/lib/python3.12/site-packages:/home/narayan/ros2_ws/install/my_interfaces/lib/python3.12/site-packages:/opt/ros/jazzy/lib/python3.12/site-packages /usr/bin/cmake --install /home/narayan/ros2_ws/build/launch_file
[2.338s] -- Install configuration: ""
[2.339s] -- Up-to-date: /home/narayan/ros2_ws/install/launch_file/share/launch_file/launch
[2.340s] -- Up-to-date: /home/narayan/ros2_ws/install/launch_file/share/launch_file/launch/python_launcher.xml
[2.342s] -- Up-to-date: /home/narayan/ros2_ws/install/launch_file/share/launch_file/launch/number_counter_launch.py
[2.345s] -- Up-to-date: /home/narayan/ros2_ws/install/launch_file/share/launch_file/launch/number_counter_launch.xml
[2.345s] -- Installing: /home/narayan/ros2_ws/install/launch_file/share/launch_file/config
[2.348s] -- Installing: /home/narayan/ros2_ws/install/launch_file/share/launch_file/config/number_params.yaml
[2.349s] -- Up-to-date: /home/narayan/ros2_ws/install/launch_file/share/ament_index/resource_index/package_run_dependencies/launch_file
[2.351s] -- Installing: /home/narayan/ros2_ws/install/launch_file/share/ament_index/resource_index/parent_prefix_path/launch_file
[2.352s] -- Up-to-date: /home/narayan/ros2_ws/install/launch_file/share/launch_file/environment/ament_prefix_path.sh
[2.353s] -- Up-to-date: /home/narayan/ros2_ws/install/launch_file/share/launch_file/environment/ament_prefix_path.dsv
[2.353s] -- Up-to-date: /home/narayan/ros2_ws/install/launch_file/share/launch_file/environment/path.sh
[2.354s] -- Up-to-date: /home/narayan/ros2_ws/install/launch_file/share/launch_file/environment/path.dsv
[2.355s] -- Up-to-date: /home/narayan/ros2_ws/install/launch_file/share/launch_file/local_setup.bash
[2.356s] -- Up-to-date: /home/narayan/ros2_ws/install/launch_file/share/launch_file/local_setup.sh
[2.357s] -- Up-to-date: /home/narayan/ros2_ws/install/launch_file/share/launch_file/local_setup.zsh
[2.357s] -- Up-to-date: /home/narayan/ros2_ws/install/launch_file/share/launch_file/local_setup.dsv
[2.357s] -- Installing: /home/narayan/ros2_ws/install/launch_file/share/launch_file/package.dsv
[2.359s] -- Up-to-date: /home/narayan/ros2_ws/install/launch_file/share/ament_index/resource_index/packages/launch_file
[2.359s] -- Up-to-date: /home/narayan/ros2_ws/install/launch_file/share/launch_file/cmake/launch_fileConfig.cmake
[2.360s] -- Up-to-date: /home/narayan/ros2_ws/install/launch_file/share/launch_file/cmake/launch_fileConfig-version.cmake
[2.360s] -- Up-to-date: /home/narayan/ros2_ws/install/launch_file/share/launch_file/package.xml
[2.374s] Invoked command in '/home/narayan/ros2_ws/build/launch_file' returned '0': AMENT_PREFIX_PATH=/home/narayan/ros2_ws/install/TransNum:/home/narayan/ros2_ws/install/onepkg:/home/narayan/ros2_ws/install/led_activity:/home/narayan/ros2_ws/install/my_interfaces:/home/narayan/ros2_ws/install/launch_file:/opt/ros/jazzy CMAKE_PREFIX_PATH=${CMAKE_PREFIX_PATH}:/home/narayan/ros2_ws/install/onepkg:/home/narayan/ros2_ws/install/TransNum:/opt/ros/jazzy DEBUGINFOD_URLS=https://debuginfod.ubuntu.com PYTHONPATH=/home/narayan/ros2_ws/install/TransNum/lib/python3.12/site-packages:/home/narayan/ros2_ws/install/onepkg/lib/python3.12/site-packages:/home/narayan/ros2_ws/install/led_activity/lib/python3.12/site-packages:/home/narayan/ros2_ws/install/my_interfaces/lib/python3.12/site-packages:/opt/ros/jazzy/lib/python3.12/site-packages /usr/bin/cmake --install /home/narayan/ros2_ws/build/launch_file
