[0.107s] DEBUG:colcon:Command line arguments: ['/usr/bin/colcon', 'build']
[0.107s] DEBUG:colcon:Parsed command line arguments: Namespace(log_base=None, log_level=None, verb_name='build', build_base='build', install_base='install', merge_install=False, symlink_install=False, test_result_base=None, continue_on_error=False, executor='parallel', parallel_workers=12, event_handlers=None, ignore_user_meta=False, metas=['./colcon.meta'], base_paths=['.'], packages_ignore=None, packages_ignore_regex=None, paths=None, packages_up_to=None, packages_up_to_regex=None, packages_above=None, packages_above_and_dependencies=None, packages_above_depth=None, packages_select_by_dep=None, packages_skip_by_dep=None, packages_skip_up_to=None, packages_select_build_failed=False, packages_skip_build_finished=False, packages_select_test_failures=False, packages_skip_test_passed=False, packages_select=None, packages_skip=None, packages_select_regex=None, packages_skip_regex=None, packages_start=None, packages_end=None, allow_overriding=[], cmake_args=None, cmake_target=None, cmake_target_skip_unavailable=False, cmake_clean_cache=False, cmake_clean_first=False, cmake_force_configure=False, ament_cmake_args=None, catkin_cmake_args=None, catkin_skip_building_tests=False, mixin_files=None, mixin=None, verb_parser=<colcon_mixin.mixin.mixin_argument.MixinArgumentDecorator object at 0x76124e784d40>, verb_extension=<colcon_core.verb.build.BuildVerb object at 0x76124e8b9280>, main=<bound method BuildVerb.main of <colcon_core.verb.build.BuildVerb object at 0x76124e8b9280>>, mixin_verb=('build',))
[0.146s] Level 1:colcon.colcon_core.package_discovery:discover_packages(colcon_meta) check parameters
[0.147s] Level 1:colcon.colcon_core.package_discovery:discover_packages(recursive) check parameters
[0.147s] Level 1:colcon.colcon_core.package_discovery:discover_packages(ignore) check parameters
[0.147s] Level 1:colcon.colcon_core.package_discovery:discover_packages(path) check parameters
[0.147s] Level 1:colcon.colcon_core.package_discovery:discover_packages(colcon_meta) discover
[0.147s] Level 1:colcon.colcon_core.package_discovery:discover_packages(recursive) discover
[0.147s] INFO:colcon.colcon_core.package_discovery:Crawling recursively for packages in '/home/narayan_/Documents/ros2_ws'
[0.147s] Level 1:colcon.colcon_core.package_identification:_identify(.) by extensions ['ignore', 'ignore_ament_install']
[0.147s] Level 1:colcon.colcon_core.package_identification:_identify(.) by extension 'ignore'
[0.147s] Level 1:colcon.colcon_core.package_identification:_identify(.) by extension 'ignore_ament_install'
[0.147s] Level 1:colcon.colcon_core.package_identification:_identify(.) by extensions ['colcon_pkg']
[0.147s] Level 1:colcon.colcon_core.package_identification:_identify(.) by extension 'colcon_pkg'
[0.147s] Level 1:colcon.colcon_core.package_identification:_identify(.) by extensions ['colcon_meta']
[0.147s] Level 1:colcon.colcon_core.package_identification:_identify(.) by extension 'colcon_meta'
[0.147s] Level 1:colcon.colcon_core.package_identification:_identify(.) by extensions ['ros']
[0.147s] Level 1:colcon.colcon_core.package_identification:_identify(.) by extension 'ros'
[0.172s] Level 1:colcon.colcon_core.package_identification:_identify(.) by extensions ['cmake', 'python']
[0.172s] Level 1:colcon.colcon_core.package_identification:_identify(.) by extension 'cmake'
[0.172s] Level 1:colcon.colcon_core.package_identification:_identify(.) by extension 'python'
[0.172s] Level 1:colcon.colcon_core.package_identification:_identify(.) by extensions ['python_setup_py']
[0.172s] Level 1:colcon.colcon_core.package_identification:_identify(.) by extension 'python_setup_py'
[0.172s] Level 1:colcon.colcon_core.package_identification:_identify(build) by extensions ['ignore', 'ignore_ament_install']
[0.172s] Level 1:colcon.colcon_core.package_identification:_identify(build) by extension 'ignore'
[0.172s] Level 1:colcon.colcon_core.package_identification:_identify(build) ignored
[0.173s] Level 1:colcon.colcon_core.package_identification:_identify(install) by extensions ['ignore', 'ignore_ament_install']
[0.173s] Level 1:colcon.colcon_core.package_identification:_identify(install) by extension 'ignore'
[0.173s] Level 1:colcon.colcon_core.package_identification:_identify(install) ignored
[0.173s] Level 1:colcon.colcon_core.package_identification:_identify(log) by extensions ['ignore', 'ignore_ament_install']
[0.173s] Level 1:colcon.colcon_core.package_identification:_identify(log) by extension 'ignore'
[0.173s] Level 1:colcon.colcon_core.package_identification:_identify(log) ignored
[0.173s] Level 1:colcon.colcon_core.package_identification:_identify(src) by extensions ['ignore', 'ignore_ament_install']
[0.173s] Level 1:colcon.colcon_core.package_identification:_identify(src) by extension 'ignore'
[0.173s] Level 1:colcon.colcon_core.package_identification:_identify(src) by extension 'ignore_ament_install'
[0.173s] Level 1:colcon.colcon_core.package_identification:_identify(src) by extensions ['colcon_pkg']
[0.173s] Level 1:colcon.colcon_core.package_identification:_identify(src) by extension 'colcon_pkg'
[0.173s] Level 1:colcon.colcon_core.package_identification:_identify(src) by extensions ['colcon_meta']
[0.173s] Level 1:colcon.colcon_core.package_identification:_identify(src) by extension 'colcon_meta'
[0.173s] Level 1:colcon.colcon_core.package_identification:_identify(src) by extensions ['ros']
[0.173s] Level 1:colcon.colcon_core.package_identification:_identify(src) by extension 'ros'
[0.174s] Level 1:colcon.colcon_core.package_identification:_identify(src) by extensions ['cmake', 'python']
[0.174s] Level 1:colcon.colcon_core.package_identification:_identify(src) by extension 'cmake'
[0.174s] Level 1:colcon.colcon_core.package_identification:_identify(src) by extension 'python'
[0.174s] Level 1:colcon.colcon_core.package_identification:_identify(src) by extensions ['python_setup_py']
[0.174s] Level 1:colcon.colcon_core.package_identification:_identify(src) by extension 'python_setup_py'
[0.174s] Level 1:colcon.colcon_core.package_identification:_identify(src/TransNum) by extensions ['ignore', 'ignore_ament_install']
[0.174s] Level 1:colcon.colcon_core.package_identification:_identify(src/TransNum) by extension 'ignore'
[0.174s] Level 1:colcon.colcon_core.package_identification:_identify(src/TransNum) by extension 'ignore_ament_install'
[0.174s] Level 1:colcon.colcon_core.package_identification:_identify(src/TransNum) by extensions ['colcon_pkg']
[0.174s] Level 1:colcon.colcon_core.package_identification:_identify(src/TransNum) by extension 'colcon_pkg'
[0.174s] Level 1:colcon.colcon_core.package_identification:_identify(src/TransNum) by extensions ['colcon_meta']
[0.174s] Level 1:colcon.colcon_core.package_identification:_identify(src/TransNum) by extension 'colcon_meta'
[0.174s] Level 1:colcon.colcon_core.package_identification:_identify(src/TransNum) by extensions ['ros']
[0.174s] Level 1:colcon.colcon_core.package_identification:_identify(src/TransNum) by extension 'ros'
[0.177s] DEBUG:colcon.colcon_core.package_identification:Package 'src/TransNum' with type 'ros.ament_python' and name 'TransNum'
[0.177s] Level 1:colcon.colcon_core.package_identification:_identify(src/launch_file) by extensions ['ignore', 'ignore_ament_install']
[0.177s] Level 1:colcon.colcon_core.package_identification:_identify(src/launch_file) by extension 'ignore'
[0.177s] Level 1:colcon.colcon_core.package_identification:_identify(src/launch_file) by extension 'ignore_ament_install'
[0.177s] Level 1:colcon.colcon_core.package_identification:_identify(src/launch_file) by extensions ['colcon_pkg']
[0.177s] Level 1:colcon.colcon_core.package_identification:_identify(src/launch_file) by extension 'colcon_pkg'
[0.177s] Level 1:colcon.colcon_core.package_identification:_identify(src/launch_file) by extensions ['colcon_meta']
[0.177s] Level 1:colcon.colcon_core.package_identification:_identify(src/launch_file) by extension 'colcon_meta'
[0.177s] Level 1:colcon.colcon_core.package_identification:_identify(src/launch_file) by extensions ['ros']
[0.177s] Level 1:colcon.colcon_core.package_identification:_identify(src/launch_file) by extension 'ros'
[0.178s] DEBUG:colcon.colcon_core.package_identification:Package 'src/launch_file' with type 'ros.ament_cmake' and name 'launch_file'
[0.178s] Level 1:colcon.colcon_core.package_identification:_identify(src/led_activity) by extensions ['ignore', 'ignore_ament_install']
[0.178s] Level 1:colcon.colcon_core.package_identification:_identify(src/led_activity) by extension 'ignore'
[0.178s] Level 1:colcon.colcon_core.package_identification:_identify(src/led_activity) by extension 'ignore_ament_install'
[0.178s] Level 1:colcon.colcon_core.package_identification:_identify(src/led_activity) by extensions ['colcon_pkg']
[0.178s] Level 1:colcon.colcon_core.package_identification:_identify(src/led_activity) by extension 'colcon_pkg'
[0.178s] Level 1:colcon.colcon_core.package_identification:_identify(src/led_activity) by extensions ['colcon_meta']
[0.178s] Level 1:colcon.colcon_core.package_identification:_identify(src/led_activity) by extension 'colcon_meta'
[0.178s] Level 1:colcon.colcon_core.package_identification:_identify(src/led_activity) by extensions ['ros']
[0.178s] Level 1:colcon.colcon_core.package_identification:_identify(src/led_activity) by extension 'ros'
[0.178s] DEBUG:colcon.colcon_core.package_identification:Package 'src/led_activity' with type 'ros.ament_python' and name 'led_activity'
[0.178s] Level 1:colcon.colcon_core.package_identification:_identify(src/my_interfaces) by extensions ['ignore', 'ignore_ament_install']
[0.178s] Level 1:colcon.colcon_core.package_identification:_identify(src/my_interfaces) by extension 'ignore'
[0.178s] Level 1:colcon.colcon_core.package_identification:_identify(src/my_interfaces) by extension 'ignore_ament_install'
[0.179s] Level 1:colcon.colcon_core.package_identification:_identify(src/my_interfaces) by extensions ['colcon_pkg']
[0.179s] Level 1:colcon.colcon_core.package_identification:_identify(src/my_interfaces) by extension 'colcon_pkg'
[0.179s] Level 1:colcon.colcon_core.package_identification:_identify(src/my_interfaces) by extensions ['colcon_meta']
[0.179s] Level 1:colcon.colcon_core.package_identification:_identify(src/my_interfaces) by extension 'colcon_meta'
[0.179s] Level 1:colcon.colcon_core.package_identification:_identify(src/my_interfaces) by extensions ['ros']
[0.179s] Level 1:colcon.colcon_core.package_identification:_identify(src/my_interfaces) by extension 'ros'
[0.179s] DEBUG:colcon.colcon_core.package_identification:Package 'src/my_interfaces' with type 'ros.ament_cmake' and name 'my_interfaces'
[0.179s] Level 1:colcon.colcon_core.package_identification:_identify(src/onepkg) by extensions ['ignore', 'ignore_ament_install']
[0.179s] Level 1:colcon.colcon_core.package_identification:_identify(src/onepkg) by extension 'ignore'
[0.179s] Level 1:colcon.colcon_core.package_identification:_identify(src/onepkg) by extension 'ignore_ament_install'
[0.179s] Level 1:colcon.colcon_core.package_identification:_identify(src/onepkg) by extensions ['colcon_pkg']
[0.180s] Level 1:colcon.colcon_core.package_identification:_identify(src/onepkg) by extension 'colcon_pkg'
[0.180s] Level 1:colcon.colcon_core.package_identification:_identify(src/onepkg) by extensions ['colcon_meta']
[0.180s] Level 1:colcon.colcon_core.package_identification:_identify(src/onepkg) by extension 'colcon_meta'
[0.180s] Level 1:colcon.colcon_core.package_identification:_identify(src/onepkg) by extensions ['ros']
[0.180s] Level 1:colcon.colcon_core.package_identification:_identify(src/onepkg) by extension 'ros'
[0.180s] DEBUG:colcon.colcon_core.package_identification:Package 'src/onepkg' with type 'ros.ament_python' and name 'onepkg'
[0.180s] Level 1:colcon.colcon_core.package_identification:_identify(src/turtle_sim) by extensions ['ignore', 'ignore_ament_install']
[0.180s] Level 1:colcon.colcon_core.package_identification:_identify(src/turtle_sim) by extension 'ignore'
[0.180s] Level 1:colcon.colcon_core.package_identification:_identify(src/turtle_sim) by extension 'ignore_ament_install'
[0.180s] Level 1:colcon.colcon_core.package_identification:_identify(src/turtle_sim) by extensions ['colcon_pkg']
[0.180s] Level 1:colcon.colcon_core.package_identification:_identify(src/turtle_sim) by extension 'colcon_pkg'
[0.180s] Level 1:colcon.colcon_core.package_identification:_identify(src/turtle_sim) by extensions ['colcon_meta']
[0.180s] Level 1:colcon.colcon_core.package_identification:_identify(src/turtle_sim) by extension 'colcon_meta'
[0.180s] Level 1:colcon.colcon_core.package_identification:_identify(src/turtle_sim) by extensions ['ros']
[0.180s] Level 1:colcon.colcon_core.package_identification:_identify(src/turtle_sim) by extension 'ros'
[0.181s] DEBUG:colcon.colcon_core.package_identification:Package 'src/turtle_sim' with type 'ros.ament_python' and name 'turtle_sim'
[0.181s] Level 1:colcon.colcon_core.package_identification:_identify(src/urdf_test) by extensions ['ignore', 'ignore_ament_install']
[0.181s] Level 1:colcon.colcon_core.package_identification:_identify(src/urdf_test) by extension 'ignore'
[0.181s] Level 1:colcon.colcon_core.package_identification:_identify(src/urdf_test) by extension 'ignore_ament_install'
[0.182s] Level 1:colcon.colcon_core.package_identification:_identify(src/urdf_test) by extensions ['colcon_pkg']
[0.182s] Level 1:colcon.colcon_core.package_identification:_identify(src/urdf_test) by extension 'colcon_pkg'
[0.182s] Level 1:colcon.colcon_core.package_identification:_identify(src/urdf_test) by extensions ['colcon_meta']
[0.182s] Level 1:colcon.colcon_core.package_identification:_identify(src/urdf_test) by extension 'colcon_meta'
[0.182s] Level 1:colcon.colcon_core.package_identification:_identify(src/urdf_test) by extensions ['ros']
[0.182s] Level 1:colcon.colcon_core.package_identification:_identify(src/urdf_test) by extension 'ros'
[0.182s] DEBUG:colcon.colcon_core.package_identification:Package 'src/urdf_test' with type 'ros.ament_cmake' and name 'urdf_test'
[0.182s] Level 1:colcon.colcon_core.package_discovery:discover_packages(recursive) using defaults
[0.182s] Level 1:colcon.colcon_core.package_discovery:discover_packages(ignore) discover
[0.182s] Level 1:colcon.colcon_core.package_discovery:discover_packages(ignore) using defaults
[0.182s] Level 1:colcon.colcon_core.package_discovery:discover_packages(path) discover
[0.182s] Level 1:colcon.colcon_core.package_discovery:discover_packages(path) using defaults
[0.201s] Level 1:colcon.colcon_core.package_discovery:discover_packages(prefix_path) check parameters
[0.201s] Level 1:colcon.colcon_core.package_discovery:discover_packages(prefix_path) discover
[0.203s] DEBUG:colcon.colcon_installed_package_information.package_discovery:Found 7 installed packages in /home/narayan_/Documents/ros2_ws/install
[0.205s] DEBUG:colcon.colcon_installed_package_information.package_discovery:Found 317 installed packages in /opt/ros/jazzy
[0.206s] Level 1:colcon.colcon_core.package_discovery:discover_packages(prefix_path) using defaults
[0.250s] Level 5:colcon.colcon_core.verb:set package 'TransNum' build argument 'cmake_args' from command line to 'None'
[0.250s] Level 5:colcon.colcon_core.verb:set package 'TransNum' build argument 'cmake_target' from command line to 'None'
[0.250s] Level 5:colcon.colcon_core.verb:set package 'TransNum' build argument 'cmake_target_skip_unavailable' from command line to 'False'
[0.250s] Level 5:colcon.colcon_core.verb:set package 'TransNum' build argument 'cmake_clean_cache' from command line to 'False'
[0.250s] Level 5:colcon.colcon_core.verb:set package 'TransNum' build argument 'cmake_clean_first' from command line to 'False'
[0.250s] Level 5:colcon.colcon_core.verb:set package 'TransNum' build argument 'cmake_force_configure' from command line to 'False'
[0.250s] Level 5:colcon.colcon_core.verb:set package 'TransNum' build argument 'ament_cmake_args' from command line to 'None'
[0.250s] Level 5:colcon.colcon_core.verb:set package 'TransNum' build argument 'catkin_cmake_args' from command line to 'None'
[0.250s] Level 5:colcon.colcon_core.verb:set package 'TransNum' build argument 'catkin_skip_building_tests' from command line to 'False'
[0.250s] DEBUG:colcon.colcon_core.verb:Building package 'TransNum' with the following arguments: {'ament_cmake_args': None, 'build_base': '/home/narayan_/Documents/ros2_ws/build/TransNum', 'catkin_cmake_args': None, 'catkin_skip_building_tests': False, 'cmake_args': None, 'cmake_clean_cache': False, 'cmake_clean_first': False, 'cmake_force_configure': False, 'cmake_target': None, 'cmake_target_skip_unavailable': False, 'install_base': '/home/narayan_/Documents/ros2_ws/install/TransNum', 'merge_install': False, 'path': '/home/narayan_/Documents/ros2_ws/src/TransNum', 'symlink_install': False, 'test_result_base': None}
[0.250s] Level 5:colcon.colcon_core.verb:set package 'my_interfaces' build argument 'cmake_args' from command line to 'None'
[0.250s] Level 5:colcon.colcon_core.verb:set package 'my_interfaces' build argument 'cmake_target' from command line to 'None'
[0.250s] Level 5:colcon.colcon_core.verb:set package 'my_interfaces' build argument 'cmake_target_skip_unavailable' from command line to 'False'
[0.251s] Level 5:colcon.colcon_core.verb:set package 'my_interfaces' build argument 'cmake_clean_cache' from command line to 'False'
[0.251s] Level 5:colcon.colcon_core.verb:set package 'my_interfaces' build argument 'cmake_clean_first' from command line to 'False'
[0.251s] Level 5:colcon.colcon_core.verb:set package 'my_interfaces' build argument 'cmake_force_configure' from command line to 'False'
[0.251s] Level 5:colcon.colcon_core.verb:set package 'my_interfaces' build argument 'ament_cmake_args' from command line to 'None'
[0.251s] Level 5:colcon.colcon_core.verb:set package 'my_interfaces' build argument 'catkin_cmake_args' from command line to 'None'
[0.251s] Level 5:colcon.colcon_core.verb:set package 'my_interfaces' build argument 'catkin_skip_building_tests' from command line to 'False'
[0.251s] DEBUG:colcon.colcon_core.verb:Building package 'my_interfaces' with the following arguments: {'ament_cmake_args': None, 'build_base': '/home/narayan_/Documents/ros2_ws/build/my_interfaces', 'catkin_cmake_args': None, 'catkin_skip_building_tests': False, 'cmake_args': None, 'cmake_clean_cache': False, 'cmake_clean_first': False, 'cmake_force_configure': False, 'cmake_target': None, 'cmake_target_skip_unavailable': False, 'install_base': '/home/narayan_/Documents/ros2_ws/install/my_interfaces', 'merge_install': False, 'path': '/home/narayan_/Documents/ros2_ws/src/my_interfaces', 'symlink_install': False, 'test_result_base': None}
[0.251s] Level 5:colcon.colcon_core.verb:set package 'urdf_test' build argument 'cmake_args' from command line to 'None'
[0.251s] Level 5:colcon.colcon_core.verb:set package 'urdf_test' build argument 'cmake_target' from command line to 'None'
[0.251s] Level 5:colcon.colcon_core.verb:set package 'urdf_test' build argument 'cmake_target_skip_unavailable' from command line to 'False'
[0.251s] Level 5:colcon.colcon_core.verb:set package 'urdf_test' build argument 'cmake_clean_cache' from command line to 'False'
[0.251s] Level 5:colcon.colcon_core.verb:set package 'urdf_test' build argument 'cmake_clean_first' from command line to 'False'
[0.251s] Level 5:colcon.colcon_core.verb:set package 'urdf_test' build argument 'cmake_force_configure' from command line to 'False'
[0.251s] Level 5:colcon.colcon_core.verb:set package 'urdf_test' build argument 'ament_cmake_args' from command line to 'None'
[0.251s] Level 5:colcon.colcon_core.verb:set package 'urdf_test' build argument 'catkin_cmake_args' from command line to 'None'
[0.251s] Level 5:colcon.colcon_core.verb:set package 'urdf_test' build argument 'catkin_skip_building_tests' from command line to 'False'
[0.251s] DEBUG:colcon.colcon_core.verb:Building package 'urdf_test' with the following arguments: {'ament_cmake_args': None, 'build_base': '/home/narayan_/Documents/ros2_ws/build/urdf_test', 'catkin_cmake_args': None, 'catkin_skip_building_tests': False, 'cmake_args': None, 'cmake_clean_cache': False, 'cmake_clean_first': False, 'cmake_force_configure': False, 'cmake_target': None, 'cmake_target_skip_unavailable': False, 'install_base': '/home/narayan_/Documents/ros2_ws/install/urdf_test', 'merge_install': False, 'path': '/home/narayan_/Documents/ros2_ws/src/urdf_test', 'symlink_install': False, 'test_result_base': None}
[0.251s] Level 5:colcon.colcon_core.verb:set package 'led_activity' build argument 'cmake_args' from command line to 'None'
[0.251s] Level 5:colcon.colcon_core.verb:set package 'led_activity' build argument 'cmake_target' from command line to 'None'
[0.252s] Level 5:colcon.colcon_core.verb:set package 'led_activity' build argument 'cmake_target_skip_unavailable' from command line to 'False'
[0.252s] Level 5:colcon.colcon_core.verb:set package 'led_activity' build argument 'cmake_clean_cache' from command line to 'False'
[0.252s] Level 5:colcon.colcon_core.verb:set package 'led_activity' build argument 'cmake_clean_first' from command line to 'False'
[0.252s] Level 5:colcon.colcon_core.verb:set package 'led_activity' build argument 'cmake_force_configure' from command line to 'False'
[0.252s] Level 5:colcon.colcon_core.verb:set package 'led_activity' build argument 'ament_cmake_args' from command line to 'None'
[0.252s] Level 5:colcon.colcon_core.verb:set package 'led_activity' build argument 'catkin_cmake_args' from command line to 'None'
[0.252s] Level 5:colcon.colcon_core.verb:set package 'led_activity' build argument 'catkin_skip_building_tests' from command line to 'False'
[0.252s] DEBUG:colcon.colcon_core.verb:Building package 'led_activity' with the following arguments: {'ament_cmake_args': None, 'build_base': '/home/narayan_/Documents/ros2_ws/build/led_activity', 'catkin_cmake_args': None, 'catkin_skip_building_tests': False, 'cmake_args': None, 'cmake_clean_cache': False, 'cmake_clean_first': False, 'cmake_force_configure': False, 'cmake_target': None, 'cmake_target_skip_unavailable': False, 'install_base': '/home/narayan_/Documents/ros2_ws/install/led_activity', 'merge_install': False, 'path': '/home/narayan_/Documents/ros2_ws/src/led_activity', 'symlink_install': False, 'test_result_base': None}
[0.252s] Level 5:colcon.colcon_core.verb:set package 'onepkg' build argument 'cmake_args' from command line to 'None'
[0.252s] Level 5:colcon.colcon_core.verb:set package 'onepkg' build argument 'cmake_target' from command line to 'None'
[0.252s] Level 5:colcon.colcon_core.verb:set package 'onepkg' build argument 'cmake_target_skip_unavailable' from command line to 'False'
[0.252s] Level 5:colcon.colcon_core.verb:set package 'onepkg' build argument 'cmake_clean_cache' from command line to 'False'
[0.252s] Level 5:colcon.colcon_core.verb:set package 'onepkg' build argument 'cmake_clean_first' from command line to 'False'
[0.252s] Level 5:colcon.colcon_core.verb:set package 'onepkg' build argument 'cmake_force_configure' from command line to 'False'
[0.252s] Level 5:colcon.colcon_core.verb:set package 'onepkg' build argument 'ament_cmake_args' from command line to 'None'
[0.252s] Level 5:colcon.colcon_core.verb:set package 'onepkg' build argument 'catkin_cmake_args' from command line to 'None'
[0.252s] Level 5:colcon.colcon_core.verb:set package 'onepkg' build argument 'catkin_skip_building_tests' from command line to 'False'
[0.252s] DEBUG:colcon.colcon_core.verb:Building package 'onepkg' with the following arguments: {'ament_cmake_args': None, 'build_base': '/home/narayan_/Documents/ros2_ws/build/onepkg', 'catkin_cmake_args': None, 'catkin_skip_building_tests': False, 'cmake_args': None, 'cmake_clean_cache': False, 'cmake_clean_first': False, 'cmake_force_configure': False, 'cmake_target': None, 'cmake_target_skip_unavailable': False, 'install_base': '/home/narayan_/Documents/ros2_ws/install/onepkg', 'merge_install': False, 'path': '/home/narayan_/Documents/ros2_ws/src/onepkg', 'symlink_install': False, 'test_result_base': None}
[0.252s] Level 5:colcon.colcon_core.verb:set package 'turtle_sim' build argument 'cmake_args' from command line to 'None'
[0.252s] Level 5:colcon.colcon_core.verb:set package 'turtle_sim' build argument 'cmake_target' from command line to 'None'
[0.252s] Level 5:colcon.colcon_core.verb:set package 'turtle_sim' build argument 'cmake_target_skip_unavailable' from command line to 'False'
[0.252s] Level 5:colcon.colcon_core.verb:set package 'turtle_sim' build argument 'cmake_clean_cache' from command line to 'False'
[0.252s] Level 5:colcon.colcon_core.verb:set package 'turtle_sim' build argument 'cmake_clean_first' from command line to 'False'
[0.253s] Level 5:colcon.colcon_core.verb:set package 'turtle_sim' build argument 'cmake_force_configure' from command line to 'False'
[0.253s] Level 5:colcon.colcon_core.verb:set package 'turtle_sim' build argument 'ament_cmake_args' from command line to 'None'
[0.253s] Level 5:colcon.colcon_core.verb:set package 'turtle_sim' build argument 'catkin_cmake_args' from command line to 'None'
[0.253s] Level 5:colcon.colcon_core.verb:set package 'turtle_sim' build argument 'catkin_skip_building_tests' from command line to 'False'
[0.253s] DEBUG:colcon.colcon_core.verb:Building package 'turtle_sim' with the following arguments: {'ament_cmake_args': None, 'build_base': '/home/narayan_/Documents/ros2_ws/build/turtle_sim', 'catkin_cmake_args': None, 'catkin_skip_building_tests': False, 'cmake_args': None, 'cmake_clean_cache': False, 'cmake_clean_first': False, 'cmake_force_configure': False, 'cmake_target': None, 'cmake_target_skip_unavailable': False, 'install_base': '/home/narayan_/Documents/ros2_ws/install/turtle_sim', 'merge_install': False, 'path': '/home/narayan_/Documents/ros2_ws/src/turtle_sim', 'symlink_install': False, 'test_result_base': None}
[0.253s] Level 5:colcon.colcon_core.verb:set package 'launch_file' build argument 'cmake_args' from command line to 'None'
[0.253s] Level 5:colcon.colcon_core.verb:set package 'launch_file' build argument 'cmake_target' from command line to 'None'
[0.253s] Level 5:colcon.colcon_core.verb:set package 'launch_file' build argument 'cmake_target_skip_unavailable' from command line to 'False'
[0.253s] Level 5:colcon.colcon_core.verb:set package 'launch_file' build argument 'cmake_clean_cache' from command line to 'False'
[0.253s] Level 5:colcon.colcon_core.verb:set package 'launch_file' build argument 'cmake_clean_first' from command line to 'False'
[0.253s] Level 5:colcon.colcon_core.verb:set package 'launch_file' build argument 'cmake_force_configure' from command line to 'False'
[0.253s] Level 5:colcon.colcon_core.verb:set package 'launch_file' build argument 'ament_cmake_args' from command line to 'None'
[0.253s] Level 5:colcon.colcon_core.verb:set package 'launch_file' build argument 'catkin_cmake_args' from command line to 'None'
[0.253s] Level 5:colcon.colcon_core.verb:set package 'launch_file' build argument 'catkin_skip_building_tests' from command line to 'False'
[0.253s] DEBUG:colcon.colcon_core.verb:Building package 'launch_file' with the following arguments: {'ament_cmake_args': None, 'build_base': '/home/narayan_/Documents/ros2_ws/build/launch_file', 'catkin_cmake_args': None, 'catkin_skip_building_tests': False, 'cmake_args': None, 'cmake_clean_cache': False, 'cmake_clean_first': False, 'cmake_force_configure': False, 'cmake_target': None, 'cmake_target_skip_unavailable': False, 'install_base': '/home/narayan_/Documents/ros2_ws/install/launch_file', 'merge_install': False, 'path': '/home/narayan_/Documents/ros2_ws/src/launch_file', 'symlink_install': False, 'test_result_base': None}
[0.253s] INFO:colcon.colcon_core.executor:Executing jobs using 'parallel' executor
[0.254s] DEBUG:colcon.colcon_parallel_executor.executor.parallel:run_until_complete
[0.254s] INFO:colcon.colcon_ros.task.ament_cmake.build:Building ROS package in '/home/narayan_/Documents/ros2_ws/src/my_interfaces' with build type 'ament_cmake'
[0.255s] INFO:colcon.colcon_cmake.task.cmake.build:Building CMake package in '/home/narayan_/Documents/ros2_ws/src/my_interfaces'
[0.257s] INFO:colcon.colcon_core.plugin_system:Skipping extension 'colcon_core.shell.bat': Not used on non-Windows systems
[0.257s] INFO:colcon.colcon_core.shell:Skip shell extension 'powershell' for command environment: Not usable outside of PowerShell
[0.257s] DEBUG:colcon.colcon_core.shell:Skip shell extension 'dsv' for command environment
[0.261s] INFO:colcon.colcon_ros.task.ament_python.build:Building ROS package in '/home/narayan_/Documents/ros2_ws/src/TransNum' with build type 'ament_python'
[0.261s] Level 1:colcon.colcon_core.shell:create_environment_hook('TransNum', 'ament_prefix_path')
[0.262s] INFO:colcon.colcon_core.shell:Creating environment hook '/home/narayan_/Documents/ros2_ws/install/TransNum/share/TransNum/hook/ament_prefix_path.ps1'
[0.263s] INFO:colcon.colcon_core.shell:Creating environment descriptor '/home/narayan_/Documents/ros2_ws/install/TransNum/share/TransNum/hook/ament_prefix_path.dsv'
[0.263s] INFO:colcon.colcon_core.shell:Creating environment hook '/home/narayan_/Documents/ros2_ws/install/TransNum/share/TransNum/hook/ament_prefix_path.sh'
[0.263s] INFO:colcon.colcon_core.shell:Skip shell extension 'powershell' for command environment: Not usable outside of PowerShell
[0.263s] DEBUG:colcon.colcon_core.shell:Skip shell extension 'dsv' for command environment
[0.270s] INFO:colcon.colcon_ros.task.ament_cmake.build:Building ROS package in '/home/narayan_/Documents/ros2_ws/src/urdf_test' with build type 'ament_cmake'
[0.270s] INFO:colcon.colcon_cmake.task.cmake.build:Building CMake package in '/home/narayan_/Documents/ros2_ws/src/urdf_test'
[0.270s] INFO:colcon.colcon_core.shell:Skip shell extension 'powershell' for command environment: Not usable outside of PowerShell
[0.270s] DEBUG:colcon.colcon_core.shell:Skip shell extension 'dsv' for command environment
[0.279s] DEBUG:colcon.colcon_core.event_handler.log_command:Invoking command in '/home/narayan_/Documents/ros2_ws/build/my_interfaces': CMAKE_PREFIX_PATH=${CMAKE_PREFIX_PATH}:/home/narayan_/Documents/ros2_ws/install/turtle_sim:/home/narayan_/Documents/ros2_ws/install/onepkg:/home/narayan_/Documents/ros2_ws/install/led_activity:/home/narayan_/Documents/ros2_ws/install/TransNum:/opt/ros/jazzy DEBUGINFOD_URLS=https://debuginfod.ubuntu.com /usr/bin/cmake --build /home/narayan_/Documents/ros2_ws/build/my_interfaces -- -j12 -l12
[0.504s] INFO:colcon.colcon_core.task.python.build:Building Python package in '/home/narayan_/Documents/ros2_ws/src/TransNum'
[0.505s] INFO:colcon.colcon_core.shell:Skip shell extension 'powershell' for command environment: Not usable outside of PowerShell
[0.505s] DEBUG:colcon.colcon_core.shell:Skip shell extension 'dsv' for command environment
[0.522s] DEBUG:colcon.colcon_core.event_handler.log_command:Invoking command in '/home/narayan_/Documents/ros2_ws/build/urdf_test': CMAKE_PREFIX_PATH=${CMAKE_PREFIX_PATH}:/home/narayan_/Documents/ros2_ws/install/turtle_sim:/home/narayan_/Documents/ros2_ws/install/onepkg:/home/narayan_/Documents/ros2_ws/install/led_activity:/home/narayan_/Documents/ros2_ws/install/TransNum:/opt/ros/jazzy DEBUGINFOD_URLS=https://debuginfod.ubuntu.com /usr/bin/cmake --build /home/narayan_/Documents/ros2_ws/build/urdf_test -- -j12 -l12
[0.577s] DEBUG:colcon.colcon_core.event_handler.log_command:Invoked command in '/home/narayan_/Documents/ros2_ws/build/urdf_test' returned '0': CMAKE_PREFIX_PATH=${CMAKE_PREFIX_PATH}:/home/narayan_/Documents/ros2_ws/install/turtle_sim:/home/narayan_/Documents/ros2_ws/install/onepkg:/home/narayan_/Documents/ros2_ws/install/led_activity:/home/narayan_/Documents/ros2_ws/install/TransNum:/opt/ros/jazzy DEBUGINFOD_URLS=https://debuginfod.ubuntu.com /usr/bin/cmake --build /home/narayan_/Documents/ros2_ws/build/urdf_test -- -j12 -l12
[0.591s] DEBUG:colcon.colcon_core.event_handler.log_command:Invoking command in '/home/narayan_/Documents/ros2_ws/build/urdf_test': CMAKE_PREFIX_PATH=${CMAKE_PREFIX_PATH}:/home/narayan_/Documents/ros2_ws/install/turtle_sim:/home/narayan_/Documents/ros2_ws/install/onepkg:/home/narayan_/Documents/ros2_ws/install/led_activity:/home/narayan_/Documents/ros2_ws/install/TransNum:/opt/ros/jazzy DEBUGINFOD_URLS=https://debuginfod.ubuntu.com /usr/bin/cmake --install /home/narayan_/Documents/ros2_ws/build/urdf_test
[0.612s] Level 1:colcon.colcon_core.environment:create_environment_scripts_only(urdf_test)
[0.613s] DEBUG:colcon.colcon_core.event_handler.log_command:Invoked command in '/home/narayan_/Documents/ros2_ws/build/urdf_test' returned '0': CMAKE_PREFIX_PATH=${CMAKE_PREFIX_PATH}:/home/narayan_/Documents/ros2_ws/install/turtle_sim:/home/narayan_/Documents/ros2_ws/install/onepkg:/home/narayan_/Documents/ros2_ws/install/led_activity:/home/narayan_/Documents/ros2_ws/install/TransNum:/opt/ros/jazzy DEBUGINFOD_URLS=https://debuginfod.ubuntu.com /usr/bin/cmake --install /home/narayan_/Documents/ros2_ws/build/urdf_test
[0.614s] Level 1:colcon.colcon_core.environment:checking '/home/narayan_/Documents/ros2_ws/install/urdf_test' for CMake module files
[0.615s] Level 1:colcon.colcon_core.environment:checking '/home/narayan_/Documents/ros2_ws/install/urdf_test' for CMake config files
[0.615s] Level 1:colcon.colcon_core.shell:create_environment_hook('urdf_test', 'cmake_prefix_path')
[0.615s] INFO:colcon.colcon_core.shell:Creating environment hook '/home/narayan_/Documents/ros2_ws/install/urdf_test/share/urdf_test/hook/cmake_prefix_path.ps1'
[0.616s] INFO:colcon.colcon_core.shell:Creating environment descriptor '/home/narayan_/Documents/ros2_ws/install/urdf_test/share/urdf_test/hook/cmake_prefix_path.dsv'
[0.616s] INFO:colcon.colcon_core.shell:Creating environment hook '/home/narayan_/Documents/ros2_ws/install/urdf_test/share/urdf_test/hook/cmake_prefix_path.sh'
[0.617s] Level 1:colcon.colcon_core.environment:checking '/home/narayan_/Documents/ros2_ws/install/urdf_test/bin'
[0.617s] Level 1:colcon.colcon_core.environment:checking '/home/narayan_/Documents/ros2_ws/install/urdf_test/lib/pkgconfig/urdf_test.pc'
[0.617s] Level 1:colcon.colcon_core.environment:checking '/home/narayan_/Documents/ros2_ws/install/urdf_test/lib/python3.12/site-packages'
[0.617s] Level 1:colcon.colcon_core.environment:checking '/home/narayan_/Documents/ros2_ws/install/urdf_test/bin'
[0.617s] INFO:colcon.colcon_core.shell:Creating package script '/home/narayan_/Documents/ros2_ws/install/urdf_test/share/urdf_test/package.ps1'
[0.618s] INFO:colcon.colcon_core.shell:Creating package descriptor '/home/narayan_/Documents/ros2_ws/install/urdf_test/share/urdf_test/package.dsv'
[0.618s] INFO:colcon.colcon_core.shell:Creating package script '/home/narayan_/Documents/ros2_ws/install/urdf_test/share/urdf_test/package.sh'
[0.619s] INFO:colcon.colcon_core.shell:Creating package script '/home/narayan_/Documents/ros2_ws/install/urdf_test/share/urdf_test/package.bash'
[0.619s] INFO:colcon.colcon_core.shell:Creating package script '/home/narayan_/Documents/ros2_ws/install/urdf_test/share/urdf_test/package.zsh'
[0.620s] Level 1:colcon.colcon_core.environment:create_file_with_runtime_dependencies(/home/narayan_/Documents/ros2_ws/install/urdf_test/share/colcon-core/packages/urdf_test)
[0.620s] Level 1:colcon.colcon_core.environment:create_environment_scripts_only(urdf_test)
[0.621s] Level 1:colcon.colcon_core.environment:checking '/home/narayan_/Documents/ros2_ws/install/urdf_test' for CMake module files
[0.621s] Level 1:colcon.colcon_core.environment:checking '/home/narayan_/Documents/ros2_ws/install/urdf_test' for CMake config files
[0.621s] Level 1:colcon.colcon_core.shell:create_environment_hook('urdf_test', 'cmake_prefix_path')
[0.621s] INFO:colcon.colcon_core.shell:Creating environment hook '/home/narayan_/Documents/ros2_ws/install/urdf_test/share/urdf_test/hook/cmake_prefix_path.ps1'
[0.622s] INFO:colcon.colcon_core.shell:Creating environment descriptor '/home/narayan_/Documents/ros2_ws/install/urdf_test/share/urdf_test/hook/cmake_prefix_path.dsv'
[0.623s] INFO:colcon.colcon_core.shell:Creating environment hook '/home/narayan_/Documents/ros2_ws/install/urdf_test/share/urdf_test/hook/cmake_prefix_path.sh'
[0.623s] Level 1:colcon.colcon_core.environment:checking '/home/narayan_/Documents/ros2_ws/install/urdf_test/bin'
[0.623s] Level 1:colcon.colcon_core.environment:checking '/home/narayan_/Documents/ros2_ws/install/urdf_test/lib/pkgconfig/urdf_test.pc'
[0.623s] Level 1:colcon.colcon_core.environment:checking '/home/narayan_/Documents/ros2_ws/install/urdf_test/lib/python3.12/site-packages'
[0.623s] Level 1:colcon.colcon_core.environment:checking '/home/narayan_/Documents/ros2_ws/install/urdf_test/bin'
[0.624s] INFO:colcon.colcon_core.shell:Creating package script '/home/narayan_/Documents/ros2_ws/install/urdf_test/share/urdf_test/package.ps1'
[0.624s] INFO:colcon.colcon_core.shell:Creating package descriptor '/home/narayan_/Documents/ros2_ws/install/urdf_test/share/urdf_test/package.dsv'
[0.624s] INFO:colcon.colcon_core.shell:Creating package script '/home/narayan_/Documents/ros2_ws/install/urdf_test/share/urdf_test/package.sh'
[0.625s] INFO:colcon.colcon_core.shell:Creating package script '/home/narayan_/Documents/ros2_ws/install/urdf_test/share/urdf_test/package.bash'
[0.625s] INFO:colcon.colcon_core.shell:Creating package script '/home/narayan_/Documents/ros2_ws/install/urdf_test/share/urdf_test/package.zsh'
[0.626s] Level 1:colcon.colcon_core.environment:create_file_with_runtime_dependencies(/home/narayan_/Documents/ros2_ws/install/urdf_test/share/colcon-core/packages/urdf_test)
[0.756s] DEBUG:colcon.colcon_core.event_handler.log_command:Invoked command in '/home/narayan_/Documents/ros2_ws/build/my_interfaces' returned '0': CMAKE_PREFIX_PATH=${CMAKE_PREFIX_PATH}:/home/narayan_/Documents/ros2_ws/install/turtle_sim:/home/narayan_/Documents/ros2_ws/install/onepkg:/home/narayan_/Documents/ros2_ws/install/led_activity:/home/narayan_/Documents/ros2_ws/install/TransNum:/opt/ros/jazzy DEBUGINFOD_URLS=https://debuginfod.ubuntu.com /usr/bin/cmake --build /home/narayan_/Documents/ros2_ws/build/my_interfaces -- -j12 -l12
[0.757s] DEBUG:colcon.colcon_core.event_handler.log_command:Invoking command in '/home/narayan_/Documents/ros2_ws/build/my_interfaces': CMAKE_PREFIX_PATH=${CMAKE_PREFIX_PATH}:/home/narayan_/Documents/ros2_ws/install/turtle_sim:/home/narayan_/Documents/ros2_ws/install/onepkg:/home/narayan_/Documents/ros2_ws/install/led_activity:/home/narayan_/Documents/ros2_ws/install/TransNum:/opt/ros/jazzy DEBUGINFOD_URLS=https://debuginfod.ubuntu.com /usr/bin/cmake --install /home/narayan_/Documents/ros2_ws/build/my_interfaces
[0.833s] Level 1:colcon.colcon_core.environment:create_environment_scripts_only(my_interfaces)
[0.834s] Level 1:colcon.colcon_core.environment:checking '/home/narayan_/Documents/ros2_ws/install/my_interfaces' for CMake module files
[0.834s] DEBUG:colcon.colcon_core.event_handler.log_command:Invoked command in '/home/narayan_/Documents/ros2_ws/build/my_interfaces' returned '0': CMAKE_PREFIX_PATH=${CMAKE_PREFIX_PATH}:/home/narayan_/Documents/ros2_ws/install/turtle_sim:/home/narayan_/Documents/ros2_ws/install/onepkg:/home/narayan_/Documents/ros2_ws/install/led_activity:/home/narayan_/Documents/ros2_ws/install/TransNum:/opt/ros/jazzy DEBUGINFOD_URLS=https://debuginfod.ubuntu.com /usr/bin/cmake --install /home/narayan_/Documents/ros2_ws/build/my_interfaces
[0.835s] Level 1:colcon.colcon_core.environment:checking '/home/narayan_/Documents/ros2_ws/install/my_interfaces' for CMake config files
[0.835s] Level 1:colcon.colcon_core.shell:create_environment_hook('my_interfaces', 'cmake_prefix_path')
[0.835s] INFO:colcon.colcon_core.shell:Creating environment hook '/home/narayan_/Documents/ros2_ws/install/my_interfaces/share/my_interfaces/hook/cmake_prefix_path.ps1'
[0.836s] INFO:colcon.colcon_core.shell:Creating environment descriptor '/home/narayan_/Documents/ros2_ws/install/my_interfaces/share/my_interfaces/hook/cmake_prefix_path.dsv'
[0.836s] INFO:colcon.colcon_core.shell:Creating environment hook '/home/narayan_/Documents/ros2_ws/install/my_interfaces/share/my_interfaces/hook/cmake_prefix_path.sh'
[0.837s] Level 1:colcon.colcon_core.environment:checking '/home/narayan_/Documents/ros2_ws/install/my_interfaces/lib'
[0.837s] Level 1:colcon.colcon_core.shell:create_environment_hook('my_interfaces', 'ld_library_path_lib')
[0.837s] INFO:colcon.colcon_core.shell:Creating environment hook '/home/narayan_/Documents/ros2_ws/install/my_interfaces/share/my_interfaces/hook/ld_library_path_lib.ps1'
[0.837s] INFO:colcon.colcon_core.shell:Creating environment descriptor '/home/narayan_/Documents/ros2_ws/install/my_interfaces/share/my_interfaces/hook/ld_library_path_lib.dsv'
[0.837s] INFO:colcon.colcon_core.shell:Creating environment hook '/home/narayan_/Documents/ros2_ws/install/my_interfaces/share/my_interfaces/hook/ld_library_path_lib.sh'
[0.838s] Level 1:colcon.colcon_core.environment:checking '/home/narayan_/Documents/ros2_ws/install/my_interfaces/bin'
[0.838s] Level 1:colcon.colcon_core.environment:checking '/home/narayan_/Documents/ros2_ws/install/my_interfaces/lib/pkgconfig/my_interfaces.pc'
[0.838s] Level 1:colcon.colcon_core.environment:checking '/home/narayan_/Documents/ros2_ws/install/my_interfaces/lib/python3.12/site-packages'
[0.838s] Level 1:colcon.colcon_core.shell:create_environment_hook('my_interfaces', 'pythonpath')
[0.838s] INFO:colcon.colcon_core.shell:Creating environment hook '/home/narayan_/Documents/ros2_ws/install/my_interfaces/share/my_interfaces/hook/pythonpath.ps1'
[0.838s] INFO:colcon.colcon_core.shell:Creating environment descriptor '/home/narayan_/Documents/ros2_ws/install/my_interfaces/share/my_interfaces/hook/pythonpath.dsv'
[0.839s] INFO:colcon.colcon_core.shell:Creating environment hook '/home/narayan_/Documents/ros2_ws/install/my_interfaces/share/my_interfaces/hook/pythonpath.sh'
[0.839s] Level 1:colcon.colcon_core.environment:checking '/home/narayan_/Documents/ros2_ws/install/my_interfaces/bin'
[0.839s] INFO:colcon.colcon_core.shell:Creating package script '/home/narayan_/Documents/ros2_ws/install/my_interfaces/share/my_interfaces/package.ps1'
[0.839s] INFO:colcon.colcon_core.shell:Creating package descriptor '/home/narayan_/Documents/ros2_ws/install/my_interfaces/share/my_interfaces/package.dsv'
[0.840s] INFO:colcon.colcon_core.shell:Creating package script '/home/narayan_/Documents/ros2_ws/install/my_interfaces/share/my_interfaces/package.sh'
[0.840s] INFO:colcon.colcon_core.shell:Creating package script '/home/narayan_/Documents/ros2_ws/install/my_interfaces/share/my_interfaces/package.bash'
[0.840s] INFO:colcon.colcon_core.shell:Creating package script '/home/narayan_/Documents/ros2_ws/install/my_interfaces/share/my_interfaces/package.zsh'
[0.841s] Level 1:colcon.colcon_core.environment:create_file_with_runtime_dependencies(/home/narayan_/Documents/ros2_ws/install/my_interfaces/share/colcon-core/packages/my_interfaces)
[0.841s] Level 1:colcon.colcon_core.environment:create_environment_scripts_only(my_interfaces)
[0.841s] Level 1:colcon.colcon_core.environment:checking '/home/narayan_/Documents/ros2_ws/install/my_interfaces' for CMake module files
[0.842s] Level 1:colcon.colcon_core.environment:checking '/home/narayan_/Documents/ros2_ws/install/my_interfaces' for CMake config files
[0.842s] Level 1:colcon.colcon_core.shell:create_environment_hook('my_interfaces', 'cmake_prefix_path')
[0.842s] INFO:colcon.colcon_core.shell:Creating environment hook '/home/narayan_/Documents/ros2_ws/install/my_interfaces/share/my_interfaces/hook/cmake_prefix_path.ps1'
[0.843s] INFO:colcon.colcon_core.shell:Creating environment descriptor '/home/narayan_/Documents/ros2_ws/install/my_interfaces/share/my_interfaces/hook/cmake_prefix_path.dsv'
[0.843s] INFO:colcon.colcon_core.shell:Creating environment hook '/home/narayan_/Documents/ros2_ws/install/my_interfaces/share/my_interfaces/hook/cmake_prefix_path.sh'
[0.844s] Level 1:colcon.colcon_core.environment:checking '/home/narayan_/Documents/ros2_ws/install/my_interfaces/lib'
[0.844s] Level 1:colcon.colcon_core.shell:create_environment_hook('my_interfaces', 'ld_library_path_lib')
[0.844s] INFO:colcon.colcon_core.shell:Creating environment hook '/home/narayan_/Documents/ros2_ws/install/my_interfaces/share/my_interfaces/hook/ld_library_path_lib.ps1'
[0.844s] INFO:colcon.colcon_core.shell:Creating environment descriptor '/home/narayan_/Documents/ros2_ws/install/my_interfaces/share/my_interfaces/hook/ld_library_path_lib.dsv'
[0.844s] INFO:colcon.colcon_core.shell:Creating environment hook '/home/narayan_/Documents/ros2_ws/install/my_interfaces/share/my_interfaces/hook/ld_library_path_lib.sh'
[0.845s] Level 1:colcon.colcon_core.environment:checking '/home/narayan_/Documents/ros2_ws/install/my_interfaces/bin'
[0.845s] Level 1:colcon.colcon_core.environment:checking '/home/narayan_/Documents/ros2_ws/install/my_interfaces/lib/pkgconfig/my_interfaces.pc'
[0.845s] Level 1:colcon.colcon_core.environment:checking '/home/narayan_/Documents/ros2_ws/install/my_interfaces/lib/python3.12/site-packages'
[0.845s] Level 1:colcon.colcon_core.shell:create_environment_hook('my_interfaces', 'pythonpath')
[0.845s] INFO:colcon.colcon_core.shell:Creating environment hook '/home/narayan_/Documents/ros2_ws/install/my_interfaces/share/my_interfaces/hook/pythonpath.ps1'
[0.846s] INFO:colcon.colcon_core.shell:Creating environment descriptor '/home/narayan_/Documents/ros2_ws/install/my_interfaces/share/my_interfaces/hook/pythonpath.dsv'
[0.846s] INFO:colcon.colcon_core.shell:Creating environment hook '/home/narayan_/Documents/ros2_ws/install/my_interfaces/share/my_interfaces/hook/pythonpath.sh'
[0.847s] Level 1:colcon.colcon_core.environment:checking '/home/narayan_/Documents/ros2_ws/install/my_interfaces/bin'
[0.847s] INFO:colcon.colcon_core.shell:Creating package script '/home/narayan_/Documents/ros2_ws/install/my_interfaces/share/my_interfaces/package.ps1'
[0.847s] INFO:colcon.colcon_core.shell:Creating package descriptor '/home/narayan_/Documents/ros2_ws/install/my_interfaces/share/my_interfaces/package.dsv'
[0.848s] INFO:colcon.colcon_core.shell:Creating package script '/home/narayan_/Documents/ros2_ws/install/my_interfaces/share/my_interfaces/package.sh'
[0.848s] INFO:colcon.colcon_core.shell:Creating package script '/home/narayan_/Documents/ros2_ws/install/my_interfaces/share/my_interfaces/package.bash'
[0.848s] INFO:colcon.colcon_core.shell:Creating package script '/home/narayan_/Documents/ros2_ws/install/my_interfaces/share/my_interfaces/package.zsh'
[0.849s] Level 1:colcon.colcon_core.environment:create_file_with_runtime_dependencies(/home/narayan_/Documents/ros2_ws/install/my_interfaces/share/colcon-core/packages/my_interfaces)
[0.849s] INFO:colcon.colcon_ros.task.ament_python.build:Building ROS package in '/home/narayan_/Documents/ros2_ws/src/onepkg' with build type 'ament_python'
[0.849s] Level 1:colcon.colcon_core.shell:create_environment_hook('onepkg', 'ament_prefix_path')
[0.849s] INFO:colcon.colcon_core.shell:Creating environment hook '/home/narayan_/Documents/ros2_ws/install/onepkg/share/onepkg/hook/ament_prefix_path.ps1'
[0.850s] INFO:colcon.colcon_core.shell:Creating environment descriptor '/home/narayan_/Documents/ros2_ws/install/onepkg/share/onepkg/hook/ament_prefix_path.dsv'
[0.850s] INFO:colcon.colcon_core.shell:Creating environment hook '/home/narayan_/Documents/ros2_ws/install/onepkg/share/onepkg/hook/ament_prefix_path.sh'
[0.852s] INFO:colcon.colcon_core.shell:Skip shell extension 'powershell' for command environment: Not usable outside of PowerShell
[0.852s] DEBUG:colcon.colcon_core.shell:Skip shell extension 'dsv' for command environment
[0.856s] INFO:colcon.colcon_ros.task.ament_python.build:Building ROS package in '/home/narayan_/Documents/ros2_ws/src/turtle_sim' with build type 'ament_python'
[0.856s] Level 1:colcon.colcon_core.shell:create_environment_hook('turtle_sim', 'ament_prefix_path')
[0.856s] INFO:colcon.colcon_core.shell:Creating environment hook '/home/narayan_/Documents/ros2_ws/install/turtle_sim/share/turtle_sim/hook/ament_prefix_path.ps1'
[0.857s] INFO:colcon.colcon_core.shell:Creating environment descriptor '/home/narayan_/Documents/ros2_ws/install/turtle_sim/share/turtle_sim/hook/ament_prefix_path.dsv'
[0.857s] INFO:colcon.colcon_core.shell:Creating environment hook '/home/narayan_/Documents/ros2_ws/install/turtle_sim/share/turtle_sim/hook/ament_prefix_path.sh'
[0.857s] INFO:colcon.colcon_core.shell:Skip shell extension 'powershell' for command environment: Not usable outside of PowerShell
[0.857s] DEBUG:colcon.colcon_core.shell:Skip shell extension 'dsv' for command environment
[0.867s] INFO:colcon.colcon_ros.task.ament_python.build:Building ROS package in '/home/narayan_/Documents/ros2_ws/src/led_activity' with build type 'ament_python'
[0.867s] Level 1:colcon.colcon_core.shell:create_environment_hook('led_activity', 'ament_prefix_path')
[0.867s] INFO:colcon.colcon_core.shell:Creating environment hook '/home/narayan_/Documents/ros2_ws/install/led_activity/share/led_activity/hook/ament_prefix_path.ps1'
[0.868s] INFO:colcon.colcon_core.shell:Creating environment descriptor '/home/narayan_/Documents/ros2_ws/install/led_activity/share/led_activity/hook/ament_prefix_path.dsv'
[0.868s] INFO:colcon.colcon_core.shell:Creating environment hook '/home/narayan_/Documents/ros2_ws/install/led_activity/share/led_activity/hook/ament_prefix_path.sh'
[0.869s] INFO:colcon.colcon_core.shell:Skip shell extension 'powershell' for command environment: Not usable outside of PowerShell
[0.869s] DEBUG:colcon.colcon_core.shell:Skip shell extension 'dsv' for command environment
[1.122s] INFO:colcon.colcon_core.task.python.build:Building Python package in '/home/narayan_/Documents/ros2_ws/src/onepkg'
[1.123s] INFO:colcon.colcon_core.shell:Skip shell extension 'powershell' for command environment: Not usable outside of PowerShell
[1.123s] DEBUG:colcon.colcon_core.shell:Skip shell extension 'dsv' for command environment
[1.353s] INFO:colcon.colcon_core.task.python.build:Building Python package in '/home/narayan_/Documents/ros2_ws/src/turtle_sim'
[1.353s] INFO:colcon.colcon_core.shell:Skip shell extension 'powershell' for command environment: Not usable outside of PowerShell
[1.353s] DEBUG:colcon.colcon_core.shell:Skip shell extension 'dsv' for command environment
[1.587s] INFO:colcon.colcon_core.task.python.build:Building Python package in '/home/narayan_/Documents/ros2_ws/src/led_activity'
[1.587s] INFO:colcon.colcon_core.shell:Skip shell extension 'powershell' for command environment: Not usable outside of PowerShell
[1.588s] DEBUG:colcon.colcon_core.shell:Skip shell extension 'dsv' for command environment
[1.597s] DEBUG:colcon.colcon_core.event_handler.log_command:Invoking command in '/home/narayan_/Documents/ros2_ws/src/TransNum': DEBUGINFOD_URLS=https://debuginfod.ubuntu.com PYTHONPATH=/home/narayan_/Documents/ros2_ws/build/TransNum/prefix_override:/usr/lib/python3/dist-packages/colcon_core/task/python/colcon_distutils_commands:/home/narayan_/Documents/ros2_ws/install/TransNum/lib/python3.12/site-packages:${PYTHONPATH} /usr/bin/python3 -W ignore:setup.py install is deprecated -W ignore:easy_install command is deprecated setup.py egg_info --egg-base ../../build/TransNum build --build-base /home/narayan_/Documents/ros2_ws/build/TransNum/build install --record /home/narayan_/Documents/ros2_ws/build/TransNum/install.log --single-version-externally-managed install_data
[2.201s] Level 1:colcon.colcon_core.environment:checking '/home/narayan_/Documents/ros2_ws/install/TransNum' for CMake module files
[2.202s] Level 1:colcon.colcon_core.environment:checking '/home/narayan_/Documents/ros2_ws/install/TransNum' for CMake config files
[2.203s] Level 1:colcon.colcon_core.environment:checking '/home/narayan_/Documents/ros2_ws/install/TransNum/lib'
[2.203s] Level 1:colcon.colcon_core.environment:checking '/home/narayan_/Documents/ros2_ws/install/TransNum/bin'
[2.203s] Level 1:colcon.colcon_core.environment:checking '/home/narayan_/Documents/ros2_ws/install/TransNum/lib/pkgconfig/TransNum.pc'
[2.203s] Level 1:colcon.colcon_core.environment:checking '/home/narayan_/Documents/ros2_ws/install/TransNum/lib/python3.12/site-packages'
[2.203s] Level 1:colcon.colcon_core.shell:create_environment_hook('TransNum', 'pythonpath')
[2.204s] INFO:colcon.colcon_core.shell:Creating environment hook '/home/narayan_/Documents/ros2_ws/install/TransNum/share/TransNum/hook/pythonpath.ps1'
[2.204s] INFO:colcon.colcon_core.shell:Creating environment descriptor '/home/narayan_/Documents/ros2_ws/install/TransNum/share/TransNum/hook/pythonpath.dsv'
[2.201s] DEBUG:colcon.colcon_core.event_handler.log_command:Invoked command in '/home/narayan_/Documents/ros2_ws/src/TransNum' returned '0': DEBUGINFOD_URLS=https://debuginfod.ubuntu.com PYTHONPATH=/home/narayan_/Documents/ros2_ws/build/TransNum/prefix_override:/usr/lib/python3/dist-packages/colcon_core/task/python/colcon_distutils_commands:/home/narayan_/Documents/ros2_ws/install/TransNum/lib/python3.12/site-packages:${PYTHONPATH} /usr/bin/python3 -W ignore:setup.py install is deprecated -W ignore:easy_install command is deprecated setup.py egg_info --egg-base ../../build/TransNum build --build-base /home/narayan_/Documents/ros2_ws/build/TransNum/build install --record /home/narayan_/Documents/ros2_ws/build/TransNum/install.log --single-version-externally-managed install_data
[2.205s] INFO:colcon.colcon_core.shell:Creating environment hook '/home/narayan_/Documents/ros2_ws/install/TransNum/share/TransNum/hook/pythonpath.sh'
[2.206s] Level 1:colcon.colcon_core.environment:checking '/home/narayan_/Documents/ros2_ws/install/TransNum/bin'
[2.206s] Level 1:colcon.colcon_core.environment:create_environment_scripts_only(TransNum)
[2.206s] INFO:colcon.colcon_core.shell:Creating package script '/home/narayan_/Documents/ros2_ws/install/TransNum/share/TransNum/package.ps1'
[2.207s] INFO:colcon.colcon_core.shell:Creating package descriptor '/home/narayan_/Documents/ros2_ws/install/TransNum/share/TransNum/package.dsv'
[2.207s] INFO:colcon.colcon_core.shell:Creating package script '/home/narayan_/Documents/ros2_ws/install/TransNum/share/TransNum/package.sh'
[2.208s] INFO:colcon.colcon_core.shell:Creating package script '/home/narayan_/Documents/ros2_ws/install/TransNum/share/TransNum/package.bash'
[2.208s] INFO:colcon.colcon_core.shell:Creating package script '/home/narayan_/Documents/ros2_ws/install/TransNum/share/TransNum/package.zsh'
[2.208s] Level 1:colcon.colcon_core.environment:create_file_with_runtime_dependencies(/home/narayan_/Documents/ros2_ws/install/TransNum/share/colcon-core/packages/TransNum)
[2.226s] DEBUG:colcon.colcon_core.event_handler.log_command:Invoking command in '/home/narayan_/Documents/ros2_ws/src/led_activity': CMAKE_PREFIX_PATH=/home/narayan_/Documents/ros2_ws/install/my_interfaces:/home/narayan_/Documents/ros2_ws/install/urdf_test:/home/narayan_/Documents/ros2_ws/install/launch_file:/opt/ros/jazzy/opt/gz_sim_vendor:/opt/ros/jazzy/opt/gz_sensors_vendor:/opt/ros/jazzy/opt/gz_physics_vendor:/opt/ros/jazzy/opt/sdformat_vendor:/opt/ros/jazzy/opt/gz_gui_vendor:/opt/ros/jazzy/opt/gz_transport_vendor:/opt/ros/jazzy/opt/gz_rendering_vendor:/opt/ros/jazzy/opt/gz_plugin_vendor:/opt/ros/jazzy/opt/gz_fuel_tools_vendor:/opt/ros/jazzy/opt/gz_msgs_vendor:/opt/ros/jazzy/opt/gz_common_vendor:/opt/ros/jazzy/opt/gz_math_vendor:/opt/ros/jazzy/opt/gz_utils_vendor:/opt/ros/jazzy/opt/gz_tools_vendor:/opt/ros/jazzy/opt/gz_ogre_next_vendor:/opt/ros/jazzy/opt/gz_dartsim_vendor:/opt/ros/jazzy/opt/gz_cmake_vendor DEBUGINFOD_URLS=https://debuginfod.ubuntu.com PYTHONPATH=/home/narayan_/Documents/ros2_ws/build/led_activity/prefix_override:/usr/lib/python3/dist-packages/colcon_core/task/python/colcon_distutils_commands:/home/narayan_/Documents/ros2_ws/install/led_activity/lib/python3.12/site-packages:/home/narayan_/Documents/ros2_ws/install/my_interfaces/lib/python3.12/site-packages:/home/narayan_/Documents/ros2_ws/install/turtle_sim/lib/python3.12/site-packages:/home/narayan_/Documents/ros2_ws/install/onepkg/lib/python3.12/site-packages:/home/narayan_/Documents/ros2_ws/install/led_activity/lib/python3.12/site-packages:/home/narayan_/Documents/ros2_ws/install/TransNum/lib/python3.12/site-packages:/opt/ros/jazzy/lib/python3.12/site-packages /usr/bin/python3 -W ignore:setup.py install is deprecated -W ignore:easy_install command is deprecated setup.py egg_info --egg-base ../../build/led_activity build --build-base /home/narayan_/Documents/ros2_ws/build/led_activity/build install --record /home/narayan_/Documents/ros2_ws/build/led_activity/install.log --single-version-externally-managed install_data
[2.246s] DEBUG:colcon.colcon_core.event_handler.log_command:Invoking command in '/home/narayan_/Documents/ros2_ws/src/onepkg': CMAKE_PREFIX_PATH=/home/narayan_/Documents/ros2_ws/install/my_interfaces:/home/narayan_/Documents/ros2_ws/install/urdf_test:/home/narayan_/Documents/ros2_ws/install/launch_file:/opt/ros/jazzy/opt/gz_sim_vendor:/opt/ros/jazzy/opt/gz_sensors_vendor:/opt/ros/jazzy/opt/gz_physics_vendor:/opt/ros/jazzy/opt/sdformat_vendor:/opt/ros/jazzy/opt/gz_gui_vendor:/opt/ros/jazzy/opt/gz_transport_vendor:/opt/ros/jazzy/opt/gz_rendering_vendor:/opt/ros/jazzy/opt/gz_plugin_vendor:/opt/ros/jazzy/opt/gz_fuel_tools_vendor:/opt/ros/jazzy/opt/gz_msgs_vendor:/opt/ros/jazzy/opt/gz_common_vendor:/opt/ros/jazzy/opt/gz_math_vendor:/opt/ros/jazzy/opt/gz_utils_vendor:/opt/ros/jazzy/opt/gz_tools_vendor:/opt/ros/jazzy/opt/gz_ogre_next_vendor:/opt/ros/jazzy/opt/gz_dartsim_vendor:/opt/ros/jazzy/opt/gz_cmake_vendor DEBUGINFOD_URLS=https://debuginfod.ubuntu.com PYTHONPATH=/home/narayan_/Documents/ros2_ws/build/onepkg/prefix_override:/usr/lib/python3/dist-packages/colcon_core/task/python/colcon_distutils_commands:/home/narayan_/Documents/ros2_ws/install/onepkg/lib/python3.12/site-packages:/home/narayan_/Documents/ros2_ws/install/my_interfaces/lib/python3.12/site-packages:/home/narayan_/Documents/ros2_ws/install/turtle_sim/lib/python3.12/site-packages:/home/narayan_/Documents/ros2_ws/install/onepkg/lib/python3.12/site-packages:/home/narayan_/Documents/ros2_ws/install/led_activity/lib/python3.12/site-packages:/home/narayan_/Documents/ros2_ws/install/TransNum/lib/python3.12/site-packages:/opt/ros/jazzy/lib/python3.12/site-packages /usr/bin/python3 -W ignore:setup.py install is deprecated -W ignore:easy_install command is deprecated setup.py egg_info --egg-base ../../build/onepkg build --build-base /home/narayan_/Documents/ros2_ws/build/onepkg/build install --record /home/narayan_/Documents/ros2_ws/build/onepkg/install.log --single-version-externally-managed install_data
[2.249s] DEBUG:colcon.colcon_core.event_handler.log_command:Invoking command in '/home/narayan_/Documents/ros2_ws/src/turtle_sim': CMAKE_PREFIX_PATH=/home/narayan_/Documents/ros2_ws/install/my_interfaces:/home/narayan_/Documents/ros2_ws/install/urdf_test:/home/narayan_/Documents/ros2_ws/install/launch_file:/opt/ros/jazzy/opt/gz_sim_vendor:/opt/ros/jazzy/opt/gz_sensors_vendor:/opt/ros/jazzy/opt/gz_physics_vendor:/opt/ros/jazzy/opt/sdformat_vendor:/opt/ros/jazzy/opt/gz_gui_vendor:/opt/ros/jazzy/opt/gz_transport_vendor:/opt/ros/jazzy/opt/gz_rendering_vendor:/opt/ros/jazzy/opt/gz_plugin_vendor:/opt/ros/jazzy/opt/gz_fuel_tools_vendor:/opt/ros/jazzy/opt/gz_msgs_vendor:/opt/ros/jazzy/opt/gz_common_vendor:/opt/ros/jazzy/opt/gz_math_vendor:/opt/ros/jazzy/opt/gz_utils_vendor:/opt/ros/jazzy/opt/gz_tools_vendor:/opt/ros/jazzy/opt/gz_ogre_next_vendor:/opt/ros/jazzy/opt/gz_dartsim_vendor:/opt/ros/jazzy/opt/gz_cmake_vendor DEBUGINFOD_URLS=https://debuginfod.ubuntu.com PYTHONPATH=/home/narayan_/Documents/ros2_ws/build/turtle_sim/prefix_override:/usr/lib/python3/dist-packages/colcon_core/task/python/colcon_distutils_commands:/home/narayan_/Documents/ros2_ws/install/turtle_sim/lib/python3.12/site-packages:/home/narayan_/Documents/ros2_ws/install/my_interfaces/lib/python3.12/site-packages:/home/narayan_/Documents/ros2_ws/install/turtle_sim/lib/python3.12/site-packages:/home/narayan_/Documents/ros2_ws/install/onepkg/lib/python3.12/site-packages:/home/narayan_/Documents/ros2_ws/install/led_activity/lib/python3.12/site-packages:/home/narayan_/Documents/ros2_ws/install/TransNum/lib/python3.12/site-packages:/opt/ros/jazzy/lib/python3.12/site-packages /usr/bin/python3 -W ignore:setup.py install is deprecated -W ignore:easy_install command is deprecated setup.py egg_info --egg-base ../../build/turtle_sim build --build-base /home/narayan_/Documents/ros2_ws/build/turtle_sim/build install --record /home/narayan_/Documents/ros2_ws/build/turtle_sim/install.log --single-version-externally-managed install_data
[2.828s] Level 1:colcon.colcon_core.environment:checking '/home/narayan_/Documents/ros2_ws/install/led_activity' for CMake module files
[2.830s] Level 1:colcon.colcon_core.environment:checking '/home/narayan_/Documents/ros2_ws/install/led_activity' for CMake config files
[2.829s] DEBUG:colcon.colcon_core.event_handler.log_command:Invoked command in '/home/narayan_/Documents/ros2_ws/src/led_activity' returned '0': CMAKE_PREFIX_PATH=/home/narayan_/Documents/ros2_ws/install/my_interfaces:/home/narayan_/Documents/ros2_ws/install/urdf_test:/home/narayan_/Documents/ros2_ws/install/launch_file:/opt/ros/jazzy/opt/gz_sim_vendor:/opt/ros/jazzy/opt/gz_sensors_vendor:/opt/ros/jazzy/opt/gz_physics_vendor:/opt/ros/jazzy/opt/sdformat_vendor:/opt/ros/jazzy/opt/gz_gui_vendor:/opt/ros/jazzy/opt/gz_transport_vendor:/opt/ros/jazzy/opt/gz_rendering_vendor:/opt/ros/jazzy/opt/gz_plugin_vendor:/opt/ros/jazzy/opt/gz_fuel_tools_vendor:/opt/ros/jazzy/opt/gz_msgs_vendor:/opt/ros/jazzy/opt/gz_common_vendor:/opt/ros/jazzy/opt/gz_math_vendor:/opt/ros/jazzy/opt/gz_utils_vendor:/opt/ros/jazzy/opt/gz_tools_vendor:/opt/ros/jazzy/opt/gz_ogre_next_vendor:/opt/ros/jazzy/opt/gz_dartsim_vendor:/opt/ros/jazzy/opt/gz_cmake_vendor DEBUGINFOD_URLS=https://debuginfod.ubuntu.com PYTHONPATH=/home/narayan_/Documents/ros2_ws/build/led_activity/prefix_override:/usr/lib/python3/dist-packages/colcon_core/task/python/colcon_distutils_commands:/home/narayan_/Documents/ros2_ws/install/led_activity/lib/python3.12/site-packages:/home/narayan_/Documents/ros2_ws/install/my_interfaces/lib/python3.12/site-packages:/home/narayan_/Documents/ros2_ws/install/turtle_sim/lib/python3.12/site-packages:/home/narayan_/Documents/ros2_ws/install/onepkg/lib/python3.12/site-packages:/home/narayan_/Documents/ros2_ws/install/led_activity/lib/python3.12/site-packages:/home/narayan_/Documents/ros2_ws/install/TransNum/lib/python3.12/site-packages:/opt/ros/jazzy/lib/python3.12/site-packages /usr/bin/python3 -W ignore:setup.py install is deprecated -W ignore:easy_install command is deprecated setup.py egg_info --egg-base ../../build/led_activity build --build-base /home/narayan_/Documents/ros2_ws/build/led_activity/build install --record /home/narayan_/Documents/ros2_ws/build/led_activity/install.log --single-version-externally-managed install_data
[2.831s] Level 1:colcon.colcon_core.environment:checking '/home/narayan_/Documents/ros2_ws/install/led_activity/lib'
[2.831s] Level 1:colcon.colcon_core.environment:checking '/home/narayan_/Documents/ros2_ws/install/led_activity/bin'
[2.831s] Level 1:colcon.colcon_core.environment:checking '/home/narayan_/Documents/ros2_ws/install/led_activity/lib/pkgconfig/led_activity.pc'
[2.831s] Level 1:colcon.colcon_core.environment:checking '/home/narayan_/Documents/ros2_ws/install/led_activity/lib/python3.12/site-packages'
[2.831s] Level 1:colcon.colcon_core.shell:create_environment_hook('led_activity', 'pythonpath')
[2.831s] INFO:colcon.colcon_core.shell:Creating environment hook '/home/narayan_/Documents/ros2_ws/install/led_activity/share/led_activity/hook/pythonpath.ps1'
[2.832s] INFO:colcon.colcon_core.shell:Creating environment descriptor '/home/narayan_/Documents/ros2_ws/install/led_activity/share/led_activity/hook/pythonpath.dsv'
[2.832s] INFO:colcon.colcon_core.shell:Creating environment hook '/home/narayan_/Documents/ros2_ws/install/led_activity/share/led_activity/hook/pythonpath.sh'
[2.833s] Level 1:colcon.colcon_core.environment:checking '/home/narayan_/Documents/ros2_ws/install/led_activity/bin'
[2.834s] Level 1:colcon.colcon_core.environment:create_environment_scripts_only(led_activity)
[2.834s] INFO:colcon.colcon_core.shell:Creating package script '/home/narayan_/Documents/ros2_ws/install/led_activity/share/led_activity/package.ps1'
[2.834s] INFO:colcon.colcon_core.shell:Creating package descriptor '/home/narayan_/Documents/ros2_ws/install/led_activity/share/led_activity/package.dsv'
[2.835s] INFO:colcon.colcon_core.shell:Creating package script '/home/narayan_/Documents/ros2_ws/install/led_activity/share/led_activity/package.sh'
[2.835s] INFO:colcon.colcon_core.shell:Creating package script '/home/narayan_/Documents/ros2_ws/install/led_activity/share/led_activity/package.bash'
[2.836s] INFO:colcon.colcon_core.shell:Creating package script '/home/narayan_/Documents/ros2_ws/install/led_activity/share/led_activity/package.zsh'
[2.836s] Level 1:colcon.colcon_core.environment:create_file_with_runtime_dependencies(/home/narayan_/Documents/ros2_ws/install/led_activity/share/colcon-core/packages/led_activity)
[2.843s] Level 1:colcon.colcon_core.environment:checking '/home/narayan_/Documents/ros2_ws/install/onepkg' for CMake module files
[2.843s] DEBUG:colcon.colcon_core.event_handler.log_command:Invoked command in '/home/narayan_/Documents/ros2_ws/src/onepkg' returned '0': CMAKE_PREFIX_PATH=/home/narayan_/Documents/ros2_ws/install/my_interfaces:/home/narayan_/Documents/ros2_ws/install/urdf_test:/home/narayan_/Documents/ros2_ws/install/launch_file:/opt/ros/jazzy/opt/gz_sim_vendor:/opt/ros/jazzy/opt/gz_sensors_vendor:/opt/ros/jazzy/opt/gz_physics_vendor:/opt/ros/jazzy/opt/sdformat_vendor:/opt/ros/jazzy/opt/gz_gui_vendor:/opt/ros/jazzy/opt/gz_transport_vendor:/opt/ros/jazzy/opt/gz_rendering_vendor:/opt/ros/jazzy/opt/gz_plugin_vendor:/opt/ros/jazzy/opt/gz_fuel_tools_vendor:/opt/ros/jazzy/opt/gz_msgs_vendor:/opt/ros/jazzy/opt/gz_common_vendor:/opt/ros/jazzy/opt/gz_math_vendor:/opt/ros/jazzy/opt/gz_utils_vendor:/opt/ros/jazzy/opt/gz_tools_vendor:/opt/ros/jazzy/opt/gz_ogre_next_vendor:/opt/ros/jazzy/opt/gz_dartsim_vendor:/opt/ros/jazzy/opt/gz_cmake_vendor DEBUGINFOD_URLS=https://debuginfod.ubuntu.com PYTHONPATH=/home/narayan_/Documents/ros2_ws/build/onepkg/prefix_override:/usr/lib/python3/dist-packages/colcon_core/task/python/colcon_distutils_commands:/home/narayan_/Documents/ros2_ws/install/onepkg/lib/python3.12/site-packages:/home/narayan_/Documents/ros2_ws/install/my_interfaces/lib/python3.12/site-packages:/home/narayan_/Documents/ros2_ws/install/turtle_sim/lib/python3.12/site-packages:/home/narayan_/Documents/ros2_ws/install/onepkg/lib/python3.12/site-packages:/home/narayan_/Documents/ros2_ws/install/led_activity/lib/python3.12/site-packages:/home/narayan_/Documents/ros2_ws/install/TransNum/lib/python3.12/site-packages:/opt/ros/jazzy/lib/python3.12/site-packages /usr/bin/python3 -W ignore:setup.py install is deprecated -W ignore:easy_install command is deprecated setup.py egg_info --egg-base ../../build/onepkg build --build-base /home/narayan_/Documents/ros2_ws/build/onepkg/build install --record /home/narayan_/Documents/ros2_ws/build/onepkg/install.log --single-version-externally-managed install_data
[2.844s] Level 1:colcon.colcon_core.environment:checking '/home/narayan_/Documents/ros2_ws/install/onepkg' for CMake config files
[2.844s] Level 1:colcon.colcon_core.environment:checking '/home/narayan_/Documents/ros2_ws/install/onepkg/lib'
[2.844s] Level 1:colcon.colcon_core.environment:checking '/home/narayan_/Documents/ros2_ws/install/onepkg/bin'
[2.844s] Level 1:colcon.colcon_core.environment:checking '/home/narayan_/Documents/ros2_ws/install/onepkg/lib/pkgconfig/onepkg.pc'
[2.845s] Level 1:colcon.colcon_core.environment:checking '/home/narayan_/Documents/ros2_ws/install/onepkg/lib/python3.12/site-packages'
[2.845s] Level 1:colcon.colcon_core.shell:create_environment_hook('onepkg', 'pythonpath')
[2.845s] INFO:colcon.colcon_core.shell:Creating environment hook '/home/narayan_/Documents/ros2_ws/install/onepkg/share/onepkg/hook/pythonpath.ps1'
[2.845s] INFO:colcon.colcon_core.shell:Creating environment descriptor '/home/narayan_/Documents/ros2_ws/install/onepkg/share/onepkg/hook/pythonpath.dsv'
[2.846s] INFO:colcon.colcon_core.shell:Creating environment hook '/home/narayan_/Documents/ros2_ws/install/onepkg/share/onepkg/hook/pythonpath.sh'
[2.846s] Level 1:colcon.colcon_core.environment:checking '/home/narayan_/Documents/ros2_ws/install/onepkg/bin'
[2.846s] Level 1:colcon.colcon_core.environment:create_environment_scripts_only(onepkg)
[2.847s] INFO:colcon.colcon_core.shell:Creating package script '/home/narayan_/Documents/ros2_ws/install/onepkg/share/onepkg/package.ps1'
[2.847s] INFO:colcon.colcon_core.shell:Creating package descriptor '/home/narayan_/Documents/ros2_ws/install/onepkg/share/onepkg/package.dsv'
[2.847s] INFO:colcon.colcon_core.shell:Creating package script '/home/narayan_/Documents/ros2_ws/install/onepkg/share/onepkg/package.sh'
[2.849s] INFO:colcon.colcon_core.shell:Creating package script '/home/narayan_/Documents/ros2_ws/install/onepkg/share/onepkg/package.bash'
[2.850s] INFO:colcon.colcon_core.shell:Creating package script '/home/narayan_/Documents/ros2_ws/install/onepkg/share/onepkg/package.zsh'
[2.850s] Level 1:colcon.colcon_core.environment:create_file_with_runtime_dependencies(/home/narayan_/Documents/ros2_ws/install/onepkg/share/colcon-core/packages/onepkg)
[2.851s] Level 1:colcon.colcon_core.environment:checking '/home/narayan_/Documents/ros2_ws/install/turtle_sim' for CMake module files
[2.852s] Level 1:colcon.colcon_core.environment:checking '/home/narayan_/Documents/ros2_ws/install/turtle_sim' for CMake config files
[2.852s] DEBUG:colcon.colcon_core.event_handler.log_command:Invoked command in '/home/narayan_/Documents/ros2_ws/src/turtle_sim' returned '0': CMAKE_PREFIX_PATH=/home/narayan_/Documents/ros2_ws/install/my_interfaces:/home/narayan_/Documents/ros2_ws/install/urdf_test:/home/narayan_/Documents/ros2_ws/install/launch_file:/opt/ros/jazzy/opt/gz_sim_vendor:/opt/ros/jazzy/opt/gz_sensors_vendor:/opt/ros/jazzy/opt/gz_physics_vendor:/opt/ros/jazzy/opt/sdformat_vendor:/opt/ros/jazzy/opt/gz_gui_vendor:/opt/ros/jazzy/opt/gz_transport_vendor:/opt/ros/jazzy/opt/gz_rendering_vendor:/opt/ros/jazzy/opt/gz_plugin_vendor:/opt/ros/jazzy/opt/gz_fuel_tools_vendor:/opt/ros/jazzy/opt/gz_msgs_vendor:/opt/ros/jazzy/opt/gz_common_vendor:/opt/ros/jazzy/opt/gz_math_vendor:/opt/ros/jazzy/opt/gz_utils_vendor:/opt/ros/jazzy/opt/gz_tools_vendor:/opt/ros/jazzy/opt/gz_ogre_next_vendor:/opt/ros/jazzy/opt/gz_dartsim_vendor:/opt/ros/jazzy/opt/gz_cmake_vendor DEBUGINFOD_URLS=https://debuginfod.ubuntu.com PYTHONPATH=/home/narayan_/Documents/ros2_ws/build/turtle_sim/prefix_override:/usr/lib/python3/dist-packages/colcon_core/task/python/colcon_distutils_commands:/home/narayan_/Documents/ros2_ws/install/turtle_sim/lib/python3.12/site-packages:/home/narayan_/Documents/ros2_ws/install/my_interfaces/lib/python3.12/site-packages:/home/narayan_/Documents/ros2_ws/install/turtle_sim/lib/python3.12/site-packages:/home/narayan_/Documents/ros2_ws/install/onepkg/lib/python3.12/site-packages:/home/narayan_/Documents/ros2_ws/install/led_activity/lib/python3.12/site-packages:/home/narayan_/Documents/ros2_ws/install/TransNum/lib/python3.12/site-packages:/opt/ros/jazzy/lib/python3.12/site-packages /usr/bin/python3 -W ignore:setup.py install is deprecated -W ignore:easy_install command is deprecated setup.py egg_info --egg-base ../../build/turtle_sim build --build-base /home/narayan_/Documents/ros2_ws/build/turtle_sim/build install --record /home/narayan_/Documents/ros2_ws/build/turtle_sim/install.log --single-version-externally-managed install_data
[2.853s] Level 1:colcon.colcon_core.environment:checking '/home/narayan_/Documents/ros2_ws/install/turtle_sim/lib'
[2.853s] Level 1:colcon.colcon_core.environment:checking '/home/narayan_/Documents/ros2_ws/install/turtle_sim/bin'
[2.853s] Level 1:colcon.colcon_core.environment:checking '/home/narayan_/Documents/ros2_ws/install/turtle_sim/lib/pkgconfig/turtle_sim.pc'
[2.853s] Level 1:colcon.colcon_core.environment:checking '/home/narayan_/Documents/ros2_ws/install/turtle_sim/lib/python3.12/site-packages'
[2.854s] Level 1:colcon.colcon_core.shell:create_environment_hook('turtle_sim', 'pythonpath')
[2.854s] INFO:colcon.colcon_core.shell:Creating environment hook '/home/narayan_/Documents/ros2_ws/install/turtle_sim/share/turtle_sim/hook/pythonpath.ps1'
[2.854s] INFO:colcon.colcon_core.shell:Creating environment descriptor '/home/narayan_/Documents/ros2_ws/install/turtle_sim/share/turtle_sim/hook/pythonpath.dsv'
[2.854s] INFO:colcon.colcon_core.shell:Creating environment hook '/home/narayan_/Documents/ros2_ws/install/turtle_sim/share/turtle_sim/hook/pythonpath.sh'
[2.855s] Level 1:colcon.colcon_core.environment:checking '/home/narayan_/Documents/ros2_ws/install/turtle_sim/bin'
[2.855s] Level 1:colcon.colcon_core.environment:create_environment_scripts_only(turtle_sim)
[2.856s] INFO:colcon.colcon_core.shell:Creating package script '/home/narayan_/Documents/ros2_ws/install/turtle_sim/share/turtle_sim/package.ps1'
[2.856s] INFO:colcon.colcon_core.shell:Creating package descriptor '/home/narayan_/Documents/ros2_ws/install/turtle_sim/share/turtle_sim/package.dsv'
[2.856s] INFO:colcon.colcon_core.shell:Creating package script '/home/narayan_/Documents/ros2_ws/install/turtle_sim/share/turtle_sim/package.sh'
[2.857s] INFO:colcon.colcon_core.shell:Creating package script '/home/narayan_/Documents/ros2_ws/install/turtle_sim/share/turtle_sim/package.bash'
[2.857s] INFO:colcon.colcon_core.shell:Creating package script '/home/narayan_/Documents/ros2_ws/install/turtle_sim/share/turtle_sim/package.zsh'
[2.857s] Level 1:colcon.colcon_core.environment:create_file_with_runtime_dependencies(/home/narayan_/Documents/ros2_ws/install/turtle_sim/share/colcon-core/packages/turtle_sim)
[2.858s] INFO:colcon.colcon_ros.task.ament_cmake.build:Building ROS package in '/home/narayan_/Documents/ros2_ws/src/launch_file' with build type 'ament_cmake'
[2.858s] INFO:colcon.colcon_cmake.task.cmake.build:Building CMake package in '/home/narayan_/Documents/ros2_ws/src/launch_file'
[2.858s] INFO:colcon.colcon_core.shell:Skip shell extension 'powershell' for command environment: Not usable outside of PowerShell
[2.858s] DEBUG:colcon.colcon_core.shell:Skip shell extension 'dsv' for command environment
[2.874s] DEBUG:colcon.colcon_core.event_handler.log_command:Invoking command in '/home/narayan_/Documents/ros2_ws/build/launch_file': AMENT_PREFIX_PATH=/home/narayan_/Documents/ros2_ws/install/turtle_sim:/home/narayan_/Documents/ros2_ws/install/onepkg:/home/narayan_/Documents/ros2_ws/install/TransNum:/home/narayan_/Documents/ros2_ws/install/urdf_test:/home/narayan_/Documents/ros2_ws/install/launch_file:/home/narayan_/Documents/ros2_ws/install/led_activity:/home/narayan_/Documents/ros2_ws/install/my_interfaces:/opt/ros/jazzy CMAKE_PREFIX_PATH=/home/narayan_/Documents/ros2_ws/install/my_interfaces:/home/narayan_/Documents/ros2_ws/install/urdf_test:/home/narayan_/Documents/ros2_ws/install/launch_file:/opt/ros/jazzy/opt/gz_sim_vendor:/opt/ros/jazzy/opt/gz_sensors_vendor:/opt/ros/jazzy/opt/gz_physics_vendor:/opt/ros/jazzy/opt/sdformat_vendor:/opt/ros/jazzy/opt/gz_gui_vendor:/opt/ros/jazzy/opt/gz_transport_vendor:/opt/ros/jazzy/opt/gz_rendering_vendor:/opt/ros/jazzy/opt/gz_plugin_vendor:/opt/ros/jazzy/opt/gz_fuel_tools_vendor:/opt/ros/jazzy/opt/gz_msgs_vendor:/opt/ros/jazzy/opt/gz_common_vendor:/opt/ros/jazzy/opt/gz_math_vendor:/opt/ros/jazzy/opt/gz_utils_vendor:/opt/ros/jazzy/opt/gz_tools_vendor:/opt/ros/jazzy/opt/gz_ogre_next_vendor:/opt/ros/jazzy/opt/gz_dartsim_vendor:/opt/ros/jazzy/opt/gz_cmake_vendor:/home/narayan_/Documents/ros2_ws/install/turtle_sim:/home/narayan_/Documents/ros2_ws/install/onepkg:/home/narayan_/Documents/ros2_ws/install/led_activity:/home/narayan_/Documents/ros2_ws/install/TransNum:/opt/ros/jazzy DEBUGINFOD_URLS=https://debuginfod.ubuntu.com PYTHONPATH=/home/narayan_/Documents/ros2_ws/install/turtle_sim/lib/python3.12/site-packages:/home/narayan_/Documents/ros2_ws/install/onepkg/lib/python3.12/site-packages:/home/narayan_/Documents/ros2_ws/install/my_interfaces/lib/python3.12/site-packages:/home/narayan_/Documents/ros2_ws/install/TransNum/lib/python3.12/site-packages:/home/narayan_/Documents/ros2_ws/install/led_activity/lib/python3.12/site-packages:/opt/ros/jazzy/lib/python3.12/site-packages /usr/bin/cmake --build /home/narayan_/Documents/ros2_ws/build/launch_file -- -j12 -l12
[2.927s] DEBUG:colcon.colcon_core.event_handler.log_command:Invoked command in '/home/narayan_/Documents/ros2_ws/build/launch_file' returned '0': AMENT_PREFIX_PATH=/home/narayan_/Documents/ros2_ws/install/turtle_sim:/home/narayan_/Documents/ros2_ws/install/onepkg:/home/narayan_/Documents/ros2_ws/install/TransNum:/home/narayan_/Documents/ros2_ws/install/urdf_test:/home/narayan_/Documents/ros2_ws/install/launch_file:/home/narayan_/Documents/ros2_ws/install/led_activity:/home/narayan_/Documents/ros2_ws/install/my_interfaces:/opt/ros/jazzy CMAKE_PREFIX_PATH=/home/narayan_/Documents/ros2_ws/install/my_interfaces:/home/narayan_/Documents/ros2_ws/install/urdf_test:/home/narayan_/Documents/ros2_ws/install/launch_file:/opt/ros/jazzy/opt/gz_sim_vendor:/opt/ros/jazzy/opt/gz_sensors_vendor:/opt/ros/jazzy/opt/gz_physics_vendor:/opt/ros/jazzy/opt/sdformat_vendor:/opt/ros/jazzy/opt/gz_gui_vendor:/opt/ros/jazzy/opt/gz_transport_vendor:/opt/ros/jazzy/opt/gz_rendering_vendor:/opt/ros/jazzy/opt/gz_plugin_vendor:/opt/ros/jazzy/opt/gz_fuel_tools_vendor:/opt/ros/jazzy/opt/gz_msgs_vendor:/opt/ros/jazzy/opt/gz_common_vendor:/opt/ros/jazzy/opt/gz_math_vendor:/opt/ros/jazzy/opt/gz_utils_vendor:/opt/ros/jazzy/opt/gz_tools_vendor:/opt/ros/jazzy/opt/gz_ogre_next_vendor:/opt/ros/jazzy/opt/gz_dartsim_vendor:/opt/ros/jazzy/opt/gz_cmake_vendor:/home/narayan_/Documents/ros2_ws/install/turtle_sim:/home/narayan_/Documents/ros2_ws/install/onepkg:/home/narayan_/Documents/ros2_ws/install/led_activity:/home/narayan_/Documents/ros2_ws/install/TransNum:/opt/ros/jazzy DEBUGINFOD_URLS=https://debuginfod.ubuntu.com PYTHONPATH=/home/narayan_/Documents/ros2_ws/install/turtle_sim/lib/python3.12/site-packages:/home/narayan_/Documents/ros2_ws/install/onepkg/lib/python3.12/site-packages:/home/narayan_/Documents/ros2_ws/install/my_interfaces/lib/python3.12/site-packages:/home/narayan_/Documents/ros2_ws/install/TransNum/lib/python3.12/site-packages:/home/narayan_/Documents/ros2_ws/install/led_activity/lib/python3.12/site-packages:/opt/ros/jazzy/lib/python3.12/site-packages /usr/bin/cmake --build /home/narayan_/Documents/ros2_ws/build/launch_file -- -j12 -l12
[2.927s] DEBUG:colcon.colcon_core.event_handler.log_command:Invoking command in '/home/narayan_/Documents/ros2_ws/build/launch_file': AMENT_PREFIX_PATH=/home/narayan_/Documents/ros2_ws/install/turtle_sim:/home/narayan_/Documents/ros2_ws/install/onepkg:/home/narayan_/Documents/ros2_ws/install/TransNum:/home/narayan_/Documents/ros2_ws/install/urdf_test:/home/narayan_/Documents/ros2_ws/install/launch_file:/home/narayan_/Documents/ros2_ws/install/led_activity:/home/narayan_/Documents/ros2_ws/install/my_interfaces:/opt/ros/jazzy CMAKE_PREFIX_PATH=/home/narayan_/Documents/ros2_ws/install/my_interfaces:/home/narayan_/Documents/ros2_ws/install/urdf_test:/home/narayan_/Documents/ros2_ws/install/launch_file:/opt/ros/jazzy/opt/gz_sim_vendor:/opt/ros/jazzy/opt/gz_sensors_vendor:/opt/ros/jazzy/opt/gz_physics_vendor:/opt/ros/jazzy/opt/sdformat_vendor:/opt/ros/jazzy/opt/gz_gui_vendor:/opt/ros/jazzy/opt/gz_transport_vendor:/opt/ros/jazzy/opt/gz_rendering_vendor:/opt/ros/jazzy/opt/gz_plugin_vendor:/opt/ros/jazzy/opt/gz_fuel_tools_vendor:/opt/ros/jazzy/opt/gz_msgs_vendor:/opt/ros/jazzy/opt/gz_common_vendor:/opt/ros/jazzy/opt/gz_math_vendor:/opt/ros/jazzy/opt/gz_utils_vendor:/opt/ros/jazzy/opt/gz_tools_vendor:/opt/ros/jazzy/opt/gz_ogre_next_vendor:/opt/ros/jazzy/opt/gz_dartsim_vendor:/opt/ros/jazzy/opt/gz_cmake_vendor:/home/narayan_/Documents/ros2_ws/install/turtle_sim:/home/narayan_/Documents/ros2_ws/install/onepkg:/home/narayan_/Documents/ros2_ws/install/led_activity:/home/narayan_/Documents/ros2_ws/install/TransNum:/opt/ros/jazzy DEBUGINFOD_URLS=https://debuginfod.ubuntu.com PYTHONPATH=/home/narayan_/Documents/ros2_ws/install/turtle_sim/lib/python3.12/site-packages:/home/narayan_/Documents/ros2_ws/install/onepkg/lib/python3.12/site-packages:/home/narayan_/Documents/ros2_ws/install/my_interfaces/lib/python3.12/site-packages:/home/narayan_/Documents/ros2_ws/install/TransNum/lib/python3.12/site-packages:/home/narayan_/Documents/ros2_ws/install/led_activity/lib/python3.12/site-packages:/opt/ros/jazzy/lib/python3.12/site-packages /usr/bin/cmake --install /home/narayan_/Documents/ros2_ws/build/launch_file
[2.939s] Level 1:colcon.colcon_core.environment:create_environment_scripts_only(launch_file)
[2.939s] Level 1:colcon.colcon_core.environment:checking '/home/narayan_/Documents/ros2_ws/install/launch_file' for CMake module files
[2.939s] Level 1:colcon.colcon_core.environment:checking '/home/narayan_/Documents/ros2_ws/install/launch_file' for CMake config files
[2.940s] Level 1:colcon.colcon_core.shell:create_environment_hook('launch_file', 'cmake_prefix_path')
[2.940s] INFO:colcon.colcon_core.shell:Creating environment hook '/home/narayan_/Documents/ros2_ws/install/launch_file/share/launch_file/hook/cmake_prefix_path.ps1'
[2.940s] INFO:colcon.colcon_core.shell:Creating environment descriptor '/home/narayan_/Documents/ros2_ws/install/launch_file/share/launch_file/hook/cmake_prefix_path.dsv'
[2.941s] DEBUG:colcon.colcon_core.event_handler.log_command:Invoked command in '/home/narayan_/Documents/ros2_ws/build/launch_file' returned '0': AMENT_PREFIX_PATH=/home/narayan_/Documents/ros2_ws/install/turtle_sim:/home/narayan_/Documents/ros2_ws/install/onepkg:/home/narayan_/Documents/ros2_ws/install/TransNum:/home/narayan_/Documents/ros2_ws/install/urdf_test:/home/narayan_/Documents/ros2_ws/install/launch_file:/home/narayan_/Documents/ros2_ws/install/led_activity:/home/narayan_/Documents/ros2_ws/install/my_interfaces:/opt/ros/jazzy CMAKE_PREFIX_PATH=/home/narayan_/Documents/ros2_ws/install/my_interfaces:/home/narayan_/Documents/ros2_ws/install/urdf_test:/home/narayan_/Documents/ros2_ws/install/launch_file:/opt/ros/jazzy/opt/gz_sim_vendor:/opt/ros/jazzy/opt/gz_sensors_vendor:/opt/ros/jazzy/opt/gz_physics_vendor:/opt/ros/jazzy/opt/sdformat_vendor:/opt/ros/jazzy/opt/gz_gui_vendor:/opt/ros/jazzy/opt/gz_transport_vendor:/opt/ros/jazzy/opt/gz_rendering_vendor:/opt/ros/jazzy/opt/gz_plugin_vendor:/opt/ros/jazzy/opt/gz_fuel_tools_vendor:/opt/ros/jazzy/opt/gz_msgs_vendor:/opt/ros/jazzy/opt/gz_common_vendor:/opt/ros/jazzy/opt/gz_math_vendor:/opt/ros/jazzy/opt/gz_utils_vendor:/opt/ros/jazzy/opt/gz_tools_vendor:/opt/ros/jazzy/opt/gz_ogre_next_vendor:/opt/ros/jazzy/opt/gz_dartsim_vendor:/opt/ros/jazzy/opt/gz_cmake_vendor:/home/narayan_/Documents/ros2_ws/install/turtle_sim:/home/narayan_/Documents/ros2_ws/install/onepkg:/home/narayan_/Documents/ros2_ws/install/led_activity:/home/narayan_/Documents/ros2_ws/install/TransNum:/opt/ros/jazzy DEBUGINFOD_URLS=https://debuginfod.ubuntu.com PYTHONPATH=/home/narayan_/Documents/ros2_ws/install/turtle_sim/lib/python3.12/site-packages:/home/narayan_/Documents/ros2_ws/install/onepkg/lib/python3.12/site-packages:/home/narayan_/Documents/ros2_ws/install/my_interfaces/lib/python3.12/site-packages:/home/narayan_/Documents/ros2_ws/install/TransNum/lib/python3.12/site-packages:/home/narayan_/Documents/ros2_ws/install/led_activity/lib/python3.12/site-packages:/opt/ros/jazzy/lib/python3.12/site-packages /usr/bin/cmake --install /home/narayan_/Documents/ros2_ws/build/launch_file
[2.941s] INFO:colcon.colcon_core.shell:Creating environment hook '/home/narayan_/Documents/ros2_ws/install/launch_file/share/launch_file/hook/cmake_prefix_path.sh'
[2.942s] Level 1:colcon.colcon_core.environment:checking '/home/narayan_/Documents/ros2_ws/install/launch_file/bin'
[2.942s] Level 1:colcon.colcon_core.environment:checking '/home/narayan_/Documents/ros2_ws/install/launch_file/lib/pkgconfig/launch_file.pc'
[2.942s] Level 1:colcon.colcon_core.environment:checking '/home/narayan_/Documents/ros2_ws/install/launch_file/lib/python3.12/site-packages'
[2.942s] Level 1:colcon.colcon_core.environment:checking '/home/narayan_/Documents/ros2_ws/install/launch_file/bin'
[2.942s] INFO:colcon.colcon_core.shell:Creating package script '/home/narayan_/Documents/ros2_ws/install/launch_file/share/launch_file/package.ps1'
[2.943s] INFO:colcon.colcon_core.shell:Creating package descriptor '/home/narayan_/Documents/ros2_ws/install/launch_file/share/launch_file/package.dsv'
[2.943s] INFO:colcon.colcon_core.shell:Creating package script '/home/narayan_/Documents/ros2_ws/install/launch_file/share/launch_file/package.sh'
[2.943s] INFO:colcon.colcon_core.shell:Creating package script '/home/narayan_/Documents/ros2_ws/install/launch_file/share/launch_file/package.bash'
[2.944s] INFO:colcon.colcon_core.shell:Creating package script '/home/narayan_/Documents/ros2_ws/install/launch_file/share/launch_file/package.zsh'
[2.944s] Level 1:colcon.colcon_core.environment:create_file_with_runtime_dependencies(/home/narayan_/Documents/ros2_ws/install/launch_file/share/colcon-core/packages/launch_file)
[2.944s] Level 1:colcon.colcon_core.environment:create_environment_scripts_only(launch_file)
[2.944s] Level 1:colcon.colcon_core.environment:checking '/home/narayan_/Documents/ros2_ws/install/launch_file' for CMake module files
[2.945s] Level 1:colcon.colcon_core.environment:checking '/home/narayan_/Documents/ros2_ws/install/launch_file' for CMake config files
[2.945s] Level 1:colcon.colcon_core.shell:create_environment_hook('launch_file', 'cmake_prefix_path')
[2.945s] INFO:colcon.colcon_core.shell:Creating environment hook '/home/narayan_/Documents/ros2_ws/install/launch_file/share/launch_file/hook/cmake_prefix_path.ps1'
[2.945s] INFO:colcon.colcon_core.shell:Creating environment descriptor '/home/narayan_/Documents/ros2_ws/install/launch_file/share/launch_file/hook/cmake_prefix_path.dsv'
[2.946s] INFO:colcon.colcon_core.shell:Creating environment hook '/home/narayan_/Documents/ros2_ws/install/launch_file/share/launch_file/hook/cmake_prefix_path.sh'
[2.946s] Level 1:colcon.colcon_core.environment:checking '/home/narayan_/Documents/ros2_ws/install/launch_file/bin'
[2.946s] Level 1:colcon.colcon_core.environment:checking '/home/narayan_/Documents/ros2_ws/install/launch_file/lib/pkgconfig/launch_file.pc'
[2.947s] Level 1:colcon.colcon_core.environment:checking '/home/narayan_/Documents/ros2_ws/install/launch_file/lib/python3.12/site-packages'
[2.947s] Level 1:colcon.colcon_core.environment:checking '/home/narayan_/Documents/ros2_ws/install/launch_file/bin'
[2.947s] INFO:colcon.colcon_core.shell:Creating package script '/home/narayan_/Documents/ros2_ws/install/launch_file/share/launch_file/package.ps1'
[2.947s] INFO:colcon.colcon_core.shell:Creating package descriptor '/home/narayan_/Documents/ros2_ws/install/launch_file/share/launch_file/package.dsv'
[2.948s] INFO:colcon.colcon_core.shell:Creating package script '/home/narayan_/Documents/ros2_ws/install/launch_file/share/launch_file/package.sh'
[2.948s] INFO:colcon.colcon_core.shell:Creating package script '/home/narayan_/Documents/ros2_ws/install/launch_file/share/launch_file/package.bash'
[2.948s] INFO:colcon.colcon_core.shell:Creating package script '/home/narayan_/Documents/ros2_ws/install/launch_file/share/launch_file/package.zsh'
[2.949s] Level 1:colcon.colcon_core.environment:create_file_with_runtime_dependencies(/home/narayan_/Documents/ros2_ws/install/launch_file/share/colcon-core/packages/launch_file)
[2.949s] DEBUG:colcon.colcon_parallel_executor.executor.parallel:closing loop
[2.950s] DEBUG:colcon.colcon_parallel_executor.executor.parallel:loop closed
[2.950s] DEBUG:colcon.colcon_parallel_executor.executor.parallel:run_until_complete finished with '0'
[2.950s] DEBUG:colcon.colcon_core.event_reactor:joining thread
[2.956s] INFO:colcon.colcon_core.plugin_system:Skipping extension 'colcon_notification.desktop_notification.terminal_notifier': Not used on non-Darwin systems
[2.956s] INFO:colcon.colcon_core.plugin_system:Skipping extension 'colcon_notification.desktop_notification.win32': Not used on non-Windows systems
[2.956s] INFO:colcon.colcon_notification.desktop_notification:Sending desktop notification using 'notify2'
[2.972s] DEBUG:colcon.colcon_core.event_reactor:joined thread
[2.972s] INFO:colcon.colcon_core.shell:Creating prefix script '/home/narayan_/Documents/ros2_ws/install/local_setup.ps1'
[2.973s] INFO:colcon.colcon_core.shell:Creating prefix util module '/home/narayan_/Documents/ros2_ws/install/_local_setup_util_ps1.py'
[2.974s] INFO:colcon.colcon_core.shell:Creating prefix chain script '/home/narayan_/Documents/ros2_ws/install/setup.ps1'
[2.975s] INFO:colcon.colcon_core.shell:Creating prefix script '/home/narayan_/Documents/ros2_ws/install/local_setup.sh'
[2.976s] INFO:colcon.colcon_core.shell:Creating prefix util module '/home/narayan_/Documents/ros2_ws/install/_local_setup_util_sh.py'
[2.976s] INFO:colcon.colcon_core.shell:Creating prefix chain script '/home/narayan_/Documents/ros2_ws/install/setup.sh'
[2.977s] INFO:colcon.colcon_core.shell:Creating prefix script '/home/narayan_/Documents/ros2_ws/install/local_setup.bash'
[2.978s] INFO:colcon.colcon_core.shell:Creating prefix chain script '/home/narayan_/Documents/ros2_ws/install/setup.bash'
[2.979s] INFO:colcon.colcon_core.shell:Creating prefix script '/home/narayan_/Documents/ros2_ws/install/local_setup.zsh'
[2.980s] INFO:colcon.colcon_core.shell:Creating prefix chain script '/home/narayan_/Documents/ros2_ws/install/setup.zsh'
