[0.076s] Invoking command in '/home/narayan/ros2_ws/build/launch_file': CMAKE_PREFIX_PATH=${CMAKE_PREFIX_PATH}:/home/narayan/ros2_ws/install/onepkg:/home/narayan/ros2_ws/install/TransNum:/opt/ros/jazzy DEBUGINFOD_URLS=https://debuginfod.ubuntu.com /usr/bin/cmake /home/narayan/ros2_ws/src/launch_file -DCMAKE_INSTALL_PREFIX=/home/narayan/ros2_ws/install/launch_file
[1.767s] -- The C compiler identification is GNU 13.3.0
[2.601s] -- The CXX compiler identification is GNU 13.3.0
[2.727s] -- Detecting C compiler ABI info
[3.321s] -- Detecting C compiler ABI info - done
[3.354s] -- Check for working C compiler: /usr/bin/cc - skipped
[3.356s] -- Detecting C compile features
[3.358s] -- Detecting C compile features - done
[3.410s] -- Detecting CXX compiler ABI info
[3.915s] -- Detecting CXX compiler ABI info - done
[3.949s] -- Check for working CXX compiler: /usr/bin/c++ - skipped
[3.950s] -- Detecting CXX compile features
[3.952s] -- Detecting CXX compile features - done
[4.100s] -- Found ament_cmake: 2.5.4 (/opt/ros/jazzy/share/ament_cmake/cmake)
[4.890s] -- Found Python3: /usr/bin/python3 (found version "3.12.3") found components: Interpreter 
[5.735s] -- Found ament_lint_auto: 0.17.2 (/opt/ros/jazzy/share/ament_lint_auto/cmake)
[6.450s] -- Added test 'lint_cmake' to check CMake code style
[6.464s] -- Added test 'xmllint' to check XML markup files
[6.478s] -- Configuring done (5.9s)
[6.498s] -- Generating done (0.0s)
[6.505s] -- Build files have been written to: /home/narayan/ros2_ws/build/launch_file
[6.525s] Invoked command in '/home/narayan/ros2_ws/build/launch_file' returned '0': CMAKE_PREFIX_PATH=${CMAKE_PREFIX_PATH}:/home/narayan/ros2_ws/install/onepkg:/home/narayan/ros2_ws/install/TransNum:/opt/ros/jazzy DEBUGINFOD_URLS=https://debuginfod.ubuntu.com /usr/bin/cmake /home/narayan/ros2_ws/src/launch_file -DCMAKE_INSTALL_PREFIX=/home/narayan/ros2_ws/install/launch_file
[6.530s] Invoking command in '/home/narayan/ros2_ws/build/launch_file': CMAKE_PREFIX_PATH=${CMAKE_PREFIX_PATH}:/home/narayan/ros2_ws/install/onepkg:/home/narayan/ros2_ws/install/TransNum:/opt/ros/jazzy DEBUGINFOD_URLS=https://debuginfod.ubuntu.com /usr/bin/cmake --build /home/narayan/ros2_ws/build/launch_file -- -j4 -l4
[6.726s] Invoked command in '/home/narayan/ros2_ws/build/launch_file' returned '0': CMAKE_PREFIX_PATH=${CMAKE_PREFIX_PATH}:/home/narayan/ros2_ws/install/onepkg:/home/narayan/ros2_ws/install/TransNum:/opt/ros/jazzy DEBUGINFOD_URLS=https://debuginfod.ubuntu.com /usr/bin/cmake --build /home/narayan/ros2_ws/build/launch_file -- -j4 -l4
[6.779s] Invoking command in '/home/narayan/ros2_ws/build/launch_file': CMAKE_PREFIX_PATH=${CMAKE_PREFIX_PATH}:/home/narayan/ros2_ws/install/onepkg:/home/narayan/ros2_ws/install/TransNum:/opt/ros/jazzy DEBUGINFOD_URLS=https://debuginfod.ubuntu.com /usr/bin/cmake --install /home/narayan/ros2_ws/build/launch_file
[6.815s] -- Install configuration: ""
[6.816s] -- Installing: /home/narayan/ros2_ws/install/launch_file/share/ament_index/resource_index/package_run_dependencies/launch_file
[6.818s] -- Installing: /home/narayan/ros2_ws/install/launch_file/share/ament_index/resource_index/parent_prefix_path/launch_file
[6.819s] -- Installing: /home/narayan/ros2_ws/install/launch_file/share/launch_file/environment/ament_prefix_path.sh
[6.820s] -- Installing: /home/narayan/ros2_ws/install/launch_file/share/launch_file/environment/ament_prefix_path.dsv
[6.821s] -- Installing: /home/narayan/ros2_ws/install/launch_file/share/launch_file/environment/path.sh
[6.822s] -- Installing: /home/narayan/ros2_ws/install/launch_file/share/launch_file/environment/path.dsv
[6.823s] -- Installing: /home/narayan/ros2_ws/install/launch_file/share/launch_file/local_setup.bash
[6.824s] -- Installing: /home/narayan/ros2_ws/install/launch_file/share/launch_file/local_setup.sh
[6.825s] -- Installing: /home/narayan/ros2_ws/install/launch_file/share/launch_file/local_setup.zsh
[6.826s] -- Installing: /home/narayan/ros2_ws/install/launch_file/share/launch_file/local_setup.dsv
[6.827s] -- Installing: /home/narayan/ros2_ws/install/launch_file/share/launch_file/package.dsv
[6.828s] -- Installing: /home/narayan/ros2_ws/install/launch_file/share/ament_index/resource_index/packages/launch_file
[6.829s] -- Installing: /home/narayan/ros2_ws/install/launch_file/share/launch_file/cmake/launch_fileConfig.cmake
[6.830s] -- Installing: /home/narayan/ros2_ws/install/launch_file/share/launch_file/cmake/launch_fileConfig-version.cmake
[6.831s] -- Installing: /home/narayan/ros2_ws/install/launch_file/share/launch_file/package.xml
[6.838s] Invoked command in '/home/narayan/ros2_ws/build/launch_file' returned '0': CMAKE_PREFIX_PATH=${CMAKE_PREFIX_PATH}:/home/narayan/ros2_ws/install/onepkg:/home/narayan/ros2_ws/install/TransNum:/opt/ros/jazzy DEBUGINFOD_URLS=https://debuginfod.ubuntu.com /usr/bin/cmake --install /home/narayan/ros2_ws/build/launch_file
