running egg_info
writing ../../build/onepkg/onepkg.egg-info/PKG-INFO
writing dependency_links to ../../build/onepkg/onepkg.egg-info/dependency_links.txt
writing entry points to ../../build/onepkg/onepkg.egg-info/entry_points.txt
writing requirements to ../../build/onepkg/onepkg.egg-info/requires.txt
writing top-level names to ../../build/onepkg/onepkg.egg-info/top_level.txt
reading manifest file '../../build/onepkg/onepkg.egg-info/SOURCES.txt'
writing manifest file '../../build/onepkg/onepkg.egg-info/SOURCES.txt'
running build
running build_py
copying onepkg/interface_test.py -> /home/narayan/ros2_ws/build/onepkg/build/lib/onepkg
running install
running install_lib
copying /home/narayan/ros2_ws/build/onepkg/build/lib/onepkg/interface_test.py -> /home/narayan/ros2_ws/install/onepkg/lib/python3.12/site-packages/onepkg
byte-compiling /home/narayan/ros2_ws/install/onepkg/lib/python3.12/site-packages/onepkg/interface_test.py to interface_test.cpython-312.pyc
running install_data
copying package.xml -> /home/narayan/ros2_ws/install/onepkg/share/onepkg
running install_egg_info
removing '/home/narayan/ros2_ws/install/onepkg/lib/python3.12/site-packages/onepkg-0.0.0-py3.12.egg-info' (and everything under it)
Copying ../../build/onepkg/onepkg.egg-info to /home/narayan/ros2_ws/install/onepkg/lib/python3.12/site-packages/onepkg-0.0.0-py3.12.egg-info
running install_scripts
Installing client script to /home/narayan/ros2_ws/install/onepkg/lib/onepkg
Installing firstnode script to /home/narayan/ros2_ws/install/onepkg/lib/onepkg
Installing interface_test script to /home/narayan/ros2_ws/install/onepkg/lib/onepkg
Installing server script to /home/narayan/ros2_ws/install/onepkg/lib/onepkg
Installing smphnode script to /home/narayan/ros2_ws/install/onepkg/lib/onepkg
Installing transnode script to /home/narayan/ros2_ws/install/onepkg/lib/onepkg
writing list of installed files to '/home/narayan/ros2_ws/build/onepkg/install.log'
