[0.081s] Invoking command in '/home/narayan/ros2_ws/build/my_interfaces': CMAKE_PREFIX_PATH=${CMAKE_PREFIX_PATH}:/home/narayan/ros2_ws/install/onepkg:/home/narayan/ros2_ws/install/TransNum:/opt/ros/jazzy DEBUGINFOD_URLS=https://debuginfod.ubuntu.com /usr/bin/cmake --build /home/narayan/ros2_ws/build/my_interfaces -- -j4 -l4
[0.378s] [  1%] Built target my_interfaces__rosidl_generator_type_description
[0.454s] [  1%] Built target ament_cmake_python_copy_my_interfaces
[0.513s] [  3%] Built target my_interfaces__cpp
[0.524s] [ 24%] Built target my_interfaces__rosidl_generator_c
[0.734s] [ 33%] Built target my_interfaces__rosidl_typesupport_introspection_c
[0.735s] [ 42%] Built target my_interfaces__rosidl_typesupport_fastrtps_c
[0.774s] [ 51%] Built target my_interfaces__rosidl_typesupport_c
[0.912s] [ 61%] Built target my_interfaces__rosidl_typesupport_introspection_cpp
[0.971s] [ 70%] Built target my_interfaces__rosidl_typesupport_fastrtps_cpp
[0.997s] [ 79%] Built target my_interfaces__rosidl_typesupport_cpp
[1.120s] [ 79%] Built target my_interfaces
[1.265s] [ 81%] Built target my_interfaces__py
[1.420s] [ 88%] Built target my_interfaces__rosidl_generator_py
[1.607s] [ 92%] Built target my_interfaces_s__rosidl_typesupport_fastrtps_c
[1.641s] [ 96%] Built target my_interfaces_s__rosidl_typesupport_c
[1.654s] [100%] Built target my_interfaces_s__rosidl_typesupport_introspection_c
[1.903s] running egg_info
[2.007s] writing my_interfaces.egg-info/PKG-INFO
[2.008s] writing dependency_links to my_interfaces.egg-info/dependency_links.txt
[2.009s] writing top-level names to my_interfaces.egg-info/top_level.txt
[2.294s] reading manifest file 'my_interfaces.egg-info/SOURCES.txt'
[2.296s] writing manifest file 'my_interfaces.egg-info/SOURCES.txt'
[2.457s] [100%] Built target ament_cmake_python_build_my_interfaces_egg
[2.517s] Invoked command in '/home/narayan/ros2_ws/build/my_interfaces' returned '0': CMAKE_PREFIX_PATH=${CMAKE_PREFIX_PATH}:/home/narayan/ros2_ws/install/onepkg:/home/narayan/ros2_ws/install/TransNum:/opt/ros/jazzy DEBUGINFOD_URLS=https://debuginfod.ubuntu.com /usr/bin/cmake --build /home/narayan/ros2_ws/build/my_interfaces -- -j4 -l4
[2.568s] Invoking command in '/home/narayan/ros2_ws/build/my_interfaces': CMAKE_PREFIX_PATH=${CMAKE_PREFIX_PATH}:/home/narayan/ros2_ws/install/onepkg:/home/narayan/ros2_ws/install/TransNum:/opt/ros/jazzy DEBUGINFOD_URLS=https://debuginfod.ubuntu.com /usr/bin/cmake --install /home/narayan/ros2_ws/build/my_interfaces
[2.607s] -- Install configuration: ""
[2.608s] -- Up-to-date: /home/narayan/ros2_ws/install/my_interfaces/share/ament_index/resource_index/rosidl_interfaces/my_interfaces
[2.609s] -- Up-to-date: /home/narayan/ros2_ws/install/my_interfaces/share/my_interfaces/msg/HdStatus.json
[2.609s] -- Up-to-date: /home/narayan/ros2_ws/install/my_interfaces/share/my_interfaces/msg/LEDstatus.json
[2.610s] -- Up-to-date: /home/narayan/ros2_ws/install/my_interfaces/share/my_interfaces/srv/SetLED.json
[2.610s] -- Up-to-date: /home/narayan/ros2_ws/install/my_interfaces/include/my_interfaces/my_interfaces
[2.611s] -- Up-to-date: /home/narayan/ros2_ws/install/my_interfaces/include/my_interfaces/my_interfaces/srv
[2.611s] -- Up-to-date: /home/narayan/ros2_ws/install/my_interfaces/include/my_interfaces/my_interfaces/srv/set_led.h
[2.612s] -- Up-to-date: /home/narayan/ros2_ws/install/my_interfaces/include/my_interfaces/my_interfaces/srv/detail
[2.612s] -- Up-to-date: /home/narayan/ros2_ws/install/my_interfaces/include/my_interfaces/my_interfaces/srv/detail/set_led__functions.c
[2.613s] -- Up-to-date: /home/narayan/ros2_ws/install/my_interfaces/include/my_interfaces/my_interfaces/srv/detail/set_led__struct.h
[2.613s] -- Installing: /home/narayan/ros2_ws/install/my_interfaces/include/my_interfaces/my_interfaces/srv/detail/set_led__type_support.c
[2.614s] -- Up-to-date: /home/narayan/ros2_ws/install/my_interfaces/include/my_interfaces/my_interfaces/srv/detail/set_led__functions.h
[2.614s] -- Up-to-date: /home/narayan/ros2_ws/install/my_interfaces/include/my_interfaces/my_interfaces/srv/detail/set_led__description.c
[2.615s] -- Up-to-date: /home/narayan/ros2_ws/install/my_interfaces/include/my_interfaces/my_interfaces/srv/detail/set_led__type_support.h
[2.615s] -- Up-to-date: /home/narayan/ros2_ws/install/my_interfaces/include/my_interfaces/my_interfaces/msg
[2.616s] -- Up-to-date: /home/narayan/ros2_ws/install/my_interfaces/include/my_interfaces/my_interfaces/msg/le_dstatus.h
[2.616s] -- Up-to-date: /home/narayan/ros2_ws/install/my_interfaces/include/my_interfaces/my_interfaces/msg/hd_status.h
[2.617s] -- Up-to-date: /home/narayan/ros2_ws/install/my_interfaces/include/my_interfaces/my_interfaces/msg/rosidl_generator_c__visibility_control.h
[2.617s] -- Up-to-date: /home/narayan/ros2_ws/install/my_interfaces/include/my_interfaces/my_interfaces/msg/detail
[2.618s] -- Up-to-date: /home/narayan/ros2_ws/install/my_interfaces/include/my_interfaces/my_interfaces/msg/detail/hd_status__description.c
[2.618s] -- Up-to-date: /home/narayan/ros2_ws/install/my_interfaces/include/my_interfaces/my_interfaces/msg/detail/hd_status__type_support.h
[2.619s] -- Installing: /home/narayan/ros2_ws/install/my_interfaces/include/my_interfaces/my_interfaces/msg/detail/hd_status__type_support.c
[2.619s] -- Up-to-date: /home/narayan/ros2_ws/install/my_interfaces/include/my_interfaces/my_interfaces/msg/detail/le_dstatus__functions.c
[2.620s] -- Up-to-date: /home/narayan/ros2_ws/install/my_interfaces/include/my_interfaces/my_interfaces/msg/detail/le_dstatus__description.c
[2.620s] -- Up-to-date: /home/narayan/ros2_ws/install/my_interfaces/include/my_interfaces/my_interfaces/msg/detail/le_dstatus__struct.h
[2.621s] -- Up-to-date: /home/narayan/ros2_ws/install/my_interfaces/include/my_interfaces/my_interfaces/msg/detail/hd_status__functions.h
[2.621s] -- Up-to-date: /home/narayan/ros2_ws/install/my_interfaces/include/my_interfaces/my_interfaces/msg/detail/le_dstatus__type_support.h
[2.621s] -- Up-to-date: /home/narayan/ros2_ws/install/my_interfaces/include/my_interfaces/my_interfaces/msg/detail/hd_status__struct.h
[2.622s] -- Up-to-date: /home/narayan/ros2_ws/install/my_interfaces/include/my_interfaces/my_interfaces/msg/detail/hd_status__functions.c
[2.622s] -- Up-to-date: /home/narayan/ros2_ws/install/my_interfaces/include/my_interfaces/my_interfaces/msg/detail/le_dstatus__functions.h
[2.623s] -- Installing: /home/narayan/ros2_ws/install/my_interfaces/include/my_interfaces/my_interfaces/msg/detail/le_dstatus__type_support.c
[2.623s] -- Up-to-date: /home/narayan/ros2_ws/install/my_interfaces/share/my_interfaces/environment/library_path.sh
[2.623s] -- Up-to-date: /home/narayan/ros2_ws/install/my_interfaces/share/my_interfaces/environment/library_path.dsv
[2.624s] -- Up-to-date: /home/narayan/ros2_ws/install/my_interfaces/lib/libmy_interfaces__rosidl_generator_c.so
[2.624s] -- Up-to-date: /home/narayan/ros2_ws/install/my_interfaces/include/my_interfaces/my_interfaces
[2.625s] -- Up-to-date: /home/narayan/ros2_ws/install/my_interfaces/include/my_interfaces/my_interfaces/srv
[2.625s] -- Up-to-date: /home/narayan/ros2_ws/install/my_interfaces/include/my_interfaces/my_interfaces/srv/detail
[2.626s] -- Up-to-date: /home/narayan/ros2_ws/install/my_interfaces/include/my_interfaces/my_interfaces/srv/detail/set_led__rosidl_typesupport_fastrtps_c.h
[2.626s] -- Up-to-date: /home/narayan/ros2_ws/install/my_interfaces/include/my_interfaces/my_interfaces/msg
[2.627s] -- Up-to-date: /home/narayan/ros2_ws/install/my_interfaces/include/my_interfaces/my_interfaces/msg/rosidl_typesupport_fastrtps_c__visibility_control.h
[2.627s] -- Up-to-date: /home/narayan/ros2_ws/install/my_interfaces/include/my_interfaces/my_interfaces/msg/detail
[2.627s] -- Up-to-date: /home/narayan/ros2_ws/install/my_interfaces/include/my_interfaces/my_interfaces/msg/detail/le_dstatus__rosidl_typesupport_fastrtps_c.h
[2.628s] -- Up-to-date: /home/narayan/ros2_ws/install/my_interfaces/include/my_interfaces/my_interfaces/msg/detail/hd_status__rosidl_typesupport_fastrtps_c.h
[2.629s] -- Up-to-date: /home/narayan/ros2_ws/install/my_interfaces/lib/libmy_interfaces__rosidl_typesupport_fastrtps_c.so
[2.629s] -- Up-to-date: /home/narayan/ros2_ws/install/my_interfaces/include/my_interfaces/my_interfaces
[2.630s] -- Up-to-date: /home/narayan/ros2_ws/install/my_interfaces/include/my_interfaces/my_interfaces/srv
[2.630s] -- Up-to-date: /home/narayan/ros2_ws/install/my_interfaces/include/my_interfaces/my_interfaces/srv/detail
[2.631s] -- Installing: /home/narayan/ros2_ws/install/my_interfaces/include/my_interfaces/my_interfaces/srv/detail/set_led__type_support.c
[2.633s] -- Up-to-date: /home/narayan/ros2_ws/install/my_interfaces/include/my_interfaces/my_interfaces/srv/detail/set_led__rosidl_typesupport_introspection_c.h
[2.636s] -- Up-to-date: /home/narayan/ros2_ws/install/my_interfaces/include/my_interfaces/my_interfaces/msg
[2.637s] -- Up-to-date: /home/narayan/ros2_ws/install/my_interfaces/include/my_interfaces/my_interfaces/msg/rosidl_typesupport_introspection_c__visibility_control.h
[2.637s] -- Up-to-date: /home/narayan/ros2_ws/install/my_interfaces/include/my_interfaces/my_interfaces/msg/detail
[2.638s] -- Up-to-date: /home/narayan/ros2_ws/install/my_interfaces/include/my_interfaces/my_interfaces/msg/detail/le_dstatus__rosidl_typesupport_introspection_c.h
[2.638s] -- Installing: /home/narayan/ros2_ws/install/my_interfaces/include/my_interfaces/my_interfaces/msg/detail/hd_status__type_support.c
[2.639s] -- Up-to-date: /home/narayan/ros2_ws/install/my_interfaces/include/my_interfaces/my_interfaces/msg/detail/hd_status__rosidl_typesupport_introspection_c.h
[2.639s] -- Installing: /home/narayan/ros2_ws/install/my_interfaces/include/my_interfaces/my_interfaces/msg/detail/le_dstatus__type_support.c
[2.640s] -- Up-to-date: /home/narayan/ros2_ws/install/my_interfaces/lib/libmy_interfaces__rosidl_typesupport_introspection_c.so
[2.643s] -- Up-to-date: /home/narayan/ros2_ws/install/my_interfaces/lib/libmy_interfaces__rosidl_typesupport_c.so
[2.643s] -- Up-to-date: /home/narayan/ros2_ws/install/my_interfaces/include/my_interfaces/my_interfaces
[2.644s] -- Up-to-date: /home/narayan/ros2_ws/install/my_interfaces/include/my_interfaces/my_interfaces/srv
[2.644s] -- Up-to-date: /home/narayan/ros2_ws/install/my_interfaces/include/my_interfaces/my_interfaces/srv/set_led.hpp
[2.645s] -- Up-to-date: /home/narayan/ros2_ws/install/my_interfaces/include/my_interfaces/my_interfaces/srv/detail
[2.645s] -- Up-to-date: /home/narayan/ros2_ws/install/my_interfaces/include/my_interfaces/my_interfaces/srv/detail/set_led__builder.hpp
[2.645s] -- Up-to-date: /home/narayan/ros2_ws/install/my_interfaces/include/my_interfaces/my_interfaces/srv/detail/set_led__traits.hpp
[2.646s] -- Up-to-date: /home/narayan/ros2_ws/install/my_interfaces/include/my_interfaces/my_interfaces/srv/detail/set_led__type_support.hpp
[2.646s] -- Up-to-date: /home/narayan/ros2_ws/install/my_interfaces/include/my_interfaces/my_interfaces/srv/detail/set_led__struct.hpp
[2.647s] -- Up-to-date: /home/narayan/ros2_ws/install/my_interfaces/include/my_interfaces/my_interfaces/msg
[2.648s] -- Up-to-date: /home/narayan/ros2_ws/install/my_interfaces/include/my_interfaces/my_interfaces/msg/rosidl_generator_cpp__visibility_control.hpp
[2.648s] -- Up-to-date: /home/narayan/ros2_ws/install/my_interfaces/include/my_interfaces/my_interfaces/msg/le_dstatus.hpp
[2.649s] -- Up-to-date: /home/narayan/ros2_ws/install/my_interfaces/include/my_interfaces/my_interfaces/msg/hd_status.hpp
[2.649s] -- Up-to-date: /home/narayan/ros2_ws/install/my_interfaces/include/my_interfaces/my_interfaces/msg/detail
[2.650s] -- Up-to-date: /home/narayan/ros2_ws/install/my_interfaces/include/my_interfaces/my_interfaces/msg/detail/hd_status__type_support.hpp
[2.650s] -- Up-to-date: /home/narayan/ros2_ws/install/my_interfaces/include/my_interfaces/my_interfaces/msg/detail/le_dstatus__type_support.hpp
[2.651s] -- Up-to-date: /home/narayan/ros2_ws/install/my_interfaces/include/my_interfaces/my_interfaces/msg/detail/le_dstatus__struct.hpp
[2.651s] -- Up-to-date: /home/narayan/ros2_ws/install/my_interfaces/include/my_interfaces/my_interfaces/msg/detail/hd_status__traits.hpp
[2.652s] -- Up-to-date: /home/narayan/ros2_ws/install/my_interfaces/include/my_interfaces/my_interfaces/msg/detail/le_dstatus__builder.hpp
[2.652s] -- Up-to-date: /home/narayan/ros2_ws/install/my_interfaces/include/my_interfaces/my_interfaces/msg/detail/hd_status__builder.hpp
[2.652s] -- Up-to-date: /home/narayan/ros2_ws/install/my_interfaces/include/my_interfaces/my_interfaces/msg/detail/le_dstatus__traits.hpp
[2.653s] -- Up-to-date: /home/narayan/ros2_ws/install/my_interfaces/include/my_interfaces/my_interfaces/msg/detail/hd_status__struct.hpp
[2.653s] -- Up-to-date: /home/narayan/ros2_ws/install/my_interfaces/include/my_interfaces/my_interfaces
[2.654s] -- Up-to-date: /home/narayan/ros2_ws/install/my_interfaces/include/my_interfaces/my_interfaces/srv
[2.654s] -- Up-to-date: /home/narayan/ros2_ws/install/my_interfaces/include/my_interfaces/my_interfaces/srv/detail
[2.655s] -- Up-to-date: /home/narayan/ros2_ws/install/my_interfaces/include/my_interfaces/my_interfaces/srv/detail/dds_fastrtps
[2.656s] -- Up-to-date: /home/narayan/ros2_ws/install/my_interfaces/include/my_interfaces/my_interfaces/srv/detail/set_led__rosidl_typesupport_fastrtps_cpp.hpp
[2.656s] -- Up-to-date: /home/narayan/ros2_ws/install/my_interfaces/include/my_interfaces/my_interfaces/msg
[2.657s] -- Up-to-date: /home/narayan/ros2_ws/install/my_interfaces/include/my_interfaces/my_interfaces/msg/rosidl_typesupport_fastrtps_cpp__visibility_control.h
[2.657s] -- Up-to-date: /home/narayan/ros2_ws/install/my_interfaces/include/my_interfaces/my_interfaces/msg/detail
[2.657s] -- Up-to-date: /home/narayan/ros2_ws/install/my_interfaces/include/my_interfaces/my_interfaces/msg/detail/le_dstatus__rosidl_typesupport_fastrtps_cpp.hpp
[2.658s] -- Up-to-date: /home/narayan/ros2_ws/install/my_interfaces/include/my_interfaces/my_interfaces/msg/detail/hd_status__rosidl_typesupport_fastrtps_cpp.hpp
[2.658s] -- Up-to-date: /home/narayan/ros2_ws/install/my_interfaces/include/my_interfaces/my_interfaces/msg/detail/dds_fastrtps
[2.659s] -- Up-to-date: /home/narayan/ros2_ws/install/my_interfaces/lib/libmy_interfaces__rosidl_typesupport_fastrtps_cpp.so
[2.659s] -- Up-to-date: /home/narayan/ros2_ws/install/my_interfaces/include/my_interfaces/my_interfaces
[2.659s] -- Up-to-date: /home/narayan/ros2_ws/install/my_interfaces/include/my_interfaces/my_interfaces/srv
[2.660s] -- Up-to-date: /home/narayan/ros2_ws/install/my_interfaces/include/my_interfaces/my_interfaces/srv/detail
[2.660s] -- Up-to-date: /home/narayan/ros2_ws/install/my_interfaces/include/my_interfaces/my_interfaces/srv/detail/set_led__type_support.cpp
[2.661s] -- Up-to-date: /home/narayan/ros2_ws/install/my_interfaces/include/my_interfaces/my_interfaces/srv/detail/set_led__rosidl_typesupport_introspection_cpp.hpp
[2.661s] -- Up-to-date: /home/narayan/ros2_ws/install/my_interfaces/include/my_interfaces/my_interfaces/msg
[2.662s] -- Up-to-date: /home/narayan/ros2_ws/install/my_interfaces/include/my_interfaces/my_interfaces/msg/detail
[2.662s] -- Up-to-date: /home/narayan/ros2_ws/install/my_interfaces/include/my_interfaces/my_interfaces/msg/detail/hd_status__type_support.cpp
[2.665s] -- Up-to-date: /home/narayan/ros2_ws/install/my_interfaces/include/my_interfaces/my_interfaces/msg/detail/hd_status__rosidl_typesupport_introspection_cpp.hpp
[2.665s] -- Up-to-date: /home/narayan/ros2_ws/install/my_interfaces/include/my_interfaces/my_interfaces/msg/detail/le_dstatus__type_support.cpp
[2.666s] -- Up-to-date: /home/narayan/ros2_ws/install/my_interfaces/include/my_interfaces/my_interfaces/msg/detail/le_dstatus__rosidl_typesupport_introspection_cpp.hpp
[2.666s] -- Up-to-date: /home/narayan/ros2_ws/install/my_interfaces/lib/libmy_interfaces__rosidl_typesupport_introspection_cpp.so
[2.667s] -- Up-to-date: /home/narayan/ros2_ws/install/my_interfaces/lib/libmy_interfaces__rosidl_typesupport_cpp.so
[2.667s] -- Up-to-date: /home/narayan/ros2_ws/install/my_interfaces/share/my_interfaces/environment/pythonpath.sh
[2.671s] -- Up-to-date: /home/narayan/ros2_ws/install/my_interfaces/share/my_interfaces/environment/pythonpath.dsv
[2.672s] -- Up-to-date: /home/narayan/ros2_ws/install/my_interfaces/lib/python3.12/site-packages/my_interfaces-0.0.0-py3.12.egg-info
[2.672s] -- Installing: /home/narayan/ros2_ws/install/my_interfaces/lib/python3.12/site-packages/my_interfaces-0.0.0-py3.12.egg-info/dependency_links.txt
[2.673s] -- Installing: /home/narayan/ros2_ws/install/my_interfaces/lib/python3.12/site-packages/my_interfaces-0.0.0-py3.12.egg-info/top_level.txt
[2.673s] -- Installing: /home/narayan/ros2_ws/install/my_interfaces/lib/python3.12/site-packages/my_interfaces-0.0.0-py3.12.egg-info/SOURCES.txt
[2.675s] -- Installing: /home/narayan/ros2_ws/install/my_interfaces/lib/python3.12/site-packages/my_interfaces-0.0.0-py3.12.egg-info/PKG-INFO
[2.675s] -- Up-to-date: /home/narayan/ros2_ws/install/my_interfaces/lib/python3.12/site-packages/my_interfaces
[2.676s] -- Up-to-date: /home/narayan/ros2_ws/install/my_interfaces/lib/python3.12/site-packages/my_interfaces/_my_interfaces_s.ep.rosidl_typesupport_fastrtps_c.c
[2.676s] -- Up-to-date: /home/narayan/ros2_ws/install/my_interfaces/lib/python3.12/site-packages/my_interfaces/srv
[2.677s] -- Up-to-date: /home/narayan/ros2_ws/install/my_interfaces/lib/python3.12/site-packages/my_interfaces/srv/__init__.py
[2.677s] -- Up-to-date: /home/narayan/ros2_ws/install/my_interfaces/lib/python3.12/site-packages/my_interfaces/srv/_set_led_s.c
[2.678s] -- Up-to-date: /home/narayan/ros2_ws/install/my_interfaces/lib/python3.12/site-packages/my_interfaces/srv/_set_led.py
[2.679s] -- Up-to-date: /home/narayan/ros2_ws/install/my_interfaces/lib/python3.12/site-packages/my_interfaces/_my_interfaces_s.ep.rosidl_typesupport_c.c
[2.679s] -- Up-to-date: /home/narayan/ros2_ws/install/my_interfaces/lib/python3.12/site-packages/my_interfaces/my_interfaces_s__rosidl_typesupport_c.so
[2.679s] -- Up-to-date: /home/narayan/ros2_ws/install/my_interfaces/lib/python3.12/site-packages/my_interfaces/msg
[2.680s] -- Up-to-date: /home/narayan/ros2_ws/install/my_interfaces/lib/python3.12/site-packages/my_interfaces/msg/_hd_status_s.c
[2.680s] -- Up-to-date: /home/narayan/ros2_ws/install/my_interfaces/lib/python3.12/site-packages/my_interfaces/msg/_hd_status.py
[2.681s] -- Up-to-date: /home/narayan/ros2_ws/install/my_interfaces/lib/python3.12/site-packages/my_interfaces/msg/_le_dstatus_s.c
[2.681s] -- Up-to-date: /home/narayan/ros2_ws/install/my_interfaces/lib/python3.12/site-packages/my_interfaces/msg/_le_dstatus.py
[2.681s] -- Up-to-date: /home/narayan/ros2_ws/install/my_interfaces/lib/python3.12/site-packages/my_interfaces/msg/__init__.py
[2.682s] -- Up-to-date: /home/narayan/ros2_ws/install/my_interfaces/lib/python3.12/site-packages/my_interfaces/my_interfaces_s__rosidl_typesupport_fastrtps_c.so
[2.682s] -- Up-to-date: /home/narayan/ros2_ws/install/my_interfaces/lib/python3.12/site-packages/my_interfaces/__init__.py
[2.683s] -- Up-to-date: /home/narayan/ros2_ws/install/my_interfaces/lib/python3.12/site-packages/my_interfaces/_my_interfaces_s.ep.rosidl_typesupport_introspection_c.c
[2.683s] -- Up-to-date: /home/narayan/ros2_ws/install/my_interfaces/lib/python3.12/site-packages/my_interfaces/my_interfaces_s__rosidl_typesupport_introspection_c.so
[2.846s] Listing '/home/narayan/ros2_ws/install/my_interfaces/lib/python3.12/site-packages/my_interfaces'...
[2.847s] Listing '/home/narayan/ros2_ws/install/my_interfaces/lib/python3.12/site-packages/my_interfaces/msg'...
[2.849s] Listing '/home/narayan/ros2_ws/install/my_interfaces/lib/python3.12/site-packages/my_interfaces/srv'...
[2.881s] -- Up-to-date: /home/narayan/ros2_ws/install/my_interfaces/lib/python3.12/site-packages/my_interfaces/my_interfaces_s__rosidl_typesupport_fastrtps_c.so
[2.883s] -- Up-to-date: /home/narayan/ros2_ws/install/my_interfaces/lib/python3.12/site-packages/my_interfaces/my_interfaces_s__rosidl_typesupport_introspection_c.so
[2.886s] -- Up-to-date: /home/narayan/ros2_ws/install/my_interfaces/lib/python3.12/site-packages/my_interfaces/my_interfaces_s__rosidl_typesupport_c.so
[2.893s] -- Up-to-date: /home/narayan/ros2_ws/install/my_interfaces/lib/libmy_interfaces__rosidl_generator_py.so
[2.894s] -- Up-to-date: /home/narayan/ros2_ws/install/my_interfaces/share/my_interfaces/msg/HdStatus.idl
[2.895s] -- Up-to-date: /home/narayan/ros2_ws/install/my_interfaces/share/my_interfaces/msg/LEDstatus.idl
[2.895s] -- Up-to-date: /home/narayan/ros2_ws/install/my_interfaces/share/my_interfaces/srv/SetLED.idl
[2.897s] -- Up-to-date: /home/narayan/ros2_ws/install/my_interfaces/share/my_interfaces/msg/HdStatus.msg
[2.898s] -- Up-to-date: /home/narayan/ros2_ws/install/my_interfaces/share/my_interfaces/msg/LEDstatus.msg
[2.898s] -- Up-to-date: /home/narayan/ros2_ws/install/my_interfaces/share/my_interfaces/srv/SetLED.srv
[2.899s] -- Up-to-date: /home/narayan/ros2_ws/install/my_interfaces/share/ament_index/resource_index/package_run_dependencies/my_interfaces
[2.900s] -- Up-to-date: /home/narayan/ros2_ws/install/my_interfaces/share/ament_index/resource_index/parent_prefix_path/my_interfaces
[2.900s] -- Up-to-date: /home/narayan/ros2_ws/install/my_interfaces/share/my_interfaces/environment/ament_prefix_path.sh
[2.900s] -- Up-to-date: /home/narayan/ros2_ws/install/my_interfaces/share/my_interfaces/environment/ament_prefix_path.dsv
[2.901s] -- Up-to-date: /home/narayan/ros2_ws/install/my_interfaces/share/my_interfaces/environment/path.sh
[2.902s] -- Up-to-date: /home/narayan/ros2_ws/install/my_interfaces/share/my_interfaces/environment/path.dsv
[2.902s] -- Up-to-date: /home/narayan/ros2_ws/install/my_interfaces/share/my_interfaces/local_setup.bash
[2.903s] -- Up-to-date: /home/narayan/ros2_ws/install/my_interfaces/share/my_interfaces/local_setup.sh
[2.903s] -- Up-to-date: /home/narayan/ros2_ws/install/my_interfaces/share/my_interfaces/local_setup.zsh
[2.904s] -- Up-to-date: /home/narayan/ros2_ws/install/my_interfaces/share/my_interfaces/local_setup.dsv
[2.904s] -- Installing: /home/narayan/ros2_ws/install/my_interfaces/share/my_interfaces/package.dsv
[2.905s] -- Up-to-date: /home/narayan/ros2_ws/install/my_interfaces/share/ament_index/resource_index/packages/my_interfaces
[2.905s] -- Up-to-date: /home/narayan/ros2_ws/install/my_interfaces/share/my_interfaces/cmake/export_my_interfaces__rosidl_generator_cExport.cmake
[2.906s] -- Up-to-date: /home/narayan/ros2_ws/install/my_interfaces/share/my_interfaces/cmake/export_my_interfaces__rosidl_generator_cExport-noconfig.cmake
[2.906s] -- Up-to-date: /home/narayan/ros2_ws/install/my_interfaces/share/my_interfaces/cmake/export_my_interfaces__rosidl_typesupport_fastrtps_cExport.cmake
[2.907s] -- Up-to-date: /home/narayan/ros2_ws/install/my_interfaces/share/my_interfaces/cmake/export_my_interfaces__rosidl_typesupport_fastrtps_cExport-noconfig.cmake
[2.907s] -- Up-to-date: /home/narayan/ros2_ws/install/my_interfaces/share/my_interfaces/cmake/my_interfaces__rosidl_typesupport_introspection_cExport.cmake
[2.908s] -- Up-to-date: /home/narayan/ros2_ws/install/my_interfaces/share/my_interfaces/cmake/my_interfaces__rosidl_typesupport_introspection_cExport-noconfig.cmake
[2.908s] -- Up-to-date: /home/narayan/ros2_ws/install/my_interfaces/share/my_interfaces/cmake/my_interfaces__rosidl_typesupport_cExport.cmake
[2.909s] -- Up-to-date: /home/narayan/ros2_ws/install/my_interfaces/share/my_interfaces/cmake/my_interfaces__rosidl_typesupport_cExport-noconfig.cmake
[2.909s] -- Up-to-date: /home/narayan/ros2_ws/install/my_interfaces/share/my_interfaces/cmake/export_my_interfaces__rosidl_generator_cppExport.cmake
[2.910s] -- Up-to-date: /home/narayan/ros2_ws/install/my_interfaces/share/my_interfaces/cmake/export_my_interfaces__rosidl_typesupport_fastrtps_cppExport.cmake
[2.910s] -- Up-to-date: /home/narayan/ros2_ws/install/my_interfaces/share/my_interfaces/cmake/export_my_interfaces__rosidl_typesupport_fastrtps_cppExport-noconfig.cmake
[2.910s] -- Up-to-date: /home/narayan/ros2_ws/install/my_interfaces/share/my_interfaces/cmake/my_interfaces__rosidl_typesupport_introspection_cppExport.cmake
[2.911s] -- Up-to-date: /home/narayan/ros2_ws/install/my_interfaces/share/my_interfaces/cmake/my_interfaces__rosidl_typesupport_introspection_cppExport-noconfig.cmake
[2.911s] -- Up-to-date: /home/narayan/ros2_ws/install/my_interfaces/share/my_interfaces/cmake/my_interfaces__rosidl_typesupport_cppExport.cmake
[2.912s] -- Up-to-date: /home/narayan/ros2_ws/install/my_interfaces/share/my_interfaces/cmake/my_interfaces__rosidl_typesupport_cppExport-noconfig.cmake
[2.912s] -- Up-to-date: /home/narayan/ros2_ws/install/my_interfaces/share/my_interfaces/cmake/export_my_interfaces__rosidl_generator_pyExport.cmake
[2.913s] -- Up-to-date: /home/narayan/ros2_ws/install/my_interfaces/share/my_interfaces/cmake/export_my_interfaces__rosidl_generator_pyExport-noconfig.cmake
[2.914s] -- Up-to-date: /home/narayan/ros2_ws/install/my_interfaces/share/my_interfaces/cmake/rosidl_cmake-extras.cmake
[2.914s] -- Up-to-date: /home/narayan/ros2_ws/install/my_interfaces/share/my_interfaces/cmake/ament_cmake_export_dependencies-extras.cmake
[2.915s] -- Up-to-date: /home/narayan/ros2_ws/install/my_interfaces/share/my_interfaces/cmake/ament_cmake_export_include_directories-extras.cmake
[2.915s] -- Up-to-date: /home/narayan/ros2_ws/install/my_interfaces/share/my_interfaces/cmake/ament_cmake_export_libraries-extras.cmake
[2.916s] -- Up-to-date: /home/narayan/ros2_ws/install/my_interfaces/share/my_interfaces/cmake/ament_cmake_export_targets-extras.cmake
[2.916s] -- Up-to-date: /home/narayan/ros2_ws/install/my_interfaces/share/my_interfaces/cmake/rosidl_cmake_export_typesupport_targets-extras.cmake
[2.917s] -- Up-to-date: /home/narayan/ros2_ws/install/my_interfaces/share/my_interfaces/cmake/rosidl_cmake_export_typesupport_libraries-extras.cmake
[2.917s] -- Up-to-date: /home/narayan/ros2_ws/install/my_interfaces/share/my_interfaces/cmake/my_interfacesConfig.cmake
[2.918s] -- Up-to-date: /home/narayan/ros2_ws/install/my_interfaces/share/my_interfaces/cmake/my_interfacesConfig-version.cmake
[2.918s] -- Up-to-date: /home/narayan/ros2_ws/install/my_interfaces/share/my_interfaces/package.xml
[2.924s] Invoked command in '/home/narayan/ros2_ws/build/my_interfaces' returned '0': CMAKE_PREFIX_PATH=${CMAKE_PREFIX_PATH}:/home/narayan/ros2_ws/install/onepkg:/home/narayan/ros2_ws/install/TransNum:/opt/ros/jazzy DEBUGINFOD_URLS=https://debuginfod.ubuntu.com /usr/bin/cmake --install /home/narayan/ros2_ws/build/my_interfaces
