[10.129s] Invoking command in '/home/narayan/ros2_ws/src/TransNum': DEBUGINFOD_URLS=https://debuginfod.ubuntu.com PYTHONPATH=/home/narayan/ros2_ws/build/TransNum/prefix_override:/usr/lib/python3/dist-packages/colcon_core/task/python/colcon_distutils_commands:/home/narayan/ros2_ws/install/TransNum/lib/python3.12/site-packages:${PYTHONPATH} /usr/bin/python3 -W ignore:setup.py install is deprecated -W ignore:easy_install command is deprecated setup.py egg_info --egg-base ../../build/TransNum build --build-base /home/narayan/ros2_ws/build/TransNum/build install --record /home/narayan/ros2_ws/build/TransNum/install.log --single-version-externally-managed install_data
[12.039s] running egg_info
[12.219s] writing ../../build/TransNum/TransNum.egg-info/PKG-INFO
[12.228s] writing dependency_links to ../../build/TransNum/TransNum.egg-info/dependency_links.txt
[12.231s] writing entry points to ../../build/TransNum/TransNum.egg-info/entry_points.txt
[12.231s] writing requirements to ../../build/TransNum/TransNum.egg-info/requires.txt
[12.232s] writing top-level names to ../../build/TransNum/TransNum.egg-info/top_level.txt
[12.672s] reading manifest file '../../build/TransNum/TransNum.egg-info/SOURCES.txt'
[12.684s] writing manifest file '../../build/TransNum/TransNum.egg-info/SOURCES.txt'
[12.687s] running build
[12.687s] running build_py
[12.694s] copying TransNum/save.py -> /home/narayan/ros2_ws/build/TransNum/build/lib/TransNum
[12.695s] copying TransNum/NumPublisher.py -> /home/narayan/ros2_ws/build/TransNum/build/lib/TransNum
[12.702s] running install
[12.738s] running install_lib
[12.934s] copying /home/narayan/ros2_ws/build/TransNum/build/lib/TransNum/save.py -> /home/narayan/ros2_ws/install/TransNum/lib/python3.12/site-packages/TransNum
[12.937s] copying /home/narayan/ros2_ws/build/TransNum/build/lib/TransNum/NumPublisher.py -> /home/narayan/ros2_ws/install/TransNum/lib/python3.12/site-packages/TransNum
[12.955s] byte-compiling /home/narayan/ros2_ws/install/TransNum/lib/python3.12/site-packages/TransNum/save.py to save.cpython-312.pyc
[12.960s] byte-compiling /home/narayan/ros2_ws/install/TransNum/lib/python3.12/site-packages/TransNum/NumPublisher.py to NumPublisher.cpython-312.pyc
[12.975s] running install_data
[12.975s] running install_egg_info
[13.194s] removing '/home/narayan/ros2_ws/install/TransNum/lib/python3.12/site-packages/TransNum-0.0.0-py3.12.egg-info' (and everything under it)
[13.197s] Copying ../../build/TransNum/TransNum.egg-info to /home/narayan/ros2_ws/install/TransNum/lib/python3.12/site-packages/TransNum-0.0.0-py3.12.egg-info
[13.208s] running install_scripts
[15.417s] Installing number_publisher script to /home/narayan/ros2_ws/install/TransNum/lib/TransNum
[15.421s] Installing two_way script to /home/narayan/ros2_ws/install/TransNum/lib/TransNum
[15.427s] writing list of installed files to '/home/narayan/ros2_ws/build/TransNum/install.log'
[15.717s] Invoked command in '/home/narayan/ros2_ws/src/TransNum' returned '0': DEBUGINFOD_URLS=https://debuginfod.ubuntu.com PYTHONPATH=/home/narayan/ros2_ws/build/TransNum/prefix_override:/usr/lib/python3/dist-packages/colcon_core/task/python/colcon_distutils_commands:/home/narayan/ros2_ws/install/TransNum/lib/python3.12/site-packages:${PYTHONPATH} /usr/bin/python3 -W ignore:setup.py install is deprecated -W ignore:easy_install command is deprecated setup.py egg_info --egg-base ../../build/TransNum build --build-base /home/narayan/ros2_ws/build/TransNum/build install --record /home/narayan/ros2_ws/build/TransNum/install.log --single-version-externally-managed install_data
