[0.174s] Invoking command in '/home/narayan_/Documents/ros2_ws/build/gazebo_launch': CMAKE_PREFIX_PATH=${CMAKE_PREFIX_PATH}:/home/narayan_/Documents/ros2_ws/install/turtle_sim:/home/narayan_/Documents/ros2_ws/install/onepkg:/home/narayan_/Documents/ros2_ws/install/led_activity:/home/narayan_/Documents/ros2_ws/install/TransNum:/opt/ros/jazzy DEBUGINFOD_URLS=https://debuginfod.ubuntu.com /usr/bin/cmake /home/narayan_/Documents/ros2_ws/src/gazebo_launch -DCMAKE_INSTALL_PREFIX=/home/narayan_/Documents/ros2_ws/install/gazebo_launch
[0.272s] -- The C compiler identification is GNU 13.3.0
[0.357s] -- The CXX compiler identification is GNU 13.3.0
[0.374s] -- Detecting C compiler ABI info
[0.455s] -- Detecting C compiler ABI info - done
[0.463s] -- Check for working C compiler: /usr/bin/cc - skipped
[0.463s] -- Detecting C compile features
[0.463s] -- Detecting C compile features - done
[0.472s] -- Detecting CXX compiler ABI info
[0.554s] -- Detecting CXX compiler ABI info - done
[0.563s] -- Check for working CXX compiler: /usr/bin/c++ - skipped
[0.563s] -- Detecting CXX compile features
[0.564s] -- Detecting CXX compile features - done
[0.571s] -- Found ament_cmake: 2.5.4 (/opt/ros/jazzy/share/ament_cmake/cmake)
[0.700s] -- Found Python3: /usr/bin/python3 (found version "3.12.3") found components: Interpreter 
[0.817s] -- Found ament_lint_auto: 0.17.3 (/opt/ros/jazzy/share/ament_lint_auto/cmake)
[0.922s] -- Added test 'lint_cmake' to check CMake code style
[0.924s] -- Added test 'xmllint' to check XML markup files
[0.926s] -- Configuring done (0.7s)
[0.928s] -- Generating done (0.0s)
[0.930s] -- Build files have been written to: /home/narayan_/Documents/ros2_ws/build/gazebo_launch
[0.935s] Invoked command in '/home/narayan_/Documents/ros2_ws/build/gazebo_launch' returned '0': CMAKE_PREFIX_PATH=${CMAKE_PREFIX_PATH}:/home/narayan_/Documents/ros2_ws/install/turtle_sim:/home/narayan_/Documents/ros2_ws/install/onepkg:/home/narayan_/Documents/ros2_ws/install/led_activity:/home/narayan_/Documents/ros2_ws/install/TransNum:/opt/ros/jazzy DEBUGINFOD_URLS=https://debuginfod.ubuntu.com /usr/bin/cmake /home/narayan_/Documents/ros2_ws/src/gazebo_launch -DCMAKE_INSTALL_PREFIX=/home/narayan_/Documents/ros2_ws/install/gazebo_launch
[0.935s] Invoking command in '/home/narayan_/Documents/ros2_ws/build/gazebo_launch': CMAKE_PREFIX_PATH=${CMAKE_PREFIX_PATH}:/home/narayan_/Documents/ros2_ws/install/turtle_sim:/home/narayan_/Documents/ros2_ws/install/onepkg:/home/narayan_/Documents/ros2_ws/install/led_activity:/home/narayan_/Documents/ros2_ws/install/TransNum:/opt/ros/jazzy DEBUGINFOD_URLS=https://debuginfod.ubuntu.com /usr/bin/cmake --build /home/narayan_/Documents/ros2_ws/build/gazebo_launch -- -j12 -l12
[0.971s] Invoked command in '/home/narayan_/Documents/ros2_ws/build/gazebo_launch' returned '0': CMAKE_PREFIX_PATH=${CMAKE_PREFIX_PATH}:/home/narayan_/Documents/ros2_ws/install/turtle_sim:/home/narayan_/Documents/ros2_ws/install/onepkg:/home/narayan_/Documents/ros2_ws/install/led_activity:/home/narayan_/Documents/ros2_ws/install/TransNum:/opt/ros/jazzy DEBUGINFOD_URLS=https://debuginfod.ubuntu.com /usr/bin/cmake --build /home/narayan_/Documents/ros2_ws/build/gazebo_launch -- -j12 -l12
[0.972s] Invoking command in '/home/narayan_/Documents/ros2_ws/build/gazebo_launch': CMAKE_PREFIX_PATH=${CMAKE_PREFIX_PATH}:/home/narayan_/Documents/ros2_ws/install/turtle_sim:/home/narayan_/Documents/ros2_ws/install/onepkg:/home/narayan_/Documents/ros2_ws/install/led_activity:/home/narayan_/Documents/ros2_ws/install/TransNum:/opt/ros/jazzy DEBUGINFOD_URLS=https://debuginfod.ubuntu.com /usr/bin/cmake --install /home/narayan_/Documents/ros2_ws/build/gazebo_launch
[0.979s] -- Install configuration: ""
[0.979s] -- Installing: /home/narayan_/Documents/ros2_ws/install/gazebo_launch/share/ament_index/resource_index/package_run_dependencies/gazebo_launch
[0.979s] -- Installing: /home/narayan_/Documents/ros2_ws/install/gazebo_launch/share/ament_index/resource_index/parent_prefix_path/gazebo_launch
[0.979s] -- Installing: /home/narayan_/Documents/ros2_ws/install/gazebo_launch/share/gazebo_launch/environment/ament_prefix_path.sh
[0.979s] -- Installing: /home/narayan_/Documents/ros2_ws/install/gazebo_launch/share/gazebo_launch/environment/ament_prefix_path.dsv
[0.979s] -- Installing: /home/narayan_/Documents/ros2_ws/install/gazebo_launch/share/gazebo_launch/environment/path.sh
[0.980s] -- Installing: /home/narayan_/Documents/ros2_ws/install/gazebo_launch/share/gazebo_launch/environment/path.dsv
[0.980s] -- Installing: /home/narayan_/Documents/ros2_ws/install/gazebo_launch/share/gazebo_launch/local_setup.bash
[0.980s] -- Installing: /home/narayan_/Documents/ros2_ws/install/gazebo_launch/share/gazebo_launch/local_setup.sh
[0.980s] -- Installing: /home/narayan_/Documents/ros2_ws/install/gazebo_launch/share/gazebo_launch/local_setup.zsh
[0.980s] -- Installing: /home/narayan_/Documents/ros2_ws/install/gazebo_launch/share/gazebo_launch/local_setup.dsv
[0.980s] -- Installing: /home/narayan_/Documents/ros2_ws/install/gazebo_launch/share/gazebo_launch/package.dsv
[0.981s] -- Installing: /home/narayan_/Documents/ros2_ws/install/gazebo_launch/share/ament_index/resource_index/packages/gazebo_launch
[0.981s] -- Installing: /home/narayan_/Documents/ros2_ws/install/gazebo_launch/share/gazebo_launch/cmake/gazebo_launchConfig.cmake
[0.981s] -- Installing: /home/narayan_/Documents/ros2_ws/install/gazebo_launch/share/gazebo_launch/cmake/gazebo_launchConfig-version.cmake
[0.981s] -- Installing: /home/narayan_/Documents/ros2_ws/install/gazebo_launch/share/gazebo_launch/package.xml
[0.983s] Invoked command in '/home/narayan_/Documents/ros2_ws/build/gazebo_launch' returned '0': CMAKE_PREFIX_PATH=${CMAKE_PREFIX_PATH}:/home/narayan_/Documents/ros2_ws/install/turtle_sim:/home/narayan_/Documents/ros2_ws/install/onepkg:/home/narayan_/Documents/ros2_ws/install/led_activity:/home/narayan_/Documents/ros2_ws/install/TransNum:/opt/ros/jazzy DEBUGINFOD_URLS=https://debuginfod.ubuntu.com /usr/bin/cmake --install /home/narayan_/Documents/ros2_ws/build/gazebo_launch
