[5.662s] Invoking command in '/home/narayan/ros2_ws/src/led_activity': DEBUGINFOD_URLS=https://debuginfod.ubuntu.com PYTHONPATH=/home/narayan/ros2_ws/build/led_activity/prefix_override:/usr/lib/python3/dist-packages/colcon_core/task/python/colcon_distutils_commands:/home/narayan/ros2_ws/install/led_activity/lib/python3.12/site-packages:/home/narayan/ros2_ws/install/my_interfaces/lib/python3.12/site-packages:/home/narayan/ros2_ws/install/onepkg/lib/python3.12/site-packages:/home/narayan/ros2_ws/install/TransNum/lib/python3.12/site-packages:/opt/ros/jazzy/lib/python3.12/site-packages /usr/bin/python3 -W ignore:setup.py install is deprecated -W ignore:easy_install command is deprecated setup.py egg_info --egg-base ../../build/led_activity build --build-base /home/narayan/ros2_ws/build/led_activity/build install --record /home/narayan/ros2_ws/build/led_activity/install.log --single-version-externally-managed install_data
[7.060s] running egg_info
[7.156s] writing ../../build/led_activity/led_activity.egg-info/PKG-INFO
[7.157s] writing dependency_links to ../../build/led_activity/led_activity.egg-info/dependency_links.txt
[7.159s] writing requirements to ../../build/led_activity/led_activity.egg-info/requires.txt
[7.159s] writing top-level names to ../../build/led_activity/led_activity.egg-info/top_level.txt
[7.354s] reading manifest file '../../build/led_activity/led_activity.egg-info/SOURCES.txt'
[7.357s] writing manifest file '../../build/led_activity/led_activity.egg-info/SOURCES.txt'
[7.357s] running build
[7.358s] running build_py
[7.359s] running install
[7.386s] running install_lib
[7.481s] running install_data
[7.481s] copying package.xml -> /home/narayan/ros2_ws/install/led_activity/share/led_activity
[7.482s] running install_egg_info
[7.581s] removing '/home/narayan/ros2_ws/install/led_activity/lib/python3.12/site-packages/led_activity-0.0.0-py3.12.egg-info' (and everything under it)
[7.582s] Copying ../../build/led_activity/led_activity.egg-info to /home/narayan/ros2_ws/install/led_activity/lib/python3.12/site-packages/led_activity-0.0.0-py3.12.egg-info
[7.592s] running install_scripts
[8.284s] writing list of installed files to '/home/narayan/ros2_ws/build/led_activity/install.log'
[8.460s] Invoked command in '/home/narayan/ros2_ws/src/led_activity' returned '0': DEBUGINFOD_URLS=https://debuginfod.ubuntu.com PYTHONPATH=/home/narayan/ros2_ws/build/led_activity/prefix_override:/usr/lib/python3/dist-packages/colcon_core/task/python/colcon_distutils_commands:/home/narayan/ros2_ws/install/led_activity/lib/python3.12/site-packages:/home/narayan/ros2_ws/install/my_interfaces/lib/python3.12/site-packages:/home/narayan/ros2_ws/install/onepkg/lib/python3.12/site-packages:/home/narayan/ros2_ws/install/TransNum/lib/python3.12/site-packages:/opt/ros/jazzy/lib/python3.12/site-packages /usr/bin/python3 -W ignore:setup.py install is deprecated -W ignore:easy_install command is deprecated setup.py egg_info --egg-base ../../build/led_activity build --build-base /home/narayan/ros2_ws/build/led_activity/build install --record /home/narayan/ros2_ws/build/led_activity/install.log --single-version-externally-managed install_data
