[5.244s] Invoking command in '/home/narayan/ros2_ws/src/TransNum': DEBUGINFOD_URLS=https://debuginfod.ubuntu.com PYTHONPATH=/home/narayan/ros2_ws/build/TransNum/prefix_override:/usr/lib/python3/dist-packages/colcon_core/task/python/colcon_distutils_commands:/home/narayan/ros2_ws/install/TransNum/lib/python3.12/site-packages:${PYTHONPATH} /usr/bin/python3 -W ignore:setup.py install is deprecated -W ignore:easy_install command is deprecated setup.py egg_info --egg-base ../../build/TransNum build --build-base /home/narayan/ros2_ws/build/TransNum/build install --record /home/narayan/ros2_ws/build/TransNum/install.log --single-version-externally-managed install_data
[6.759s] running egg_info
[6.873s] writing ../../build/TransNum/TransNum.egg-info/PKG-INFO
[6.874s] writing dependency_links to ../../build/TransNum/TransNum.egg-info/dependency_links.txt
[6.876s] writing entry points to ../../build/TransNum/TransNum.egg-info/entry_points.txt
[6.877s] writing requirements to ../../build/TransNum/TransNum.egg-info/requires.txt
[6.878s] writing top-level names to ../../build/TransNum/TransNum.egg-info/top_level.txt
[7.131s] reading manifest file '../../build/TransNum/TransNum.egg-info/SOURCES.txt'
[7.131s] writing manifest file '../../build/TransNum/TransNum.egg-info/SOURCES.txt'
[7.132s] running build
[7.137s] running build_py
[7.138s] running install
[7.167s] running install_lib
[7.287s] running install_data
[7.288s] running install_egg_info
[7.403s] removing '/home/narayan/ros2_ws/install/TransNum/lib/python3.12/site-packages/TransNum-0.0.0-py3.12.egg-info' (and everything under it)
[7.407s] Copying ../../build/TransNum/TransNum.egg-info to /home/narayan/ros2_ws/install/TransNum/lib/python3.12/site-packages/TransNum-0.0.0-py3.12.egg-info
[7.413s] running install_scripts
[8.323s] Installing number_publisher script to /home/narayan/ros2_ws/install/TransNum/lib/TransNum
[8.324s] Installing two_way script to /home/narayan/ros2_ws/install/TransNum/lib/TransNum
[8.340s] writing list of installed files to '/home/narayan/ros2_ws/build/TransNum/install.log'
[8.621s] Invoked command in '/home/narayan/ros2_ws/src/TransNum' returned '0': DEBUGINFOD_URLS=https://debuginfod.ubuntu.com PYTHONPATH=/home/narayan/ros2_ws/build/TransNum/prefix_override:/usr/lib/python3/dist-packages/colcon_core/task/python/colcon_distutils_commands:/home/narayan/ros2_ws/install/TransNum/lib/python3.12/site-packages:${PYTHONPATH} /usr/bin/python3 -W ignore:setup.py install is deprecated -W ignore:easy_install command is deprecated setup.py egg_info --egg-base ../../build/TransNum build --build-base /home/narayan/ros2_ws/build/TransNum/build install --record /home/narayan/ros2_ws/build/TransNum/install.log --single-version-externally-managed install_data
