[3.521s] Invoking command in '/home/narayan/ros2_ws/src/TransNum': DEBUGINFOD_URLS=https://debuginfod.ubuntu.com PYTHONPATH=/home/narayan/ros2_ws/build/TransNum/prefix_override:/usr/lib/python3/dist-packages/colcon_core/task/python/colcon_distutils_commands:/home/narayan/ros2_ws/install/TransNum/lib/python3.12/site-packages:${PYTHONPATH} /usr/bin/python3 -W ignore:setup.py install is deprecated -W ignore:easy_install command is deprecated setup.py egg_info --egg-base ../../build/TransNum build --build-base /home/narayan/ros2_ws/build/TransNum/build install --record /home/narayan/ros2_ws/build/TransNum/install.log --single-version-externally-managed install_data
[4.647s] running egg_info
[4.725s] writing ../../build/TransNum/TransNum.egg-info/PKG-INFO
[4.726s] writing dependency_links to ../../build/TransNum/TransNum.egg-info/dependency_links.txt
[4.728s] writing entry points to ../../build/TransNum/TransNum.egg-info/entry_points.txt
[4.729s] writing requirements to ../../build/TransNum/TransNum.egg-info/requires.txt
[4.730s] writing top-level names to ../../build/TransNum/TransNum.egg-info/top_level.txt
[4.903s] reading manifest file '../../build/TransNum/TransNum.egg-info/SOURCES.txt'
[4.905s] writing manifest file '../../build/TransNum/TransNum.egg-info/SOURCES.txt'
[4.906s] running build
[4.907s] running build_py
[4.907s] copying TransNum/NumPublisher.py -> /home/narayan/ros2_ws/build/TransNum/build/lib/TransNum
[4.909s] running install
[4.934s] running install_lib
[5.016s] copying /home/narayan/ros2_ws/build/TransNum/build/lib/TransNum/NumPublisher.py -> /home/narayan/ros2_ws/install/TransNum/lib/python3.12/site-packages/TransNum
[5.018s] byte-compiling /home/narayan/ros2_ws/install/TransNum/lib/python3.12/site-packages/TransNum/NumPublisher.py to NumPublisher.cpython-312.pyc
[5.021s] running install_data
[5.022s] running install_egg_info
[5.111s] removing '/home/narayan/ros2_ws/install/TransNum/lib/python3.12/site-packages/TransNum-0.0.0-py3.12.egg-info' (and everything under it)
[5.113s] Copying ../../build/TransNum/TransNum.egg-info to /home/narayan/ros2_ws/install/TransNum/lib/python3.12/site-packages/TransNum-0.0.0-py3.12.egg-info
[5.118s] running install_scripts
[5.751s] Installing number_publisher script to /home/narayan/ros2_ws/install/TransNum/lib/TransNum
[5.752s] writing list of installed files to '/home/narayan/ros2_ws/build/TransNum/install.log'
[5.898s] Invoked command in '/home/narayan/ros2_ws/src/TransNum' returned '0': DEBUGINFOD_URLS=https://debuginfod.ubuntu.com PYTHONPATH=/home/narayan/ros2_ws/build/TransNum/prefix_override:/usr/lib/python3/dist-packages/colcon_core/task/python/colcon_distutils_commands:/home/narayan/ros2_ws/install/TransNum/lib/python3.12/site-packages:${PYTHONPATH} /usr/bin/python3 -W ignore:setup.py install is deprecated -W ignore:easy_install command is deprecated setup.py egg_info --egg-base ../../build/TransNum build --build-base /home/narayan/ros2_ws/build/TransNum/build install --record /home/narayan/ros2_ws/build/TransNum/install.log --single-version-externally-managed install_data
