[9.449s] Invoking command in '/home/narayan/ros2_ws/src/TransNum': DEBUGINFOD_URLS=https://debuginfod.ubuntu.com PYTHONPATH=/home/narayan/ros2_ws/build/TransNum/prefix_override:/usr/lib/python3/dist-packages/colcon_core/task/python/colcon_distutils_commands:/home/narayan/ros2_ws/install/TransNum/lib/python3.12/site-packages:${PYTHONPATH} /usr/bin/python3 -W ignore:setup.py install is deprecated -W ignore:easy_install command is deprecated setup.py egg_info --egg-base ../../build/TransNum build --build-base /home/narayan/ros2_ws/build/TransNum/build install --record /home/narayan/ros2_ws/build/TransNum/install.log --single-version-externally-managed install_data
[11.419s] running egg_info
[11.588s] writing ../../build/TransNum/TransNum.egg-info/PKG-INFO
[11.591s] writing dependency_links to ../../build/TransNum/TransNum.egg-info/dependency_links.txt
[11.592s] writing entry points to ../../build/TransNum/TransNum.egg-info/entry_points.txt
[11.597s] writing requirements to ../../build/TransNum/TransNum.egg-info/requires.txt
[11.598s] writing top-level names to ../../build/TransNum/TransNum.egg-info/top_level.txt
[11.919s] reading manifest file '../../build/TransNum/TransNum.egg-info/SOURCES.txt'
[11.925s] writing manifest file '../../build/TransNum/TransNum.egg-info/SOURCES.txt'
[11.926s] running build
[11.927s] running build_py
[11.933s] running install
[11.958s] running install_lib
[12.124s] running install_data
[12.129s] running install_egg_info
[12.268s] removing '/home/narayan/ros2_ws/install/TransNum/lib/python3.12/site-packages/TransNum-0.0.0-py3.12.egg-info' (and everything under it)
[12.271s] Copying ../../build/TransNum/TransNum.egg-info to /home/narayan/ros2_ws/install/TransNum/lib/python3.12/site-packages/TransNum-0.0.0-py3.12.egg-info
[12.288s] running install_scripts
[13.379s] Installing number_publisher script to /home/narayan/ros2_ws/install/TransNum/lib/TransNum
[13.384s] Installing two_way script to /home/narayan/ros2_ws/install/TransNum/lib/TransNum
[13.387s] writing list of installed files to '/home/narayan/ros2_ws/build/TransNum/install.log'
[13.663s] Invoked command in '/home/narayan/ros2_ws/src/TransNum' returned '0': DEBUGINFOD_URLS=https://debuginfod.ubuntu.com PYTHONPATH=/home/narayan/ros2_ws/build/TransNum/prefix_override:/usr/lib/python3/dist-packages/colcon_core/task/python/colcon_distutils_commands:/home/narayan/ros2_ws/install/TransNum/lib/python3.12/site-packages:${PYTHONPATH} /usr/bin/python3 -W ignore:setup.py install is deprecated -W ignore:easy_install command is deprecated setup.py egg_info --egg-base ../../build/TransNum build --build-base /home/narayan/ros2_ws/build/TransNum/build install --record /home/narayan/ros2_ws/build/TransNum/install.log --single-version-externally-managed install_data
