[10.188s] Invoking command in '/home/narayan/ros2_ws/src/led_activity': CMAKE_PREFIX_PATH=/home/narayan/ros2_ws/install/my_interfaces:/home/narayan/ros2_ws/install/launch_file:/home/narayan/ros2_ws/install/led_activity:/opt/ros/jazzy/opt/gz_math_vendor:/opt/ros/jazzy/opt/gz_utils_vendor:/opt/ros/jazzy/opt/gz_cmake_vendor DEBUGINFOD_URLS=https://debuginfod.ubuntu.com PYTHONPATH=/home/narayan/ros2_ws/build/led_activity/prefix_override:/usr/lib/python3/dist-packages/colcon_core/task/python/colcon_distutils_commands:/home/narayan/ros2_ws/install/led_activity/lib/python3.12/site-packages:/home/narayan/ros2_ws/install/my_interfaces/lib/python3.12/site-packages:/home/narayan/ros2_ws/install/turtle_sim/lib/python3.12/site-packages:/home/narayan/ros2_ws/install/onepkg/lib/python3.12/site-packages:/home/narayan/ros2_ws/install/led_activity/lib/python3.12/site-packages:/home/narayan/ros2_ws/install/TransNum/lib/python3.12/site-packages:/opt/ros/jazzy/lib/python3.12/site-packages /usr/bin/python3 -W ignore:setup.py install is deprecated -W ignore:easy_install command is deprecated setup.py egg_info --egg-base ../../build/led_activity build --build-base /home/narayan/ros2_ws/build/led_activity/build install --record /home/narayan/ros2_ws/build/led_activity/install.log --single-version-externally-managed install_data
[12.947s] running egg_info
[13.266s] writing ../../build/led_activity/led_activity.egg-info/PKG-INFO
[13.271s] writing dependency_links to ../../build/led_activity/led_activity.egg-info/dependency_links.txt
[13.278s] writing entry points to ../../build/led_activity/led_activity.egg-info/entry_points.txt
[13.281s] writing requirements to ../../build/led_activity/led_activity.egg-info/requires.txt
[13.282s] writing top-level names to ../../build/led_activity/led_activity.egg-info/top_level.txt
[13.952s] reading manifest file '../../build/led_activity/led_activity.egg-info/SOURCES.txt'
[13.961s] writing manifest file '../../build/led_activity/led_activity.egg-info/SOURCES.txt'
[13.963s] running build
[13.964s] running build_py
[13.972s] running install
[14.006s] running install_lib
[14.206s] running install_data
[14.207s] running install_egg_info
[14.389s] removing '/home/narayan/ros2_ws/install/led_activity/lib/python3.12/site-packages/led_activity-0.0.0-py3.12.egg-info' (and everything under it)
[14.391s] Copying ../../build/led_activity/led_activity.egg-info to /home/narayan/ros2_ws/install/led_activity/lib/python3.12/site-packages/led_activity-0.0.0-py3.12.egg-info
[14.404s] running install_scripts
[15.496s] Installing battery script to /home/narayan/ros2_ws/install/led_activity/lib/led_activity
[15.498s] Installing led_server script to /home/narayan/ros2_ws/install/led_activity/lib/led_activity
[15.500s] writing list of installed files to '/home/narayan/ros2_ws/build/led_activity/install.log'
[15.665s] Invoked command in '/home/narayan/ros2_ws/src/led_activity' returned '0': CMAKE_PREFIX_PATH=/home/narayan/ros2_ws/install/my_interfaces:/home/narayan/ros2_ws/install/launch_file:/home/narayan/ros2_ws/install/led_activity:/opt/ros/jazzy/opt/gz_math_vendor:/opt/ros/jazzy/opt/gz_utils_vendor:/opt/ros/jazzy/opt/gz_cmake_vendor DEBUGINFOD_URLS=https://debuginfod.ubuntu.com PYTHONPATH=/home/narayan/ros2_ws/build/led_activity/prefix_override:/usr/lib/python3/dist-packages/colcon_core/task/python/colcon_distutils_commands:/home/narayan/ros2_ws/install/led_activity/lib/python3.12/site-packages:/home/narayan/ros2_ws/install/my_interfaces/lib/python3.12/site-packages:/home/narayan/ros2_ws/install/turtle_sim/lib/python3.12/site-packages:/home/narayan/ros2_ws/install/onepkg/lib/python3.12/site-packages:/home/narayan/ros2_ws/install/led_activity/lib/python3.12/site-packages:/home/narayan/ros2_ws/install/TransNum/lib/python3.12/site-packages:/opt/ros/jazzy/lib/python3.12/site-packages /usr/bin/python3 -W ignore:setup.py install is deprecated -W ignore:easy_install command is deprecated setup.py egg_info --egg-base ../../build/led_activity build --build-base /home/narayan/ros2_ws/build/led_activity/build install --record /home/narayan/ros2_ws/build/led_activity/install.log --single-version-externally-managed install_data
