[8.339s] Invoking command in '/home/narayan/ros2_ws/src/led_activity': CMAKE_PREFIX_PATH=/home/narayan/ros2_ws/install/my_interfaces:/home/narayan/ros2_ws/install/launch_file:/home/narayan/ros2_ws/install/led_activity:/opt/ros/jazzy/opt/gz_math_vendor:/opt/ros/jazzy/opt/gz_utils_vendor:/opt/ros/jazzy/opt/gz_cmake_vendor DEBUGINFOD_URLS=https://debuginfod.ubuntu.com PYTHONPATH=/home/narayan/ros2_ws/build/led_activity/prefix_override:/usr/lib/python3/dist-packages/colcon_core/task/python/colcon_distutils_commands:/home/narayan/ros2_ws/install/led_activity/lib/python3.12/site-packages:/home/narayan/ros2_ws/install/my_interfaces/lib/python3.12/site-packages:/home/narayan/ros2_ws/install/turtle_sim/lib/python3.12/site-packages:/home/narayan/ros2_ws/install/onepkg/lib/python3.12/site-packages:/home/narayan/ros2_ws/install/led_activity/lib/python3.12/site-packages:/home/narayan/ros2_ws/install/TransNum/lib/python3.12/site-packages:/opt/ros/jazzy/lib/python3.12/site-packages /usr/bin/python3 -W ignore:setup.py install is deprecated -W ignore:easy_install command is deprecated setup.py egg_info --egg-base ../../build/led_activity build --build-base /home/narayan/ros2_ws/build/led_activity/build install --record /home/narayan/ros2_ws/build/led_activity/install.log --single-version-externally-managed install_data
[11.144s] running egg_info
[11.315s] writing ../../build/led_activity/led_activity.egg-info/PKG-INFO
[11.318s] writing dependency_links to ../../build/led_activity/led_activity.egg-info/dependency_links.txt
[11.324s] writing entry points to ../../build/led_activity/led_activity.egg-info/entry_points.txt
[11.326s] writing requirements to ../../build/led_activity/led_activity.egg-info/requires.txt
[11.327s] writing top-level names to ../../build/led_activity/led_activity.egg-info/top_level.txt
[11.693s] reading manifest file '../../build/led_activity/led_activity.egg-info/SOURCES.txt'
[11.694s] writing manifest file '../../build/led_activity/led_activity.egg-info/SOURCES.txt'
[11.697s] running build
[11.698s] running build_py
[11.708s] running install
[11.738s] running install_lib
[11.987s] running install_data
[11.991s] running install_egg_info
[12.210s] removing '/home/narayan/ros2_ws/install/led_activity/lib/python3.12/site-packages/led_activity-0.0.0-py3.12.egg-info' (and everything under it)
[12.212s] Copying ../../build/led_activity/led_activity.egg-info to /home/narayan/ros2_ws/install/led_activity/lib/python3.12/site-packages/led_activity-0.0.0-py3.12.egg-info
[12.221s] running install_scripts
[13.868s] Installing battery script to /home/narayan/ros2_ws/install/led_activity/lib/led_activity
[13.870s] Installing led_server script to /home/narayan/ros2_ws/install/led_activity/lib/led_activity
[13.874s] writing list of installed files to '/home/narayan/ros2_ws/build/led_activity/install.log'
[14.149s] Invoked command in '/home/narayan/ros2_ws/src/led_activity' returned '0': CMAKE_PREFIX_PATH=/home/narayan/ros2_ws/install/my_interfaces:/home/narayan/ros2_ws/install/launch_file:/home/narayan/ros2_ws/install/led_activity:/opt/ros/jazzy/opt/gz_math_vendor:/opt/ros/jazzy/opt/gz_utils_vendor:/opt/ros/jazzy/opt/gz_cmake_vendor DEBUGINFOD_URLS=https://debuginfod.ubuntu.com PYTHONPATH=/home/narayan/ros2_ws/build/led_activity/prefix_override:/usr/lib/python3/dist-packages/colcon_core/task/python/colcon_distutils_commands:/home/narayan/ros2_ws/install/led_activity/lib/python3.12/site-packages:/home/narayan/ros2_ws/install/my_interfaces/lib/python3.12/site-packages:/home/narayan/ros2_ws/install/turtle_sim/lib/python3.12/site-packages:/home/narayan/ros2_ws/install/onepkg/lib/python3.12/site-packages:/home/narayan/ros2_ws/install/led_activity/lib/python3.12/site-packages:/home/narayan/ros2_ws/install/TransNum/lib/python3.12/site-packages:/opt/ros/jazzy/lib/python3.12/site-packages /usr/bin/python3 -W ignore:setup.py install is deprecated -W ignore:easy_install command is deprecated setup.py egg_info --egg-base ../../build/led_activity build --build-base /home/narayan/ros2_ws/build/led_activity/build install --record /home/narayan/ros2_ws/build/led_activity/install.log --single-version-externally-managed install_data
