[4.874s] Invoking command in '/home/narayan/ros2_ws/src/onepkg': DEBUGINFOD_URLS=https://debuginfod.ubuntu.com PYTHONPATH=/home/narayan/ros2_ws/build/onepkg/prefix_override:/usr/lib/python3/dist-packages/colcon_core/task/python/colcon_distutils_commands:/home/narayan/ros2_ws/install/onepkg/lib/python3.12/site-packages:/home/narayan/ros2_ws/install/my_interfaces/lib/python3.12/site-packages:/home/narayan/ros2_ws/install/onepkg/lib/python3.12/site-packages:/home/narayan/ros2_ws/install/TransNum/lib/python3.12/site-packages:/opt/ros/jazzy/lib/python3.12/site-packages /usr/bin/python3 -W ignore:setup.py install is deprecated -W ignore:easy_install command is deprecated setup.py egg_info --egg-base ../../build/onepkg build --build-base /home/narayan/ros2_ws/build/onepkg/build install --record /home/narayan/ros2_ws/build/onepkg/install.log --single-version-externally-managed install_data
[7.022s] running egg_info
[7.183s] writing ../../build/onepkg/onepkg.egg-info/PKG-INFO
[7.193s] writing dependency_links to ../../build/onepkg/onepkg.egg-info/dependency_links.txt
[7.194s] writing entry points to ../../build/onepkg/onepkg.egg-info/entry_points.txt
[7.199s] writing requirements to ../../build/onepkg/onepkg.egg-info/requires.txt
[7.199s] writing top-level names to ../../build/onepkg/onepkg.egg-info/top_level.txt
[7.690s] reading manifest file '../../build/onepkg/onepkg.egg-info/SOURCES.txt'
[7.707s] writing manifest file '../../build/onepkg/onepkg.egg-info/SOURCES.txt'
[7.710s] running build
[7.713s] running build_py
[7.719s] running install
[7.750s] running install_lib
[7.955s] running install_data
[7.959s] running install_egg_info
[8.314s] removing '/home/narayan/ros2_ws/install/onepkg/lib/python3.12/site-packages/onepkg-0.0.0-py3.12.egg-info' (and everything under it)
[8.316s] Copying ../../build/onepkg/onepkg.egg-info to /home/narayan/ros2_ws/install/onepkg/lib/python3.12/site-packages/onepkg-0.0.0-py3.12.egg-info
[8.347s] running install_scripts
[9.761s] Installing client script to /home/narayan/ros2_ws/install/onepkg/lib/onepkg
[9.763s] Installing firstnode script to /home/narayan/ros2_ws/install/onepkg/lib/onepkg
[9.764s] Installing interface_test script to /home/narayan/ros2_ws/install/onepkg/lib/onepkg
[9.765s] Installing server script to /home/narayan/ros2_ws/install/onepkg/lib/onepkg
[9.767s] Installing smphnode script to /home/narayan/ros2_ws/install/onepkg/lib/onepkg
[9.769s] Installing transnode script to /home/narayan/ros2_ws/install/onepkg/lib/onepkg
[9.771s] writing list of installed files to '/home/narayan/ros2_ws/build/onepkg/install.log'
[9.975s] Invoked command in '/home/narayan/ros2_ws/src/onepkg' returned '0': DEBUGINFOD_URLS=https://debuginfod.ubuntu.com PYTHONPATH=/home/narayan/ros2_ws/build/onepkg/prefix_override:/usr/lib/python3/dist-packages/colcon_core/task/python/colcon_distutils_commands:/home/narayan/ros2_ws/install/onepkg/lib/python3.12/site-packages:/home/narayan/ros2_ws/install/my_interfaces/lib/python3.12/site-packages:/home/narayan/ros2_ws/install/onepkg/lib/python3.12/site-packages:/home/narayan/ros2_ws/install/TransNum/lib/python3.12/site-packages:/opt/ros/jazzy/lib/python3.12/site-packages /usr/bin/python3 -W ignore:setup.py install is deprecated -W ignore:easy_install command is deprecated setup.py egg_info --egg-base ../../build/onepkg build --build-base /home/narayan/ros2_ws/build/onepkg/build install --record /home/narayan/ros2_ws/build/onepkg/install.log --single-version-externally-managed install_data
