[5.758s] Invoking command in '/home/narayan/ros2_ws/src/TransNum': DEBUGINFOD_URLS=https://debuginfod.ubuntu.com PYTHONPATH=/home/narayan/ros2_ws/build/TransNum/prefix_override:/usr/lib/python3/dist-packages/colcon_core/task/python/colcon_distutils_commands:/home/narayan/ros2_ws/install/TransNum/lib/python3.12/site-packages:${PYTHONPATH} /usr/bin/python3 -W ignore:setup.py install is deprecated -W ignore:easy_install command is deprecated setup.py egg_info --egg-base ../../build/TransNum build --build-base /home/narayan/ros2_ws/build/TransNum/build install --record /home/narayan/ros2_ws/build/TransNum/install.log --single-version-externally-managed install_data
[7.499s] running egg_info
[7.616s] writing ../../build/TransNum/TransNum.egg-info/PKG-INFO
[7.617s] writing dependency_links to ../../build/TransNum/TransNum.egg-info/dependency_links.txt
[7.618s] writing entry points to ../../build/TransNum/TransNum.egg-info/entry_points.txt
[7.619s] writing requirements to ../../build/TransNum/TransNum.egg-info/requires.txt
[7.620s] writing top-level names to ../../build/TransNum/TransNum.egg-info/top_level.txt
[7.917s] reading manifest file '../../build/TransNum/TransNum.egg-info/SOURCES.txt'
[7.917s] writing manifest file '../../build/TransNum/TransNum.egg-info/SOURCES.txt'
[7.919s] running build
[7.920s] running build_py
[7.921s] running install
[7.948s] running install_lib
[8.088s] running install_data
[8.089s] running install_egg_info
[8.230s] removing '/home/narayan/ros2_ws/install/TransNum/lib/python3.12/site-packages/TransNum-0.0.0-py3.12.egg-info' (and everything under it)
[8.232s] Copying ../../build/TransNum/TransNum.egg-info to /home/narayan/ros2_ws/install/TransNum/lib/python3.12/site-packages/TransNum-0.0.0-py3.12.egg-info
[8.238s] running install_scripts
[9.658s] Installing number_publisher script to /home/narayan/ros2_ws/install/TransNum/lib/TransNum
[9.670s] Installing two_way script to /home/narayan/ros2_ws/install/TransNum/lib/TransNum
[9.673s] writing list of installed files to '/home/narayan/ros2_ws/build/TransNum/install.log'
[10.173s] Invoked command in '/home/narayan/ros2_ws/src/TransNum' returned '0': DEBUGINFOD_URLS=https://debuginfod.ubuntu.com PYTHONPATH=/home/narayan/ros2_ws/build/TransNum/prefix_override:/usr/lib/python3/dist-packages/colcon_core/task/python/colcon_distutils_commands:/home/narayan/ros2_ws/install/TransNum/lib/python3.12/site-packages:${PYTHONPATH} /usr/bin/python3 -W ignore:setup.py install is deprecated -W ignore:easy_install command is deprecated setup.py egg_info --egg-base ../../build/TransNum build --build-base /home/narayan/ros2_ws/build/TransNum/build install --record /home/narayan/ros2_ws/build/TransNum/install.log --single-version-externally-managed install_data
