/home/narayan/ros2_ws/install/turtle_sim/lib/python3.12/site-packages/turtle_sim/head_server.py
/home/narayan/ros2_ws/install/turtle_sim/lib/python3.12/site-packages/turtle_sim/spawner.py
/home/narayan/ros2_ws/install/turtle_sim/lib/python3.12/site-packages/turtle_sim/__init__.py
/home/narayan/ros2_ws/install/turtle_sim/lib/python3.12/site-packages/turtle_sim/turtle1.py
/home/narayan/ros2_ws/install/turtle_sim/lib/python3.12/site-packages/turtle_sim/__pycache__/head_server.cpython-312.pyc
/home/narayan/ros2_ws/install/turtle_sim/lib/python3.12/site-packages/turtle_sim/__pycache__/spawner.cpython-312.pyc
/home/narayan/ros2_ws/install/turtle_sim/lib/python3.12/site-packages/turtle_sim/__pycache__/__init__.cpython-312.pyc
/home/narayan/ros2_ws/install/turtle_sim/lib/python3.12/site-packages/turtle_sim/__pycache__/turtle1.cpython-312.pyc
/home/narayan/ros2_ws/install/turtle_sim/share/ament_index/resource_index/packages/turtle_sim
/home/narayan/ros2_ws/install/turtle_sim/share/turtle_sim/package.xml
/home/narayan/ros2_ws/install/turtle_sim/lib/python3.12/site-packages/turtle_sim-0.0.0-py3.12.egg-info/dependency_links.txt
/home/narayan/ros2_ws/install/turtle_sim/lib/python3.12/site-packages/turtle_sim-0.0.0-py3.12.egg-info/zip-safe
/home/narayan/ros2_ws/install/turtle_sim/lib/python3.12/site-packages/turtle_sim-0.0.0-py3.12.egg-info/top_level.txt
/home/narayan/ros2_ws/install/turtle_sim/lib/python3.12/site-packages/turtle_sim-0.0.0-py3.12.egg-info/entry_points.txt
/home/narayan/ros2_ws/install/turtle_sim/lib/python3.12/site-packages/turtle_sim-0.0.0-py3.12.egg-info/SOURCES.txt
/home/narayan/ros2_ws/install/turtle_sim/lib/python3.12/site-packages/turtle_sim-0.0.0-py3.12.egg-info/PKG-INFO
/home/narayan/ros2_ws/install/turtle_sim/lib/python3.12/site-packages/turtle_sim-0.0.0-py3.12.egg-info/requires.txt
/home/narayan/ros2_ws/install/turtle_sim/lib/turtle_sim/server
/home/narayan/ros2_ws/install/turtle_sim/lib/turtle_sim/spawner
/home/narayan/ros2_ws/install/turtle_sim/lib/turtle_sim/turtle
