[6.945s] Invoking command in '/home/narayan/ros2_ws/src/onepkg': CMAKE_PREFIX_PATH=/home/narayan/ros2_ws/install/my_interfaces:/home/narayan/ros2_ws/install/launch_file:/home/narayan/ros2_ws/install/led_activity:/opt/ros/jazzy/opt/gz_math_vendor:/opt/ros/jazzy/opt/gz_utils_vendor:/opt/ros/jazzy/opt/gz_cmake_vendor DEBUGINFOD_URLS=https://debuginfod.ubuntu.com PYTHONPATH=/home/narayan/ros2_ws/build/onepkg/prefix_override:/usr/lib/python3/dist-packages/colcon_core/task/python/colcon_distutils_commands:/home/narayan/ros2_ws/install/onepkg/lib/python3.12/site-packages:/home/narayan/ros2_ws/install/my_interfaces/lib/python3.12/site-packages:/home/narayan/ros2_ws/install/turtle_sim/lib/python3.12/site-packages:/home/narayan/ros2_ws/install/onepkg/lib/python3.12/site-packages:/home/narayan/ros2_ws/install/led_activity/lib/python3.12/site-packages:/home/narayan/ros2_ws/install/TransNum/lib/python3.12/site-packages:/opt/ros/jazzy/lib/python3.12/site-packages /usr/bin/python3 -W ignore:setup.py install is deprecated -W ignore:easy_install command is deprecated setup.py egg_info --egg-base ../../build/onepkg build --build-base /home/narayan/ros2_ws/build/onepkg/build install --record /home/narayan/ros2_ws/build/onepkg/install.log --single-version-externally-managed install_data
[9.726s] running egg_info
[9.887s] writing ../../build/onepkg/onepkg.egg-info/PKG-INFO
[9.891s] writing dependency_links to ../../build/onepkg/onepkg.egg-info/dependency_links.txt
[9.907s] writing entry points to ../../build/onepkg/onepkg.egg-info/entry_points.txt
[9.912s] writing requirements to ../../build/onepkg/onepkg.egg-info/requires.txt
[9.938s] writing top-level names to ../../build/onepkg/onepkg.egg-info/top_level.txt
[10.656s] reading manifest file '../../build/onepkg/onepkg.egg-info/SOURCES.txt'
[10.692s] writing manifest file '../../build/onepkg/onepkg.egg-info/SOURCES.txt'
[10.697s] running build
[10.699s] running build_py
[10.732s] running install
[10.806s] running install_lib
[10.973s] running install_data
[10.981s] running install_egg_info
[11.150s] removing '/home/narayan/ros2_ws/install/onepkg/lib/python3.12/site-packages/onepkg-0.0.0-py3.12.egg-info' (and everything under it)
[11.160s] Copying ../../build/onepkg/onepkg.egg-info to /home/narayan/ros2_ws/install/onepkg/lib/python3.12/site-packages/onepkg-0.0.0-py3.12.egg-info
[11.176s] running install_scripts
[12.683s] Installing client script to /home/narayan/ros2_ws/install/onepkg/lib/onepkg
[12.689s] Installing firstnode script to /home/narayan/ros2_ws/install/onepkg/lib/onepkg
[12.699s] Installing interface_test script to /home/narayan/ros2_ws/install/onepkg/lib/onepkg
[12.710s] Installing server script to /home/narayan/ros2_ws/install/onepkg/lib/onepkg
[12.718s] Installing smphnode script to /home/narayan/ros2_ws/install/onepkg/lib/onepkg
[12.719s] Installing transnode script to /home/narayan/ros2_ws/install/onepkg/lib/onepkg
[12.736s] writing list of installed files to '/home/narayan/ros2_ws/build/onepkg/install.log'
[12.983s] Invoked command in '/home/narayan/ros2_ws/src/onepkg' returned '0': CMAKE_PREFIX_PATH=/home/narayan/ros2_ws/install/my_interfaces:/home/narayan/ros2_ws/install/launch_file:/home/narayan/ros2_ws/install/led_activity:/opt/ros/jazzy/opt/gz_math_vendor:/opt/ros/jazzy/opt/gz_utils_vendor:/opt/ros/jazzy/opt/gz_cmake_vendor DEBUGINFOD_URLS=https://debuginfod.ubuntu.com PYTHONPATH=/home/narayan/ros2_ws/build/onepkg/prefix_override:/usr/lib/python3/dist-packages/colcon_core/task/python/colcon_distutils_commands:/home/narayan/ros2_ws/install/onepkg/lib/python3.12/site-packages:/home/narayan/ros2_ws/install/my_interfaces/lib/python3.12/site-packages:/home/narayan/ros2_ws/install/turtle_sim/lib/python3.12/site-packages:/home/narayan/ros2_ws/install/onepkg/lib/python3.12/site-packages:/home/narayan/ros2_ws/install/led_activity/lib/python3.12/site-packages:/home/narayan/ros2_ws/install/TransNum/lib/python3.12/site-packages:/opt/ros/jazzy/lib/python3.12/site-packages /usr/bin/python3 -W ignore:setup.py install is deprecated -W ignore:easy_install command is deprecated setup.py egg_info --egg-base ../../build/onepkg build --build-base /home/narayan/ros2_ws/build/onepkg/build install --record /home/narayan/ros2_ws/build/onepkg/install.log --single-version-externally-managed install_data
