[7.022s] Invoking command in '/home/narayan/ros2_ws/src/TransNum': DEBUGINFOD_URLS=https://debuginfod.ubuntu.com PYTHONPATH=/home/narayan/ros2_ws/build/TransNum/prefix_override:/usr/lib/python3/dist-packages/colcon_core/task/python/colcon_distutils_commands:/home/narayan/ros2_ws/install/TransNum/lib/python3.12/site-packages:${PYTHONPATH} /usr/bin/python3 -W ignore:setup.py install is deprecated -W ignore:easy_install command is deprecated setup.py egg_info --egg-base ../../build/TransNum build --build-base /home/narayan/ros2_ws/build/TransNum/build install --record /home/narayan/ros2_ws/build/TransNum/install.log --single-version-externally-managed install_data
[9.638s] running egg_info
[9.847s] writing ../../build/TransNum/TransNum.egg-info/PKG-INFO
[9.849s] writing dependency_links to ../../build/TransNum/TransNum.egg-info/dependency_links.txt
[9.859s] writing entry points to ../../build/TransNum/TransNum.egg-info/entry_points.txt
[9.864s] writing requirements to ../../build/TransNum/TransNum.egg-info/requires.txt
[9.876s] writing top-level names to ../../build/TransNum/TransNum.egg-info/top_level.txt
[10.425s] reading manifest file '../../build/TransNum/TransNum.egg-info/SOURCES.txt'
[10.433s] writing manifest file '../../build/TransNum/TransNum.egg-info/SOURCES.txt'
[10.434s] running build
[10.434s] running build_py
[10.444s] running install
[10.506s] running install_lib
[10.805s] running install_data
[10.818s] running install_egg_info
[11.047s] removing '/home/narayan/ros2_ws/install/TransNum/lib/python3.12/site-packages/TransNum-0.0.0-py3.12.egg-info' (and everything under it)
[11.058s] Copying ../../build/TransNum/TransNum.egg-info to /home/narayan/ros2_ws/install/TransNum/lib/python3.12/site-packages/TransNum-0.0.0-py3.12.egg-info
[11.079s] running install_scripts
[13.913s] Installing number_publisher script to /home/narayan/ros2_ws/install/TransNum/lib/TransNum
[13.914s] Installing two_way script to /home/narayan/ros2_ws/install/TransNum/lib/TransNum
[13.921s] writing list of installed files to '/home/narayan/ros2_ws/build/TransNum/install.log'
[14.403s] Invoked command in '/home/narayan/ros2_ws/src/TransNum' returned '0': DEBUGINFOD_URLS=https://debuginfod.ubuntu.com PYTHONPATH=/home/narayan/ros2_ws/build/TransNum/prefix_override:/usr/lib/python3/dist-packages/colcon_core/task/python/colcon_distutils_commands:/home/narayan/ros2_ws/install/TransNum/lib/python3.12/site-packages:${PYTHONPATH} /usr/bin/python3 -W ignore:setup.py install is deprecated -W ignore:easy_install command is deprecated setup.py egg_info --egg-base ../../build/TransNum build --build-base /home/narayan/ros2_ws/build/TransNum/build install --record /home/narayan/ros2_ws/build/TransNum/install.log --single-version-externally-managed install_data
