[3.557s] Invoking command in '/home/narayan/ros2_ws/src/turtle_sim': DEBUGINFOD_URLS=https://debuginfod.ubuntu.com PYTHONPATH=/home/narayan/ros2_ws/build/turtle_sim/prefix_override:/usr/lib/python3/dist-packages/colcon_core/task/python/colcon_distutils_commands:/home/narayan/ros2_ws/install/turtle_sim/lib/python3.12/site-packages:${PYTHONPATH} /usr/bin/python3 -W ignore:setup.py install is deprecated -W ignore:easy_install command is deprecated setup.py egg_info --egg-base ../../build/turtle_sim build --build-base /home/narayan/ros2_ws/build/turtle_sim/build install --record /home/narayan/ros2_ws/build/turtle_sim/install.log --single-version-externally-managed install_data
[4.671s] running egg_info
[4.754s] writing ../../build/turtle_sim/turtle_sim.egg-info/PKG-INFO
[4.755s] writing dependency_links to ../../build/turtle_sim/turtle_sim.egg-info/dependency_links.txt
[4.755s] writing entry points to ../../build/turtle_sim/turtle_sim.egg-info/entry_points.txt
[4.757s] writing requirements to ../../build/turtle_sim/turtle_sim.egg-info/requires.txt
[4.758s] writing top-level names to ../../build/turtle_sim/turtle_sim.egg-info/top_level.txt
[4.915s] reading manifest file '../../build/turtle_sim/turtle_sim.egg-info/SOURCES.txt'
[4.918s] writing manifest file '../../build/turtle_sim/turtle_sim.egg-info/SOURCES.txt'
[4.919s] running build
[4.919s] running build_py
[4.920s] copying turtle_sim/spawner.py -> /home/narayan/ros2_ws/build/turtle_sim/build/lib/turtle_sim
[4.921s] running install
[4.945s] running install_lib
[5.030s] copying /home/narayan/ros2_ws/build/turtle_sim/build/lib/turtle_sim/spawner.py -> /home/narayan/ros2_ws/install/turtle_sim/lib/python3.12/site-packages/turtle_sim
[5.033s] byte-compiling /home/narayan/ros2_ws/install/turtle_sim/lib/python3.12/site-packages/turtle_sim/spawner.py to spawner.cpython-312.pyc
[5.039s] running install_data
[5.039s] running install_egg_info
[5.119s] removing '/home/narayan/ros2_ws/install/turtle_sim/lib/python3.12/site-packages/turtle_sim-0.0.0-py3.12.egg-info' (and everything under it)
[5.120s] Copying ../../build/turtle_sim/turtle_sim.egg-info to /home/narayan/ros2_ws/install/turtle_sim/lib/python3.12/site-packages/turtle_sim-0.0.0-py3.12.egg-info
[5.125s] running install_scripts
[5.733s] Installing spawner script to /home/narayan/ros2_ws/install/turtle_sim/lib/turtle_sim
[5.734s] writing list of installed files to '/home/narayan/ros2_ws/build/turtle_sim/install.log'
[5.887s] Invoked command in '/home/narayan/ros2_ws/src/turtle_sim' returned '0': DEBUGINFOD_URLS=https://debuginfod.ubuntu.com PYTHONPATH=/home/narayan/ros2_ws/build/turtle_sim/prefix_override:/usr/lib/python3/dist-packages/colcon_core/task/python/colcon_distutils_commands:/home/narayan/ros2_ws/install/turtle_sim/lib/python3.12/site-packages:${PYTHONPATH} /usr/bin/python3 -W ignore:setup.py install is deprecated -W ignore:easy_install command is deprecated setup.py egg_info --egg-base ../../build/turtle_sim build --build-base /home/narayan/ros2_ws/build/turtle_sim/build install --record /home/narayan/ros2_ws/build/turtle_sim/install.log --single-version-externally-managed install_data
