[4.433s] Invoking command in '/home/narayan/ros2_ws/src/onepkg': DEBUGINFOD_URLS=https://debuginfod.ubuntu.com PYTHONPATH=/home/narayan/ros2_ws/build/onepkg/prefix_override:/usr/lib/python3/dist-packages/colcon_core/task/python/colcon_distutils_commands:/home/narayan/ros2_ws/install/onepkg/lib/python3.12/site-packages:${PYTHONPATH} /usr/bin/python3 -W ignore:setup.py install is deprecated -W ignore:easy_install command is deprecated setup.py egg_info --egg-base ../../build/onepkg build --build-base /home/narayan/ros2_ws/build/onepkg/build install --record /home/narayan/ros2_ws/build/onepkg/install.log --single-version-externally-managed install_data
[5.600s] running egg_info
[5.684s] writing ../../build/onepkg/onepkg.egg-info/PKG-INFO
[5.686s] writing dependency_links to ../../build/onepkg/onepkg.egg-info/dependency_links.txt
[5.688s] writing entry points to ../../build/onepkg/onepkg.egg-info/entry_points.txt
[5.689s] writing requirements to ../../build/onepkg/onepkg.egg-info/requires.txt
[5.690s] writing top-level names to ../../build/onepkg/onepkg.egg-info/top_level.txt
[5.869s] reading manifest file '../../build/onepkg/onepkg.egg-info/SOURCES.txt'
[5.873s] writing manifest file '../../build/onepkg/onepkg.egg-info/SOURCES.txt'
[5.873s] running build
[5.874s] running build_py
[5.876s] copying onepkg/server_test.py -> /home/narayan/ros2_ws/build/onepkg/build/lib/onepkg
[5.878s] running install
[5.903s] running install_lib
[5.990s] copying /home/narayan/ros2_ws/build/onepkg/build/lib/onepkg/server_test.py -> /home/narayan/ros2_ws/install/onepkg/lib/python3.12/site-packages/onepkg
[5.993s] byte-compiling /home/narayan/ros2_ws/install/onepkg/lib/python3.12/site-packages/onepkg/server_test.py to server_test.cpython-312.pyc
[5.996s] running install_data
[5.997s] running install_egg_info
[6.096s] removing '/home/narayan/ros2_ws/install/onepkg/lib/python3.12/site-packages/onepkg-0.0.0-py3.12.egg-info' (and everything under it)
[6.097s] Copying ../../build/onepkg/onepkg.egg-info to /home/narayan/ros2_ws/install/onepkg/lib/python3.12/site-packages/onepkg-0.0.0-py3.12.egg-info
[6.105s] running install_scripts
[6.749s] Installing firstnode script to /home/narayan/ros2_ws/install/onepkg/lib/onepkg
[6.753s] Installing server script to /home/narayan/ros2_ws/install/onepkg/lib/onepkg
[6.754s] Installing smphnode script to /home/narayan/ros2_ws/install/onepkg/lib/onepkg
[6.755s] Installing transnode script to /home/narayan/ros2_ws/install/onepkg/lib/onepkg
[6.757s] writing list of installed files to '/home/narayan/ros2_ws/build/onepkg/install.log'
[6.908s] Invoked command in '/home/narayan/ros2_ws/src/onepkg' returned '0': DEBUGINFOD_URLS=https://debuginfod.ubuntu.com PYTHONPATH=/home/narayan/ros2_ws/build/onepkg/prefix_override:/usr/lib/python3/dist-packages/colcon_core/task/python/colcon_distutils_commands:/home/narayan/ros2_ws/install/onepkg/lib/python3.12/site-packages:${PYTHONPATH} /usr/bin/python3 -W ignore:setup.py install is deprecated -W ignore:easy_install command is deprecated setup.py egg_info --egg-base ../../build/onepkg build --build-base /home/narayan/ros2_ws/build/onepkg/build install --record /home/narayan/ros2_ws/build/onepkg/install.log --single-version-externally-managed install_data
