[0.070s] Invoking command in '/home/narayan/ros2_ws/build/my_interfaces': CMAKE_PREFIX_PATH=${CMAKE_PREFIX_PATH}:/home/narayan/ros2_ws/install/turtle_sim:/home/narayan/ros2_ws/install/onepkg:/home/narayan/ros2_ws/install/TransNum:/opt/ros/jazzy DEBUGINFOD_URLS=https://debuginfod.ubuntu.com /usr/bin/cmake --build /home/narayan/ros2_ws/build/my_interfaces -- -j4 -l4
[0.757s] [  1%] Built target my_interfaces__rosidl_generator_type_description
[0.838s] [  1%] Built target ament_cmake_python_copy_my_interfaces
[0.898s] [  3%] Built target my_interfaces__cpp
[0.947s] [ 24%] Built target my_interfaces__rosidl_generator_c
[1.145s] [ 33%] Built target my_interfaces__rosidl_typesupport_introspection_c
[1.158s] [ 42%] Built target my_interfaces__rosidl_typesupport_c
[1.193s] [ 51%] Built target my_interfaces__rosidl_typesupport_fastrtps_c
[1.320s] [ 61%] Built target my_interfaces__rosidl_typesupport_fastrtps_cpp
[1.339s] [ 70%] Built target my_interfaces__rosidl_typesupport_introspection_cpp
[1.370s] [ 79%] Built target my_interfaces__rosidl_typesupport_cpp
[1.488s] [ 79%] Built target my_interfaces
[1.616s] [ 81%] Built target my_interfaces__py
[1.798s] [ 88%] Built target my_interfaces__rosidl_generator_py
[1.953s] [ 92%] Built target my_interfaces_s__rosidl_typesupport_fastrtps_c
[1.953s] [ 96%] Built target my_interfaces_s__rosidl_typesupport_introspection_c
[1.963s] [100%] Built target my_interfaces_s__rosidl_typesupport_c
[2.073s] running egg_info
[2.162s] writing my_interfaces.egg-info/PKG-INFO
[2.163s] writing dependency_links to my_interfaces.egg-info/dependency_links.txt
[2.164s] writing top-level names to my_interfaces.egg-info/top_level.txt
[2.411s] reading manifest file 'my_interfaces.egg-info/SOURCES.txt'
[2.414s] writing manifest file 'my_interfaces.egg-info/SOURCES.txt'
[2.569s] [100%] Built target ament_cmake_python_build_my_interfaces_egg
[2.630s] Invoked command in '/home/narayan/ros2_ws/build/my_interfaces' returned '0': CMAKE_PREFIX_PATH=${CMAKE_PREFIX_PATH}:/home/narayan/ros2_ws/install/turtle_sim:/home/narayan/ros2_ws/install/onepkg:/home/narayan/ros2_ws/install/TransNum:/opt/ros/jazzy DEBUGINFOD_URLS=https://debuginfod.ubuntu.com /usr/bin/cmake --build /home/narayan/ros2_ws/build/my_interfaces -- -j4 -l4
[2.686s] Invoking command in '/home/narayan/ros2_ws/build/my_interfaces': CMAKE_PREFIX_PATH=${CMAKE_PREFIX_PATH}:/home/narayan/ros2_ws/install/turtle_sim:/home/narayan/ros2_ws/install/onepkg:/home/narayan/ros2_ws/install/TransNum:/opt/ros/jazzy DEBUGINFOD_URLS=https://debuginfod.ubuntu.com /usr/bin/cmake --install /home/narayan/ros2_ws/build/my_interfaces
[2.732s] -- Install configuration: ""
[2.733s] -- Up-to-date: /home/narayan/ros2_ws/install/my_interfaces/share/ament_index/resource_index/rosidl_interfaces/my_interfaces
[2.734s] -- Up-to-date: /home/narayan/ros2_ws/install/my_interfaces/share/my_interfaces/msg/HdStatus.json
[2.734s] -- Up-to-date: /home/narayan/ros2_ws/install/my_interfaces/share/my_interfaces/msg/LEDstatus.json
[2.735s] -- Up-to-date: /home/narayan/ros2_ws/install/my_interfaces/share/my_interfaces/srv/SetLED.json
[2.736s] -- Up-to-date: /home/narayan/ros2_ws/install/my_interfaces/include/my_interfaces/my_interfaces
[2.737s] -- Up-to-date: /home/narayan/ros2_ws/install/my_interfaces/include/my_interfaces/my_interfaces/srv
[2.738s] -- Up-to-date: /home/narayan/ros2_ws/install/my_interfaces/include/my_interfaces/my_interfaces/srv/set_led.h
[2.739s] -- Up-to-date: /home/narayan/ros2_ws/install/my_interfaces/include/my_interfaces/my_interfaces/srv/detail
[2.739s] -- Up-to-date: /home/narayan/ros2_ws/install/my_interfaces/include/my_interfaces/my_interfaces/srv/detail/set_led__functions.c
[2.740s] -- Up-to-date: /home/narayan/ros2_ws/install/my_interfaces/include/my_interfaces/my_interfaces/srv/detail/set_led__struct.h
[2.740s] -- Installing: /home/narayan/ros2_ws/install/my_interfaces/include/my_interfaces/my_interfaces/srv/detail/set_led__type_support.c
[2.743s] -- Up-to-date: /home/narayan/ros2_ws/install/my_interfaces/include/my_interfaces/my_interfaces/srv/detail/set_led__functions.h
[2.744s] -- Up-to-date: /home/narayan/ros2_ws/install/my_interfaces/include/my_interfaces/my_interfaces/srv/detail/set_led__description.c
[2.745s] -- Up-to-date: /home/narayan/ros2_ws/install/my_interfaces/include/my_interfaces/my_interfaces/srv/detail/set_led__type_support.h
[2.745s] -- Up-to-date: /home/narayan/ros2_ws/install/my_interfaces/include/my_interfaces/my_interfaces/msg
[2.746s] -- Up-to-date: /home/narayan/ros2_ws/install/my_interfaces/include/my_interfaces/my_interfaces/msg/le_dstatus.h
[2.746s] -- Up-to-date: /home/narayan/ros2_ws/install/my_interfaces/include/my_interfaces/my_interfaces/msg/hd_status.h
[2.747s] -- Up-to-date: /home/narayan/ros2_ws/install/my_interfaces/include/my_interfaces/my_interfaces/msg/rosidl_generator_c__visibility_control.h
[2.747s] -- Up-to-date: /home/narayan/ros2_ws/install/my_interfaces/include/my_interfaces/my_interfaces/msg/detail
[2.748s] -- Up-to-date: /home/narayan/ros2_ws/install/my_interfaces/include/my_interfaces/my_interfaces/msg/detail/hd_status__description.c
[2.749s] -- Up-to-date: /home/narayan/ros2_ws/install/my_interfaces/include/my_interfaces/my_interfaces/msg/detail/hd_status__type_support.h
[2.749s] -- Installing: /home/narayan/ros2_ws/install/my_interfaces/include/my_interfaces/my_interfaces/msg/detail/hd_status__type_support.c
[2.750s] -- Up-to-date: /home/narayan/ros2_ws/install/my_interfaces/include/my_interfaces/my_interfaces/msg/detail/le_dstatus__functions.c
[2.750s] -- Up-to-date: /home/narayan/ros2_ws/install/my_interfaces/include/my_interfaces/my_interfaces/msg/detail/le_dstatus__description.c
[2.751s] -- Up-to-date: /home/narayan/ros2_ws/install/my_interfaces/include/my_interfaces/my_interfaces/msg/detail/le_dstatus__struct.h
[2.751s] -- Up-to-date: /home/narayan/ros2_ws/install/my_interfaces/include/my_interfaces/my_interfaces/msg/detail/hd_status__functions.h
[2.752s] -- Up-to-date: /home/narayan/ros2_ws/install/my_interfaces/include/my_interfaces/my_interfaces/msg/detail/le_dstatus__type_support.h
[2.752s] -- Up-to-date: /home/narayan/ros2_ws/install/my_interfaces/include/my_interfaces/my_interfaces/msg/detail/hd_status__struct.h
[2.753s] -- Up-to-date: /home/narayan/ros2_ws/install/my_interfaces/include/my_interfaces/my_interfaces/msg/detail/hd_status__functions.c
[2.753s] -- Up-to-date: /home/narayan/ros2_ws/install/my_interfaces/include/my_interfaces/my_interfaces/msg/detail/le_dstatus__functions.h
[2.754s] -- Installing: /home/narayan/ros2_ws/install/my_interfaces/include/my_interfaces/my_interfaces/msg/detail/le_dstatus__type_support.c
[2.755s] -- Up-to-date: /home/narayan/ros2_ws/install/my_interfaces/share/my_interfaces/environment/library_path.sh
[2.755s] -- Up-to-date: /home/narayan/ros2_ws/install/my_interfaces/share/my_interfaces/environment/library_path.dsv
[2.761s] -- Up-to-date: /home/narayan/ros2_ws/install/my_interfaces/lib/libmy_interfaces__rosidl_generator_c.so
[2.762s] -- Up-to-date: /home/narayan/ros2_ws/install/my_interfaces/include/my_interfaces/my_interfaces
[2.762s] -- Up-to-date: /home/narayan/ros2_ws/install/my_interfaces/include/my_interfaces/my_interfaces/srv
[2.763s] -- Up-to-date: /home/narayan/ros2_ws/install/my_interfaces/include/my_interfaces/my_interfaces/srv/detail
[2.763s] -- Up-to-date: /home/narayan/ros2_ws/install/my_interfaces/include/my_interfaces/my_interfaces/srv/detail/set_led__rosidl_typesupport_fastrtps_c.h
[2.764s] -- Up-to-date: /home/narayan/ros2_ws/install/my_interfaces/include/my_interfaces/my_interfaces/msg
[2.765s] -- Up-to-date: /home/narayan/ros2_ws/install/my_interfaces/include/my_interfaces/my_interfaces/msg/rosidl_typesupport_fastrtps_c__visibility_control.h
[2.765s] -- Up-to-date: /home/narayan/ros2_ws/install/my_interfaces/include/my_interfaces/my_interfaces/msg/detail
[2.766s] -- Up-to-date: /home/narayan/ros2_ws/install/my_interfaces/include/my_interfaces/my_interfaces/msg/detail/le_dstatus__rosidl_typesupport_fastrtps_c.h
[2.766s] -- Up-to-date: /home/narayan/ros2_ws/install/my_interfaces/include/my_interfaces/my_interfaces/msg/detail/hd_status__rosidl_typesupport_fastrtps_c.h
[2.769s] -- Up-to-date: /home/narayan/ros2_ws/install/my_interfaces/lib/libmy_interfaces__rosidl_typesupport_fastrtps_c.so
[2.770s] -- Up-to-date: /home/narayan/ros2_ws/install/my_interfaces/include/my_interfaces/my_interfaces
[2.771s] -- Up-to-date: /home/narayan/ros2_ws/install/my_interfaces/include/my_interfaces/my_interfaces/srv
[2.771s] -- Up-to-date: /home/narayan/ros2_ws/install/my_interfaces/include/my_interfaces/my_interfaces/srv/detail
[2.772s] -- Installing: /home/narayan/ros2_ws/install/my_interfaces/include/my_interfaces/my_interfaces/srv/detail/set_led__type_support.c
[2.775s] -- Up-to-date: /home/narayan/ros2_ws/install/my_interfaces/include/my_interfaces/my_interfaces/srv/detail/set_led__rosidl_typesupport_introspection_c.h
[2.776s] -- Up-to-date: /home/narayan/ros2_ws/install/my_interfaces/include/my_interfaces/my_interfaces/msg
[2.776s] -- Up-to-date: /home/narayan/ros2_ws/install/my_interfaces/include/my_interfaces/my_interfaces/msg/rosidl_typesupport_introspection_c__visibility_control.h
[2.777s] -- Up-to-date: /home/narayan/ros2_ws/install/my_interfaces/include/my_interfaces/my_interfaces/msg/detail
[2.777s] -- Up-to-date: /home/narayan/ros2_ws/install/my_interfaces/include/my_interfaces/my_interfaces/msg/detail/le_dstatus__rosidl_typesupport_introspection_c.h
[2.778s] -- Installing: /home/narayan/ros2_ws/install/my_interfaces/include/my_interfaces/my_interfaces/msg/detail/hd_status__type_support.c
[2.779s] -- Up-to-date: /home/narayan/ros2_ws/install/my_interfaces/include/my_interfaces/my_interfaces/msg/detail/hd_status__rosidl_typesupport_introspection_c.h
[2.779s] -- Installing: /home/narayan/ros2_ws/install/my_interfaces/include/my_interfaces/my_interfaces/msg/detail/le_dstatus__type_support.c
[2.785s] -- Up-to-date: /home/narayan/ros2_ws/install/my_interfaces/lib/libmy_interfaces__rosidl_typesupport_introspection_c.so
[2.789s] -- Up-to-date: /home/narayan/ros2_ws/install/my_interfaces/lib/libmy_interfaces__rosidl_typesupport_c.so
[2.791s] -- Up-to-date: /home/narayan/ros2_ws/install/my_interfaces/include/my_interfaces/my_interfaces
[2.793s] -- Up-to-date: /home/narayan/ros2_ws/install/my_interfaces/include/my_interfaces/my_interfaces/srv
[2.794s] -- Up-to-date: /home/narayan/ros2_ws/install/my_interfaces/include/my_interfaces/my_interfaces/srv/set_led.hpp
[2.795s] -- Up-to-date: /home/narayan/ros2_ws/install/my_interfaces/include/my_interfaces/my_interfaces/srv/detail
[2.796s] -- Up-to-date: /home/narayan/ros2_ws/install/my_interfaces/include/my_interfaces/my_interfaces/srv/detail/set_led__builder.hpp
[2.796s] -- Up-to-date: /home/narayan/ros2_ws/install/my_interfaces/include/my_interfaces/my_interfaces/srv/detail/set_led__traits.hpp
[2.797s] -- Up-to-date: /home/narayan/ros2_ws/install/my_interfaces/include/my_interfaces/my_interfaces/srv/detail/set_led__type_support.hpp
[2.799s] -- Up-to-date: /home/narayan/ros2_ws/install/my_interfaces/include/my_interfaces/my_interfaces/srv/detail/set_led__struct.hpp
[2.800s] -- Up-to-date: /home/narayan/ros2_ws/install/my_interfaces/include/my_interfaces/my_interfaces/msg
[2.801s] -- Up-to-date: /home/narayan/ros2_ws/install/my_interfaces/include/my_interfaces/my_interfaces/msg/rosidl_generator_cpp__visibility_control.hpp
[2.802s] -- Up-to-date: /home/narayan/ros2_ws/install/my_interfaces/include/my_interfaces/my_interfaces/msg/le_dstatus.hpp
[2.802s] -- Up-to-date: /home/narayan/ros2_ws/install/my_interfaces/include/my_interfaces/my_interfaces/msg/hd_status.hpp
[2.803s] -- Up-to-date: /home/narayan/ros2_ws/install/my_interfaces/include/my_interfaces/my_interfaces/msg/detail
[2.803s] -- Up-to-date: /home/narayan/ros2_ws/install/my_interfaces/include/my_interfaces/my_interfaces/msg/detail/hd_status__type_support.hpp
[2.804s] -- Up-to-date: /home/narayan/ros2_ws/install/my_interfaces/include/my_interfaces/my_interfaces/msg/detail/le_dstatus__type_support.hpp
[2.804s] -- Up-to-date: /home/narayan/ros2_ws/install/my_interfaces/include/my_interfaces/my_interfaces/msg/detail/le_dstatus__struct.hpp
[2.804s] -- Up-to-date: /home/narayan/ros2_ws/install/my_interfaces/include/my_interfaces/my_interfaces/msg/detail/hd_status__traits.hpp
[2.805s] -- Up-to-date: /home/narayan/ros2_ws/install/my_interfaces/include/my_interfaces/my_interfaces/msg/detail/le_dstatus__builder.hpp
[2.805s] -- Up-to-date: /home/narayan/ros2_ws/install/my_interfaces/include/my_interfaces/my_interfaces/msg/detail/hd_status__builder.hpp
[2.805s] -- Up-to-date: /home/narayan/ros2_ws/install/my_interfaces/include/my_interfaces/my_interfaces/msg/detail/le_dstatus__traits.hpp
[2.806s] -- Up-to-date: /home/narayan/ros2_ws/install/my_interfaces/include/my_interfaces/my_interfaces/msg/detail/hd_status__struct.hpp
[2.806s] -- Up-to-date: /home/narayan/ros2_ws/install/my_interfaces/include/my_interfaces/my_interfaces
[2.806s] -- Up-to-date: /home/narayan/ros2_ws/install/my_interfaces/include/my_interfaces/my_interfaces/srv
[2.806s] -- Up-to-date: /home/narayan/ros2_ws/install/my_interfaces/include/my_interfaces/my_interfaces/srv/detail
[2.807s] -- Up-to-date: /home/narayan/ros2_ws/install/my_interfaces/include/my_interfaces/my_interfaces/srv/detail/dds_fastrtps
[2.807s] -- Up-to-date: /home/narayan/ros2_ws/install/my_interfaces/include/my_interfaces/my_interfaces/srv/detail/set_led__rosidl_typesupport_fastrtps_cpp.hpp
[2.807s] -- Up-to-date: /home/narayan/ros2_ws/install/my_interfaces/include/my_interfaces/my_interfaces/msg
[2.808s] -- Up-to-date: /home/narayan/ros2_ws/install/my_interfaces/include/my_interfaces/my_interfaces/msg/rosidl_typesupport_fastrtps_cpp__visibility_control.h
[2.808s] -- Up-to-date: /home/narayan/ros2_ws/install/my_interfaces/include/my_interfaces/my_interfaces/msg/detail
[2.808s] -- Up-to-date: /home/narayan/ros2_ws/install/my_interfaces/include/my_interfaces/my_interfaces/msg/detail/le_dstatus__rosidl_typesupport_fastrtps_cpp.hpp
[2.809s] -- Up-to-date: /home/narayan/ros2_ws/install/my_interfaces/include/my_interfaces/my_interfaces/msg/detail/hd_status__rosidl_typesupport_fastrtps_cpp.hpp
[2.809s] -- Up-to-date: /home/narayan/ros2_ws/install/my_interfaces/include/my_interfaces/my_interfaces/msg/detail/dds_fastrtps
[2.810s] -- Up-to-date: /home/narayan/ros2_ws/install/my_interfaces/lib/libmy_interfaces__rosidl_typesupport_fastrtps_cpp.so
[2.810s] -- Up-to-date: /home/narayan/ros2_ws/install/my_interfaces/include/my_interfaces/my_interfaces
[2.811s] -- Up-to-date: /home/narayan/ros2_ws/install/my_interfaces/include/my_interfaces/my_interfaces/srv
[2.811s] -- Up-to-date: /home/narayan/ros2_ws/install/my_interfaces/include/my_interfaces/my_interfaces/srv/detail
[2.811s] -- Up-to-date: /home/narayan/ros2_ws/install/my_interfaces/include/my_interfaces/my_interfaces/srv/detail/set_led__type_support.cpp
[2.812s] -- Up-to-date: /home/narayan/ros2_ws/install/my_interfaces/include/my_interfaces/my_interfaces/srv/detail/set_led__rosidl_typesupport_introspection_cpp.hpp
[2.812s] -- Up-to-date: /home/narayan/ros2_ws/install/my_interfaces/include/my_interfaces/my_interfaces/msg
[2.812s] -- Up-to-date: /home/narayan/ros2_ws/install/my_interfaces/include/my_interfaces/my_interfaces/msg/detail
[2.813s] -- Up-to-date: /home/narayan/ros2_ws/install/my_interfaces/include/my_interfaces/my_interfaces/msg/detail/hd_status__type_support.cpp
[2.813s] -- Up-to-date: /home/narayan/ros2_ws/install/my_interfaces/include/my_interfaces/my_interfaces/msg/detail/hd_status__rosidl_typesupport_introspection_cpp.hpp
[2.814s] -- Up-to-date: /home/narayan/ros2_ws/install/my_interfaces/include/my_interfaces/my_interfaces/msg/detail/le_dstatus__type_support.cpp
[2.814s] -- Up-to-date: /home/narayan/ros2_ws/install/my_interfaces/include/my_interfaces/my_interfaces/msg/detail/le_dstatus__rosidl_typesupport_introspection_cpp.hpp
[2.817s] -- Up-to-date: /home/narayan/ros2_ws/install/my_interfaces/lib/libmy_interfaces__rosidl_typesupport_introspection_cpp.so
[2.823s] -- Up-to-date: /home/narayan/ros2_ws/install/my_interfaces/lib/libmy_interfaces__rosidl_typesupport_cpp.so
[2.825s] -- Up-to-date: /home/narayan/ros2_ws/install/my_interfaces/share/my_interfaces/environment/pythonpath.sh
[2.827s] -- Up-to-date: /home/narayan/ros2_ws/install/my_interfaces/share/my_interfaces/environment/pythonpath.dsv
[2.828s] -- Up-to-date: /home/narayan/ros2_ws/install/my_interfaces/lib/python3.12/site-packages/my_interfaces-0.0.0-py3.12.egg-info
[2.829s] -- Installing: /home/narayan/ros2_ws/install/my_interfaces/lib/python3.12/site-packages/my_interfaces-0.0.0-py3.12.egg-info/dependency_links.txt
[2.829s] -- Installing: /home/narayan/ros2_ws/install/my_interfaces/lib/python3.12/site-packages/my_interfaces-0.0.0-py3.12.egg-info/top_level.txt
[2.830s] -- Installing: /home/narayan/ros2_ws/install/my_interfaces/lib/python3.12/site-packages/my_interfaces-0.0.0-py3.12.egg-info/SOURCES.txt
[2.831s] -- Installing: /home/narayan/ros2_ws/install/my_interfaces/lib/python3.12/site-packages/my_interfaces-0.0.0-py3.12.egg-info/PKG-INFO
[2.833s] -- Up-to-date: /home/narayan/ros2_ws/install/my_interfaces/lib/python3.12/site-packages/my_interfaces
[2.834s] -- Up-to-date: /home/narayan/ros2_ws/install/my_interfaces/lib/python3.12/site-packages/my_interfaces/_my_interfaces_s.ep.rosidl_typesupport_fastrtps_c.c
[2.835s] -- Up-to-date: /home/narayan/ros2_ws/install/my_interfaces/lib/python3.12/site-packages/my_interfaces/srv
[2.835s] -- Up-to-date: /home/narayan/ros2_ws/install/my_interfaces/lib/python3.12/site-packages/my_interfaces/srv/__init__.py
[2.836s] -- Up-to-date: /home/narayan/ros2_ws/install/my_interfaces/lib/python3.12/site-packages/my_interfaces/srv/_set_led_s.c
[2.836s] -- Up-to-date: /home/narayan/ros2_ws/install/my_interfaces/lib/python3.12/site-packages/my_interfaces/srv/_set_led.py
[2.837s] -- Up-to-date: /home/narayan/ros2_ws/install/my_interfaces/lib/python3.12/site-packages/my_interfaces/_my_interfaces_s.ep.rosidl_typesupport_c.c
[2.837s] -- Up-to-date: /home/narayan/ros2_ws/install/my_interfaces/lib/python3.12/site-packages/my_interfaces/my_interfaces_s__rosidl_typesupport_c.so
[2.837s] -- Up-to-date: /home/narayan/ros2_ws/install/my_interfaces/lib/python3.12/site-packages/my_interfaces/msg
[2.838s] -- Up-to-date: /home/narayan/ros2_ws/install/my_interfaces/lib/python3.12/site-packages/my_interfaces/msg/_hd_status_s.c
[2.839s] -- Up-to-date: /home/narayan/ros2_ws/install/my_interfaces/lib/python3.12/site-packages/my_interfaces/msg/_hd_status.py
[2.839s] -- Up-to-date: /home/narayan/ros2_ws/install/my_interfaces/lib/python3.12/site-packages/my_interfaces/msg/_le_dstatus_s.c
[2.840s] -- Up-to-date: /home/narayan/ros2_ws/install/my_interfaces/lib/python3.12/site-packages/my_interfaces/msg/_le_dstatus.py
[2.840s] -- Up-to-date: /home/narayan/ros2_ws/install/my_interfaces/lib/python3.12/site-packages/my_interfaces/msg/__init__.py
[2.840s] -- Up-to-date: /home/narayan/ros2_ws/install/my_interfaces/lib/python3.12/site-packages/my_interfaces/my_interfaces_s__rosidl_typesupport_fastrtps_c.so
[2.841s] -- Up-to-date: /home/narayan/ros2_ws/install/my_interfaces/lib/python3.12/site-packages/my_interfaces/__init__.py
[2.841s] -- Up-to-date: /home/narayan/ros2_ws/install/my_interfaces/lib/python3.12/site-packages/my_interfaces/_my_interfaces_s.ep.rosidl_typesupport_introspection_c.c
[2.842s] -- Up-to-date: /home/narayan/ros2_ws/install/my_interfaces/lib/python3.12/site-packages/my_interfaces/my_interfaces_s__rosidl_typesupport_introspection_c.so
[3.028s] Listing '/home/narayan/ros2_ws/install/my_interfaces/lib/python3.12/site-packages/my_interfaces'...
[3.029s] Listing '/home/narayan/ros2_ws/install/my_interfaces/lib/python3.12/site-packages/my_interfaces/msg'...
[3.032s] Listing '/home/narayan/ros2_ws/install/my_interfaces/lib/python3.12/site-packages/my_interfaces/srv'...
[3.059s] -- Up-to-date: /home/narayan/ros2_ws/install/my_interfaces/lib/python3.12/site-packages/my_interfaces/my_interfaces_s__rosidl_typesupport_fastrtps_c.so
[3.063s] -- Up-to-date: /home/narayan/ros2_ws/install/my_interfaces/lib/python3.12/site-packages/my_interfaces/my_interfaces_s__rosidl_typesupport_introspection_c.so
[3.068s] -- Up-to-date: /home/narayan/ros2_ws/install/my_interfaces/lib/python3.12/site-packages/my_interfaces/my_interfaces_s__rosidl_typesupport_c.so
[3.072s] -- Up-to-date: /home/narayan/ros2_ws/install/my_interfaces/lib/libmy_interfaces__rosidl_generator_py.so
[3.074s] -- Up-to-date: /home/narayan/ros2_ws/install/my_interfaces/share/my_interfaces/msg/HdStatus.idl
[3.075s] -- Up-to-date: /home/narayan/ros2_ws/install/my_interfaces/share/my_interfaces/msg/LEDstatus.idl
[3.076s] -- Up-to-date: /home/narayan/ros2_ws/install/my_interfaces/share/my_interfaces/srv/SetLED.idl
[3.076s] -- Up-to-date: /home/narayan/ros2_ws/install/my_interfaces/share/my_interfaces/msg/HdStatus.msg
[3.077s] -- Up-to-date: /home/narayan/ros2_ws/install/my_interfaces/share/my_interfaces/msg/LEDstatus.msg
[3.078s] -- Up-to-date: /home/narayan/ros2_ws/install/my_interfaces/share/my_interfaces/srv/SetLED.srv
[3.078s] -- Up-to-date: /home/narayan/ros2_ws/install/my_interfaces/share/ament_index/resource_index/package_run_dependencies/my_interfaces
[3.079s] -- Up-to-date: /home/narayan/ros2_ws/install/my_interfaces/share/ament_index/resource_index/parent_prefix_path/my_interfaces
[3.080s] -- Up-to-date: /home/narayan/ros2_ws/install/my_interfaces/share/my_interfaces/environment/ament_prefix_path.sh
[3.080s] -- Up-to-date: /home/narayan/ros2_ws/install/my_interfaces/share/my_interfaces/environment/ament_prefix_path.dsv
[3.081s] -- Up-to-date: /home/narayan/ros2_ws/install/my_interfaces/share/my_interfaces/environment/path.sh
[3.081s] -- Up-to-date: /home/narayan/ros2_ws/install/my_interfaces/share/my_interfaces/environment/path.dsv
[3.082s] -- Up-to-date: /home/narayan/ros2_ws/install/my_interfaces/share/my_interfaces/local_setup.bash
[3.082s] -- Up-to-date: /home/narayan/ros2_ws/install/my_interfaces/share/my_interfaces/local_setup.sh
[3.083s] -- Up-to-date: /home/narayan/ros2_ws/install/my_interfaces/share/my_interfaces/local_setup.zsh
[3.083s] -- Up-to-date: /home/narayan/ros2_ws/install/my_interfaces/share/my_interfaces/local_setup.dsv
[3.084s] -- Installing: /home/narayan/ros2_ws/install/my_interfaces/share/my_interfaces/package.dsv
[3.084s] -- Up-to-date: /home/narayan/ros2_ws/install/my_interfaces/share/ament_index/resource_index/packages/my_interfaces
[3.088s] -- Up-to-date: /home/narayan/ros2_ws/install/my_interfaces/share/my_interfaces/cmake/export_my_interfaces__rosidl_generator_cExport.cmake
[3.089s] -- Up-to-date: /home/narayan/ros2_ws/install/my_interfaces/share/my_interfaces/cmake/export_my_interfaces__rosidl_generator_cExport-noconfig.cmake
[3.092s] -- Up-to-date: /home/narayan/ros2_ws/install/my_interfaces/share/my_interfaces/cmake/export_my_interfaces__rosidl_typesupport_fastrtps_cExport.cmake
[3.092s] -- Up-to-date: /home/narayan/ros2_ws/install/my_interfaces/share/my_interfaces/cmake/export_my_interfaces__rosidl_typesupport_fastrtps_cExport-noconfig.cmake
[3.095s] -- Up-to-date: /home/narayan/ros2_ws/install/my_interfaces/share/my_interfaces/cmake/my_interfaces__rosidl_typesupport_introspection_cExport.cmake
[3.095s] -- Up-to-date: /home/narayan/ros2_ws/install/my_interfaces/share/my_interfaces/cmake/my_interfaces__rosidl_typesupport_introspection_cExport-noconfig.cmake
[3.098s] -- Up-to-date: /home/narayan/ros2_ws/install/my_interfaces/share/my_interfaces/cmake/my_interfaces__rosidl_typesupport_cExport.cmake
[3.098s] -- Up-to-date: /home/narayan/ros2_ws/install/my_interfaces/share/my_interfaces/cmake/my_interfaces__rosidl_typesupport_cExport-noconfig.cmake
[3.101s] -- Up-to-date: /home/narayan/ros2_ws/install/my_interfaces/share/my_interfaces/cmake/export_my_interfaces__rosidl_generator_cppExport.cmake
[3.103s] -- Up-to-date: /home/narayan/ros2_ws/install/my_interfaces/share/my_interfaces/cmake/export_my_interfaces__rosidl_typesupport_fastrtps_cppExport.cmake
[3.104s] -- Up-to-date: /home/narayan/ros2_ws/install/my_interfaces/share/my_interfaces/cmake/export_my_interfaces__rosidl_typesupport_fastrtps_cppExport-noconfig.cmake
[3.106s] -- Up-to-date: /home/narayan/ros2_ws/install/my_interfaces/share/my_interfaces/cmake/my_interfaces__rosidl_typesupport_introspection_cppExport.cmake
[3.107s] -- Up-to-date: /home/narayan/ros2_ws/install/my_interfaces/share/my_interfaces/cmake/my_interfaces__rosidl_typesupport_introspection_cppExport-noconfig.cmake
[3.109s] -- Up-to-date: /home/narayan/ros2_ws/install/my_interfaces/share/my_interfaces/cmake/my_interfaces__rosidl_typesupport_cppExport.cmake
[3.110s] -- Up-to-date: /home/narayan/ros2_ws/install/my_interfaces/share/my_interfaces/cmake/my_interfaces__rosidl_typesupport_cppExport-noconfig.cmake
[3.113s] -- Up-to-date: /home/narayan/ros2_ws/install/my_interfaces/share/my_interfaces/cmake/export_my_interfaces__rosidl_generator_pyExport.cmake
[3.113s] -- Up-to-date: /home/narayan/ros2_ws/install/my_interfaces/share/my_interfaces/cmake/export_my_interfaces__rosidl_generator_pyExport-noconfig.cmake
[3.114s] -- Up-to-date: /home/narayan/ros2_ws/install/my_interfaces/share/my_interfaces/cmake/rosidl_cmake-extras.cmake
[3.115s] -- Up-to-date: /home/narayan/ros2_ws/install/my_interfaces/share/my_interfaces/cmake/ament_cmake_export_dependencies-extras.cmake
[3.115s] -- Up-to-date: /home/narayan/ros2_ws/install/my_interfaces/share/my_interfaces/cmake/ament_cmake_export_include_directories-extras.cmake
[3.116s] -- Up-to-date: /home/narayan/ros2_ws/install/my_interfaces/share/my_interfaces/cmake/ament_cmake_export_libraries-extras.cmake
[3.117s] -- Up-to-date: /home/narayan/ros2_ws/install/my_interfaces/share/my_interfaces/cmake/ament_cmake_export_targets-extras.cmake
[3.118s] -- Up-to-date: /home/narayan/ros2_ws/install/my_interfaces/share/my_interfaces/cmake/rosidl_cmake_export_typesupport_targets-extras.cmake
[3.118s] -- Up-to-date: /home/narayan/ros2_ws/install/my_interfaces/share/my_interfaces/cmake/rosidl_cmake_export_typesupport_libraries-extras.cmake
[3.120s] -- Up-to-date: /home/narayan/ros2_ws/install/my_interfaces/share/my_interfaces/cmake/my_interfacesConfig.cmake
[3.120s] -- Up-to-date: /home/narayan/ros2_ws/install/my_interfaces/share/my_interfaces/cmake/my_interfacesConfig-version.cmake
[3.121s] -- Up-to-date: /home/narayan/ros2_ws/install/my_interfaces/share/my_interfaces/package.xml
[3.131s] Invoked command in '/home/narayan/ros2_ws/build/my_interfaces' returned '0': CMAKE_PREFIX_PATH=${CMAKE_PREFIX_PATH}:/home/narayan/ros2_ws/install/turtle_sim:/home/narayan/ros2_ws/install/onepkg:/home/narayan/ros2_ws/install/TransNum:/opt/ros/jazzy DEBUGINFOD_URLS=https://debuginfod.ubuntu.com /usr/bin/cmake --install /home/narayan/ros2_ws/build/my_interfaces
