[3.992s] Invoking command in '/home/narayan/ros2_ws/src/onepkg': DEBUGINFOD_URLS=https://debuginfod.ubuntu.com PYTHONPATH=/home/narayan/ros2_ws/build/onepkg/prefix_override:/usr/lib/python3/dist-packages/colcon_core/task/python/colcon_distutils_commands:/home/narayan/ros2_ws/install/onepkg/lib/python3.12/site-packages:/home/narayan/ros2_ws/install/my_interfaces/lib/python3.12/site-packages:/home/narayan/ros2_ws/install/onepkg/lib/python3.12/site-packages:/home/narayan/ros2_ws/install/TransNum/lib/python3.12/site-packages:/opt/ros/jazzy/lib/python3.12/site-packages /usr/bin/python3 -W ignore:setup.py install is deprecated -W ignore:easy_install command is deprecated setup.py egg_info --egg-base ../../build/onepkg build --build-base /home/narayan/ros2_ws/build/onepkg/build install --record /home/narayan/ros2_ws/build/onepkg/install.log --single-version-externally-managed install_data
[5.295s] running egg_info
[5.377s] writing ../../build/onepkg/onepkg.egg-info/PKG-INFO
[5.379s] writing dependency_links to ../../build/onepkg/onepkg.egg-info/dependency_links.txt
[5.380s] writing entry points to ../../build/onepkg/onepkg.egg-info/entry_points.txt
[5.381s] writing requirements to ../../build/onepkg/onepkg.egg-info/requires.txt
[5.381s] writing top-level names to ../../build/onepkg/onepkg.egg-info/top_level.txt
[5.541s] reading manifest file '../../build/onepkg/onepkg.egg-info/SOURCES.txt'
[5.546s] writing manifest file '../../build/onepkg/onepkg.egg-info/SOURCES.txt'
[5.546s] running build
[5.547s] running build_py
[5.551s] running install
[5.573s] running install_lib
[5.658s] running install_data
[5.660s] running install_egg_info
[5.743s] removing '/home/narayan/ros2_ws/install/onepkg/lib/python3.12/site-packages/onepkg-0.0.0-py3.12.egg-info' (and everything under it)
[5.745s] Copying ../../build/onepkg/onepkg.egg-info to /home/narayan/ros2_ws/install/onepkg/lib/python3.12/site-packages/onepkg-0.0.0-py3.12.egg-info
[5.751s] running install_scripts
[6.326s] Installing client script to /home/narayan/ros2_ws/install/onepkg/lib/onepkg
[6.327s] Installing firstnode script to /home/narayan/ros2_ws/install/onepkg/lib/onepkg
[6.329s] Installing interface_test script to /home/narayan/ros2_ws/install/onepkg/lib/onepkg
[6.330s] Installing server script to /home/narayan/ros2_ws/install/onepkg/lib/onepkg
[6.331s] Installing smphnode script to /home/narayan/ros2_ws/install/onepkg/lib/onepkg
[6.333s] Installing transnode script to /home/narayan/ros2_ws/install/onepkg/lib/onepkg
[6.335s] writing list of installed files to '/home/narayan/ros2_ws/build/onepkg/install.log'
[6.486s] Invoked command in '/home/narayan/ros2_ws/src/onepkg' returned '0': DEBUGINFOD_URLS=https://debuginfod.ubuntu.com PYTHONPATH=/home/narayan/ros2_ws/build/onepkg/prefix_override:/usr/lib/python3/dist-packages/colcon_core/task/python/colcon_distutils_commands:/home/narayan/ros2_ws/install/onepkg/lib/python3.12/site-packages:/home/narayan/ros2_ws/install/my_interfaces/lib/python3.12/site-packages:/home/narayan/ros2_ws/install/onepkg/lib/python3.12/site-packages:/home/narayan/ros2_ws/install/TransNum/lib/python3.12/site-packages:/opt/ros/jazzy/lib/python3.12/site-packages /usr/bin/python3 -W ignore:setup.py install is deprecated -W ignore:easy_install command is deprecated setup.py egg_info --egg-base ../../build/onepkg build --build-base /home/narayan/ros2_ws/build/onepkg/build install --record /home/narayan/ros2_ws/build/onepkg/install.log --single-version-externally-managed install_data
