[6.662s] Invoking command in '/home/narayan/ros2_ws/src/TransNum': DEBUGINFOD_URLS=https://debuginfod.ubuntu.com PYTHONPATH=/home/narayan/ros2_ws/build/TransNum/prefix_override:/usr/lib/python3/dist-packages/colcon_core/task/python/colcon_distutils_commands:/home/narayan/ros2_ws/install/TransNum/lib/python3.12/site-packages:${PYTHONPATH} /usr/bin/python3 -W ignore:setup.py install is deprecated -W ignore:easy_install command is deprecated setup.py egg_info --egg-base ../../build/TransNum build --build-base /home/narayan/ros2_ws/build/TransNum/build install --record /home/narayan/ros2_ws/build/TransNum/install.log --single-version-externally-managed install_data
[8.764s] running egg_info
[8.940s] writing ../../build/TransNum/TransNum.egg-info/PKG-INFO
[8.943s] writing dependency_links to ../../build/TransNum/TransNum.egg-info/dependency_links.txt
[8.946s] writing entry points to ../../build/TransNum/TransNum.egg-info/entry_points.txt
[8.950s] writing requirements to ../../build/TransNum/TransNum.egg-info/requires.txt
[8.955s] writing top-level names to ../../build/TransNum/TransNum.egg-info/top_level.txt
[9.598s] reading manifest file '../../build/TransNum/TransNum.egg-info/SOURCES.txt'
[9.599s] writing manifest file '../../build/TransNum/TransNum.egg-info/SOURCES.txt'
[9.603s] running build
[9.610s] running build_py
[9.622s] running install
[9.676s] running install_lib
[9.993s] running install_data
[9.995s] running install_egg_info
[10.384s] removing '/home/narayan/ros2_ws/install/TransNum/lib/python3.12/site-packages/TransNum-0.0.0-py3.12.egg-info' (and everything under it)
[10.389s] Copying ../../build/TransNum/TransNum.egg-info to /home/narayan/ros2_ws/install/TransNum/lib/python3.12/site-packages/TransNum-0.0.0-py3.12.egg-info
[10.397s] running install_scripts
[12.279s] Installing number_publisher script to /home/narayan/ros2_ws/install/TransNum/lib/TransNum
[12.284s] Installing two_way script to /home/narayan/ros2_ws/install/TransNum/lib/TransNum
[12.292s] writing list of installed files to '/home/narayan/ros2_ws/build/TransNum/install.log'
[12.655s] Invoked command in '/home/narayan/ros2_ws/src/TransNum' returned '0': DEBUGINFOD_URLS=https://debuginfod.ubuntu.com PYTHONPATH=/home/narayan/ros2_ws/build/TransNum/prefix_override:/usr/lib/python3/dist-packages/colcon_core/task/python/colcon_distutils_commands:/home/narayan/ros2_ws/install/TransNum/lib/python3.12/site-packages:${PYTHONPATH} /usr/bin/python3 -W ignore:setup.py install is deprecated -W ignore:easy_install command is deprecated setup.py egg_info --egg-base ../../build/TransNum build --build-base /home/narayan/ros2_ws/build/TransNum/build install --record /home/narayan/ros2_ws/build/TransNum/install.log --single-version-externally-managed install_data
