[7.767s] Invoking command in '/home/narayan/ros2_ws/src/turtle_sim': CMAKE_PREFIX_PATH=/home/narayan/ros2_ws/install/my_interfaces:/home/narayan/ros2_ws/install/launch_file:/home/narayan/ros2_ws/install/led_activity:/opt/ros/jazzy/opt/gz_math_vendor:/opt/ros/jazzy/opt/gz_utils_vendor:/opt/ros/jazzy/opt/gz_cmake_vendor DEBUGINFOD_URLS=https://debuginfod.ubuntu.com PYTHONPATH=/home/narayan/ros2_ws/build/turtle_sim/prefix_override:/usr/lib/python3/dist-packages/colcon_core/task/python/colcon_distutils_commands:/home/narayan/ros2_ws/install/turtle_sim/lib/python3.12/site-packages:/home/narayan/ros2_ws/install/my_interfaces/lib/python3.12/site-packages:/home/narayan/ros2_ws/install/turtle_sim/lib/python3.12/site-packages:/home/narayan/ros2_ws/install/onepkg/lib/python3.12/site-packages:/home/narayan/ros2_ws/install/led_activity/lib/python3.12/site-packages:/home/narayan/ros2_ws/install/TransNum/lib/python3.12/site-packages:/opt/ros/jazzy/lib/python3.12/site-packages /usr/bin/python3 -W ignore:setup.py install is deprecated -W ignore:easy_install command is deprecated setup.py egg_info --egg-base ../../build/turtle_sim build --build-base /home/narayan/ros2_ws/build/turtle_sim/build install --record /home/narayan/ros2_ws/build/turtle_sim/install.log --single-version-externally-managed install_data
[9.322s] running egg_info
[9.440s] writing ../../build/turtle_sim/turtle_sim.egg-info/PKG-INFO
[9.447s] writing dependency_links to ../../build/turtle_sim/turtle_sim.egg-info/dependency_links.txt
[9.448s] writing entry points to ../../build/turtle_sim/turtle_sim.egg-info/entry_points.txt
[9.449s] writing requirements to ../../build/turtle_sim/turtle_sim.egg-info/requires.txt
[9.449s] writing top-level names to ../../build/turtle_sim/turtle_sim.egg-info/top_level.txt
[9.695s] reading manifest file '../../build/turtle_sim/turtle_sim.egg-info/SOURCES.txt'
[9.699s] writing manifest file '../../build/turtle_sim/turtle_sim.egg-info/SOURCES.txt'
[9.703s] running build
[9.704s] running build_py
[9.704s] running install
[9.728s] running install_lib
[9.856s] running install_data
[9.857s] running install_egg_info
[9.993s] removing '/home/narayan/ros2_ws/install/turtle_sim/lib/python3.12/site-packages/turtle_sim-0.0.0-py3.12.egg-info' (and everything under it)
[9.998s] Copying ../../build/turtle_sim/turtle_sim.egg-info to /home/narayan/ros2_ws/install/turtle_sim/lib/python3.12/site-packages/turtle_sim-0.0.0-py3.12.egg-info
[9.999s] running install_scripts
[10.993s] Installing server script to /home/narayan/ros2_ws/install/turtle_sim/lib/turtle_sim
[10.994s] Installing spawner script to /home/narayan/ros2_ws/install/turtle_sim/lib/turtle_sim
[10.995s] Installing turtle script to /home/narayan/ros2_ws/install/turtle_sim/lib/turtle_sim
[10.997s] writing list of installed files to '/home/narayan/ros2_ws/build/turtle_sim/install.log'
[11.248s] Invoked command in '/home/narayan/ros2_ws/src/turtle_sim' returned '0': CMAKE_PREFIX_PATH=/home/narayan/ros2_ws/install/my_interfaces:/home/narayan/ros2_ws/install/launch_file:/home/narayan/ros2_ws/install/led_activity:/opt/ros/jazzy/opt/gz_math_vendor:/opt/ros/jazzy/opt/gz_utils_vendor:/opt/ros/jazzy/opt/gz_cmake_vendor DEBUGINFOD_URLS=https://debuginfod.ubuntu.com PYTHONPATH=/home/narayan/ros2_ws/build/turtle_sim/prefix_override:/usr/lib/python3/dist-packages/colcon_core/task/python/colcon_distutils_commands:/home/narayan/ros2_ws/install/turtle_sim/lib/python3.12/site-packages:/home/narayan/ros2_ws/install/my_interfaces/lib/python3.12/site-packages:/home/narayan/ros2_ws/install/turtle_sim/lib/python3.12/site-packages:/home/narayan/ros2_ws/install/onepkg/lib/python3.12/site-packages:/home/narayan/ros2_ws/install/led_activity/lib/python3.12/site-packages:/home/narayan/ros2_ws/install/TransNum/lib/python3.12/site-packages:/opt/ros/jazzy/lib/python3.12/site-packages /usr/bin/python3 -W ignore:setup.py install is deprecated -W ignore:easy_install command is deprecated setup.py egg_info --egg-base ../../build/turtle_sim build --build-base /home/narayan/ros2_ws/build/turtle_sim/build install --record /home/narayan/ros2_ws/build/turtle_sim/install.log --single-version-externally-managed install_data
