[6.852s] Invoking command in '/home/narayan/ros2_ws/src/TransNum': DEBUGINFOD_URLS=https://debuginfod.ubuntu.com PYTHONPATH=/home/narayan/ros2_ws/build/TransNum/prefix_override:/usr/lib/python3/dist-packages/colcon_core/task/python/colcon_distutils_commands:/home/narayan/ros2_ws/install/TransNum/lib/python3.12/site-packages:${PYTHONPATH} /usr/bin/python3 -W ignore:setup.py install is deprecated -W ignore:easy_install command is deprecated setup.py egg_info --egg-base ../../build/TransNum build --build-base /home/narayan/ros2_ws/build/TransNum/build install --record /home/narayan/ros2_ws/build/TransNum/install.log --single-version-externally-managed install_data
[8.373s] running egg_info
[8.537s] writing ../../build/TransNum/TransNum.egg-info/PKG-INFO
[8.541s] writing dependency_links to ../../build/TransNum/TransNum.egg-info/dependency_links.txt
[8.541s] writing entry points to ../../build/TransNum/TransNum.egg-info/entry_points.txt
[8.547s] writing requirements to ../../build/TransNum/TransNum.egg-info/requires.txt
[8.547s] writing top-level names to ../../build/TransNum/TransNum.egg-info/top_level.txt
[8.855s] reading manifest file '../../build/TransNum/TransNum.egg-info/SOURCES.txt'
[8.860s] writing manifest file '../../build/TransNum/TransNum.egg-info/SOURCES.txt'
[8.861s] running build
[8.862s] running build_py
[8.867s] running install
[8.894s] running install_lib
[9.041s] running install_data
[9.042s] running install_egg_info
[9.176s] removing '/home/narayan/ros2_ws/install/TransNum/lib/python3.12/site-packages/TransNum-0.0.0-py3.12.egg-info' (and everything under it)
[9.182s] Copying ../../build/TransNum/TransNum.egg-info to /home/narayan/ros2_ws/install/TransNum/lib/python3.12/site-packages/TransNum-0.0.0-py3.12.egg-info
[9.194s] running install_scripts
[10.737s] Installing number_publisher script to /home/narayan/ros2_ws/install/TransNum/lib/TransNum
[10.740s] Installing two_way script to /home/narayan/ros2_ws/install/TransNum/lib/TransNum
[10.744s] writing list of installed files to '/home/narayan/ros2_ws/build/TransNum/install.log'
[10.981s] Invoked command in '/home/narayan/ros2_ws/src/TransNum' returned '0': DEBUGINFOD_URLS=https://debuginfod.ubuntu.com PYTHONPATH=/home/narayan/ros2_ws/build/TransNum/prefix_override:/usr/lib/python3/dist-packages/colcon_core/task/python/colcon_distutils_commands:/home/narayan/ros2_ws/install/TransNum/lib/python3.12/site-packages:${PYTHONPATH} /usr/bin/python3 -W ignore:setup.py install is deprecated -W ignore:easy_install command is deprecated setup.py egg_info --egg-base ../../build/TransNum build --build-base /home/narayan/ros2_ws/build/TransNum/build install --record /home/narayan/ros2_ws/build/TransNum/install.log --single-version-externally-managed install_data
