[7.286s] Invoking command in '/home/narayan/ros2_ws/src/turtle_sim': CMAKE_PREFIX_PATH=/home/narayan/ros2_ws/install/my_interfaces:/home/narayan/ros2_ws/install/launch_file:/home/narayan/ros2_ws/install/led_activity:/opt/ros/jazzy/opt/gz_math_vendor:/opt/ros/jazzy/opt/gz_utils_vendor:/opt/ros/jazzy/opt/gz_cmake_vendor DEBUGINFOD_URLS=https://debuginfod.ubuntu.com PYTHONPATH=/home/narayan/ros2_ws/build/turtle_sim/prefix_override:/usr/lib/python3/dist-packages/colcon_core/task/python/colcon_distutils_commands:/home/narayan/ros2_ws/install/turtle_sim/lib/python3.12/site-packages:/home/narayan/ros2_ws/install/my_interfaces/lib/python3.12/site-packages:/home/narayan/ros2_ws/install/turtle_sim/lib/python3.12/site-packages:/home/narayan/ros2_ws/install/onepkg/lib/python3.12/site-packages:/home/narayan/ros2_ws/install/led_activity/lib/python3.12/site-packages:/home/narayan/ros2_ws/install/TransNum/lib/python3.12/site-packages:/opt/ros/jazzy/lib/python3.12/site-packages /usr/bin/python3 -W ignore:setup.py install is deprecated -W ignore:easy_install command is deprecated setup.py egg_info --egg-base ../../build/turtle_sim build --build-base /home/narayan/ros2_ws/build/turtle_sim/build install --record /home/narayan/ros2_ws/build/turtle_sim/install.log --single-version-externally-managed install_data
[9.809s] running egg_info
[10.048s] writing ../../build/turtle_sim/turtle_sim.egg-info/PKG-INFO
[10.057s] writing dependency_links to ../../build/turtle_sim/turtle_sim.egg-info/dependency_links.txt
[10.059s] writing entry points to ../../build/turtle_sim/turtle_sim.egg-info/entry_points.txt
[10.077s] writing requirements to ../../build/turtle_sim/turtle_sim.egg-info/requires.txt
[10.078s] writing top-level names to ../../build/turtle_sim/turtle_sim.egg-info/top_level.txt
[10.905s] reading manifest file '../../build/turtle_sim/turtle_sim.egg-info/SOURCES.txt'
[10.916s] writing manifest file '../../build/turtle_sim/turtle_sim.egg-info/SOURCES.txt'
[10.917s] running build
[10.917s] running build_py
[10.923s] copying turtle_sim/head_server.py -> /home/narayan/ros2_ws/build/turtle_sim/build/lib/turtle_sim
[10.932s] running install
[10.974s] running install_lib
[11.165s] copying /home/narayan/ros2_ws/build/turtle_sim/build/lib/turtle_sim/head_server.py -> /home/narayan/ros2_ws/install/turtle_sim/lib/python3.12/site-packages/turtle_sim
[11.180s] byte-compiling /home/narayan/ros2_ws/install/turtle_sim/lib/python3.12/site-packages/turtle_sim/head_server.py to head_server.cpython-312.pyc
[11.185s] running install_data
[11.198s] running install_egg_info
[11.552s] removing '/home/narayan/ros2_ws/install/turtle_sim/lib/python3.12/site-packages/turtle_sim-0.0.0-py3.12.egg-info' (and everything under it)
[11.556s] Copying ../../build/turtle_sim/turtle_sim.egg-info to /home/narayan/ros2_ws/install/turtle_sim/lib/python3.12/site-packages/turtle_sim-0.0.0-py3.12.egg-info
[11.574s] running install_scripts
[13.301s] Installing server script to /home/narayan/ros2_ws/install/turtle_sim/lib/turtle_sim
[13.303s] Installing spawner script to /home/narayan/ros2_ws/install/turtle_sim/lib/turtle_sim
[13.310s] Installing turtle script to /home/narayan/ros2_ws/install/turtle_sim/lib/turtle_sim
[13.316s] writing list of installed files to '/home/narayan/ros2_ws/build/turtle_sim/install.log'
[13.599s] Invoked command in '/home/narayan/ros2_ws/src/turtle_sim' returned '0': CMAKE_PREFIX_PATH=/home/narayan/ros2_ws/install/my_interfaces:/home/narayan/ros2_ws/install/launch_file:/home/narayan/ros2_ws/install/led_activity:/opt/ros/jazzy/opt/gz_math_vendor:/opt/ros/jazzy/opt/gz_utils_vendor:/opt/ros/jazzy/opt/gz_cmake_vendor DEBUGINFOD_URLS=https://debuginfod.ubuntu.com PYTHONPATH=/home/narayan/ros2_ws/build/turtle_sim/prefix_override:/usr/lib/python3/dist-packages/colcon_core/task/python/colcon_distutils_commands:/home/narayan/ros2_ws/install/turtle_sim/lib/python3.12/site-packages:/home/narayan/ros2_ws/install/my_interfaces/lib/python3.12/site-packages:/home/narayan/ros2_ws/install/turtle_sim/lib/python3.12/site-packages:/home/narayan/ros2_ws/install/onepkg/lib/python3.12/site-packages:/home/narayan/ros2_ws/install/led_activity/lib/python3.12/site-packages:/home/narayan/ros2_ws/install/TransNum/lib/python3.12/site-packages:/opt/ros/jazzy/lib/python3.12/site-packages /usr/bin/python3 -W ignore:setup.py install is deprecated -W ignore:easy_install command is deprecated setup.py egg_info --egg-base ../../build/turtle_sim build --build-base /home/narayan/ros2_ws/build/turtle_sim/build install --record /home/narayan/ros2_ws/build/turtle_sim/install.log --single-version-externally-managed install_data
