[0.452s] DEBUG:colcon:Command line arguments: ['/usr/bin/colcon', 'build', '--packages-select', 'urdf_test']
[0.453s] DEBUG:colcon:Parsed command line arguments: Namespace(log_base=None, log_level=None, verb_name='build', build_base='build', install_base='install', merge_install=False, symlink_install=False, test_result_base=None, continue_on_error=False, executor='parallel', parallel_workers=4, event_handlers=None, ignore_user_meta=False, metas=['./colcon.meta'], base_paths=['.'], packages_ignore=None, packages_ignore_regex=None, paths=None, packages_up_to=None, packages_up_to_regex=None, packages_above=None, packages_above_and_dependencies=None, packages_above_depth=None, packages_select_by_dep=None, packages_skip_by_dep=None, packages_skip_up_to=None, packages_select_build_failed=False, packages_skip_build_finished=False, packages_select_test_failures=False, packages_skip_test_passed=False, packages_select=['urdf_test'], packages_skip=None, packages_select_regex=None, packages_skip_regex=None, packages_start=None, packages_end=None, allow_overriding=[], cmake_args=None, cmake_target=None, cmake_target_skip_unavailable=False, cmake_clean_cache=False, cmake_clean_first=False, cmake_force_configure=False, ament_cmake_args=None, catkin_cmake_args=None, catkin_skip_building_tests=False, mixin_files=None, mixin=None, verb_parser=<colcon_mixin.mixin.mixin_argument.MixinArgumentDecorator object at 0xffff8720c8c0>, verb_extension=<colcon_core.verb.build.BuildVerb object at 0xffff873c8620>, main=<bound method BuildVerb.main of <colcon_core.verb.build.BuildVerb object at 0xffff873c8620>>, mixin_verb=('build',))
[0.608s] Level 1:colcon.colcon_core.package_discovery:discover_packages(colcon_meta) check parameters
[0.608s] Level 1:colcon.colcon_core.package_discovery:discover_packages(recursive) check parameters
[0.609s] Level 1:colcon.colcon_core.package_discovery:discover_packages(ignore) check parameters
[0.609s] Level 1:colcon.colcon_core.package_discovery:discover_packages(path) check parameters
[0.609s] Level 1:colcon.colcon_core.package_discovery:discover_packages(colcon_meta) discover
[0.609s] Level 1:colcon.colcon_core.package_discovery:discover_packages(recursive) discover
[0.609s] INFO:colcon.colcon_core.package_discovery:Crawling recursively for packages in '/home/narayan/ros2_ws'
[0.610s] Level 1:colcon.colcon_core.package_identification:_identify(.) by extensions ['ignore', 'ignore_ament_install']
[0.610s] Level 1:colcon.colcon_core.package_identification:_identify(.) by extension 'ignore'
[0.610s] Level 1:colcon.colcon_core.package_identification:_identify(.) by extension 'ignore_ament_install'
[0.610s] Level 1:colcon.colcon_core.package_identification:_identify(.) by extensions ['colcon_pkg']
[0.610s] Level 1:colcon.colcon_core.package_identification:_identify(.) by extension 'colcon_pkg'
[0.611s] Level 1:colcon.colcon_core.package_identification:_identify(.) by extensions ['colcon_meta']
[0.611s] Level 1:colcon.colcon_core.package_identification:_identify(.) by extension 'colcon_meta'
[0.611s] Level 1:colcon.colcon_core.package_identification:_identify(.) by extensions ['ros']
[0.611s] Level 1:colcon.colcon_core.package_identification:_identify(.) by extension 'ros'
[0.716s] Level 1:colcon.colcon_core.package_identification:_identify(.) by extensions ['cmake', 'python']
[0.716s] Level 1:colcon.colcon_core.package_identification:_identify(.) by extension 'cmake'
[0.716s] Level 1:colcon.colcon_core.package_identification:_identify(.) by extension 'python'
[0.716s] Level 1:colcon.colcon_core.package_identification:_identify(.) by extensions ['python_setup_py']
[0.716s] Level 1:colcon.colcon_core.package_identification:_identify(.) by extension 'python_setup_py'
[0.717s] Level 1:colcon.colcon_core.package_identification:_identify(build) by extensions ['ignore', 'ignore_ament_install']
[0.717s] Level 1:colcon.colcon_core.package_identification:_identify(build) by extension 'ignore'
[0.718s] Level 1:colcon.colcon_core.package_identification:_identify(build) ignored
[0.718s] Level 1:colcon.colcon_core.package_identification:_identify(install) by extensions ['ignore', 'ignore_ament_install']
[0.718s] Level 1:colcon.colcon_core.package_identification:_identify(install) by extension 'ignore'
[0.719s] Level 1:colcon.colcon_core.package_identification:_identify(install) ignored
[0.721s] Level 1:colcon.colcon_core.package_identification:_identify(log) by extensions ['ignore', 'ignore_ament_install']
[0.721s] Level 1:colcon.colcon_core.package_identification:_identify(log) by extension 'ignore'
[0.721s] Level 1:colcon.colcon_core.package_identification:_identify(log) ignored
[0.722s] Level 1:colcon.colcon_core.package_identification:_identify(src) by extensions ['ignore', 'ignore_ament_install']
[0.722s] Level 1:colcon.colcon_core.package_identification:_identify(src) by extension 'ignore'
[0.722s] Level 1:colcon.colcon_core.package_identification:_identify(src) by extension 'ignore_ament_install'
[0.722s] Level 1:colcon.colcon_core.package_identification:_identify(src) by extensions ['colcon_pkg']
[0.723s] Level 1:colcon.colcon_core.package_identification:_identify(src) by extension 'colcon_pkg'
[0.723s] Level 1:colcon.colcon_core.package_identification:_identify(src) by extensions ['colcon_meta']
[0.723s] Level 1:colcon.colcon_core.package_identification:_identify(src) by extension 'colcon_meta'
[0.723s] Level 1:colcon.colcon_core.package_identification:_identify(src) by extensions ['ros']
[0.723s] Level 1:colcon.colcon_core.package_identification:_identify(src) by extension 'ros'
[0.723s] Level 1:colcon.colcon_core.package_identification:_identify(src) by extensions ['cmake', 'python']
[0.723s] Level 1:colcon.colcon_core.package_identification:_identify(src) by extension 'cmake'
[0.724s] Level 1:colcon.colcon_core.package_identification:_identify(src) by extension 'python'
[0.724s] Level 1:colcon.colcon_core.package_identification:_identify(src) by extensions ['python_setup_py']
[0.724s] Level 1:colcon.colcon_core.package_identification:_identify(src) by extension 'python_setup_py'
[0.724s] Level 1:colcon.colcon_core.package_identification:_identify(src/TransNum) by extensions ['ignore', 'ignore_ament_install']
[0.725s] Level 1:colcon.colcon_core.package_identification:_identify(src/TransNum) by extension 'ignore'
[0.725s] Level 1:colcon.colcon_core.package_identification:_identify(src/TransNum) by extension 'ignore_ament_install'
[0.725s] Level 1:colcon.colcon_core.package_identification:_identify(src/TransNum) by extensions ['colcon_pkg']
[0.725s] Level 1:colcon.colcon_core.package_identification:_identify(src/TransNum) by extension 'colcon_pkg'
[0.725s] Level 1:colcon.colcon_core.package_identification:_identify(src/TransNum) by extensions ['colcon_meta']
[0.725s] Level 1:colcon.colcon_core.package_identification:_identify(src/TransNum) by extension 'colcon_meta'
[0.726s] Level 1:colcon.colcon_core.package_identification:_identify(src/TransNum) by extensions ['ros']
[0.726s] Level 1:colcon.colcon_core.package_identification:_identify(src/TransNum) by extension 'ros'
[0.734s] DEBUG:colcon.colcon_core.package_identification:Package 'src/TransNum' with type 'ros.ament_python' and name 'TransNum'
[0.734s] Level 1:colcon.colcon_core.package_identification:_identify(src/launch_file) by extensions ['ignore', 'ignore_ament_install']
[0.735s] Level 1:colcon.colcon_core.package_identification:_identify(src/launch_file) by extension 'ignore'
[0.735s] Level 1:colcon.colcon_core.package_identification:_identify(src/launch_file) by extension 'ignore_ament_install'
[0.736s] Level 1:colcon.colcon_core.package_identification:_identify(src/launch_file) by extensions ['colcon_pkg']
[0.736s] Level 1:colcon.colcon_core.package_identification:_identify(src/launch_file) by extension 'colcon_pkg'
[0.736s] Level 1:colcon.colcon_core.package_identification:_identify(src/launch_file) by extensions ['colcon_meta']
[0.736s] Level 1:colcon.colcon_core.package_identification:_identify(src/launch_file) by extension 'colcon_meta'
[0.736s] Level 1:colcon.colcon_core.package_identification:_identify(src/launch_file) by extensions ['ros']
[0.737s] Level 1:colcon.colcon_core.package_identification:_identify(src/launch_file) by extension 'ros'
[0.741s] DEBUG:colcon.colcon_core.package_identification:Package 'src/launch_file' with type 'ros.ament_cmake' and name 'launch_file'
[0.742s] Level 1:colcon.colcon_core.package_identification:_identify(src/led_activity) by extensions ['ignore', 'ignore_ament_install']
[0.742s] Level 1:colcon.colcon_core.package_identification:_identify(src/led_activity) by extension 'ignore'
[0.743s] Level 1:colcon.colcon_core.package_identification:_identify(src/led_activity) by extension 'ignore_ament_install'
[0.744s] Level 1:colcon.colcon_core.package_identification:_identify(src/led_activity) by extensions ['colcon_pkg']
[0.744s] Level 1:colcon.colcon_core.package_identification:_identify(src/led_activity) by extension 'colcon_pkg'
[0.745s] Level 1:colcon.colcon_core.package_identification:_identify(src/led_activity) by extensions ['colcon_meta']
[0.746s] Level 1:colcon.colcon_core.package_identification:_identify(src/led_activity) by extension 'colcon_meta'
[0.746s] Level 1:colcon.colcon_core.package_identification:_identify(src/led_activity) by extensions ['ros']
[0.747s] Level 1:colcon.colcon_core.package_identification:_identify(src/led_activity) by extension 'ros'
[0.750s] DEBUG:colcon.colcon_core.package_identification:Package 'src/led_activity' with type 'ros.ament_python' and name 'led_activity'
[0.751s] Level 1:colcon.colcon_core.package_identification:_identify(src/my_interfaces) by extensions ['ignore', 'ignore_ament_install']
[0.752s] Level 1:colcon.colcon_core.package_identification:_identify(src/my_interfaces) by extension 'ignore'
[0.752s] Level 1:colcon.colcon_core.package_identification:_identify(src/my_interfaces) by extension 'ignore_ament_install'
[0.752s] Level 1:colcon.colcon_core.package_identification:_identify(src/my_interfaces) by extensions ['colcon_pkg']
[0.753s] Level 1:colcon.colcon_core.package_identification:_identify(src/my_interfaces) by extension 'colcon_pkg'
[0.753s] Level 1:colcon.colcon_core.package_identification:_identify(src/my_interfaces) by extensions ['colcon_meta']
[0.753s] Level 1:colcon.colcon_core.package_identification:_identify(src/my_interfaces) by extension 'colcon_meta'
[0.753s] Level 1:colcon.colcon_core.package_identification:_identify(src/my_interfaces) by extensions ['ros']
[0.754s] Level 1:colcon.colcon_core.package_identification:_identify(src/my_interfaces) by extension 'ros'
[0.755s] DEBUG:colcon.colcon_core.package_identification:Package 'src/my_interfaces' with type 'ros.ament_cmake' and name 'my_interfaces'
[0.756s] Level 1:colcon.colcon_core.package_identification:_identify(src/onepkg) by extensions ['ignore', 'ignore_ament_install']
[0.757s] Level 1:colcon.colcon_core.package_identification:_identify(src/onepkg) by extension 'ignore'
[0.757s] Level 1:colcon.colcon_core.package_identification:_identify(src/onepkg) by extension 'ignore_ament_install'
[0.758s] Level 1:colcon.colcon_core.package_identification:_identify(src/onepkg) by extensions ['colcon_pkg']
[0.758s] Level 1:colcon.colcon_core.package_identification:_identify(src/onepkg) by extension 'colcon_pkg'
[0.758s] Level 1:colcon.colcon_core.package_identification:_identify(src/onepkg) by extensions ['colcon_meta']
[0.759s] Level 1:colcon.colcon_core.package_identification:_identify(src/onepkg) by extension 'colcon_meta'
[0.759s] Level 1:colcon.colcon_core.package_identification:_identify(src/onepkg) by extensions ['ros']
[0.759s] Level 1:colcon.colcon_core.package_identification:_identify(src/onepkg) by extension 'ros'
[0.761s] DEBUG:colcon.colcon_core.package_identification:Package 'src/onepkg' with type 'ros.ament_python' and name 'onepkg'
[0.762s] Level 1:colcon.colcon_core.package_identification:_identify(src/turtle_sim) by extensions ['ignore', 'ignore_ament_install']
[0.762s] Level 1:colcon.colcon_core.package_identification:_identify(src/turtle_sim) by extension 'ignore'
[0.763s] Level 1:colcon.colcon_core.package_identification:_identify(src/turtle_sim) by extension 'ignore_ament_install'
[0.763s] Level 1:colcon.colcon_core.package_identification:_identify(src/turtle_sim) by extensions ['colcon_pkg']
[0.763s] Level 1:colcon.colcon_core.package_identification:_identify(src/turtle_sim) by extension 'colcon_pkg'
[0.764s] Level 1:colcon.colcon_core.package_identification:_identify(src/turtle_sim) by extensions ['colcon_meta']
[0.764s] Level 1:colcon.colcon_core.package_identification:_identify(src/turtle_sim) by extension 'colcon_meta'
[0.764s] Level 1:colcon.colcon_core.package_identification:_identify(src/turtle_sim) by extensions ['ros']
[0.765s] Level 1:colcon.colcon_core.package_identification:_identify(src/turtle_sim) by extension 'ros'
[0.768s] DEBUG:colcon.colcon_core.package_identification:Package 'src/turtle_sim' with type 'ros.ament_python' and name 'turtle_sim'
[0.769s] Level 1:colcon.colcon_core.package_identification:_identify(src/urdf_test) by extensions ['ignore', 'ignore_ament_install']
[0.769s] Level 1:colcon.colcon_core.package_identification:_identify(src/urdf_test) by extension 'ignore'
[0.770s] Level 1:colcon.colcon_core.package_identification:_identify(src/urdf_test) by extension 'ignore_ament_install'
[0.770s] Level 1:colcon.colcon_core.package_identification:_identify(src/urdf_test) by extensions ['colcon_pkg']
[0.770s] Level 1:colcon.colcon_core.package_identification:_identify(src/urdf_test) by extension 'colcon_pkg'
[0.771s] Level 1:colcon.colcon_core.package_identification:_identify(src/urdf_test) by extensions ['colcon_meta']
[0.771s] Level 1:colcon.colcon_core.package_identification:_identify(src/urdf_test) by extension 'colcon_meta'
[0.771s] Level 1:colcon.colcon_core.package_identification:_identify(src/urdf_test) by extensions ['ros']
[0.771s] Level 1:colcon.colcon_core.package_identification:_identify(src/urdf_test) by extension 'ros'
[0.773s] DEBUG:colcon.colcon_core.package_identification:Package 'src/urdf_test' with type 'ros.ament_cmake' and name 'urdf_test'
[0.773s] Level 1:colcon.colcon_core.package_discovery:discover_packages(recursive) using defaults
[0.774s] Level 1:colcon.colcon_core.package_discovery:discover_packages(ignore) discover
[0.774s] Level 1:colcon.colcon_core.package_discovery:discover_packages(ignore) using defaults
[0.774s] Level 1:colcon.colcon_core.package_discovery:discover_packages(path) discover
[0.774s] Level 1:colcon.colcon_core.package_discovery:discover_packages(path) using defaults
[0.841s] INFO:colcon.colcon_core.package_selection:Skipping not selected package 'TransNum' in 'src/TransNum'
[0.841s] INFO:colcon.colcon_core.package_selection:Skipping not selected package 'my_interfaces' in 'src/my_interfaces'
[0.841s] INFO:colcon.colcon_core.package_selection:Skipping not selected package 'led_activity' in 'src/led_activity'
[0.842s] INFO:colcon.colcon_core.package_selection:Skipping not selected package 'onepkg' in 'src/onepkg'
[0.842s] INFO:colcon.colcon_core.package_selection:Skipping not selected package 'turtle_sim' in 'src/turtle_sim'
[0.842s] INFO:colcon.colcon_core.package_selection:Skipping not selected package 'launch_file' in 'src/launch_file'
[0.843s] Level 1:colcon.colcon_core.package_discovery:discover_packages(prefix_path) check parameters
[0.844s] Level 1:colcon.colcon_core.package_discovery:discover_packages(prefix_path) discover
[0.852s] DEBUG:colcon.colcon_installed_package_information.package_discovery:Found 7 installed packages in /home/narayan/ros2_ws/install
[0.861s] DEBUG:colcon.colcon_installed_package_information.package_discovery:Found 290 installed packages in /opt/ros/jazzy
[0.868s] Level 1:colcon.colcon_core.package_discovery:discover_packages(prefix_path) using defaults
[1.044s] Level 5:colcon.colcon_core.verb:set package 'urdf_test' build argument 'cmake_args' from command line to 'None'
[1.044s] Level 5:colcon.colcon_core.verb:set package 'urdf_test' build argument 'cmake_target' from command line to 'None'
[1.044s] Level 5:colcon.colcon_core.verb:set package 'urdf_test' build argument 'cmake_target_skip_unavailable' from command line to 'False'
[1.045s] Level 5:colcon.colcon_core.verb:set package 'urdf_test' build argument 'cmake_clean_cache' from command line to 'False'
[1.045s] Level 5:colcon.colcon_core.verb:set package 'urdf_test' build argument 'cmake_clean_first' from command line to 'False'
[1.045s] Level 5:colcon.colcon_core.verb:set package 'urdf_test' build argument 'cmake_force_configure' from command line to 'False'
[1.045s] Level 5:colcon.colcon_core.verb:set package 'urdf_test' build argument 'ament_cmake_args' from command line to 'None'
[1.045s] Level 5:colcon.colcon_core.verb:set package 'urdf_test' build argument 'catkin_cmake_args' from command line to 'None'
[1.045s] Level 5:colcon.colcon_core.verb:set package 'urdf_test' build argument 'catkin_skip_building_tests' from command line to 'False'
[1.045s] DEBUG:colcon.colcon_core.verb:Building package 'urdf_test' with the following arguments: {'ament_cmake_args': None, 'build_base': '/home/narayan/ros2_ws/build/urdf_test', 'catkin_cmake_args': None, 'catkin_skip_building_tests': False, 'cmake_args': None, 'cmake_clean_cache': False, 'cmake_clean_first': False, 'cmake_force_configure': False, 'cmake_target': None, 'cmake_target_skip_unavailable': False, 'install_base': '/home/narayan/ros2_ws/install/urdf_test', 'merge_install': False, 'path': '/home/narayan/ros2_ws/src/urdf_test', 'symlink_install': False, 'test_result_base': None}
[1.046s] INFO:colcon.colcon_core.executor:Executing jobs using 'parallel' executor
[1.049s] DEBUG:colcon.colcon_parallel_executor.executor.parallel:run_until_complete
[1.050s] INFO:colcon.colcon_ros.task.ament_cmake.build:Building ROS package in '/home/narayan/ros2_ws/src/urdf_test' with build type 'ament_cmake'
[1.050s] INFO:colcon.colcon_cmake.task.cmake.build:Building CMake package in '/home/narayan/ros2_ws/src/urdf_test'
[1.067s] INFO:colcon.colcon_core.plugin_system:Skipping extension 'colcon_core.shell.bat': Not used on non-Windows systems
[1.068s] INFO:colcon.colcon_core.shell:Skip shell extension 'powershell' for command environment: Not usable outside of PowerShell
[1.068s] DEBUG:colcon.colcon_core.shell:Skip shell extension 'dsv' for command environment
[1.112s] DEBUG:colcon.colcon_core.event_handler.log_command:Invoking command in '/home/narayan/ros2_ws/build/urdf_test': CMAKE_PREFIX_PATH=${CMAKE_PREFIX_PATH}:/home/narayan/ros2_ws/install/turtle_sim:/home/narayan/ros2_ws/install/onepkg:/home/narayan/ros2_ws/install/TransNum:/opt/ros/jazzy DEBUGINFOD_URLS=https://debuginfod.ubuntu.com /usr/bin/cmake --build /home/narayan/ros2_ws/build/urdf_test -- -j4 -l4
[1.310s] DEBUG:colcon.colcon_core.event_handler.log_command:Invoked command in '/home/narayan/ros2_ws/build/urdf_test' returned '0': CMAKE_PREFIX_PATH=${CMAKE_PREFIX_PATH}:/home/narayan/ros2_ws/install/turtle_sim:/home/narayan/ros2_ws/install/onepkg:/home/narayan/ros2_ws/install/TransNum:/opt/ros/jazzy DEBUGINFOD_URLS=https://debuginfod.ubuntu.com /usr/bin/cmake --build /home/narayan/ros2_ws/build/urdf_test -- -j4 -l4
[1.362s] DEBUG:colcon.colcon_core.event_handler.log_command:Invoking command in '/home/narayan/ros2_ws/build/urdf_test': CMAKE_PREFIX_PATH=${CMAKE_PREFIX_PATH}:/home/narayan/ros2_ws/install/turtle_sim:/home/narayan/ros2_ws/install/onepkg:/home/narayan/ros2_ws/install/TransNum:/opt/ros/jazzy DEBUGINFOD_URLS=https://debuginfod.ubuntu.com /usr/bin/cmake --install /home/narayan/ros2_ws/build/urdf_test
[1.414s] Level 1:colcon.colcon_core.environment:create_environment_scripts_only(urdf_test)
[1.416s] DEBUG:colcon.colcon_core.event_handler.log_command:Invoked command in '/home/narayan/ros2_ws/build/urdf_test' returned '0': CMAKE_PREFIX_PATH=${CMAKE_PREFIX_PATH}:/home/narayan/ros2_ws/install/turtle_sim:/home/narayan/ros2_ws/install/onepkg:/home/narayan/ros2_ws/install/TransNum:/opt/ros/jazzy DEBUGINFOD_URLS=https://debuginfod.ubuntu.com /usr/bin/cmake --install /home/narayan/ros2_ws/build/urdf_test
[1.424s] Level 1:colcon.colcon_core.environment:checking '/home/narayan/ros2_ws/install/urdf_test' for CMake module files
[1.426s] Level 1:colcon.colcon_core.environment:checking '/home/narayan/ros2_ws/install/urdf_test' for CMake config files
[1.428s] Level 1:colcon.colcon_core.shell:create_environment_hook('urdf_test', 'cmake_prefix_path')
[1.429s] INFO:colcon.colcon_core.shell:Creating environment hook '/home/narayan/ros2_ws/install/urdf_test/share/urdf_test/hook/cmake_prefix_path.ps1'
[1.431s] INFO:colcon.colcon_core.shell:Creating environment descriptor '/home/narayan/ros2_ws/install/urdf_test/share/urdf_test/hook/cmake_prefix_path.dsv'
[1.433s] INFO:colcon.colcon_core.shell:Creating environment hook '/home/narayan/ros2_ws/install/urdf_test/share/urdf_test/hook/cmake_prefix_path.sh'
[1.436s] Level 1:colcon.colcon_core.environment:checking '/home/narayan/ros2_ws/install/urdf_test/bin'
[1.436s] Level 1:colcon.colcon_core.environment:checking '/home/narayan/ros2_ws/install/urdf_test/lib/pkgconfig/urdf_test.pc'
[1.437s] Level 1:colcon.colcon_core.environment:checking '/home/narayan/ros2_ws/install/urdf_test/lib/python3.12/site-packages'
[1.438s] Level 1:colcon.colcon_core.environment:checking '/home/narayan/ros2_ws/install/urdf_test/bin'
[1.438s] INFO:colcon.colcon_core.shell:Creating package script '/home/narayan/ros2_ws/install/urdf_test/share/urdf_test/package.ps1'
[1.441s] INFO:colcon.colcon_core.shell:Creating package descriptor '/home/narayan/ros2_ws/install/urdf_test/share/urdf_test/package.dsv'
[1.443s] INFO:colcon.colcon_core.shell:Creating package script '/home/narayan/ros2_ws/install/urdf_test/share/urdf_test/package.sh'
[1.446s] INFO:colcon.colcon_core.shell:Creating package script '/home/narayan/ros2_ws/install/urdf_test/share/urdf_test/package.bash'
[1.448s] INFO:colcon.colcon_core.shell:Creating package script '/home/narayan/ros2_ws/install/urdf_test/share/urdf_test/package.zsh'
[1.451s] Level 1:colcon.colcon_core.environment:create_file_with_runtime_dependencies(/home/narayan/ros2_ws/install/urdf_test/share/colcon-core/packages/urdf_test)
[1.455s] Level 1:colcon.colcon_core.environment:create_environment_scripts_only(urdf_test)
[1.456s] Level 1:colcon.colcon_core.environment:checking '/home/narayan/ros2_ws/install/urdf_test' for CMake module files
[1.460s] Level 1:colcon.colcon_core.environment:checking '/home/narayan/ros2_ws/install/urdf_test' for CMake config files
[1.461s] Level 1:colcon.colcon_core.shell:create_environment_hook('urdf_test', 'cmake_prefix_path')
[1.462s] INFO:colcon.colcon_core.shell:Creating environment hook '/home/narayan/ros2_ws/install/urdf_test/share/urdf_test/hook/cmake_prefix_path.ps1'
[1.464s] INFO:colcon.colcon_core.shell:Creating environment descriptor '/home/narayan/ros2_ws/install/urdf_test/share/urdf_test/hook/cmake_prefix_path.dsv'
[1.466s] INFO:colcon.colcon_core.shell:Creating environment hook '/home/narayan/ros2_ws/install/urdf_test/share/urdf_test/hook/cmake_prefix_path.sh'
[1.468s] Level 1:colcon.colcon_core.environment:checking '/home/narayan/ros2_ws/install/urdf_test/bin'
[1.469s] Level 1:colcon.colcon_core.environment:checking '/home/narayan/ros2_ws/install/urdf_test/lib/pkgconfig/urdf_test.pc'
[1.470s] Level 1:colcon.colcon_core.environment:checking '/home/narayan/ros2_ws/install/urdf_test/lib/python3.12/site-packages'
[1.470s] Level 1:colcon.colcon_core.environment:checking '/home/narayan/ros2_ws/install/urdf_test/bin'
[1.471s] INFO:colcon.colcon_core.shell:Creating package script '/home/narayan/ros2_ws/install/urdf_test/share/urdf_test/package.ps1'
[1.473s] INFO:colcon.colcon_core.shell:Creating package descriptor '/home/narayan/ros2_ws/install/urdf_test/share/urdf_test/package.dsv'
[1.475s] INFO:colcon.colcon_core.shell:Creating package script '/home/narayan/ros2_ws/install/urdf_test/share/urdf_test/package.sh'
[1.477s] INFO:colcon.colcon_core.shell:Creating package script '/home/narayan/ros2_ws/install/urdf_test/share/urdf_test/package.bash'
[1.479s] INFO:colcon.colcon_core.shell:Creating package script '/home/narayan/ros2_ws/install/urdf_test/share/urdf_test/package.zsh'
[1.480s] Level 1:colcon.colcon_core.environment:create_file_with_runtime_dependencies(/home/narayan/ros2_ws/install/urdf_test/share/colcon-core/packages/urdf_test)
[1.481s] DEBUG:colcon.colcon_parallel_executor.executor.parallel:closing loop
[1.482s] DEBUG:colcon.colcon_parallel_executor.executor.parallel:loop closed
[1.484s] DEBUG:colcon.colcon_parallel_executor.executor.parallel:run_until_complete finished with '0'
[1.484s] DEBUG:colcon.colcon_core.event_reactor:joining thread
[1.520s] INFO:colcon.colcon_core.plugin_system:Skipping extension 'colcon_notification.desktop_notification.terminal_notifier': Not used on non-Darwin systems
[1.520s] INFO:colcon.colcon_core.plugin_system:Skipping extension 'colcon_notification.desktop_notification.win32': Not used on non-Windows systems
[1.520s] INFO:colcon.colcon_notification.desktop_notification:Sending desktop notification using 'notify2'
[1.571s] DEBUG:colcon.colcon_core.event_reactor:joined thread
[1.573s] INFO:colcon.colcon_core.shell:Creating prefix script '/home/narayan/ros2_ws/install/local_setup.ps1'
[1.577s] INFO:colcon.colcon_core.shell:Creating prefix util module '/home/narayan/ros2_ws/install/_local_setup_util_ps1.py'
[1.582s] INFO:colcon.colcon_core.shell:Creating prefix chain script '/home/narayan/ros2_ws/install/setup.ps1'
[1.589s] INFO:colcon.colcon_core.shell:Creating prefix script '/home/narayan/ros2_ws/install/local_setup.sh'
[1.593s] INFO:colcon.colcon_core.shell:Creating prefix util module '/home/narayan/ros2_ws/install/_local_setup_util_sh.py'
[1.596s] INFO:colcon.colcon_core.shell:Creating prefix chain script '/home/narayan/ros2_ws/install/setup.sh'
[1.604s] INFO:colcon.colcon_core.shell:Creating prefix script '/home/narayan/ros2_ws/install/local_setup.bash'
[1.608s] INFO:colcon.colcon_core.shell:Creating prefix chain script '/home/narayan/ros2_ws/install/setup.bash'
[1.613s] INFO:colcon.colcon_core.shell:Creating prefix script '/home/narayan/ros2_ws/install/local_setup.zsh'
[1.616s] INFO:colcon.colcon_core.shell:Creating prefix chain script '/home/narayan/ros2_ws/install/setup.zsh'
