[3.435s] Invoking command in '/home/narayan/ros2_ws/src/onepkg': DEBUGINFOD_URLS=https://debuginfod.ubuntu.com PYTHONPATH=/home/narayan/ros2_ws/build/onepkg/prefix_override:/usr/lib/python3/dist-packages/colcon_core/task/python/colcon_distutils_commands:/home/narayan/ros2_ws/install/onepkg/lib/python3.12/site-packages:${PYTHONPATH} /usr/bin/python3 -W ignore:setup.py install is deprecated -W ignore:easy_install command is deprecated setup.py egg_info --egg-base ../../build/onepkg build --build-base /home/narayan/ros2_ws/build/onepkg/build install --record /home/narayan/ros2_ws/build/onepkg/install.log --single-version-externally-managed install_data
[4.549s] running egg_info
[4.623s] writing ../../build/onepkg/onepkg.egg-info/PKG-INFO
[4.624s] writing dependency_links to ../../build/onepkg/onepkg.egg-info/dependency_links.txt
[4.626s] writing entry points to ../../build/onepkg/onepkg.egg-info/entry_points.txt
[4.627s] writing requirements to ../../build/onepkg/onepkg.egg-info/requires.txt
[4.628s] writing top-level names to ../../build/onepkg/onepkg.egg-info/top_level.txt
[4.794s] reading manifest file '../../build/onepkg/onepkg.egg-info/SOURCES.txt'
[4.797s] writing manifest file '../../build/onepkg/onepkg.egg-info/SOURCES.txt'
[4.798s] running build
[4.798s] running build_py
[4.799s] copying onepkg/topic_test.py -> /home/narayan/ros2_ws/build/onepkg/build/lib/onepkg
[4.801s] running install
[4.822s] running install_lib
[4.909s] copying /home/narayan/ros2_ws/build/onepkg/build/lib/onepkg/topic_test.py -> /home/narayan/ros2_ws/install/onepkg/lib/python3.12/site-packages/onepkg
[4.912s] byte-compiling /home/narayan/ros2_ws/install/onepkg/lib/python3.12/site-packages/onepkg/topic_test.py to topic_test.cpython-312.pyc
[4.915s] running install_data
[4.916s] running install_egg_info
[5.008s] removing '/home/narayan/ros2_ws/install/onepkg/lib/python3.12/site-packages/onepkg-0.0.0-py3.12.egg-info' (and everything under it)
[5.010s] Copying ../../build/onepkg/onepkg.egg-info to /home/narayan/ros2_ws/install/onepkg/lib/python3.12/site-packages/onepkg-0.0.0-py3.12.egg-info
[5.015s] running install_scripts
[5.623s] Installing firstnode script to /home/narayan/ros2_ws/install/onepkg/lib/onepkg
[5.624s] Installing transnode script to /home/narayan/ros2_ws/install/onepkg/lib/onepkg
[5.626s] writing list of installed files to '/home/narayan/ros2_ws/build/onepkg/install.log'
[5.775s] Invoked command in '/home/narayan/ros2_ws/src/onepkg' returned '0': DEBUGINFOD_URLS=https://debuginfod.ubuntu.com PYTHONPATH=/home/narayan/ros2_ws/build/onepkg/prefix_override:/usr/lib/python3/dist-packages/colcon_core/task/python/colcon_distutils_commands:/home/narayan/ros2_ws/install/onepkg/lib/python3.12/site-packages:${PYTHONPATH} /usr/bin/python3 -W ignore:setup.py install is deprecated -W ignore:easy_install command is deprecated setup.py egg_info --egg-base ../../build/onepkg build --build-base /home/narayan/ros2_ws/build/onepkg/build install --record /home/narayan/ros2_ws/build/onepkg/install.log --single-version-externally-managed install_data
